[2025-04-20T22:03:42.122+0000] {local_task_job_runner.py:123} INFO - ::group::Pre task execution logs
[2025-04-20T22:03:42.136+0000] {taskinstance.py:2612} INFO - Dependencies all met for dep_context=non-requeueable deps ti=<TaskInstance: BuildELT_dbt.dbt_snapshot manual__2025-04-20T22:03:23.725503+00:00 [queued]>
[2025-04-20T22:03:42.142+0000] {taskinstance.py:2612} INFO - Dependencies all met for dep_context=requeueable deps ti=<TaskInstance: BuildELT_dbt.dbt_snapshot manual__2025-04-20T22:03:23.725503+00:00 [queued]>
[2025-04-20T22:03:42.142+0000] {taskinstance.py:2865} INFO - Starting attempt 1 of 1
[2025-04-20T22:03:42.151+0000] {taskinstance.py:2888} INFO - Executing <Task(BashOperator): dbt_snapshot> on 2025-04-20 22:03:23.725503+00:00
[2025-04-20T22:03:42.156+0000] {standard_task_runner.py:104} INFO - Running: ['***', 'tasks', 'run', 'BuildELT_dbt', 'dbt_snapshot', 'manual__2025-04-20T22:03:23.725503+00:00', '--job-id', '9', '--raw', '--subdir', 'DAGS_FOLDER/build_elt_with_dbt.py', '--cfg-path', '/tmp/tmp95bz086d']
[2025-04-20T22:03:42.159+0000] {logging_mixin.py:190} WARNING - /home/***/.local/lib/python3.12/site-packages/***/task/task_runner/standard_task_runner.py:70 DeprecationWarning: This process (pid=2023) is multi-threaded, use of fork() may lead to deadlocks in the child.
[2025-04-20T22:03:42.159+0000] {standard_task_runner.py:105} INFO - Job 9: Subtask dbt_snapshot
[2025-04-20T22:03:42.160+0000] {standard_task_runner.py:72} INFO - Started process 2024 to run task
[2025-04-20T22:03:42.195+0000] {task_command.py:467} INFO - Running <TaskInstance: BuildELT_dbt.dbt_snapshot manual__2025-04-20T22:03:23.725503+00:00 [running]> on host 4c9b21d4394c
[2025-04-20T22:03:42.258+0000] {taskinstance.py:3131} INFO - Exporting env vars: AIRFLOW_CTX_DAG_OWNER='***' AIRFLOW_CTX_DAG_ID='BuildELT_dbt' AIRFLOW_CTX_TASK_ID='dbt_snapshot' AIRFLOW_CTX_EXECUTION_DATE='2025-04-20T22:03:23.725503+00:00' AIRFLOW_CTX_TRY_NUMBER='1' AIRFLOW_CTX_DAG_RUN_ID='manual__2025-04-20T22:03:23.725503+00:00'
[2025-04-20T22:03:42.258+0000] {taskinstance.py:731} INFO - ::endgroup::
[2025-04-20T22:03:42.272+0000] {subprocess.py:63} INFO - Tmp dir root location: /tmp
[2025-04-20T22:03:42.273+0000] {subprocess.py:75} INFO - Running command: ['/usr/bin/bash', '-c', '/home/***/.local/bin/dbt snapshot --profiles-dir /opt/***/dbt --project-dir /opt/***/dbt']
[2025-04-20T22:03:42.279+0000] {subprocess.py:86} INFO - Output:
[2025-04-20T22:03:45.208+0000] {subprocess.py:93} INFO - [0m22:03:45  Running with dbt=1.7.19
[2025-04-20T22:03:46.545+0000] {subprocess.py:93} INFO - [0m22:03:46  Registered adapter: snowflake=1.7.1
[2025-04-20T22:03:46.616+0000] {subprocess.py:93} INFO - [0m22:03:46  [[33mWARNING[0m]: Configuration paths exist in your dbt_project.yml file which do not apply to any resources.
[2025-04-20T22:03:46.617+0000] {subprocess.py:93} INFO - There are 2 unused configuration paths:
[2025-04-20T22:03:46.617+0000] {subprocess.py:93} INFO - - models.my_new_project.output
[2025-04-20T22:03:46.617+0000] {subprocess.py:93} INFO - - models.my_new_project.input
[2025-04-20T22:03:46.648+0000] {subprocess.py:93} INFO - [0m22:03:46  Found 3 models, 1 snapshot, 0 sources, 0 exposures, 0 metrics, 430 macros, 0 groups, 0 semantic models
[2025-04-20T22:03:46.653+0000] {subprocess.py:93} INFO - [0m22:03:46
[2025-04-20T22:03:49.092+0000] {subprocess.py:93} INFO - [0m22:03:49  Concurrency: 1 threads (target='dev')
[2025-04-20T22:03:49.093+0000] {subprocess.py:93} INFO - [0m22:03:49
[2025-04-20T22:03:49.105+0000] {subprocess.py:93} INFO - [0m22:03:49  1 of 1 START snapshot snapshot.snapshot_session_summary ........................ [RUN]
[2025-04-20T22:03:52.155+0000] {subprocess.py:93} INFO - [0m22:03:52  1 of 1 OK snapshotted snapshot.snapshot_session_summary ........................ [[32mSUCCESS 1[0m in 3.05s]
[2025-04-20T22:03:52.170+0000] {subprocess.py:93} INFO - [0m22:03:52
[2025-04-20T22:03:52.172+0000] {subprocess.py:93} INFO - [0m22:03:52  Finished running 1 snapshot in 0 hours 0 minutes and 5.51 seconds (5.51s).
[2025-04-20T22:03:52.196+0000] {subprocess.py:93} INFO - [0m22:03:52
[2025-04-20T22:03:52.197+0000] {subprocess.py:93} INFO - [0m22:03:52  [32mCompleted successfully[0m
[2025-04-20T22:03:52.197+0000] {subprocess.py:93} INFO - [0m22:03:52
[2025-04-20T22:03:52.198+0000] {subprocess.py:93} INFO - [0m22:03:52  Done. PASS=1 WARN=0 ERROR=0 SKIP=0 TOTAL=1
[2025-04-20T22:03:53.016+0000] {subprocess.py:97} INFO - Command exited with return code 0
[2025-04-20T22:03:53.057+0000] {taskinstance.py:340} INFO - ::group::Post task execution logs
[2025-04-20T22:03:53.058+0000] {taskinstance.py:352} INFO - Marking task as SUCCESS. dag_id=BuildELT_dbt, task_id=dbt_snapshot, run_id=manual__2025-04-20T22:03:23.725503+00:00, execution_date=20250420T220323, start_date=20250420T220342, end_date=20250420T220353
[2025-04-20T22:03:53.085+0000] {local_task_job_runner.py:266} INFO - Task exited with return code 0
[2025-04-20T22:03:53.104+0000] {taskinstance.py:3900} INFO - 0 downstream tasks scheduled from follow-on schedule check
[2025-04-20T22:03:53.105+0000] {local_task_job_runner.py:245} INFO - ::endgroup::
