[2025-04-23T03:04:13.463+0000] {local_task_job_runner.py:123} INFO - ::group::Pre task execution logs
[2025-04-23T03:04:13.474+0000] {taskinstance.py:2612} INFO - Dependencies all met for dep_context=non-requeueable deps ti=<TaskInstance: stock_data_etl_dbt.dbt_run_transformations scheduled__2025-04-22T03:00:00+00:00 [queued]>
[2025-04-23T03:04:13.479+0000] {taskinstance.py:2612} INFO - Dependencies all met for dep_context=requeueable deps ti=<TaskInstance: stock_data_etl_dbt.dbt_run_transformations scheduled__2025-04-22T03:00:00+00:00 [queued]>
[2025-04-23T03:04:13.479+0000] {taskinstance.py:2865} INFO - Starting attempt 1 of 1
[2025-04-23T03:04:13.487+0000] {taskinstance.py:2888} INFO - Executing <Task(BashOperator): dbt_run_transformations> on 2025-04-22 03:00:00+00:00
[2025-04-23T03:04:13.495+0000] {logging_mixin.py:190} WARNING - /home/***/.local/lib/python3.12/site-packages/***/task/task_runner/standard_task_runner.py:70 DeprecationWarning: This process (pid=13677) is multi-threaded, use of fork() may lead to deadlocks in the child.
[2025-04-23T03:04:13.496+0000] {standard_task_runner.py:72} INFO - Started process 13680 to run task
[2025-04-23T03:04:13.495+0000] {standard_task_runner.py:104} INFO - Running: ['***', 'tasks', 'run', 'stock_data_etl_dbt', 'dbt_run_transformations', 'scheduled__2025-04-22T03:00:00+00:00', '--job-id', '55', '--raw', '--subdir', 'DAGS_FOLDER/Stock_built_ELT.py', '--cfg-path', '/tmp/tmpkuwimujz']
[2025-04-23T03:04:13.497+0000] {standard_task_runner.py:105} INFO - Job 55: Subtask dbt_run_transformations
[2025-04-23T03:04:13.529+0000] {task_command.py:467} INFO - Running <TaskInstance: stock_data_etl_dbt.dbt_run_transformations scheduled__2025-04-22T03:00:00+00:00 [running]> on host 712e28762a67
[2025-04-23T03:04:13.585+0000] {taskinstance.py:3131} INFO - Exporting env vars: AIRFLOW_CTX_DAG_OWNER='***' AIRFLOW_CTX_DAG_ID='stock_data_etl_dbt' AIRFLOW_CTX_TASK_ID='dbt_run_transformations' AIRFLOW_CTX_EXECUTION_DATE='2025-04-22T03:00:00+00:00' AIRFLOW_CTX_TRY_NUMBER='1' AIRFLOW_CTX_DAG_RUN_ID='scheduled__2025-04-22T03:00:00+00:00'
[2025-04-23T03:04:13.586+0000] {taskinstance.py:731} INFO - ::endgroup::
[2025-04-23T03:04:13.587+0000] {subprocess.py:63} INFO - Tmp dir root location: /tmp
[2025-04-23T03:04:13.588+0000] {subprocess.py:75} INFO - Running command: ['/usr/bin/bash', '-c', '/home/***/.local/bin/dbt run --select models/intermediate/moving_averages models/intermediate/rsi --profiles-dir /opt/***/dbt --project-dir /opt/***/dbt']
[2025-04-23T03:04:13.596+0000] {subprocess.py:86} INFO - Output:
[2025-04-23T03:04:16.046+0000] {subprocess.py:93} INFO - [0m03:04:16  Running with dbt=1.7.19
[2025-04-23T03:04:16.824+0000] {subprocess.py:93} INFO - [0m03:04:16  Registered adapter: snowflake=1.7.1
[2025-04-23T03:04:16.873+0000] {subprocess.py:93} INFO - [0m03:04:16  [[33mWARNING[0m]: Configuration paths exist in your dbt_project.yml file which do not apply to any resources.
[2025-04-23T03:04:16.874+0000] {subprocess.py:93} INFO - There are 1 unused configuration paths:
[2025-04-23T03:04:16.874+0000] {subprocess.py:93} INFO - - models.stock_data_transform_dbt.marts
[2025-04-23T03:04:16.892+0000] {subprocess.py:93} INFO - [0m03:04:16  Found 4 models, 1 snapshot, 1 source, 0 exposures, 0 metrics, 430 macros, 0 groups, 0 semantic models
[2025-04-23T03:04:16.894+0000] {subprocess.py:93} INFO - [0m03:04:16  The selection criterion 'models/intermediate/moving_averages' does not match any nodes
[2025-04-23T03:04:16.896+0000] {subprocess.py:93} INFO - [0m03:04:16  The selection criterion 'models/intermediate/rsi' does not match any nodes
[2025-04-23T03:04:16.897+0000] {subprocess.py:93} INFO - [0m03:04:16
[2025-04-23T03:04:16.898+0000] {subprocess.py:93} INFO - [0m03:04:16  Nothing to do. Try checking your model configs and model specification args
[2025-04-23T03:04:17.609+0000] {subprocess.py:97} INFO - Command exited with return code 0
[2025-04-23T03:04:17.632+0000] {taskinstance.py:340} INFO - ::group::Post task execution logs
[2025-04-23T03:04:17.633+0000] {taskinstance.py:352} INFO - Marking task as SUCCESS. dag_id=stock_data_etl_dbt, task_id=dbt_run_transformations, run_id=scheduled__2025-04-22T03:00:00+00:00, execution_date=20250422T030000, start_date=20250423T030413, end_date=20250423T030417
[2025-04-23T03:04:17.669+0000] {local_task_job_runner.py:266} INFO - Task exited with return code 0
[2025-04-23T03:04:17.699+0000] {taskinstance.py:3900} INFO - 0 downstream tasks scheduled from follow-on schedule check
[2025-04-23T03:04:17.701+0000] {local_task_job_runner.py:245} INFO - ::endgroup::
