[2025-03-27T19:25:29.838+0000] {processor.py:186} INFO - Started process (PID=224) to work on /opt/airflow/dags/Assignment5.py
[2025-03-27T19:25:29.841+0000] {processor.py:914} INFO - Processing file /opt/airflow/dags/Assignment5.py for tasks to queue
[2025-03-27T19:25:29.861+0000] {logging_mixin.py:190} INFO - [2025-03-27T19:25:29.861+0000] {dagbag.py:587} INFO - Filling up the DagBag from /opt/airflow/dags/Assignment5.py
[2025-03-27T19:25:29.960+0000] {processor.py:925} INFO - DAG(s) 'Stock_Alpha_Vantage' retrieved from /opt/airflow/dags/Assignment5.py
[2025-03-27T19:25:30.149+0000] {logging_mixin.py:190} INFO - [2025-03-27T19:25:30.145+0000] {dag.py:3229} INFO - Sync 1 DAGs
[2025-03-27T19:25:30.224+0000] {logging_mixin.py:190} INFO - [2025-03-27T19:25:30.223+0000] {dag.py:4156} INFO - Setting next_dagrun for Stock_Alpha_Vantage to 2025-03-27 02:00:00+00:00, run_after=2025-03-28 02:00:00+00:00
[2025-03-27T19:25:30.273+0000] {processor.py:208} INFO - Processing /opt/airflow/dags/Assignment5.py took 0.453 seconds
[2025-03-27T19:26:00.893+0000] {processor.py:186} INFO - Started process (PID=327) to work on /opt/airflow/dags/Assignment5.py
[2025-03-27T19:26:00.901+0000] {processor.py:914} INFO - Processing file /opt/airflow/dags/Assignment5.py for tasks to queue
[2025-03-27T19:26:00.933+0000] {logging_mixin.py:190} INFO - [2025-03-27T19:26:00.931+0000] {dagbag.py:587} INFO - Filling up the DagBag from /opt/airflow/dags/Assignment5.py
[2025-03-27T19:26:01.050+0000] {processor.py:925} INFO - DAG(s) 'Stock_Alpha_Vantage' retrieved from /opt/airflow/dags/Assignment5.py
[2025-03-27T19:26:04.083+0000] {logging_mixin.py:190} INFO - [2025-03-27T19:26:04.067+0000] {dag.py:3229} INFO - Sync 1 DAGs
[2025-03-27T19:26:04.278+0000] {logging_mixin.py:190} INFO - [2025-03-27T19:26:04.278+0000] {dag.py:4156} INFO - Setting next_dagrun for Stock_Alpha_Vantage to 2025-03-27 02:00:00+00:00, run_after=2025-03-28 02:00:00+00:00
[2025-03-27T19:26:04.396+0000] {processor.py:208} INFO - Processing /opt/airflow/dags/Assignment5.py took 3.527 seconds
[2025-03-27T19:26:35.523+0000] {processor.py:186} INFO - Started process (PID=362) to work on /opt/airflow/dags/Assignment5.py
[2025-03-27T19:26:35.525+0000] {processor.py:914} INFO - Processing file /opt/airflow/dags/Assignment5.py for tasks to queue
[2025-03-27T19:26:35.536+0000] {logging_mixin.py:190} INFO - [2025-03-27T19:26:35.534+0000] {dagbag.py:587} INFO - Filling up the DagBag from /opt/airflow/dags/Assignment5.py
[2025-03-27T19:26:35.571+0000] {processor.py:925} INFO - DAG(s) 'Stock_Alpha_Vantage' retrieved from /opt/airflow/dags/Assignment5.py
[2025-03-27T19:26:35.613+0000] {logging_mixin.py:190} INFO - [2025-03-27T19:26:35.613+0000] {dag.py:3229} INFO - Sync 1 DAGs
[2025-03-27T19:26:35.639+0000] {logging_mixin.py:190} INFO - [2025-03-27T19:26:35.639+0000] {dag.py:4156} INFO - Setting next_dagrun for Stock_Alpha_Vantage to 2025-03-27 02:00:00+00:00, run_after=2025-03-28 02:00:00+00:00
[2025-03-27T19:26:35.660+0000] {processor.py:208} INFO - Processing /opt/airflow/dags/Assignment5.py took 0.153 seconds
[2025-03-27T19:27:06.393+0000] {processor.py:186} INFO - Started process (PID=398) to work on /opt/airflow/dags/Assignment5.py
[2025-03-27T19:27:06.395+0000] {processor.py:914} INFO - Processing file /opt/airflow/dags/Assignment5.py for tasks to queue
[2025-03-27T19:27:06.399+0000] {logging_mixin.py:190} INFO - [2025-03-27T19:27:06.399+0000] {dagbag.py:587} INFO - Filling up the DagBag from /opt/airflow/dags/Assignment5.py
[2025-03-27T19:27:06.428+0000] {processor.py:925} INFO - DAG(s) 'Stock_Alpha_Vantage' retrieved from /opt/airflow/dags/Assignment5.py
[2025-03-27T19:27:06.475+0000] {logging_mixin.py:190} INFO - [2025-03-27T19:27:06.474+0000] {dag.py:3229} INFO - Sync 1 DAGs
[2025-03-27T19:27:06.504+0000] {logging_mixin.py:190} INFO - [2025-03-27T19:27:06.504+0000] {dag.py:4156} INFO - Setting next_dagrun for Stock_Alpha_Vantage to 2025-03-27 02:00:00+00:00, run_after=2025-03-28 02:00:00+00:00
[2025-03-27T19:27:06.521+0000] {processor.py:208} INFO - Processing /opt/airflow/dags/Assignment5.py took 0.140 seconds
[2025-03-27T19:27:37.091+0000] {processor.py:186} INFO - Started process (PID=434) to work on /opt/airflow/dags/Assignment5.py
[2025-03-27T19:27:37.094+0000] {processor.py:914} INFO - Processing file /opt/airflow/dags/Assignment5.py for tasks to queue
[2025-03-27T19:27:37.097+0000] {logging_mixin.py:190} INFO - [2025-03-27T19:27:37.097+0000] {dagbag.py:587} INFO - Filling up the DagBag from /opt/airflow/dags/Assignment5.py
[2025-03-27T19:27:37.128+0000] {processor.py:925} INFO - DAG(s) 'Stock_Alpha_Vantage' retrieved from /opt/airflow/dags/Assignment5.py
[2025-03-27T19:27:37.186+0000] {logging_mixin.py:190} INFO - [2025-03-27T19:27:37.184+0000] {dag.py:3229} INFO - Sync 1 DAGs
[2025-03-27T19:27:37.215+0000] {logging_mixin.py:190} INFO - [2025-03-27T19:27:37.215+0000] {dag.py:4156} INFO - Setting next_dagrun for Stock_Alpha_Vantage to 2025-03-27 02:00:00+00:00, run_after=2025-03-28 02:00:00+00:00
[2025-03-27T19:27:37.236+0000] {processor.py:208} INFO - Processing /opt/airflow/dags/Assignment5.py took 0.156 seconds
[2025-03-27T19:28:07.917+0000] {processor.py:186} INFO - Started process (PID=470) to work on /opt/airflow/dags/Assignment5.py
[2025-03-27T19:28:07.920+0000] {processor.py:914} INFO - Processing file /opt/airflow/dags/Assignment5.py for tasks to queue
[2025-03-27T19:28:07.926+0000] {logging_mixin.py:190} INFO - [2025-03-27T19:28:07.925+0000] {dagbag.py:587} INFO - Filling up the DagBag from /opt/airflow/dags/Assignment5.py
[2025-03-27T19:28:07.948+0000] {processor.py:925} INFO - DAG(s) 'Stock_Alpha_Vantage' retrieved from /opt/airflow/dags/Assignment5.py
[2025-03-27T19:28:07.985+0000] {logging_mixin.py:190} INFO - [2025-03-27T19:28:07.984+0000] {dag.py:3229} INFO - Sync 1 DAGs
[2025-03-27T19:28:08.028+0000] {logging_mixin.py:190} INFO - [2025-03-27T19:28:08.028+0000] {dag.py:4156} INFO - Setting next_dagrun for Stock_Alpha_Vantage to 2025-03-27 02:00:00+00:00, run_after=2025-03-28 02:00:00+00:00
[2025-03-27T19:28:08.049+0000] {processor.py:208} INFO - Processing /opt/airflow/dags/Assignment5.py took 0.139 seconds
[2025-03-27T19:28:38.798+0000] {processor.py:186} INFO - Started process (PID=506) to work on /opt/airflow/dags/Assignment5.py
[2025-03-27T19:28:38.799+0000] {processor.py:914} INFO - Processing file /opt/airflow/dags/Assignment5.py for tasks to queue
[2025-03-27T19:28:38.809+0000] {logging_mixin.py:190} INFO - [2025-03-27T19:28:38.809+0000] {dagbag.py:587} INFO - Filling up the DagBag from /opt/airflow/dags/Assignment5.py
[2025-03-27T19:28:38.832+0000] {processor.py:925} INFO - DAG(s) 'Stock_Alpha_Vantage' retrieved from /opt/airflow/dags/Assignment5.py
[2025-03-27T19:28:38.916+0000] {logging_mixin.py:190} INFO - [2025-03-27T19:28:38.914+0000] {dag.py:3229} INFO - Sync 1 DAGs
[2025-03-27T19:28:38.961+0000] {logging_mixin.py:190} INFO - [2025-03-27T19:28:38.961+0000] {dag.py:4156} INFO - Setting next_dagrun for Stock_Alpha_Vantage to 2025-03-27 02:00:00+00:00, run_after=2025-03-28 02:00:00+00:00
[2025-03-27T19:28:38.989+0000] {processor.py:208} INFO - Processing /opt/airflow/dags/Assignment5.py took 0.246 seconds
[2025-03-27T19:29:09.944+0000] {processor.py:186} INFO - Started process (PID=542) to work on /opt/airflow/dags/Assignment5.py
[2025-03-27T19:29:09.945+0000] {processor.py:914} INFO - Processing file /opt/airflow/dags/Assignment5.py for tasks to queue
[2025-03-27T19:29:09.947+0000] {logging_mixin.py:190} INFO - [2025-03-27T19:29:09.947+0000] {dagbag.py:587} INFO - Filling up the DagBag from /opt/airflow/dags/Assignment5.py
[2025-03-27T19:29:09.972+0000] {processor.py:925} INFO - DAG(s) 'Stock_Alpha_Vantage' retrieved from /opt/airflow/dags/Assignment5.py
[2025-03-27T19:29:10.009+0000] {logging_mixin.py:190} INFO - [2025-03-27T19:29:10.009+0000] {dag.py:3229} INFO - Sync 1 DAGs
[2025-03-27T19:29:10.044+0000] {logging_mixin.py:190} INFO - [2025-03-27T19:29:10.043+0000] {dag.py:4156} INFO - Setting next_dagrun for Stock_Alpha_Vantage to 2025-03-27 02:00:00+00:00, run_after=2025-03-28 02:00:00+00:00
[2025-03-27T19:29:10.070+0000] {processor.py:208} INFO - Processing /opt/airflow/dags/Assignment5.py took 0.133 seconds
[2025-03-27T19:29:40.959+0000] {processor.py:186} INFO - Started process (PID=583) to work on /opt/airflow/dags/Assignment5.py
[2025-03-27T19:29:40.961+0000] {processor.py:914} INFO - Processing file /opt/airflow/dags/Assignment5.py for tasks to queue
[2025-03-27T19:29:40.972+0000] {logging_mixin.py:190} INFO - [2025-03-27T19:29:40.971+0000] {dagbag.py:587} INFO - Filling up the DagBag from /opt/airflow/dags/Assignment5.py
[2025-03-27T19:29:41.010+0000] {processor.py:925} INFO - DAG(s) 'Stock_Alpha_Vantage' retrieved from /opt/airflow/dags/Assignment5.py
[2025-03-27T19:29:41.055+0000] {logging_mixin.py:190} INFO - [2025-03-27T19:29:41.054+0000] {dag.py:3229} INFO - Sync 1 DAGs
[2025-03-27T19:29:41.084+0000] {logging_mixin.py:190} INFO - [2025-03-27T19:29:41.084+0000] {dag.py:4156} INFO - Setting next_dagrun for Stock_Alpha_Vantage to 2025-03-27 02:00:00+00:00, run_after=2025-03-28 02:00:00+00:00
[2025-03-27T19:29:41.101+0000] {processor.py:208} INFO - Processing /opt/airflow/dags/Assignment5.py took 0.157 seconds
[2025-03-27T19:30:11.748+0000] {processor.py:186} INFO - Started process (PID=620) to work on /opt/airflow/dags/Assignment5.py
[2025-03-27T19:30:11.750+0000] {processor.py:914} INFO - Processing file /opt/airflow/dags/Assignment5.py for tasks to queue
[2025-03-27T19:30:11.759+0000] {logging_mixin.py:190} INFO - [2025-03-27T19:30:11.758+0000] {dagbag.py:587} INFO - Filling up the DagBag from /opt/airflow/dags/Assignment5.py
[2025-03-27T19:30:11.791+0000] {processor.py:925} INFO - DAG(s) 'Stock_Alpha_Vantage' retrieved from /opt/airflow/dags/Assignment5.py
[2025-03-27T19:30:11.826+0000] {logging_mixin.py:190} INFO - [2025-03-27T19:30:11.825+0000] {dag.py:3229} INFO - Sync 1 DAGs
[2025-03-27T19:30:11.850+0000] {logging_mixin.py:190} INFO - [2025-03-27T19:30:11.850+0000] {dag.py:4156} INFO - Setting next_dagrun for Stock_Alpha_Vantage to 2025-03-27 02:00:00+00:00, run_after=2025-03-28 02:00:00+00:00
[2025-03-27T19:30:11.867+0000] {processor.py:208} INFO - Processing /opt/airflow/dags/Assignment5.py took 0.128 seconds
[2025-03-27T19:30:42.466+0000] {processor.py:186} INFO - Started process (PID=656) to work on /opt/airflow/dags/Assignment5.py
[2025-03-27T19:30:42.469+0000] {processor.py:914} INFO - Processing file /opt/airflow/dags/Assignment5.py for tasks to queue
[2025-03-27T19:30:42.472+0000] {logging_mixin.py:190} INFO - [2025-03-27T19:30:42.472+0000] {dagbag.py:587} INFO - Filling up the DagBag from /opt/airflow/dags/Assignment5.py
[2025-03-27T19:30:42.500+0000] {processor.py:925} INFO - DAG(s) 'Stock_Alpha_Vantage' retrieved from /opt/airflow/dags/Assignment5.py
[2025-03-27T19:30:42.538+0000] {logging_mixin.py:190} INFO - [2025-03-27T19:30:42.537+0000] {dag.py:3229} INFO - Sync 1 DAGs
[2025-03-27T19:30:42.574+0000] {logging_mixin.py:190} INFO - [2025-03-27T19:30:42.574+0000] {dag.py:4156} INFO - Setting next_dagrun for Stock_Alpha_Vantage to 2025-03-27 02:00:00+00:00, run_after=2025-03-28 02:00:00+00:00
[2025-03-27T19:30:42.600+0000] {processor.py:208} INFO - Processing /opt/airflow/dags/Assignment5.py took 0.142 seconds
[2025-03-27T19:31:13.312+0000] {processor.py:186} INFO - Started process (PID=692) to work on /opt/airflow/dags/Assignment5.py
[2025-03-27T19:31:13.315+0000] {processor.py:914} INFO - Processing file /opt/airflow/dags/Assignment5.py for tasks to queue
[2025-03-27T19:31:13.321+0000] {logging_mixin.py:190} INFO - [2025-03-27T19:31:13.320+0000] {dagbag.py:587} INFO - Filling up the DagBag from /opt/airflow/dags/Assignment5.py
[2025-03-27T19:31:13.354+0000] {processor.py:925} INFO - DAG(s) 'Stock_Alpha_Vantage' retrieved from /opt/airflow/dags/Assignment5.py
[2025-03-27T19:31:13.395+0000] {logging_mixin.py:190} INFO - [2025-03-27T19:31:13.395+0000] {dag.py:3229} INFO - Sync 1 DAGs
[2025-03-27T19:31:13.425+0000] {logging_mixin.py:190} INFO - [2025-03-27T19:31:13.425+0000] {dag.py:4156} INFO - Setting next_dagrun for Stock_Alpha_Vantage to 2025-03-27 02:00:00+00:00, run_after=2025-03-28 02:00:00+00:00
[2025-03-27T19:31:13.444+0000] {processor.py:208} INFO - Processing /opt/airflow/dags/Assignment5.py took 0.144 seconds
[2025-03-27T19:31:44.097+0000] {processor.py:186} INFO - Started process (PID=728) to work on /opt/airflow/dags/Assignment5.py
[2025-03-27T19:31:44.099+0000] {processor.py:914} INFO - Processing file /opt/airflow/dags/Assignment5.py for tasks to queue
[2025-03-27T19:31:44.103+0000] {logging_mixin.py:190} INFO - [2025-03-27T19:31:44.103+0000] {dagbag.py:587} INFO - Filling up the DagBag from /opt/airflow/dags/Assignment5.py
[2025-03-27T19:31:44.133+0000] {processor.py:925} INFO - DAG(s) 'Stock_Alpha_Vantage' retrieved from /opt/airflow/dags/Assignment5.py
[2025-03-27T19:31:44.172+0000] {logging_mixin.py:190} INFO - [2025-03-27T19:31:44.171+0000] {dag.py:3229} INFO - Sync 1 DAGs
[2025-03-27T19:31:44.200+0000] {logging_mixin.py:190} INFO - [2025-03-27T19:31:44.199+0000] {dag.py:4156} INFO - Setting next_dagrun for Stock_Alpha_Vantage to 2025-03-27 02:00:00+00:00, run_after=2025-03-28 02:00:00+00:00
[2025-03-27T19:31:44.216+0000] {processor.py:208} INFO - Processing /opt/airflow/dags/Assignment5.py took 0.133 seconds
[2025-03-27T19:32:14.861+0000] {processor.py:186} INFO - Started process (PID=764) to work on /opt/airflow/dags/Assignment5.py
[2025-03-27T19:32:14.863+0000] {processor.py:914} INFO - Processing file /opt/airflow/dags/Assignment5.py for tasks to queue
[2025-03-27T19:32:14.867+0000] {logging_mixin.py:190} INFO - [2025-03-27T19:32:14.867+0000] {dagbag.py:587} INFO - Filling up the DagBag from /opt/airflow/dags/Assignment5.py
[2025-03-27T19:32:14.893+0000] {processor.py:925} INFO - DAG(s) 'Stock_Alpha_Vantage' retrieved from /opt/airflow/dags/Assignment5.py
[2025-03-27T19:32:14.939+0000] {logging_mixin.py:190} INFO - [2025-03-27T19:32:14.939+0000] {dag.py:3229} INFO - Sync 1 DAGs
[2025-03-27T19:32:14.971+0000] {logging_mixin.py:190} INFO - [2025-03-27T19:32:14.971+0000] {dag.py:4156} INFO - Setting next_dagrun for Stock_Alpha_Vantage to 2025-03-27 02:00:00+00:00, run_after=2025-03-28 02:00:00+00:00
[2025-03-27T19:32:14.992+0000] {processor.py:208} INFO - Processing /opt/airflow/dags/Assignment5.py took 0.145 seconds
[2025-03-27T19:32:45.706+0000] {processor.py:186} INFO - Started process (PID=800) to work on /opt/airflow/dags/Assignment5.py
[2025-03-27T19:32:45.708+0000] {processor.py:914} INFO - Processing file /opt/airflow/dags/Assignment5.py for tasks to queue
[2025-03-27T19:32:45.713+0000] {logging_mixin.py:190} INFO - [2025-03-27T19:32:45.712+0000] {dagbag.py:587} INFO - Filling up the DagBag from /opt/airflow/dags/Assignment5.py
[2025-03-27T19:32:45.763+0000] {processor.py:925} INFO - DAG(s) 'Stock_Alpha_Vantage' retrieved from /opt/airflow/dags/Assignment5.py
[2025-03-27T19:32:45.819+0000] {logging_mixin.py:190} INFO - [2025-03-27T19:32:45.818+0000] {dag.py:3229} INFO - Sync 1 DAGs
[2025-03-27T19:32:45.857+0000] {logging_mixin.py:190} INFO - [2025-03-27T19:32:45.856+0000] {dag.py:4156} INFO - Setting next_dagrun for Stock_Alpha_Vantage to 2025-03-27 02:00:00+00:00, run_after=2025-03-28 02:00:00+00:00
[2025-03-27T19:32:45.882+0000] {processor.py:208} INFO - Processing /opt/airflow/dags/Assignment5.py took 0.190 seconds
[2025-03-27T19:33:16.766+0000] {processor.py:186} INFO - Started process (PID=836) to work on /opt/airflow/dags/Assignment5.py
[2025-03-27T19:33:16.774+0000] {processor.py:914} INFO - Processing file /opt/airflow/dags/Assignment5.py for tasks to queue
[2025-03-27T19:33:16.784+0000] {logging_mixin.py:190} INFO - [2025-03-27T19:33:16.782+0000] {dagbag.py:587} INFO - Filling up the DagBag from /opt/airflow/dags/Assignment5.py
[2025-03-27T19:33:16.920+0000] {processor.py:925} INFO - DAG(s) 'Stock_Alpha_Vantage' retrieved from /opt/airflow/dags/Assignment5.py
[2025-03-27T19:33:17.256+0000] {logging_mixin.py:190} INFO - [2025-03-27T19:33:17.251+0000] {dag.py:3229} INFO - Sync 1 DAGs
[2025-03-27T19:33:17.365+0000] {logging_mixin.py:190} INFO - [2025-03-27T19:33:17.364+0000] {dag.py:4156} INFO - Setting next_dagrun for Stock_Alpha_Vantage to 2025-03-27 02:00:00+00:00, run_after=2025-03-28 02:00:00+00:00
[2025-03-27T19:33:17.506+0000] {processor.py:208} INFO - Processing /opt/airflow/dags/Assignment5.py took 0.768 seconds
[2025-03-27T19:33:48.524+0000] {processor.py:186} INFO - Started process (PID=872) to work on /opt/airflow/dags/Assignment5.py
[2025-03-27T19:33:48.526+0000] {processor.py:914} INFO - Processing file /opt/airflow/dags/Assignment5.py for tasks to queue
[2025-03-27T19:33:48.536+0000] {logging_mixin.py:190} INFO - [2025-03-27T19:33:48.533+0000] {dagbag.py:587} INFO - Filling up the DagBag from /opt/airflow/dags/Assignment5.py
[2025-03-27T19:33:48.580+0000] {processor.py:925} INFO - DAG(s) 'Stock_Alpha_Vantage' retrieved from /opt/airflow/dags/Assignment5.py
[2025-03-27T19:33:48.632+0000] {logging_mixin.py:190} INFO - [2025-03-27T19:33:48.630+0000] {dag.py:3229} INFO - Sync 1 DAGs
[2025-03-27T19:33:48.663+0000] {logging_mixin.py:190} INFO - [2025-03-27T19:33:48.662+0000] {dag.py:4156} INFO - Setting next_dagrun for Stock_Alpha_Vantage to 2025-03-27 02:00:00+00:00, run_after=2025-03-28 02:00:00+00:00
[2025-03-27T19:33:48.683+0000] {processor.py:208} INFO - Processing /opt/airflow/dags/Assignment5.py took 0.172 seconds
[2025-03-27T19:34:18.751+0000] {processor.py:186} INFO - Started process (PID=905) to work on /opt/airflow/dags/Assignment5.py
[2025-03-27T19:34:18.753+0000] {processor.py:914} INFO - Processing file /opt/airflow/dags/Assignment5.py for tasks to queue
[2025-03-27T19:34:18.757+0000] {logging_mixin.py:190} INFO - [2025-03-27T19:34:18.756+0000] {dagbag.py:587} INFO - Filling up the DagBag from /opt/airflow/dags/Assignment5.py
[2025-03-27T19:34:18.787+0000] {processor.py:925} INFO - DAG(s) 'Stock_Alpha_Vantage' retrieved from /opt/airflow/dags/Assignment5.py
[2025-03-27T19:34:18.839+0000] {logging_mixin.py:190} INFO - [2025-03-27T19:34:18.838+0000] {dag.py:3229} INFO - Sync 1 DAGs
[2025-03-27T19:34:18.872+0000] {logging_mixin.py:190} INFO - [2025-03-27T19:34:18.872+0000] {dag.py:4156} INFO - Setting next_dagrun for Stock_Alpha_Vantage to 2025-03-27 02:00:00+00:00, run_after=2025-03-28 02:00:00+00:00
[2025-03-27T19:34:18.892+0000] {processor.py:208} INFO - Processing /opt/airflow/dags/Assignment5.py took 0.155 seconds
[2025-03-27T19:34:49.226+0000] {processor.py:186} INFO - Started process (PID=941) to work on /opt/airflow/dags/Assignment5.py
[2025-03-27T19:34:49.228+0000] {processor.py:914} INFO - Processing file /opt/airflow/dags/Assignment5.py for tasks to queue
[2025-03-27T19:34:49.237+0000] {logging_mixin.py:190} INFO - [2025-03-27T19:34:49.236+0000] {dagbag.py:587} INFO - Filling up the DagBag from /opt/airflow/dags/Assignment5.py
[2025-03-27T19:34:49.282+0000] {processor.py:925} INFO - DAG(s) 'Stock_Alpha_Vantage' retrieved from /opt/airflow/dags/Assignment5.py
[2025-03-27T19:34:49.331+0000] {logging_mixin.py:190} INFO - [2025-03-27T19:34:49.331+0000] {dag.py:3229} INFO - Sync 1 DAGs
[2025-03-27T19:34:49.362+0000] {logging_mixin.py:190} INFO - [2025-03-27T19:34:49.362+0000] {dag.py:4156} INFO - Setting next_dagrun for Stock_Alpha_Vantage to 2025-03-27 02:00:00+00:00, run_after=2025-03-28 02:00:00+00:00
[2025-03-27T19:34:49.383+0000] {processor.py:208} INFO - Processing /opt/airflow/dags/Assignment5.py took 0.172 seconds
[2025-03-27T19:35:20.236+0000] {processor.py:186} INFO - Started process (PID=980) to work on /opt/airflow/dags/Assignment5.py
[2025-03-27T19:35:20.239+0000] {processor.py:914} INFO - Processing file /opt/airflow/dags/Assignment5.py for tasks to queue
[2025-03-27T19:35:20.249+0000] {logging_mixin.py:190} INFO - [2025-03-27T19:35:20.248+0000] {dagbag.py:587} INFO - Filling up the DagBag from /opt/airflow/dags/Assignment5.py
[2025-03-27T19:35:20.292+0000] {processor.py:925} INFO - DAG(s) 'Stock_Alpha_Vantage' retrieved from /opt/airflow/dags/Assignment5.py
[2025-03-27T19:35:20.351+0000] {logging_mixin.py:190} INFO - [2025-03-27T19:35:20.350+0000] {dag.py:3229} INFO - Sync 1 DAGs
[2025-03-27T19:35:20.390+0000] {logging_mixin.py:190} INFO - [2025-03-27T19:35:20.390+0000] {dag.py:4156} INFO - Setting next_dagrun for Stock_Alpha_Vantage to 2025-03-27 02:00:00+00:00, run_after=2025-03-28 02:00:00+00:00
[2025-03-27T19:35:20.418+0000] {processor.py:208} INFO - Processing /opt/airflow/dags/Assignment5.py took 0.203 seconds
[2025-03-27T19:35:51.399+0000] {processor.py:186} INFO - Started process (PID=1016) to work on /opt/airflow/dags/Assignment5.py
[2025-03-27T19:35:51.403+0000] {processor.py:914} INFO - Processing file /opt/airflow/dags/Assignment5.py for tasks to queue
[2025-03-27T19:35:51.407+0000] {logging_mixin.py:190} INFO - [2025-03-27T19:35:51.406+0000] {dagbag.py:587} INFO - Filling up the DagBag from /opt/airflow/dags/Assignment5.py
[2025-03-27T19:35:51.429+0000] {processor.py:925} INFO - DAG(s) 'Stock_Alpha_Vantage' retrieved from /opt/airflow/dags/Assignment5.py
[2025-03-27T19:35:51.472+0000] {logging_mixin.py:190} INFO - [2025-03-27T19:35:51.471+0000] {dag.py:3229} INFO - Sync 1 DAGs
[2025-03-27T19:35:51.497+0000] {logging_mixin.py:190} INFO - [2025-03-27T19:35:51.497+0000] {dag.py:4156} INFO - Setting next_dagrun for Stock_Alpha_Vantage to 2025-03-27 02:00:00+00:00, run_after=2025-03-28 02:00:00+00:00
[2025-03-27T19:35:51.516+0000] {processor.py:208} INFO - Processing /opt/airflow/dags/Assignment5.py took 0.131 seconds
