[2025-03-27T19:25:30.990+0000] {processor.py:186} INFO - Started process (PID=252) to work on /opt/airflow/dags/hello_world.py
[2025-03-27T19:25:30.992+0000] {processor.py:914} INFO - Processing file /opt/airflow/dags/hello_world.py for tasks to queue
[2025-03-27T19:25:30.998+0000] {logging_mixin.py:190} INFO - [2025-03-27T19:25:30.997+0000] {dagbag.py:587} INFO - Filling up the DagBag from /opt/airflow/dags/hello_world.py
[2025-03-27T19:25:31.023+0000] {processor.py:925} INFO - DAG(s) 'HelloWorld' retrieved from /opt/airflow/dags/hello_world.py
[2025-03-27T19:25:31.099+0000] {logging_mixin.py:190} INFO - [2025-03-27T19:25:31.098+0000] {dag.py:3229} INFO - Sync 1 DAGs
[2025-03-27T19:25:31.153+0000] {logging_mixin.py:190} INFO - [2025-03-27T19:25:31.152+0000] {dag.py:4156} INFO - Setting next_dagrun for HelloWorld to 2025-03-27 18:01:00+00:00, run_after=2025-03-27 19:01:00+00:00
[2025-03-27T19:25:31.194+0000] {processor.py:208} INFO - Processing /opt/airflow/dags/hello_world.py took 0.218 seconds
[2025-03-27T19:26:06.004+0000] {processor.py:186} INFO - Started process (PID=347) to work on /opt/airflow/dags/hello_world.py
[2025-03-27T19:26:06.007+0000] {processor.py:914} INFO - Processing file /opt/airflow/dags/hello_world.py for tasks to queue
[2025-03-27T19:26:06.016+0000] {logging_mixin.py:190} INFO - [2025-03-27T19:26:06.014+0000] {dagbag.py:587} INFO - Filling up the DagBag from /opt/airflow/dags/hello_world.py
[2025-03-27T19:26:06.097+0000] {processor.py:925} INFO - DAG(s) 'HelloWorld' retrieved from /opt/airflow/dags/hello_world.py
[2025-03-27T19:26:06.164+0000] {logging_mixin.py:190} INFO - [2025-03-27T19:26:06.163+0000] {dag.py:3229} INFO - Sync 1 DAGs
[2025-03-27T19:26:06.202+0000] {logging_mixin.py:190} INFO - [2025-03-27T19:26:06.202+0000] {dag.py:4156} INFO - Setting next_dagrun for HelloWorld to 2025-03-27 18:01:00+00:00, run_after=2025-03-27 19:01:00+00:00
[2025-03-27T19:26:06.221+0000] {processor.py:208} INFO - Processing /opt/airflow/dags/hello_world.py took 0.242 seconds
[2025-03-27T19:26:36.835+0000] {processor.py:186} INFO - Started process (PID=382) to work on /opt/airflow/dags/hello_world.py
[2025-03-27T19:26:36.836+0000] {processor.py:914} INFO - Processing file /opt/airflow/dags/hello_world.py for tasks to queue
[2025-03-27T19:26:36.841+0000] {logging_mixin.py:190} INFO - [2025-03-27T19:26:36.840+0000] {dagbag.py:587} INFO - Filling up the DagBag from /opt/airflow/dags/hello_world.py
[2025-03-27T19:26:36.857+0000] {processor.py:925} INFO - DAG(s) 'HelloWorld' retrieved from /opt/airflow/dags/hello_world.py
[2025-03-27T19:26:36.888+0000] {logging_mixin.py:190} INFO - [2025-03-27T19:26:36.885+0000] {dag.py:3229} INFO - Sync 1 DAGs
[2025-03-27T19:26:36.925+0000] {logging_mixin.py:190} INFO - [2025-03-27T19:26:36.925+0000] {dag.py:4156} INFO - Setting next_dagrun for HelloWorld to 2025-03-27 18:01:00+00:00, run_after=2025-03-27 19:01:00+00:00
[2025-03-27T19:26:36.955+0000] {processor.py:208} INFO - Processing /opt/airflow/dags/hello_world.py took 0.127 seconds
[2025-03-27T19:27:07.693+0000] {processor.py:186} INFO - Started process (PID=418) to work on /opt/airflow/dags/hello_world.py
[2025-03-27T19:27:07.695+0000] {processor.py:914} INFO - Processing file /opt/airflow/dags/hello_world.py for tasks to queue
[2025-03-27T19:27:07.697+0000] {logging_mixin.py:190} INFO - [2025-03-27T19:27:07.696+0000] {dagbag.py:587} INFO - Filling up the DagBag from /opt/airflow/dags/hello_world.py
[2025-03-27T19:27:07.711+0000] {processor.py:925} INFO - DAG(s) 'HelloWorld' retrieved from /opt/airflow/dags/hello_world.py
[2025-03-27T19:27:07.736+0000] {logging_mixin.py:190} INFO - [2025-03-27T19:27:07.736+0000] {dag.py:3229} INFO - Sync 1 DAGs
[2025-03-27T19:27:07.766+0000] {logging_mixin.py:190} INFO - [2025-03-27T19:27:07.766+0000] {dag.py:4156} INFO - Setting next_dagrun for HelloWorld to 2025-03-27 18:01:00+00:00, run_after=2025-03-27 19:01:00+00:00
[2025-03-27T19:27:07.793+0000] {processor.py:208} INFO - Processing /opt/airflow/dags/hello_world.py took 0.106 seconds
[2025-03-27T19:27:38.404+0000] {processor.py:186} INFO - Started process (PID=454) to work on /opt/airflow/dags/hello_world.py
[2025-03-27T19:27:38.405+0000] {processor.py:914} INFO - Processing file /opt/airflow/dags/hello_world.py for tasks to queue
[2025-03-27T19:27:38.411+0000] {logging_mixin.py:190} INFO - [2025-03-27T19:27:38.411+0000] {dagbag.py:587} INFO - Filling up the DagBag from /opt/airflow/dags/hello_world.py
[2025-03-27T19:27:38.418+0000] {processor.py:925} INFO - DAG(s) 'HelloWorld' retrieved from /opt/airflow/dags/hello_world.py
[2025-03-27T19:27:38.443+0000] {logging_mixin.py:190} INFO - [2025-03-27T19:27:38.442+0000] {dag.py:3229} INFO - Sync 1 DAGs
[2025-03-27T19:27:38.467+0000] {logging_mixin.py:190} INFO - [2025-03-27T19:27:38.467+0000] {dag.py:4156} INFO - Setting next_dagrun for HelloWorld to 2025-03-27 18:01:00+00:00, run_after=2025-03-27 19:01:00+00:00
[2025-03-27T19:27:38.483+0000] {processor.py:208} INFO - Processing /opt/airflow/dags/hello_world.py took 0.084 seconds
[2025-03-27T19:28:09.231+0000] {processor.py:186} INFO - Started process (PID=490) to work on /opt/airflow/dags/hello_world.py
[2025-03-27T19:28:09.233+0000] {processor.py:914} INFO - Processing file /opt/airflow/dags/hello_world.py for tasks to queue
[2025-03-27T19:28:09.235+0000] {logging_mixin.py:190} INFO - [2025-03-27T19:28:09.235+0000] {dagbag.py:587} INFO - Filling up the DagBag from /opt/airflow/dags/hello_world.py
[2025-03-27T19:28:09.250+0000] {processor.py:925} INFO - DAG(s) 'HelloWorld' retrieved from /opt/airflow/dags/hello_world.py
[2025-03-27T19:28:09.294+0000] {logging_mixin.py:190} INFO - [2025-03-27T19:28:09.293+0000] {dag.py:3229} INFO - Sync 1 DAGs
[2025-03-27T19:28:09.331+0000] {logging_mixin.py:190} INFO - [2025-03-27T19:28:09.330+0000] {dag.py:4156} INFO - Setting next_dagrun for HelloWorld to 2025-03-27 18:01:00+00:00, run_after=2025-03-27 19:01:00+00:00
[2025-03-27T19:28:09.352+0000] {processor.py:208} INFO - Processing /opt/airflow/dags/hello_world.py took 0.125 seconds
[2025-03-27T19:28:39.564+0000] {processor.py:186} INFO - Started process (PID=526) to work on /opt/airflow/dags/hello_world.py
[2025-03-27T19:28:39.565+0000] {processor.py:914} INFO - Processing file /opt/airflow/dags/hello_world.py for tasks to queue
[2025-03-27T19:28:39.571+0000] {logging_mixin.py:190} INFO - [2025-03-27T19:28:39.571+0000] {dagbag.py:587} INFO - Filling up the DagBag from /opt/airflow/dags/hello_world.py
[2025-03-27T19:28:39.586+0000] {processor.py:925} INFO - DAG(s) 'HelloWorld' retrieved from /opt/airflow/dags/hello_world.py
[2025-03-27T19:28:39.613+0000] {logging_mixin.py:190} INFO - [2025-03-27T19:28:39.612+0000] {dag.py:3229} INFO - Sync 1 DAGs
[2025-03-27T19:28:39.643+0000] {logging_mixin.py:190} INFO - [2025-03-27T19:28:39.643+0000] {dag.py:4156} INFO - Setting next_dagrun for HelloWorld to 2025-03-27 18:01:00+00:00, run_after=2025-03-27 19:01:00+00:00
[2025-03-27T19:28:39.666+0000] {processor.py:208} INFO - Processing /opt/airflow/dags/hello_world.py took 0.108 seconds
[2025-03-27T19:29:10.341+0000] {processor.py:186} INFO - Started process (PID=562) to work on /opt/airflow/dags/hello_world.py
[2025-03-27T19:29:10.342+0000] {processor.py:914} INFO - Processing file /opt/airflow/dags/hello_world.py for tasks to queue
[2025-03-27T19:29:10.345+0000] {logging_mixin.py:190} INFO - [2025-03-27T19:29:10.345+0000] {dagbag.py:587} INFO - Filling up the DagBag from /opt/airflow/dags/hello_world.py
[2025-03-27T19:29:10.354+0000] {processor.py:925} INFO - DAG(s) 'HelloWorld' retrieved from /opt/airflow/dags/hello_world.py
[2025-03-27T19:29:10.382+0000] {logging_mixin.py:190} INFO - [2025-03-27T19:29:10.382+0000] {dag.py:3229} INFO - Sync 1 DAGs
[2025-03-27T19:29:10.408+0000] {logging_mixin.py:190} INFO - [2025-03-27T19:29:10.408+0000] {dag.py:4156} INFO - Setting next_dagrun for HelloWorld to 2025-03-27 18:01:00+00:00, run_after=2025-03-27 19:01:00+00:00
[2025-03-27T19:29:10.427+0000] {processor.py:208} INFO - Processing /opt/airflow/dags/hello_world.py took 0.091 seconds
[2025-03-27T19:29:41.389+0000] {processor.py:186} INFO - Started process (PID=604) to work on /opt/airflow/dags/hello_world.py
[2025-03-27T19:29:41.391+0000] {processor.py:914} INFO - Processing file /opt/airflow/dags/hello_world.py for tasks to queue
[2025-03-27T19:29:41.395+0000] {logging_mixin.py:190} INFO - [2025-03-27T19:29:41.395+0000] {dagbag.py:587} INFO - Filling up the DagBag from /opt/airflow/dags/hello_world.py
[2025-03-27T19:29:41.405+0000] {processor.py:925} INFO - DAG(s) 'HelloWorld' retrieved from /opt/airflow/dags/hello_world.py
[2025-03-27T19:29:41.431+0000] {logging_mixin.py:190} INFO - [2025-03-27T19:29:41.430+0000] {dag.py:3229} INFO - Sync 1 DAGs
[2025-03-27T19:29:41.456+0000] {logging_mixin.py:190} INFO - [2025-03-27T19:29:41.456+0000] {dag.py:4156} INFO - Setting next_dagrun for HelloWorld to 2025-03-27 18:01:00+00:00, run_after=2025-03-27 19:01:00+00:00
[2025-03-27T19:29:41.474+0000] {processor.py:208} INFO - Processing /opt/airflow/dags/hello_world.py took 0.090 seconds
[2025-03-27T19:30:12.087+0000] {processor.py:186} INFO - Started process (PID=640) to work on /opt/airflow/dags/hello_world.py
[2025-03-27T19:30:12.089+0000] {processor.py:914} INFO - Processing file /opt/airflow/dags/hello_world.py for tasks to queue
[2025-03-27T19:30:12.091+0000] {logging_mixin.py:190} INFO - [2025-03-27T19:30:12.091+0000] {dagbag.py:587} INFO - Filling up the DagBag from /opt/airflow/dags/hello_world.py
[2025-03-27T19:30:12.103+0000] {processor.py:925} INFO - DAG(s) 'HelloWorld' retrieved from /opt/airflow/dags/hello_world.py
[2025-03-27T19:30:12.128+0000] {logging_mixin.py:190} INFO - [2025-03-27T19:30:12.128+0000] {dag.py:3229} INFO - Sync 1 DAGs
[2025-03-27T19:30:12.147+0000] {logging_mixin.py:190} INFO - [2025-03-27T19:30:12.147+0000] {dag.py:4156} INFO - Setting next_dagrun for HelloWorld to 2025-03-27 18:01:00+00:00, run_after=2025-03-27 19:01:00+00:00
[2025-03-27T19:30:12.163+0000] {processor.py:208} INFO - Processing /opt/airflow/dags/hello_world.py took 0.080 seconds
[2025-03-27T19:30:42.932+0000] {processor.py:186} INFO - Started process (PID=676) to work on /opt/airflow/dags/hello_world.py
[2025-03-27T19:30:42.934+0000] {processor.py:914} INFO - Processing file /opt/airflow/dags/hello_world.py for tasks to queue
[2025-03-27T19:30:42.938+0000] {logging_mixin.py:190} INFO - [2025-03-27T19:30:42.937+0000] {dagbag.py:587} INFO - Filling up the DagBag from /opt/airflow/dags/hello_world.py
[2025-03-27T19:30:42.951+0000] {processor.py:925} INFO - DAG(s) 'HelloWorld' retrieved from /opt/airflow/dags/hello_world.py
[2025-03-27T19:30:42.988+0000] {logging_mixin.py:190} INFO - [2025-03-27T19:30:42.987+0000] {dag.py:3229} INFO - Sync 1 DAGs
[2025-03-27T19:30:43.016+0000] {logging_mixin.py:190} INFO - [2025-03-27T19:30:43.016+0000] {dag.py:4156} INFO - Setting next_dagrun for HelloWorld to 2025-03-27 18:01:00+00:00, run_after=2025-03-27 19:01:00+00:00
[2025-03-27T19:30:43.040+0000] {processor.py:208} INFO - Processing /opt/airflow/dags/hello_world.py took 0.117 seconds
[2025-03-27T19:31:13.707+0000] {processor.py:186} INFO - Started process (PID=714) to work on /opt/airflow/dags/hello_world.py
[2025-03-27T19:31:13.708+0000] {processor.py:914} INFO - Processing file /opt/airflow/dags/hello_world.py for tasks to queue
[2025-03-27T19:31:13.710+0000] {logging_mixin.py:190} INFO - [2025-03-27T19:31:13.709+0000] {dagbag.py:587} INFO - Filling up the DagBag from /opt/airflow/dags/hello_world.py
[2025-03-27T19:31:13.718+0000] {processor.py:925} INFO - DAG(s) 'HelloWorld' retrieved from /opt/airflow/dags/hello_world.py
[2025-03-27T19:31:13.737+0000] {logging_mixin.py:190} INFO - [2025-03-27T19:31:13.737+0000] {dag.py:3229} INFO - Sync 1 DAGs
[2025-03-27T19:31:13.760+0000] {logging_mixin.py:190} INFO - [2025-03-27T19:31:13.760+0000] {dag.py:4156} INFO - Setting next_dagrun for HelloWorld to 2025-03-27 18:01:00+00:00, run_after=2025-03-27 19:01:00+00:00
[2025-03-27T19:31:13.771+0000] {processor.py:208} INFO - Processing /opt/airflow/dags/hello_world.py took 0.070 seconds
[2025-03-27T19:31:44.444+0000] {processor.py:186} INFO - Started process (PID=748) to work on /opt/airflow/dags/hello_world.py
[2025-03-27T19:31:44.446+0000] {processor.py:914} INFO - Processing file /opt/airflow/dags/hello_world.py for tasks to queue
[2025-03-27T19:31:44.447+0000] {logging_mixin.py:190} INFO - [2025-03-27T19:31:44.447+0000] {dagbag.py:587} INFO - Filling up the DagBag from /opt/airflow/dags/hello_world.py
[2025-03-27T19:31:44.459+0000] {processor.py:925} INFO - DAG(s) 'HelloWorld' retrieved from /opt/airflow/dags/hello_world.py
[2025-03-27T19:31:44.484+0000] {logging_mixin.py:190} INFO - [2025-03-27T19:31:44.483+0000] {dag.py:3229} INFO - Sync 1 DAGs
[2025-03-27T19:31:44.505+0000] {logging_mixin.py:190} INFO - [2025-03-27T19:31:44.505+0000] {dag.py:4156} INFO - Setting next_dagrun for HelloWorld to 2025-03-27 18:01:00+00:00, run_after=2025-03-27 19:01:00+00:00
[2025-03-27T19:31:44.521+0000] {processor.py:208} INFO - Processing /opt/airflow/dags/hello_world.py took 0.082 seconds
[2025-03-27T19:32:15.247+0000] {processor.py:186} INFO - Started process (PID=784) to work on /opt/airflow/dags/hello_world.py
[2025-03-27T19:32:15.248+0000] {processor.py:914} INFO - Processing file /opt/airflow/dags/hello_world.py for tasks to queue
[2025-03-27T19:32:15.254+0000] {logging_mixin.py:190} INFO - [2025-03-27T19:32:15.253+0000] {dagbag.py:587} INFO - Filling up the DagBag from /opt/airflow/dags/hello_world.py
[2025-03-27T19:32:15.263+0000] {processor.py:925} INFO - DAG(s) 'HelloWorld' retrieved from /opt/airflow/dags/hello_world.py
[2025-03-27T19:32:15.289+0000] {logging_mixin.py:190} INFO - [2025-03-27T19:32:15.288+0000] {dag.py:3229} INFO - Sync 1 DAGs
[2025-03-27T19:32:15.309+0000] {logging_mixin.py:190} INFO - [2025-03-27T19:32:15.309+0000] {dag.py:4156} INFO - Setting next_dagrun for HelloWorld to 2025-03-27 18:01:00+00:00, run_after=2025-03-27 19:01:00+00:00
[2025-03-27T19:32:15.329+0000] {processor.py:208} INFO - Processing /opt/airflow/dags/hello_world.py took 0.089 seconds
[2025-03-27T19:32:46.133+0000] {processor.py:186} INFO - Started process (PID=820) to work on /opt/airflow/dags/hello_world.py
[2025-03-27T19:32:46.135+0000] {processor.py:914} INFO - Processing file /opt/airflow/dags/hello_world.py for tasks to queue
[2025-03-27T19:32:46.138+0000] {logging_mixin.py:190} INFO - [2025-03-27T19:32:46.138+0000] {dagbag.py:587} INFO - Filling up the DagBag from /opt/airflow/dags/hello_world.py
[2025-03-27T19:32:46.151+0000] {processor.py:925} INFO - DAG(s) 'HelloWorld' retrieved from /opt/airflow/dags/hello_world.py
[2025-03-27T19:32:46.178+0000] {logging_mixin.py:190} INFO - [2025-03-27T19:32:46.178+0000] {dag.py:3229} INFO - Sync 1 DAGs
[2025-03-27T19:32:46.201+0000] {logging_mixin.py:190} INFO - [2025-03-27T19:32:46.201+0000] {dag.py:4156} INFO - Setting next_dagrun for HelloWorld to 2025-03-27 18:01:00+00:00, run_after=2025-03-27 19:01:00+00:00
[2025-03-27T19:32:46.221+0000] {processor.py:208} INFO - Processing /opt/airflow/dags/hello_world.py took 0.094 seconds
[2025-03-27T19:33:18.546+0000] {processor.py:186} INFO - Started process (PID=856) to work on /opt/airflow/dags/hello_world.py
[2025-03-27T19:33:18.548+0000] {processor.py:914} INFO - Processing file /opt/airflow/dags/hello_world.py for tasks to queue
[2025-03-27T19:33:18.553+0000] {logging_mixin.py:190} INFO - [2025-03-27T19:33:18.552+0000] {dagbag.py:587} INFO - Filling up the DagBag from /opt/airflow/dags/hello_world.py
[2025-03-27T19:33:18.580+0000] {processor.py:925} INFO - DAG(s) 'HelloWorld' retrieved from /opt/airflow/dags/hello_world.py
[2025-03-27T19:33:18.628+0000] {logging_mixin.py:190} INFO - [2025-03-27T19:33:18.626+0000] {dag.py:3229} INFO - Sync 1 DAGs
[2025-03-27T19:33:18.679+0000] {logging_mixin.py:190} INFO - [2025-03-27T19:33:18.678+0000] {dag.py:4156} INFO - Setting next_dagrun for HelloWorld to 2025-03-27 18:01:00+00:00, run_after=2025-03-27 19:01:00+00:00
[2025-03-27T19:33:18.717+0000] {processor.py:208} INFO - Processing /opt/airflow/dags/hello_world.py took 0.179 seconds
[2025-03-27T19:33:48.919+0000] {processor.py:186} INFO - Started process (PID=892) to work on /opt/airflow/dags/hello_world.py
[2025-03-27T19:33:48.921+0000] {processor.py:914} INFO - Processing file /opt/airflow/dags/hello_world.py for tasks to queue
[2025-03-27T19:33:48.926+0000] {logging_mixin.py:190} INFO - [2025-03-27T19:33:48.925+0000] {dagbag.py:587} INFO - Filling up the DagBag from /opt/airflow/dags/hello_world.py
[2025-03-27T19:33:48.940+0000] {processor.py:925} INFO - DAG(s) 'HelloWorld' retrieved from /opt/airflow/dags/hello_world.py
[2025-03-27T19:33:48.968+0000] {logging_mixin.py:190} INFO - [2025-03-27T19:33:48.967+0000] {dag.py:3229} INFO - Sync 1 DAGs
[2025-03-27T19:33:48.990+0000] {logging_mixin.py:190} INFO - [2025-03-27T19:33:48.990+0000] {dag.py:4156} INFO - Setting next_dagrun for HelloWorld to 2025-03-27 18:01:00+00:00, run_after=2025-03-27 19:01:00+00:00
[2025-03-27T19:33:49.014+0000] {processor.py:208} INFO - Processing /opt/airflow/dags/hello_world.py took 0.100 seconds
[2025-03-27T19:34:19.642+0000] {processor.py:186} INFO - Started process (PID=930) to work on /opt/airflow/dags/hello_world.py
[2025-03-27T19:34:19.644+0000] {processor.py:914} INFO - Processing file /opt/airflow/dags/hello_world.py for tasks to queue
[2025-03-27T19:34:19.647+0000] {logging_mixin.py:190} INFO - [2025-03-27T19:34:19.647+0000] {dagbag.py:587} INFO - Filling up the DagBag from /opt/airflow/dags/hello_world.py
[2025-03-27T19:34:19.666+0000] {processor.py:925} INFO - DAG(s) 'HelloWorld' retrieved from /opt/airflow/dags/hello_world.py
[2025-03-27T19:34:19.700+0000] {logging_mixin.py:190} INFO - [2025-03-27T19:34:19.699+0000] {dag.py:3229} INFO - Sync 1 DAGs
[2025-03-27T19:34:19.723+0000] {logging_mixin.py:190} INFO - [2025-03-27T19:34:19.723+0000] {dag.py:4156} INFO - Setting next_dagrun for HelloWorld to 2025-03-27 18:01:00+00:00, run_after=2025-03-27 19:01:00+00:00
[2025-03-27T19:34:19.749+0000] {processor.py:208} INFO - Processing /opt/airflow/dags/hello_world.py took 0.116 seconds
[2025-03-27T19:34:49.776+0000] {processor.py:186} INFO - Started process (PID=966) to work on /opt/airflow/dags/hello_world.py
[2025-03-27T19:34:49.777+0000] {processor.py:914} INFO - Processing file /opt/airflow/dags/hello_world.py for tasks to queue
[2025-03-27T19:34:49.779+0000] {logging_mixin.py:190} INFO - [2025-03-27T19:34:49.779+0000] {dagbag.py:587} INFO - Filling up the DagBag from /opt/airflow/dags/hello_world.py
[2025-03-27T19:34:49.788+0000] {processor.py:925} INFO - DAG(s) 'HelloWorld' retrieved from /opt/airflow/dags/hello_world.py
[2025-03-27T19:34:49.808+0000] {logging_mixin.py:190} INFO - [2025-03-27T19:34:49.807+0000] {dag.py:3229} INFO - Sync 1 DAGs
[2025-03-27T19:34:49.828+0000] {logging_mixin.py:190} INFO - [2025-03-27T19:34:49.828+0000] {dag.py:4156} INFO - Setting next_dagrun for HelloWorld to 2025-03-27 18:01:00+00:00, run_after=2025-03-27 19:01:00+00:00
[2025-03-27T19:34:49.844+0000] {processor.py:208} INFO - Processing /opt/airflow/dags/hello_world.py took 0.072 seconds
[2025-03-27T19:35:20.706+0000] {processor.py:186} INFO - Started process (PID=1001) to work on /opt/airflow/dags/hello_world.py
[2025-03-27T19:35:20.708+0000] {processor.py:914} INFO - Processing file /opt/airflow/dags/hello_world.py for tasks to queue
[2025-03-27T19:35:20.758+0000] {logging_mixin.py:190} INFO - [2025-03-27T19:35:20.757+0000] {dagbag.py:587} INFO - Filling up the DagBag from /opt/airflow/dags/hello_world.py
[2025-03-27T19:35:20.865+0000] {processor.py:925} INFO - DAG(s) 'HelloWorld' retrieved from /opt/airflow/dags/hello_world.py
[2025-03-27T19:35:21.059+0000] {logging_mixin.py:190} INFO - [2025-03-27T19:35:21.057+0000] {dag.py:3229} INFO - Sync 1 DAGs
[2025-03-27T19:35:21.565+0000] {logging_mixin.py:190} INFO - [2025-03-27T19:35:21.518+0000] {dag.py:4156} INFO - Setting next_dagrun for HelloWorld to 2025-03-27 18:01:00+00:00, run_after=2025-03-27 19:01:00+00:00
[2025-03-27T19:35:22.028+0000] {processor.py:208} INFO - Processing /opt/airflow/dags/hello_world.py took 1.376 seconds
