[2025-03-27T19:25:29.820+0000] {processor.py:186} INFO - Started process (PID=221) to work on /opt/airflow/dags/Lab_Stocks.py
[2025-03-27T19:25:29.823+0000] {processor.py:914} INFO - Processing file /opt/airflow/dags/Lab_Stocks.py for tasks to queue
[2025-03-27T19:25:29.847+0000] {logging_mixin.py:190} INFO - [2025-03-27T19:25:29.844+0000] {dagbag.py:587} INFO - Filling up the DagBag from /opt/airflow/dags/Lab_Stocks.py
[2025-03-27T19:25:30.334+0000] {processor.py:925} INFO - DAG(s) 'Stock_YFinance_Snowflake' retrieved from /opt/airflow/dags/Lab_Stocks.py
[2025-03-27T19:25:30.401+0000] {logging_mixin.py:190} INFO - [2025-03-27T19:25:30.400+0000] {dag.py:3229} INFO - Sync 1 DAGs
[2025-03-27T19:25:30.458+0000] {logging_mixin.py:190} INFO - [2025-03-27T19:25:30.458+0000] {dag.py:4156} INFO - Setting next_dagrun for Stock_YFinance_Snowflake to 2025-03-27 02:00:00+00:00, run_after=2025-03-28 02:00:00+00:00
[2025-03-27T19:25:30.512+0000] {processor.py:208} INFO - Processing /opt/airflow/dags/Lab_Stocks.py took 0.707 seconds
[2025-03-27T19:26:00.894+0000] {processor.py:186} INFO - Started process (PID=324) to work on /opt/airflow/dags/Lab_Stocks.py
[2025-03-27T19:26:00.901+0000] {processor.py:914} INFO - Processing file /opt/airflow/dags/Lab_Stocks.py for tasks to queue
[2025-03-27T19:26:00.931+0000] {logging_mixin.py:190} INFO - [2025-03-27T19:26:00.930+0000] {dagbag.py:587} INFO - Filling up the DagBag from /opt/airflow/dags/Lab_Stocks.py
[2025-03-27T19:26:04.396+0000] {processor.py:925} INFO - DAG(s) 'Stock_YFinance_Snowflake' retrieved from /opt/airflow/dags/Lab_Stocks.py
[2025-03-27T19:26:04.515+0000] {logging_mixin.py:190} INFO - [2025-03-27T19:26:04.514+0000] {dag.py:3229} INFO - Sync 1 DAGs
[2025-03-27T19:26:04.616+0000] {logging_mixin.py:190} INFO - [2025-03-27T19:26:04.615+0000] {dag.py:4156} INFO - Setting next_dagrun for Stock_YFinance_Snowflake to 2025-03-27 02:00:00+00:00, run_after=2025-03-28 02:00:00+00:00
[2025-03-27T19:26:04.664+0000] {processor.py:208} INFO - Processing /opt/airflow/dags/Lab_Stocks.py took 3.811 seconds
[2025-03-27T19:26:35.523+0000] {processor.py:186} INFO - Started process (PID=359) to work on /opt/airflow/dags/Lab_Stocks.py
[2025-03-27T19:26:35.526+0000] {processor.py:914} INFO - Processing file /opt/airflow/dags/Lab_Stocks.py for tasks to queue
[2025-03-27T19:26:35.535+0000] {logging_mixin.py:190} INFO - [2025-03-27T19:26:35.534+0000] {dagbag.py:587} INFO - Filling up the DagBag from /opt/airflow/dags/Lab_Stocks.py
[2025-03-27T19:26:35.704+0000] {processor.py:925} INFO - DAG(s) 'Stock_YFinance_Snowflake' retrieved from /opt/airflow/dags/Lab_Stocks.py
[2025-03-27T19:26:35.729+0000] {logging_mixin.py:190} INFO - [2025-03-27T19:26:35.729+0000] {dag.py:3229} INFO - Sync 1 DAGs
[2025-03-27T19:26:35.756+0000] {logging_mixin.py:190} INFO - [2025-03-27T19:26:35.756+0000] {dag.py:4156} INFO - Setting next_dagrun for Stock_YFinance_Snowflake to 2025-03-27 02:00:00+00:00, run_after=2025-03-28 02:00:00+00:00
[2025-03-27T19:26:35.773+0000] {processor.py:208} INFO - Processing /opt/airflow/dags/Lab_Stocks.py took 0.277 seconds
[2025-03-27T19:27:06.381+0000] {processor.py:186} INFO - Started process (PID=395) to work on /opt/airflow/dags/Lab_Stocks.py
[2025-03-27T19:27:06.383+0000] {processor.py:914} INFO - Processing file /opt/airflow/dags/Lab_Stocks.py for tasks to queue
[2025-03-27T19:27:06.390+0000] {logging_mixin.py:190} INFO - [2025-03-27T19:27:06.390+0000] {dagbag.py:587} INFO - Filling up the DagBag from /opt/airflow/dags/Lab_Stocks.py
[2025-03-27T19:27:06.546+0000] {processor.py:925} INFO - DAG(s) 'Stock_YFinance_Snowflake' retrieved from /opt/airflow/dags/Lab_Stocks.py
[2025-03-27T19:27:06.574+0000] {logging_mixin.py:190} INFO - [2025-03-27T19:27:06.573+0000] {dag.py:3229} INFO - Sync 1 DAGs
[2025-03-27T19:27:06.603+0000] {logging_mixin.py:190} INFO - [2025-03-27T19:27:06.603+0000] {dag.py:4156} INFO - Setting next_dagrun for Stock_YFinance_Snowflake to 2025-03-27 02:00:00+00:00, run_after=2025-03-28 02:00:00+00:00
[2025-03-27T19:27:06.618+0000] {processor.py:208} INFO - Processing /opt/airflow/dags/Lab_Stocks.py took 0.251 seconds
[2025-03-27T19:27:37.088+0000] {processor.py:186} INFO - Started process (PID=431) to work on /opt/airflow/dags/Lab_Stocks.py
[2025-03-27T19:27:37.090+0000] {processor.py:914} INFO - Processing file /opt/airflow/dags/Lab_Stocks.py for tasks to queue
[2025-03-27T19:27:37.096+0000] {logging_mixin.py:190} INFO - [2025-03-27T19:27:37.095+0000] {dagbag.py:587} INFO - Filling up the DagBag from /opt/airflow/dags/Lab_Stocks.py
[2025-03-27T19:27:37.274+0000] {processor.py:925} INFO - DAG(s) 'Stock_YFinance_Snowflake' retrieved from /opt/airflow/dags/Lab_Stocks.py
[2025-03-27T19:27:37.306+0000] {logging_mixin.py:190} INFO - [2025-03-27T19:27:37.306+0000] {dag.py:3229} INFO - Sync 1 DAGs
[2025-03-27T19:27:37.335+0000] {logging_mixin.py:190} INFO - [2025-03-27T19:27:37.335+0000] {dag.py:4156} INFO - Setting next_dagrun for Stock_YFinance_Snowflake to 2025-03-27 02:00:00+00:00, run_after=2025-03-28 02:00:00+00:00
[2025-03-27T19:27:37.355+0000] {processor.py:208} INFO - Processing /opt/airflow/dags/Lab_Stocks.py took 0.281 seconds
[2025-03-27T19:28:07.917+0000] {processor.py:186} INFO - Started process (PID=467) to work on /opt/airflow/dags/Lab_Stocks.py
[2025-03-27T19:28:07.918+0000] {processor.py:914} INFO - Processing file /opt/airflow/dags/Lab_Stocks.py for tasks to queue
[2025-03-27T19:28:07.926+0000] {logging_mixin.py:190} INFO - [2025-03-27T19:28:07.925+0000] {dagbag.py:587} INFO - Filling up the DagBag from /opt/airflow/dags/Lab_Stocks.py
[2025-03-27T19:28:08.089+0000] {processor.py:925} INFO - DAG(s) 'Stock_YFinance_Snowflake' retrieved from /opt/airflow/dags/Lab_Stocks.py
[2025-03-27T19:28:08.116+0000] {logging_mixin.py:190} INFO - [2025-03-27T19:28:08.115+0000] {dag.py:3229} INFO - Sync 1 DAGs
[2025-03-27T19:28:08.143+0000] {logging_mixin.py:190} INFO - [2025-03-27T19:28:08.143+0000] {dag.py:4156} INFO - Setting next_dagrun for Stock_YFinance_Snowflake to 2025-03-27 02:00:00+00:00, run_after=2025-03-28 02:00:00+00:00
[2025-03-27T19:28:08.165+0000] {processor.py:208} INFO - Processing /opt/airflow/dags/Lab_Stocks.py took 0.261 seconds
[2025-03-27T19:28:38.798+0000] {processor.py:186} INFO - Started process (PID=503) to work on /opt/airflow/dags/Lab_Stocks.py
[2025-03-27T19:28:38.801+0000] {processor.py:914} INFO - Processing file /opt/airflow/dags/Lab_Stocks.py for tasks to queue
[2025-03-27T19:28:38.809+0000] {logging_mixin.py:190} INFO - [2025-03-27T19:28:38.808+0000] {dagbag.py:587} INFO - Filling up the DagBag from /opt/airflow/dags/Lab_Stocks.py
[2025-03-27T19:28:39.052+0000] {processor.py:925} INFO - DAG(s) 'Stock_YFinance_Snowflake' retrieved from /opt/airflow/dags/Lab_Stocks.py
[2025-03-27T19:28:39.112+0000] {logging_mixin.py:190} INFO - [2025-03-27T19:28:39.111+0000] {dag.py:3229} INFO - Sync 1 DAGs
[2025-03-27T19:28:39.197+0000] {logging_mixin.py:190} INFO - [2025-03-27T19:28:39.196+0000] {dag.py:4156} INFO - Setting next_dagrun for Stock_YFinance_Snowflake to 2025-03-27 02:00:00+00:00, run_after=2025-03-28 02:00:00+00:00
[2025-03-27T19:28:39.355+0000] {processor.py:208} INFO - Processing /opt/airflow/dags/Lab_Stocks.py took 0.623 seconds
[2025-03-27T19:29:09.941+0000] {processor.py:186} INFO - Started process (PID=539) to work on /opt/airflow/dags/Lab_Stocks.py
[2025-03-27T19:29:09.942+0000] {processor.py:914} INFO - Processing file /opt/airflow/dags/Lab_Stocks.py for tasks to queue
[2025-03-27T19:29:09.947+0000] {logging_mixin.py:190} INFO - [2025-03-27T19:29:09.947+0000] {dagbag.py:587} INFO - Filling up the DagBag from /opt/airflow/dags/Lab_Stocks.py
[2025-03-27T19:29:10.107+0000] {processor.py:925} INFO - DAG(s) 'Stock_YFinance_Snowflake' retrieved from /opt/airflow/dags/Lab_Stocks.py
[2025-03-27T19:29:10.142+0000] {logging_mixin.py:190} INFO - [2025-03-27T19:29:10.142+0000] {dag.py:3229} INFO - Sync 1 DAGs
[2025-03-27T19:29:10.178+0000] {logging_mixin.py:190} INFO - [2025-03-27T19:29:10.178+0000] {dag.py:4156} INFO - Setting next_dagrun for Stock_YFinance_Snowflake to 2025-03-27 02:00:00+00:00, run_after=2025-03-28 02:00:00+00:00
[2025-03-27T19:29:10.207+0000] {processor.py:208} INFO - Processing /opt/airflow/dags/Lab_Stocks.py took 0.276 seconds
[2025-03-27T19:29:40.959+0000] {processor.py:186} INFO - Started process (PID=575) to work on /opt/airflow/dags/Lab_Stocks.py
[2025-03-27T19:29:40.964+0000] {processor.py:914} INFO - Processing file /opt/airflow/dags/Lab_Stocks.py for tasks to queue
[2025-03-27T19:29:40.972+0000] {logging_mixin.py:190} INFO - [2025-03-27T19:29:40.972+0000] {dagbag.py:587} INFO - Filling up the DagBag from /opt/airflow/dags/Lab_Stocks.py
[2025-03-27T19:29:41.151+0000] {processor.py:925} INFO - DAG(s) 'Stock_YFinance_Snowflake' retrieved from /opt/airflow/dags/Lab_Stocks.py
[2025-03-27T19:29:41.184+0000] {logging_mixin.py:190} INFO - [2025-03-27T19:29:41.184+0000] {dag.py:3229} INFO - Sync 1 DAGs
[2025-03-27T19:29:41.239+0000] {logging_mixin.py:190} INFO - [2025-03-27T19:29:41.239+0000] {dag.py:4156} INFO - Setting next_dagrun for Stock_YFinance_Snowflake to 2025-03-27 02:00:00+00:00, run_after=2025-03-28 02:00:00+00:00
[2025-03-27T19:29:41.262+0000] {processor.py:208} INFO - Processing /opt/airflow/dags/Lab_Stocks.py took 0.321 seconds
[2025-03-27T19:30:11.747+0000] {processor.py:186} INFO - Started process (PID=617) to work on /opt/airflow/dags/Lab_Stocks.py
[2025-03-27T19:30:11.748+0000] {processor.py:914} INFO - Processing file /opt/airflow/dags/Lab_Stocks.py for tasks to queue
[2025-03-27T19:30:11.759+0000] {logging_mixin.py:190} INFO - [2025-03-27T19:30:11.758+0000] {dagbag.py:587} INFO - Filling up the DagBag from /opt/airflow/dags/Lab_Stocks.py
[2025-03-27T19:30:11.906+0000] {processor.py:925} INFO - DAG(s) 'Stock_YFinance_Snowflake' retrieved from /opt/airflow/dags/Lab_Stocks.py
[2025-03-27T19:30:11.931+0000] {logging_mixin.py:190} INFO - [2025-03-27T19:30:11.931+0000] {dag.py:3229} INFO - Sync 1 DAGs
[2025-03-27T19:30:11.956+0000] {logging_mixin.py:190} INFO - [2025-03-27T19:30:11.956+0000] {dag.py:4156} INFO - Setting next_dagrun for Stock_YFinance_Snowflake to 2025-03-27 02:00:00+00:00, run_after=2025-03-28 02:00:00+00:00
[2025-03-27T19:30:11.975+0000] {processor.py:208} INFO - Processing /opt/airflow/dags/Lab_Stocks.py took 0.242 seconds
[2025-03-27T19:30:42.465+0000] {processor.py:186} INFO - Started process (PID=653) to work on /opt/airflow/dags/Lab_Stocks.py
[2025-03-27T19:30:42.467+0000] {processor.py:914} INFO - Processing file /opt/airflow/dags/Lab_Stocks.py for tasks to queue
[2025-03-27T19:30:42.471+0000] {logging_mixin.py:190} INFO - [2025-03-27T19:30:42.471+0000] {dagbag.py:587} INFO - Filling up the DagBag from /opt/airflow/dags/Lab_Stocks.py
[2025-03-27T19:30:42.647+0000] {processor.py:925} INFO - DAG(s) 'Stock_YFinance_Snowflake' retrieved from /opt/airflow/dags/Lab_Stocks.py
[2025-03-27T19:30:42.677+0000] {logging_mixin.py:190} INFO - [2025-03-27T19:30:42.676+0000] {dag.py:3229} INFO - Sync 1 DAGs
[2025-03-27T19:30:42.705+0000] {logging_mixin.py:190} INFO - [2025-03-27T19:30:42.705+0000] {dag.py:4156} INFO - Setting next_dagrun for Stock_YFinance_Snowflake to 2025-03-27 02:00:00+00:00, run_after=2025-03-28 02:00:00+00:00
[2025-03-27T19:30:42.728+0000] {processor.py:208} INFO - Processing /opt/airflow/dags/Lab_Stocks.py took 0.277 seconds
[2025-03-27T19:31:13.312+0000] {processor.py:186} INFO - Started process (PID=689) to work on /opt/airflow/dags/Lab_Stocks.py
[2025-03-27T19:31:13.316+0000] {processor.py:914} INFO - Processing file /opt/airflow/dags/Lab_Stocks.py for tasks to queue
[2025-03-27T19:31:13.322+0000] {logging_mixin.py:190} INFO - [2025-03-27T19:31:13.321+0000] {dagbag.py:587} INFO - Filling up the DagBag from /opt/airflow/dags/Lab_Stocks.py
[2025-03-27T19:31:13.483+0000] {processor.py:925} INFO - DAG(s) 'Stock_YFinance_Snowflake' retrieved from /opt/airflow/dags/Lab_Stocks.py
[2025-03-27T19:31:13.511+0000] {logging_mixin.py:190} INFO - [2025-03-27T19:31:13.511+0000] {dag.py:3229} INFO - Sync 1 DAGs
[2025-03-27T19:31:13.535+0000] {logging_mixin.py:190} INFO - [2025-03-27T19:31:13.534+0000] {dag.py:4156} INFO - Setting next_dagrun for Stock_YFinance_Snowflake to 2025-03-27 02:00:00+00:00, run_after=2025-03-28 02:00:00+00:00
[2025-03-27T19:31:13.555+0000] {processor.py:208} INFO - Processing /opt/airflow/dags/Lab_Stocks.py took 0.261 seconds
[2025-03-27T19:31:44.094+0000] {processor.py:186} INFO - Started process (PID=725) to work on /opt/airflow/dags/Lab_Stocks.py
[2025-03-27T19:31:44.097+0000] {processor.py:914} INFO - Processing file /opt/airflow/dags/Lab_Stocks.py for tasks to queue
[2025-03-27T19:31:44.102+0000] {logging_mixin.py:190} INFO - [2025-03-27T19:31:44.101+0000] {dagbag.py:587} INFO - Filling up the DagBag from /opt/airflow/dags/Lab_Stocks.py
[2025-03-27T19:31:44.256+0000] {processor.py:925} INFO - DAG(s) 'Stock_YFinance_Snowflake' retrieved from /opt/airflow/dags/Lab_Stocks.py
[2025-03-27T19:31:44.284+0000] {logging_mixin.py:190} INFO - [2025-03-27T19:31:44.284+0000] {dag.py:3229} INFO - Sync 1 DAGs
[2025-03-27T19:31:44.308+0000] {logging_mixin.py:190} INFO - [2025-03-27T19:31:44.308+0000] {dag.py:4156} INFO - Setting next_dagrun for Stock_YFinance_Snowflake to 2025-03-27 02:00:00+00:00, run_after=2025-03-28 02:00:00+00:00
[2025-03-27T19:31:44.325+0000] {processor.py:208} INFO - Processing /opt/airflow/dags/Lab_Stocks.py took 0.253 seconds
[2025-03-27T19:32:14.855+0000] {processor.py:186} INFO - Started process (PID=761) to work on /opt/airflow/dags/Lab_Stocks.py
[2025-03-27T19:32:14.857+0000] {processor.py:914} INFO - Processing file /opt/airflow/dags/Lab_Stocks.py for tasks to queue
[2025-03-27T19:32:14.867+0000] {logging_mixin.py:190} INFO - [2025-03-27T19:32:14.866+0000] {dagbag.py:587} INFO - Filling up the DagBag from /opt/airflow/dags/Lab_Stocks.py
[2025-03-27T19:32:15.035+0000] {processor.py:925} INFO - DAG(s) 'Stock_YFinance_Snowflake' retrieved from /opt/airflow/dags/Lab_Stocks.py
[2025-03-27T19:32:15.064+0000] {logging_mixin.py:190} INFO - [2025-03-27T19:32:15.064+0000] {dag.py:3229} INFO - Sync 1 DAGs
[2025-03-27T19:32:15.089+0000] {logging_mixin.py:190} INFO - [2025-03-27T19:32:15.089+0000] {dag.py:4156} INFO - Setting next_dagrun for Stock_YFinance_Snowflake to 2025-03-27 02:00:00+00:00, run_after=2025-03-28 02:00:00+00:00
[2025-03-27T19:32:15.110+0000] {processor.py:208} INFO - Processing /opt/airflow/dags/Lab_Stocks.py took 0.276 seconds
[2025-03-27T19:32:45.706+0000] {processor.py:186} INFO - Started process (PID=797) to work on /opt/airflow/dags/Lab_Stocks.py
[2025-03-27T19:32:45.708+0000] {processor.py:914} INFO - Processing file /opt/airflow/dags/Lab_Stocks.py for tasks to queue
[2025-03-27T19:32:45.714+0000] {logging_mixin.py:190} INFO - [2025-03-27T19:32:45.713+0000] {dagbag.py:587} INFO - Filling up the DagBag from /opt/airflow/dags/Lab_Stocks.py
[2025-03-27T19:32:45.927+0000] {processor.py:925} INFO - DAG(s) 'Stock_YFinance_Snowflake' retrieved from /opt/airflow/dags/Lab_Stocks.py
[2025-03-27T19:32:45.959+0000] {logging_mixin.py:190} INFO - [2025-03-27T19:32:45.958+0000] {dag.py:3229} INFO - Sync 1 DAGs
[2025-03-27T19:32:45.983+0000] {logging_mixin.py:190} INFO - [2025-03-27T19:32:45.983+0000] {dag.py:4156} INFO - Setting next_dagrun for Stock_YFinance_Snowflake to 2025-03-27 02:00:00+00:00, run_after=2025-03-28 02:00:00+00:00
[2025-03-27T19:32:46.003+0000] {processor.py:208} INFO - Processing /opt/airflow/dags/Lab_Stocks.py took 0.318 seconds
[2025-03-27T19:33:16.766+0000] {processor.py:186} INFO - Started process (PID=833) to work on /opt/airflow/dags/Lab_Stocks.py
[2025-03-27T19:33:16.774+0000] {processor.py:914} INFO - Processing file /opt/airflow/dags/Lab_Stocks.py for tasks to queue
[2025-03-27T19:33:16.784+0000] {logging_mixin.py:190} INFO - [2025-03-27T19:33:16.782+0000] {dagbag.py:587} INFO - Filling up the DagBag from /opt/airflow/dags/Lab_Stocks.py
[2025-03-27T19:33:17.674+0000] {processor.py:925} INFO - DAG(s) 'Stock_YFinance_Snowflake' retrieved from /opt/airflow/dags/Lab_Stocks.py
[2025-03-27T19:33:17.860+0000] {logging_mixin.py:190} INFO - [2025-03-27T19:33:17.857+0000] {dag.py:3229} INFO - Sync 1 DAGs
[2025-03-27T19:33:18.046+0000] {logging_mixin.py:190} INFO - [2025-03-27T19:33:18.045+0000] {dag.py:4156} INFO - Setting next_dagrun for Stock_YFinance_Snowflake to 2025-03-27 02:00:00+00:00, run_after=2025-03-28 02:00:00+00:00
[2025-03-27T19:33:18.139+0000] {processor.py:208} INFO - Processing /opt/airflow/dags/Lab_Stocks.py took 1.409 seconds
[2025-03-27T19:33:48.524+0000] {processor.py:186} INFO - Started process (PID=869) to work on /opt/airflow/dags/Lab_Stocks.py
[2025-03-27T19:33:48.528+0000] {processor.py:914} INFO - Processing file /opt/airflow/dags/Lab_Stocks.py for tasks to queue
[2025-03-27T19:33:48.536+0000] {logging_mixin.py:190} INFO - [2025-03-27T19:33:48.533+0000] {dagbag.py:587} INFO - Filling up the DagBag from /opt/airflow/dags/Lab_Stocks.py
[2025-03-27T19:33:48.714+0000] {processor.py:925} INFO - DAG(s) 'Stock_YFinance_Snowflake' retrieved from /opt/airflow/dags/Lab_Stocks.py
[2025-03-27T19:33:48.743+0000] {logging_mixin.py:190} INFO - [2025-03-27T19:33:48.743+0000] {dag.py:3229} INFO - Sync 1 DAGs
[2025-03-27T19:33:48.766+0000] {logging_mixin.py:190} INFO - [2025-03-27T19:33:48.765+0000] {dag.py:4156} INFO - Setting next_dagrun for Stock_YFinance_Snowflake to 2025-03-27 02:00:00+00:00, run_after=2025-03-28 02:00:00+00:00
[2025-03-27T19:33:48.785+0000] {processor.py:208} INFO - Processing /opt/airflow/dags/Lab_Stocks.py took 0.277 seconds
[2025-03-27T19:34:19.006+0000] {processor.py:186} INFO - Started process (PID=910) to work on /opt/airflow/dags/Lab_Stocks.py
[2025-03-27T19:34:19.009+0000] {processor.py:914} INFO - Processing file /opt/airflow/dags/Lab_Stocks.py for tasks to queue
[2025-03-27T19:34:19.014+0000] {logging_mixin.py:190} INFO - [2025-03-27T19:34:19.013+0000] {dagbag.py:587} INFO - Filling up the DagBag from /opt/airflow/dags/Lab_Stocks.py
[2025-03-27T19:34:19.217+0000] {processor.py:925} INFO - DAG(s) 'Stock_YFinance_Snowflake' retrieved from /opt/airflow/dags/Lab_Stocks.py
[2025-03-27T19:34:19.251+0000] {logging_mixin.py:190} INFO - [2025-03-27T19:34:19.250+0000] {dag.py:3229} INFO - Sync 1 DAGs
[2025-03-27T19:34:19.302+0000] {logging_mixin.py:190} INFO - [2025-03-27T19:34:19.301+0000] {dag.py:4156} INFO - Setting next_dagrun for Stock_YFinance_Snowflake to 2025-03-27 02:00:00+00:00, run_after=2025-03-28 02:00:00+00:00
[2025-03-27T19:34:19.346+0000] {processor.py:208} INFO - Processing /opt/airflow/dags/Lab_Stocks.py took 0.352 seconds
[2025-03-27T19:34:49.411+0000] {processor.py:186} INFO - Started process (PID=951) to work on /opt/airflow/dags/Lab_Stocks.py
[2025-03-27T19:34:49.412+0000] {processor.py:914} INFO - Processing file /opt/airflow/dags/Lab_Stocks.py for tasks to queue
[2025-03-27T19:34:49.413+0000] {logging_mixin.py:190} INFO - [2025-03-27T19:34:49.413+0000] {dagbag.py:587} INFO - Filling up the DagBag from /opt/airflow/dags/Lab_Stocks.py
[2025-03-27T19:34:49.529+0000] {processor.py:925} INFO - DAG(s) 'Stock_YFinance_Snowflake' retrieved from /opt/airflow/dags/Lab_Stocks.py
[2025-03-27T19:34:49.551+0000] {logging_mixin.py:190} INFO - [2025-03-27T19:34:49.551+0000] {dag.py:3229} INFO - Sync 1 DAGs
[2025-03-27T19:34:49.571+0000] {logging_mixin.py:190} INFO - [2025-03-27T19:34:49.570+0000] {dag.py:4156} INFO - Setting next_dagrun for Stock_YFinance_Snowflake to 2025-03-27 02:00:00+00:00, run_after=2025-03-28 02:00:00+00:00
[2025-03-27T19:34:49.584+0000] {processor.py:208} INFO - Processing /opt/airflow/dags/Lab_Stocks.py took 0.178 seconds
[2025-03-27T19:35:20.235+0000] {processor.py:186} INFO - Started process (PID=977) to work on /opt/airflow/dags/Lab_Stocks.py
[2025-03-27T19:35:20.239+0000] {processor.py:914} INFO - Processing file /opt/airflow/dags/Lab_Stocks.py for tasks to queue
[2025-03-27T19:35:20.248+0000] {logging_mixin.py:190} INFO - [2025-03-27T19:35:20.246+0000] {dagbag.py:587} INFO - Filling up the DagBag from /opt/airflow/dags/Lab_Stocks.py
[2025-03-27T19:35:20.451+0000] {processor.py:925} INFO - DAG(s) 'Stock_YFinance_Snowflake' retrieved from /opt/airflow/dags/Lab_Stocks.py
[2025-03-27T19:35:20.475+0000] {logging_mixin.py:190} INFO - [2025-03-27T19:35:20.475+0000] {dag.py:3229} INFO - Sync 1 DAGs
[2025-03-27T19:35:20.497+0000] {logging_mixin.py:190} INFO - [2025-03-27T19:35:20.496+0000] {dag.py:4156} INFO - Setting next_dagrun for Stock_YFinance_Snowflake to 2025-03-27 02:00:00+00:00, run_after=2025-03-28 02:00:00+00:00
[2025-03-27T19:35:20.515+0000] {processor.py:208} INFO - Processing /opt/airflow/dags/Lab_Stocks.py took 0.309 seconds
[2025-03-27T19:35:51.399+0000] {processor.py:186} INFO - Started process (PID=1013) to work on /opt/airflow/dags/Lab_Stocks.py
[2025-03-27T19:35:51.402+0000] {processor.py:914} INFO - Processing file /opt/airflow/dags/Lab_Stocks.py for tasks to queue
[2025-03-27T19:35:51.407+0000] {logging_mixin.py:190} INFO - [2025-03-27T19:35:51.406+0000] {dagbag.py:587} INFO - Filling up the DagBag from /opt/airflow/dags/Lab_Stocks.py
[2025-03-27T19:35:51.559+0000] {processor.py:925} INFO - DAG(s) 'Stock_YFinance_Snowflake' retrieved from /opt/airflow/dags/Lab_Stocks.py
[2025-03-27T19:35:51.589+0000] {logging_mixin.py:190} INFO - [2025-03-27T19:35:51.588+0000] {dag.py:3229} INFO - Sync 1 DAGs
[2025-03-27T19:35:51.618+0000] {logging_mixin.py:190} INFO - [2025-03-27T19:35:51.618+0000] {dag.py:4156} INFO - Setting next_dagrun for Stock_YFinance_Snowflake to 2025-03-27 02:00:00+00:00, run_after=2025-03-28 02:00:00+00:00
[2025-03-27T19:35:51.715+0000] {processor.py:208} INFO - Processing /opt/airflow/dags/Lab_Stocks.py took 0.335 seconds
