[2025-03-27T19:25:30.589+0000] {processor.py:186} INFO - Started process (PID=238) to work on /opt/airflow/dags/new_dag.py
[2025-03-27T19:25:30.591+0000] {processor.py:914} INFO - Processing file /opt/airflow/dags/new_dag.py for tasks to queue
[2025-03-27T19:25:30.595+0000] {logging_mixin.py:190} INFO - [2025-03-27T19:25:30.594+0000] {dagbag.py:587} INFO - Filling up the DagBag from /opt/airflow/dags/new_dag.py
[2025-03-27T19:25:30.618+0000] {processor.py:925} INFO - DAG(s) 'NewDAG' retrieved from /opt/airflow/dags/new_dag.py
[2025-03-27T19:25:30.672+0000] {logging_mixin.py:190} INFO - [2025-03-27T19:25:30.671+0000] {dag.py:3229} INFO - Sync 1 DAGs
[2025-03-27T19:25:30.797+0000] {logging_mixin.py:190} INFO - [2025-03-27T19:25:30.796+0000] {dag.py:4156} INFO - Setting next_dagrun for NewDAG to 2025-03-26 00:00:00+00:00, run_after=2025-03-27 00:00:00+00:00
[2025-03-27T19:25:30.891+0000] {processor.py:208} INFO - Processing /opt/airflow/dags/new_dag.py took 0.314 seconds
[2025-03-27T19:26:04.773+0000] {processor.py:186} INFO - Started process (PID=337) to work on /opt/airflow/dags/new_dag.py
[2025-03-27T19:26:04.775+0000] {processor.py:914} INFO - Processing file /opt/airflow/dags/new_dag.py for tasks to queue
[2025-03-27T19:26:04.780+0000] {logging_mixin.py:190} INFO - [2025-03-27T19:26:04.779+0000] {dagbag.py:587} INFO - Filling up the DagBag from /opt/airflow/dags/new_dag.py
[2025-03-27T19:26:04.811+0000] {processor.py:925} INFO - DAG(s) 'NewDAG' retrieved from /opt/airflow/dags/new_dag.py
[2025-03-27T19:26:04.860+0000] {logging_mixin.py:190} INFO - [2025-03-27T19:26:04.859+0000] {dag.py:3229} INFO - Sync 1 DAGs
[2025-03-27T19:26:04.912+0000] {logging_mixin.py:190} INFO - [2025-03-27T19:26:04.912+0000] {dag.py:4156} INFO - Setting next_dagrun for NewDAG to 2025-03-26 00:00:00+00:00, run_after=2025-03-27 00:00:00+00:00
[2025-03-27T19:26:04.947+0000] {processor.py:208} INFO - Processing /opt/airflow/dags/new_dag.py took 0.188 seconds
[2025-03-27T19:26:35.798+0000] {processor.py:186} INFO - Started process (PID=374) to work on /opt/airflow/dags/new_dag.py
[2025-03-27T19:26:35.799+0000] {processor.py:914} INFO - Processing file /opt/airflow/dags/new_dag.py for tasks to queue
[2025-03-27T19:26:35.803+0000] {logging_mixin.py:190} INFO - [2025-03-27T19:26:35.802+0000] {dagbag.py:587} INFO - Filling up the DagBag from /opt/airflow/dags/new_dag.py
[2025-03-27T19:26:35.811+0000] {processor.py:925} INFO - DAG(s) 'NewDAG' retrieved from /opt/airflow/dags/new_dag.py
[2025-03-27T19:26:35.831+0000] {logging_mixin.py:190} INFO - [2025-03-27T19:26:35.831+0000] {dag.py:3229} INFO - Sync 1 DAGs
[2025-03-27T19:26:35.847+0000] {logging_mixin.py:190} INFO - [2025-03-27T19:26:35.847+0000] {dag.py:4156} INFO - Setting next_dagrun for NewDAG to 2025-03-26 00:00:00+00:00, run_after=2025-03-27 00:00:00+00:00
[2025-03-27T19:26:35.858+0000] {processor.py:208} INFO - Processing /opt/airflow/dags/new_dag.py took 0.065 seconds
[2025-03-27T19:27:06.649+0000] {processor.py:186} INFO - Started process (PID=409) to work on /opt/airflow/dags/new_dag.py
[2025-03-27T19:27:06.650+0000] {processor.py:914} INFO - Processing file /opt/airflow/dags/new_dag.py for tasks to queue
[2025-03-27T19:27:06.652+0000] {logging_mixin.py:190} INFO - [2025-03-27T19:27:06.651+0000] {dagbag.py:587} INFO - Filling up the DagBag from /opt/airflow/dags/new_dag.py
[2025-03-27T19:27:06.658+0000] {processor.py:925} INFO - DAG(s) 'NewDAG' retrieved from /opt/airflow/dags/new_dag.py
[2025-03-27T19:27:06.675+0000] {logging_mixin.py:190} INFO - [2025-03-27T19:27:06.675+0000] {dag.py:3229} INFO - Sync 1 DAGs
[2025-03-27T19:27:06.692+0000] {logging_mixin.py:190} INFO - [2025-03-27T19:27:06.692+0000] {dag.py:4156} INFO - Setting next_dagrun for NewDAG to 2025-03-26 00:00:00+00:00, run_after=2025-03-27 00:00:00+00:00
[2025-03-27T19:27:06.704+0000] {processor.py:208} INFO - Processing /opt/airflow/dags/new_dag.py took 0.059 seconds
[2025-03-27T19:27:37.387+0000] {processor.py:186} INFO - Started process (PID=446) to work on /opt/airflow/dags/new_dag.py
[2025-03-27T19:27:37.387+0000] {processor.py:914} INFO - Processing file /opt/airflow/dags/new_dag.py for tasks to queue
[2025-03-27T19:27:37.390+0000] {logging_mixin.py:190} INFO - [2025-03-27T19:27:37.389+0000] {dagbag.py:587} INFO - Filling up the DagBag from /opt/airflow/dags/new_dag.py
[2025-03-27T19:27:37.397+0000] {processor.py:925} INFO - DAG(s) 'NewDAG' retrieved from /opt/airflow/dags/new_dag.py
[2025-03-27T19:27:37.419+0000] {logging_mixin.py:190} INFO - [2025-03-27T19:27:37.419+0000] {dag.py:3229} INFO - Sync 1 DAGs
[2025-03-27T19:27:37.443+0000] {logging_mixin.py:190} INFO - [2025-03-27T19:27:37.443+0000] {dag.py:4156} INFO - Setting next_dagrun for NewDAG to 2025-03-26 00:00:00+00:00, run_after=2025-03-27 00:00:00+00:00
[2025-03-27T19:27:37.456+0000] {processor.py:208} INFO - Processing /opt/airflow/dags/new_dag.py took 0.074 seconds
[2025-03-27T19:28:08.195+0000] {processor.py:186} INFO - Started process (PID=480) to work on /opt/airflow/dags/new_dag.py
[2025-03-27T19:28:08.196+0000] {processor.py:914} INFO - Processing file /opt/airflow/dags/new_dag.py for tasks to queue
[2025-03-27T19:28:08.197+0000] {logging_mixin.py:190} INFO - [2025-03-27T19:28:08.197+0000] {dagbag.py:587} INFO - Filling up the DagBag from /opt/airflow/dags/new_dag.py
[2025-03-27T19:28:08.205+0000] {processor.py:925} INFO - DAG(s) 'NewDAG' retrieved from /opt/airflow/dags/new_dag.py
[2025-03-27T19:28:08.225+0000] {logging_mixin.py:190} INFO - [2025-03-27T19:28:08.225+0000] {dag.py:3229} INFO - Sync 1 DAGs
[2025-03-27T19:28:08.244+0000] {logging_mixin.py:190} INFO - [2025-03-27T19:28:08.244+0000] {dag.py:4156} INFO - Setting next_dagrun for NewDAG to 2025-03-26 00:00:00+00:00, run_after=2025-03-27 00:00:00+00:00
[2025-03-27T19:28:08.262+0000] {processor.py:208} INFO - Processing /opt/airflow/dags/new_dag.py took 0.075 seconds
[2025-03-27T19:28:39.425+0000] {processor.py:186} INFO - Started process (PID=518) to work on /opt/airflow/dags/new_dag.py
[2025-03-27T19:28:39.427+0000] {processor.py:914} INFO - Processing file /opt/airflow/dags/new_dag.py for tasks to queue
[2025-03-27T19:28:39.431+0000] {logging_mixin.py:190} INFO - [2025-03-27T19:28:39.430+0000] {dagbag.py:587} INFO - Filling up the DagBag from /opt/airflow/dags/new_dag.py
[2025-03-27T19:28:39.447+0000] {processor.py:925} INFO - DAG(s) 'NewDAG' retrieved from /opt/airflow/dags/new_dag.py
[2025-03-27T19:28:39.476+0000] {logging_mixin.py:190} INFO - [2025-03-27T19:28:39.475+0000] {dag.py:3229} INFO - Sync 1 DAGs
[2025-03-27T19:28:39.508+0000] {logging_mixin.py:190} INFO - [2025-03-27T19:28:39.508+0000] {dag.py:4156} INFO - Setting next_dagrun for NewDAG to 2025-03-26 00:00:00+00:00, run_after=2025-03-27 00:00:00+00:00
[2025-03-27T19:28:39.525+0000] {processor.py:208} INFO - Processing /opt/airflow/dags/new_dag.py took 0.109 seconds
[2025-03-27T19:29:10.240+0000] {processor.py:186} INFO - Started process (PID=554) to work on /opt/airflow/dags/new_dag.py
[2025-03-27T19:29:10.241+0000] {processor.py:914} INFO - Processing file /opt/airflow/dags/new_dag.py for tasks to queue
[2025-03-27T19:29:10.243+0000] {logging_mixin.py:190} INFO - [2025-03-27T19:29:10.243+0000] {dagbag.py:587} INFO - Filling up the DagBag from /opt/airflow/dags/new_dag.py
[2025-03-27T19:29:10.252+0000] {processor.py:925} INFO - DAG(s) 'NewDAG' retrieved from /opt/airflow/dags/new_dag.py
[2025-03-27T19:29:10.275+0000] {logging_mixin.py:190} INFO - [2025-03-27T19:29:10.275+0000] {dag.py:3229} INFO - Sync 1 DAGs
[2025-03-27T19:29:10.296+0000] {logging_mixin.py:190} INFO - [2025-03-27T19:29:10.296+0000] {dag.py:4156} INFO - Setting next_dagrun for NewDAG to 2025-03-26 00:00:00+00:00, run_after=2025-03-27 00:00:00+00:00
[2025-03-27T19:29:10.312+0000] {processor.py:208} INFO - Processing /opt/airflow/dags/new_dag.py took 0.077 seconds
[2025-03-27T19:29:41.292+0000] {processor.py:186} INFO - Started process (PID=596) to work on /opt/airflow/dags/new_dag.py
[2025-03-27T19:29:41.292+0000] {processor.py:914} INFO - Processing file /opt/airflow/dags/new_dag.py for tasks to queue
[2025-03-27T19:29:41.294+0000] {logging_mixin.py:190} INFO - [2025-03-27T19:29:41.294+0000] {dagbag.py:587} INFO - Filling up the DagBag from /opt/airflow/dags/new_dag.py
[2025-03-27T19:29:41.302+0000] {processor.py:925} INFO - DAG(s) 'NewDAG' retrieved from /opt/airflow/dags/new_dag.py
[2025-03-27T19:29:41.325+0000] {logging_mixin.py:190} INFO - [2025-03-27T19:29:41.324+0000] {dag.py:3229} INFO - Sync 1 DAGs
[2025-03-27T19:29:41.344+0000] {logging_mixin.py:190} INFO - [2025-03-27T19:29:41.344+0000] {dag.py:4156} INFO - Setting next_dagrun for NewDAG to 2025-03-26 00:00:00+00:00, run_after=2025-03-27 00:00:00+00:00
[2025-03-27T19:29:41.357+0000] {processor.py:208} INFO - Processing /opt/airflow/dags/new_dag.py took 0.070 seconds
[2025-03-27T19:30:12.006+0000] {processor.py:186} INFO - Started process (PID=632) to work on /opt/airflow/dags/new_dag.py
[2025-03-27T19:30:12.007+0000] {processor.py:914} INFO - Processing file /opt/airflow/dags/new_dag.py for tasks to queue
[2025-03-27T19:30:12.008+0000] {logging_mixin.py:190} INFO - [2025-03-27T19:30:12.008+0000] {dagbag.py:587} INFO - Filling up the DagBag from /opt/airflow/dags/new_dag.py
[2025-03-27T19:30:12.015+0000] {processor.py:925} INFO - DAG(s) 'NewDAG' retrieved from /opt/airflow/dags/new_dag.py
[2025-03-27T19:30:12.034+0000] {logging_mixin.py:190} INFO - [2025-03-27T19:30:12.033+0000] {dag.py:3229} INFO - Sync 1 DAGs
[2025-03-27T19:30:12.050+0000] {logging_mixin.py:190} INFO - [2025-03-27T19:30:12.050+0000] {dag.py:4156} INFO - Setting next_dagrun for NewDAG to 2025-03-26 00:00:00+00:00, run_after=2025-03-27 00:00:00+00:00
[2025-03-27T19:30:12.061+0000] {processor.py:208} INFO - Processing /opt/airflow/dags/new_dag.py took 0.060 seconds
[2025-03-27T19:30:42.765+0000] {processor.py:186} INFO - Started process (PID=667) to work on /opt/airflow/dags/new_dag.py
[2025-03-27T19:30:42.766+0000] {processor.py:914} INFO - Processing file /opt/airflow/dags/new_dag.py for tasks to queue
[2025-03-27T19:30:42.771+0000] {logging_mixin.py:190} INFO - [2025-03-27T19:30:42.770+0000] {dagbag.py:587} INFO - Filling up the DagBag from /opt/airflow/dags/new_dag.py
[2025-03-27T19:30:42.781+0000] {processor.py:925} INFO - DAG(s) 'NewDAG' retrieved from /opt/airflow/dags/new_dag.py
[2025-03-27T19:30:42.810+0000] {logging_mixin.py:190} INFO - [2025-03-27T19:30:42.810+0000] {dag.py:3229} INFO - Sync 1 DAGs
[2025-03-27T19:30:42.844+0000] {logging_mixin.py:190} INFO - [2025-03-27T19:30:42.843+0000] {dag.py:4156} INFO - Setting next_dagrun for NewDAG to 2025-03-26 00:00:00+00:00, run_after=2025-03-27 00:00:00+00:00
[2025-03-27T19:30:42.873+0000] {processor.py:208} INFO - Processing /opt/airflow/dags/new_dag.py took 0.113 seconds
[2025-03-27T19:31:13.585+0000] {processor.py:186} INFO - Started process (PID=704) to work on /opt/airflow/dags/new_dag.py
[2025-03-27T19:31:13.588+0000] {processor.py:914} INFO - Processing file /opt/airflow/dags/new_dag.py for tasks to queue
[2025-03-27T19:31:13.590+0000] {logging_mixin.py:190} INFO - [2025-03-27T19:31:13.590+0000] {dagbag.py:587} INFO - Filling up the DagBag from /opt/airflow/dags/new_dag.py
[2025-03-27T19:31:13.603+0000] {processor.py:925} INFO - DAG(s) 'NewDAG' retrieved from /opt/airflow/dags/new_dag.py
[2025-03-27T19:31:13.633+0000] {logging_mixin.py:190} INFO - [2025-03-27T19:31:13.632+0000] {dag.py:3229} INFO - Sync 1 DAGs
[2025-03-27T19:31:13.655+0000] {logging_mixin.py:190} INFO - [2025-03-27T19:31:13.655+0000] {dag.py:4156} INFO - Setting next_dagrun for NewDAG to 2025-03-26 00:00:00+00:00, run_after=2025-03-27 00:00:00+00:00
[2025-03-27T19:31:13.677+0000] {processor.py:208} INFO - Processing /opt/airflow/dags/new_dag.py took 0.099 seconds
[2025-03-27T19:31:44.357+0000] {processor.py:186} INFO - Started process (PID=740) to work on /opt/airflow/dags/new_dag.py
[2025-03-27T19:31:44.358+0000] {processor.py:914} INFO - Processing file /opt/airflow/dags/new_dag.py for tasks to queue
[2025-03-27T19:31:44.359+0000] {logging_mixin.py:190} INFO - [2025-03-27T19:31:44.359+0000] {dagbag.py:587} INFO - Filling up the DagBag from /opt/airflow/dags/new_dag.py
[2025-03-27T19:31:44.368+0000] {processor.py:925} INFO - DAG(s) 'NewDAG' retrieved from /opt/airflow/dags/new_dag.py
[2025-03-27T19:31:44.386+0000] {logging_mixin.py:190} INFO - [2025-03-27T19:31:44.386+0000] {dag.py:3229} INFO - Sync 1 DAGs
[2025-03-27T19:31:44.405+0000] {logging_mixin.py:190} INFO - [2025-03-27T19:31:44.405+0000] {dag.py:4156} INFO - Setting next_dagrun for NewDAG to 2025-03-26 00:00:00+00:00, run_after=2025-03-27 00:00:00+00:00
[2025-03-27T19:31:44.416+0000] {processor.py:208} INFO - Processing /opt/airflow/dags/new_dag.py took 0.063 seconds
[2025-03-27T19:32:15.143+0000] {processor.py:186} INFO - Started process (PID=776) to work on /opt/airflow/dags/new_dag.py
[2025-03-27T19:32:15.148+0000] {processor.py:914} INFO - Processing file /opt/airflow/dags/new_dag.py for tasks to queue
[2025-03-27T19:32:15.152+0000] {logging_mixin.py:190} INFO - [2025-03-27T19:32:15.151+0000] {dagbag.py:587} INFO - Filling up the DagBag from /opt/airflow/dags/new_dag.py
[2025-03-27T19:32:15.161+0000] {processor.py:925} INFO - DAG(s) 'NewDAG' retrieved from /opt/airflow/dags/new_dag.py
[2025-03-27T19:32:15.185+0000] {logging_mixin.py:190} INFO - [2025-03-27T19:32:15.184+0000] {dag.py:3229} INFO - Sync 1 DAGs
[2025-03-27T19:32:15.203+0000] {logging_mixin.py:190} INFO - [2025-03-27T19:32:15.203+0000] {dag.py:4156} INFO - Setting next_dagrun for NewDAG to 2025-03-26 00:00:00+00:00, run_after=2025-03-27 00:00:00+00:00
[2025-03-27T19:32:15.217+0000] {processor.py:208} INFO - Processing /opt/airflow/dags/new_dag.py took 0.080 seconds
[2025-03-27T19:32:46.032+0000] {processor.py:186} INFO - Started process (PID=812) to work on /opt/airflow/dags/new_dag.py
[2025-03-27T19:32:46.033+0000] {processor.py:914} INFO - Processing file /opt/airflow/dags/new_dag.py for tasks to queue
[2025-03-27T19:32:46.034+0000] {logging_mixin.py:190} INFO - [2025-03-27T19:32:46.034+0000] {dagbag.py:587} INFO - Filling up the DagBag from /opt/airflow/dags/new_dag.py
[2025-03-27T19:32:46.045+0000] {processor.py:925} INFO - DAG(s) 'NewDAG' retrieved from /opt/airflow/dags/new_dag.py
[2025-03-27T19:32:46.066+0000] {logging_mixin.py:190} INFO - [2025-03-27T19:32:46.066+0000] {dag.py:3229} INFO - Sync 1 DAGs
[2025-03-27T19:32:46.087+0000] {logging_mixin.py:190} INFO - [2025-03-27T19:32:46.087+0000] {dag.py:4156} INFO - Setting next_dagrun for NewDAG to 2025-03-26 00:00:00+00:00, run_after=2025-03-27 00:00:00+00:00
[2025-03-27T19:32:46.102+0000] {processor.py:208} INFO - Processing /opt/airflow/dags/new_dag.py took 0.076 seconds
[2025-03-27T19:33:18.324+0000] {processor.py:186} INFO - Started process (PID=848) to work on /opt/airflow/dags/new_dag.py
[2025-03-27T19:33:18.330+0000] {processor.py:914} INFO - Processing file /opt/airflow/dags/new_dag.py for tasks to queue
[2025-03-27T19:33:18.339+0000] {logging_mixin.py:190} INFO - [2025-03-27T19:33:18.338+0000] {dagbag.py:587} INFO - Filling up the DagBag from /opt/airflow/dags/new_dag.py
[2025-03-27T19:33:18.373+0000] {processor.py:925} INFO - DAG(s) 'NewDAG' retrieved from /opt/airflow/dags/new_dag.py
[2025-03-27T19:33:18.433+0000] {logging_mixin.py:190} INFO - [2025-03-27T19:33:18.432+0000] {dag.py:3229} INFO - Sync 1 DAGs
[2025-03-27T19:33:18.471+0000] {logging_mixin.py:190} INFO - [2025-03-27T19:33:18.470+0000] {dag.py:4156} INFO - Setting next_dagrun for NewDAG to 2025-03-26 00:00:00+00:00, run_after=2025-03-27 00:00:00+00:00
[2025-03-27T19:33:18.497+0000] {processor.py:208} INFO - Processing /opt/airflow/dags/new_dag.py took 0.211 seconds
[2025-03-27T19:33:48.822+0000] {processor.py:186} INFO - Started process (PID=884) to work on /opt/airflow/dags/new_dag.py
[2025-03-27T19:33:48.822+0000] {processor.py:914} INFO - Processing file /opt/airflow/dags/new_dag.py for tasks to queue
[2025-03-27T19:33:48.824+0000] {logging_mixin.py:190} INFO - [2025-03-27T19:33:48.824+0000] {dagbag.py:587} INFO - Filling up the DagBag from /opt/airflow/dags/new_dag.py
[2025-03-27T19:33:48.833+0000] {processor.py:925} INFO - DAG(s) 'NewDAG' retrieved from /opt/airflow/dags/new_dag.py
[2025-03-27T19:33:48.853+0000] {logging_mixin.py:190} INFO - [2025-03-27T19:33:48.853+0000] {dag.py:3229} INFO - Sync 1 DAGs
[2025-03-27T19:33:48.874+0000] {logging_mixin.py:190} INFO - [2025-03-27T19:33:48.874+0000] {dag.py:4156} INFO - Setting next_dagrun for NewDAG to 2025-03-26 00:00:00+00:00, run_after=2025-03-27 00:00:00+00:00
[2025-03-27T19:33:48.887+0000] {processor.py:208} INFO - Processing /opt/airflow/dags/new_dag.py took 0.070 seconds
[2025-03-27T19:34:19.203+0000] {processor.py:186} INFO - Started process (PID=918) to work on /opt/airflow/dags/new_dag.py
[2025-03-27T19:34:19.205+0000] {processor.py:914} INFO - Processing file /opt/airflow/dags/new_dag.py for tasks to queue
[2025-03-27T19:34:19.207+0000] {logging_mixin.py:190} INFO - [2025-03-27T19:34:19.207+0000] {dagbag.py:587} INFO - Filling up the DagBag from /opt/airflow/dags/new_dag.py
[2025-03-27T19:34:19.215+0000] {processor.py:925} INFO - DAG(s) 'NewDAG' retrieved from /opt/airflow/dags/new_dag.py
[2025-03-27T19:34:19.246+0000] {logging_mixin.py:190} INFO - [2025-03-27T19:34:19.245+0000] {dag.py:3229} INFO - Sync 1 DAGs
[2025-03-27T19:34:19.305+0000] {logging_mixin.py:190} INFO - [2025-03-27T19:34:19.304+0000] {dag.py:4156} INFO - Setting next_dagrun for NewDAG to 2025-03-26 00:00:00+00:00, run_after=2025-03-27 00:00:00+00:00
[2025-03-27T19:34:19.344+0000] {processor.py:208} INFO - Processing /opt/airflow/dags/new_dag.py took 0.149 seconds
[2025-03-27T19:34:49.607+0000] {processor.py:186} INFO - Started process (PID=956) to work on /opt/airflow/dags/new_dag.py
[2025-03-27T19:34:49.608+0000] {processor.py:914} INFO - Processing file /opt/airflow/dags/new_dag.py for tasks to queue
[2025-03-27T19:34:49.610+0000] {logging_mixin.py:190} INFO - [2025-03-27T19:34:49.609+0000] {dagbag.py:587} INFO - Filling up the DagBag from /opt/airflow/dags/new_dag.py
[2025-03-27T19:34:49.616+0000] {processor.py:925} INFO - DAG(s) 'NewDAG' retrieved from /opt/airflow/dags/new_dag.py
[2025-03-27T19:34:49.637+0000] {logging_mixin.py:190} INFO - [2025-03-27T19:34:49.636+0000] {dag.py:3229} INFO - Sync 1 DAGs
[2025-03-27T19:34:49.653+0000] {logging_mixin.py:190} INFO - [2025-03-27T19:34:49.653+0000] {dag.py:4156} INFO - Setting next_dagrun for NewDAG to 2025-03-26 00:00:00+00:00, run_after=2025-03-27 00:00:00+00:00
[2025-03-27T19:34:49.667+0000] {processor.py:208} INFO - Processing /opt/airflow/dags/new_dag.py took 0.064 seconds
[2025-03-27T19:35:20.546+0000] {processor.py:186} INFO - Started process (PID=991) to work on /opt/airflow/dags/new_dag.py
[2025-03-27T19:35:20.549+0000] {processor.py:914} INFO - Processing file /opt/airflow/dags/new_dag.py for tasks to queue
[2025-03-27T19:35:20.550+0000] {logging_mixin.py:190} INFO - [2025-03-27T19:35:20.550+0000] {dagbag.py:587} INFO - Filling up the DagBag from /opt/airflow/dags/new_dag.py
[2025-03-27T19:35:20.562+0000] {processor.py:925} INFO - DAG(s) 'NewDAG' retrieved from /opt/airflow/dags/new_dag.py
[2025-03-27T19:35:20.588+0000] {logging_mixin.py:190} INFO - [2025-03-27T19:35:20.587+0000] {dag.py:3229} INFO - Sync 1 DAGs
[2025-03-27T19:35:20.611+0000] {logging_mixin.py:190} INFO - [2025-03-27T19:35:20.611+0000] {dag.py:4156} INFO - Setting next_dagrun for NewDAG to 2025-03-26 00:00:00+00:00, run_after=2025-03-27 00:00:00+00:00
[2025-03-27T19:35:20.629+0000] {processor.py:208} INFO - Processing /opt/airflow/dags/new_dag.py took 0.087 seconds
