[2025-04-20T22:03:24.691+0000] {local_task_job_runner.py:123} INFO - ::group::Pre task execution logs
[2025-04-20T22:03:24.707+0000] {taskinstance.py:2612} INFO - Dependencies all met for dep_context=non-requeueable deps ti=<TaskInstance: BuildELT_dbt.dbt_run manual__2025-04-20T22:03:23.725503+00:00 [queued]>
[2025-04-20T22:03:24.714+0000] {taskinstance.py:2612} INFO - Dependencies all met for dep_context=requeueable deps ti=<TaskInstance: BuildELT_dbt.dbt_run manual__2025-04-20T22:03:23.725503+00:00 [queued]>
[2025-04-20T22:03:24.715+0000] {taskinstance.py:2865} INFO - Starting attempt 1 of 1
[2025-04-20T22:03:24.724+0000] {taskinstance.py:2888} INFO - Executing <Task(BashOperator): dbt_run> on 2025-04-20 22:03:23.725503+00:00
[2025-04-20T22:03:24.739+0000] {logging_mixin.py:190} WARNING - /home/***/.local/lib/python3.12/site-packages/***/task/task_runner/standard_task_runner.py:70 DeprecationWarning: This process (pid=1940) is multi-threaded, use of fork() may lead to deadlocks in the child.
[2025-04-20T22:03:24.736+0000] {standard_task_runner.py:104} INFO - Running: ['***', 'tasks', 'run', 'BuildELT_dbt', 'dbt_run', 'manual__2025-04-20T22:03:23.725503+00:00', '--job-id', '7', '--raw', '--subdir', 'DAGS_FOLDER/build_elt_with_dbt.py', '--cfg-path', '/tmp/tmptbhhhmna']
[2025-04-20T22:03:24.741+0000] {standard_task_runner.py:105} INFO - Job 7: Subtask dbt_run
[2025-04-20T22:03:24.741+0000] {standard_task_runner.py:72} INFO - Started process 1941 to run task
[2025-04-20T22:03:24.789+0000] {task_command.py:467} INFO - Running <TaskInstance: BuildELT_dbt.dbt_run manual__2025-04-20T22:03:23.725503+00:00 [running]> on host 4c9b21d4394c
[2025-04-20T22:03:24.872+0000] {taskinstance.py:3131} INFO - Exporting env vars: AIRFLOW_CTX_DAG_OWNER='***' AIRFLOW_CTX_DAG_ID='BuildELT_dbt' AIRFLOW_CTX_TASK_ID='dbt_run' AIRFLOW_CTX_EXECUTION_DATE='2025-04-20T22:03:23.725503+00:00' AIRFLOW_CTX_TRY_NUMBER='1' AIRFLOW_CTX_DAG_RUN_ID='manual__2025-04-20T22:03:23.725503+00:00'
[2025-04-20T22:03:24.873+0000] {taskinstance.py:731} INFO - ::endgroup::
[2025-04-20T22:03:24.889+0000] {subprocess.py:63} INFO - Tmp dir root location: /tmp
[2025-04-20T22:03:24.890+0000] {subprocess.py:75} INFO - Running command: ['/usr/bin/bash', '-c', '/home/***/.local/bin/dbt run --profiles-dir /opt/***/dbt --project-dir /opt/***/dbt']
[2025-04-20T22:03:24.902+0000] {subprocess.py:86} INFO - Output:
[2025-04-20T22:03:27.905+0000] {subprocess.py:93} INFO - [0m22:03:27  Running with dbt=1.7.19
[2025-04-20T22:03:29.370+0000] {subprocess.py:93} INFO - [0m22:03:29  Registered adapter: snowflake=1.7.1
[2025-04-20T22:03:29.381+0000] {subprocess.py:93} INFO - [0m22:03:29  Unable to do partial parsing because saved manifest not found. Starting full parse.
[2025-04-20T22:03:30.415+0000] {subprocess.py:93} INFO - [0m22:03:30  [[33mWARNING[0m]: Configuration paths exist in your dbt_project.yml file which do not apply to any resources.
[2025-04-20T22:03:30.423+0000] {subprocess.py:93} INFO - There are 2 unused configuration paths:
[2025-04-20T22:03:30.423+0000] {subprocess.py:93} INFO - - models.my_new_project.input
[2025-04-20T22:03:30.424+0000] {subprocess.py:93} INFO - - models.my_new_project.output
[2025-04-20T22:03:30.442+0000] {subprocess.py:93} INFO - [0m22:03:30  Found 3 models, 1 snapshot, 0 sources, 0 exposures, 0 metrics, 430 macros, 0 groups, 0 semantic models
[2025-04-20T22:03:30.446+0000] {subprocess.py:93} INFO - [0m22:03:30
[2025-04-20T22:03:33.170+0000] {subprocess.py:93} INFO - [0m22:03:33  Concurrency: 1 threads (target='dev')
[2025-04-20T22:03:33.171+0000] {subprocess.py:93} INFO - [0m22:03:33
[2025-04-20T22:03:33.186+0000] {subprocess.py:93} INFO - [0m22:03:33  1 of 3 START sql view model analytics.session_summary .......................... [RUN]
[2025-04-20T22:03:34.078+0000] {subprocess.py:93} INFO - [0m22:03:34  1 of 3 OK created sql view model analytics.session_summary ..................... [[32mSUCCESS 1[0m in 0.89s]
[2025-04-20T22:03:34.083+0000] {subprocess.py:93} INFO - [0m22:03:34  2 of 3 START sql view model analytics.session_timestamp ........................ [RUN]
[2025-04-20T22:03:34.810+0000] {subprocess.py:93} INFO - [0m22:03:34  2 of 3 OK created sql view model analytics.session_timestamp ................... [[32mSUCCESS 1[0m in 0.72s]
[2025-04-20T22:03:34.814+0000] {subprocess.py:93} INFO - [0m22:03:34  3 of 3 START sql view model analytics.user_session_channel ..................... [RUN]
[2025-04-20T22:03:35.692+0000] {subprocess.py:93} INFO - [0m22:03:35  3 of 3 OK created sql view model analytics.user_session_channel ................ [[32mSUCCESS 1[0m in 0.87s]
[2025-04-20T22:03:35.699+0000] {subprocess.py:93} INFO - [0m22:03:35
[2025-04-20T22:03:35.701+0000] {subprocess.py:93} INFO - [0m22:03:35  Finished running 3 view models in 0 hours 0 minutes and 5.25 seconds (5.25s).
[2025-04-20T22:03:35.721+0000] {subprocess.py:93} INFO - [0m22:03:35
[2025-04-20T22:03:35.722+0000] {subprocess.py:93} INFO - [0m22:03:35  [32mCompleted successfully[0m
[2025-04-20T22:03:35.722+0000] {subprocess.py:93} INFO - [0m22:03:35
[2025-04-20T22:03:35.723+0000] {subprocess.py:93} INFO - [0m22:03:35  Done. PASS=3 WARN=0 ERROR=0 SKIP=0 TOTAL=3
[2025-04-20T22:03:36.696+0000] {subprocess.py:97} INFO - Command exited with return code 0
[2025-04-20T22:03:36.739+0000] {taskinstance.py:340} INFO - ::group::Post task execution logs
[2025-04-20T22:03:36.740+0000] {taskinstance.py:352} INFO - Marking task as SUCCESS. dag_id=BuildELT_dbt, task_id=dbt_run, run_id=manual__2025-04-20T22:03:23.725503+00:00, execution_date=20250420T220323, start_date=20250420T220324, end_date=20250420T220336
[2025-04-20T22:03:36.782+0000] {local_task_job_runner.py:266} INFO - Task exited with return code 0
[2025-04-20T22:03:36.806+0000] {taskinstance.py:3900} INFO - 1 downstream tasks scheduled from follow-on schedule check
[2025-04-20T22:03:36.808+0000] {local_task_job_runner.py:245} INFO - ::endgroup::
