[2025-04-23T03:04:11.695+0000] {local_task_job_runner.py:123} INFO - ::group::Pre task execution logs
[2025-04-23T03:04:11.705+0000] {taskinstance.py:2612} INFO - Dependencies all met for dep_context=non-requeueable deps ti=<TaskInstance: stock_data_etl_dbt.debug_env scheduled__2025-04-22T03:00:00+00:00 [queued]>
[2025-04-23T03:04:11.711+0000] {taskinstance.py:2612} INFO - Dependencies all met for dep_context=requeueable deps ti=<TaskInstance: stock_data_etl_dbt.debug_env scheduled__2025-04-22T03:00:00+00:00 [queued]>
[2025-04-23T03:04:11.711+0000] {taskinstance.py:2865} INFO - Starting attempt 1 of 1
[2025-04-23T03:04:11.720+0000] {taskinstance.py:2888} INFO - Executing <Task(BashOperator): debug_env> on 2025-04-22 03:00:00+00:00
[2025-04-23T03:04:11.729+0000] {logging_mixin.py:190} WARNING - /home/***/.local/lib/python3.12/site-packages/***/task/task_runner/standard_task_runner.py:70 DeprecationWarning: This process (pid=13671) is multi-threaded, use of fork() may lead to deadlocks in the child.
[2025-04-23T03:04:11.730+0000] {standard_task_runner.py:72} INFO - Started process 13674 to run task
[2025-04-23T03:04:11.729+0000] {standard_task_runner.py:104} INFO - Running: ['***', 'tasks', 'run', 'stock_data_etl_dbt', 'debug_env', 'scheduled__2025-04-22T03:00:00+00:00', '--job-id', '54', '--raw', '--subdir', 'DAGS_FOLDER/Stock_built_ELT.py', '--cfg-path', '/tmp/tmpmitgdoh1']
[2025-04-23T03:04:11.732+0000] {standard_task_runner.py:105} INFO - Job 54: Subtask debug_env
[2025-04-23T03:04:11.765+0000] {task_command.py:467} INFO - Running <TaskInstance: stock_data_etl_dbt.debug_env scheduled__2025-04-22T03:00:00+00:00 [running]> on host 712e28762a67
[2025-04-23T03:04:11.828+0000] {taskinstance.py:3131} INFO - Exporting env vars: AIRFLOW_CTX_DAG_OWNER='***' AIRFLOW_CTX_DAG_ID='stock_data_etl_dbt' AIRFLOW_CTX_TASK_ID='debug_env' AIRFLOW_CTX_EXECUTION_DATE='2025-04-22T03:00:00+00:00' AIRFLOW_CTX_TRY_NUMBER='1' AIRFLOW_CTX_DAG_RUN_ID='scheduled__2025-04-22T03:00:00+00:00'
[2025-04-23T03:04:11.829+0000] {taskinstance.py:731} INFO - ::endgroup::
[2025-04-23T03:04:11.831+0000] {subprocess.py:63} INFO - Tmp dir root location: /tmp
[2025-04-23T03:04:11.833+0000] {subprocess.py:75} INFO - Running command: ['/usr/bin/bash', '-c', 'echo $DBT_USER $DBT_ACCOUNT $DBT_ROLE $DBT_DATABASE $DBT_WAREHOUSE $DBT_SCHEMA']
[2025-04-23T03:04:11.840+0000] {subprocess.py:86} INFO - Output:
[2025-04-23T03:04:11.842+0000] {subprocess.py:93} INFO - SWAN KSB65579.us-west-2 TRAINING_ROLE USER_DB_SWAN SWAN_QUERY_WH
[2025-04-23T03:04:11.842+0000] {subprocess.py:97} INFO - Command exited with return code 0
[2025-04-23T03:04:11.857+0000] {taskinstance.py:340} INFO - ::group::Post task execution logs
[2025-04-23T03:04:11.858+0000] {taskinstance.py:352} INFO - Marking task as SUCCESS. dag_id=stock_data_etl_dbt, task_id=debug_env, run_id=scheduled__2025-04-22T03:00:00+00:00, execution_date=20250422T030000, start_date=20250423T030411, end_date=20250423T030411
[2025-04-23T03:04:11.875+0000] {local_task_job_runner.py:266} INFO - Task exited with return code 0
[2025-04-23T03:04:11.895+0000] {taskinstance.py:3900} INFO - 1 downstream tasks scheduled from follow-on schedule check
[2025-04-23T03:04:11.896+0000] {local_task_job_runner.py:245} INFO - ::endgroup::
