[2025-04-23T15:22:51.498+0000] {local_task_job_runner.py:123} INFO - ::group::Pre task execution logs
[2025-04-23T15:22:51.512+0000] {taskinstance.py:2612} INFO - Dependencies all met for dep_context=non-requeueable deps ti=<TaskInstance: stock_data_etl_dbt.dbt_snapshot manual__2025-04-23T15:16:33.263567+00:00 [queued]>
[2025-04-23T15:22:51.518+0000] {taskinstance.py:2612} INFO - Dependencies all met for dep_context=requeueable deps ti=<TaskInstance: stock_data_etl_dbt.dbt_snapshot manual__2025-04-23T15:16:33.263567+00:00 [queued]>
[2025-04-23T15:22:51.518+0000] {taskinstance.py:2865} INFO - Starting attempt 1 of 1
[2025-04-23T15:22:51.527+0000] {taskinstance.py:2888} INFO - Executing <Task(BashOperator): dbt_snapshot> on 2025-04-23 15:16:33.263567+00:00
[2025-04-23T15:22:51.538+0000] {logging_mixin.py:190} WARNING - /home/***/.local/lib/python3.12/site-packages/***/task/task_runner/standard_task_runner.py:70 DeprecationWarning: This process (pid=27627) is multi-threaded, use of fork() may lead to deadlocks in the child.
[2025-04-23T15:22:51.541+0000] {standard_task_runner.py:72} INFO - Started process 27630 to run task
[2025-04-23T15:22:51.537+0000] {standard_task_runner.py:104} INFO - Running: ['***', 'tasks', 'run', 'stock_data_etl_dbt', 'dbt_snapshot', 'manual__2025-04-23T15:16:33.263567+00:00', '--job-id', '67', '--raw', '--subdir', 'DAGS_FOLDER/Stock_built_ELT.py', '--cfg-path', '/tmp/tmps8p_ohp1']
[2025-04-23T15:22:51.542+0000] {standard_task_runner.py:105} INFO - Job 67: Subtask dbt_snapshot
[2025-04-23T15:22:51.601+0000] {task_command.py:467} INFO - Running <TaskInstance: stock_data_etl_dbt.dbt_snapshot manual__2025-04-23T15:16:33.263567+00:00 [running]> on host 712e28762a67
[2025-04-23T15:22:51.708+0000] {taskinstance.py:3131} INFO - Exporting env vars: AIRFLOW_CTX_DAG_OWNER='***' AIRFLOW_CTX_DAG_ID='stock_data_etl_dbt' AIRFLOW_CTX_TASK_ID='dbt_snapshot' AIRFLOW_CTX_EXECUTION_DATE='2025-04-23T15:16:33.263567+00:00' AIRFLOW_CTX_TRY_NUMBER='1' AIRFLOW_CTX_DAG_RUN_ID='manual__2025-04-23T15:16:33.263567+00:00'
[2025-04-23T15:22:51.710+0000] {taskinstance.py:731} INFO - ::endgroup::
[2025-04-23T15:22:51.713+0000] {subprocess.py:63} INFO - Tmp dir root location: /tmp
[2025-04-23T15:22:51.714+0000] {subprocess.py:75} INFO - Running command: ['/usr/bin/bash', '-c', '/home/***/.local/bin/dbt snapshot --profiles-dir /opt/***/dbt --project-dir /opt/***/dbt']
[2025-04-23T15:22:51.722+0000] {subprocess.py:86} INFO - Output:
[2025-04-23T15:22:54.797+0000] {subprocess.py:93} INFO - [0m15:22:54  Running with dbt=1.7.19
[2025-04-23T15:22:55.689+0000] {subprocess.py:93} INFO - [0m15:22:55  Registered adapter: snowflake=1.7.1
[2025-04-23T15:22:55.734+0000] {subprocess.py:93} INFO - [0m15:22:55  [[33mWARNING[0m]: Configuration paths exist in your dbt_project.yml file which do not apply to any resources.
[2025-04-23T15:22:55.734+0000] {subprocess.py:93} INFO - There are 1 unused configuration paths:
[2025-04-23T15:22:55.735+0000] {subprocess.py:93} INFO - - models.stock_data_transform_dbt.marts
[2025-04-23T15:22:55.755+0000] {subprocess.py:93} INFO - [0m15:22:55  Found 4 models, 1 snapshot, 1 source, 0 exposures, 0 metrics, 430 macros, 0 groups, 0 semantic models
[2025-04-23T15:22:55.758+0000] {subprocess.py:93} INFO - [0m15:22:55
[2025-04-23T15:22:59.024+0000] {subprocess.py:93} INFO - [0m15:22:59  Concurrency: 1 threads (target='dev')
[2025-04-23T15:22:59.029+0000] {subprocess.py:93} INFO - [0m15:22:59
[2025-04-23T15:22:59.045+0000] {subprocess.py:93} INFO - [0m15:22:59  1 of 1 START snapshot snapshots.stock_data_snapshot ............................ [RUN]
[2025-04-23T15:23:02.340+0000] {subprocess.py:93} INFO - [0m15:23:02  1 of 1 OK snapshotted snapshots.stock_data_snapshot ............................ [[32mSUCCESS 0[0m in 3.29s]
[2025-04-23T15:23:02.355+0000] {subprocess.py:93} INFO - [0m15:23:02
[2025-04-23T15:23:02.356+0000] {subprocess.py:93} INFO - [0m15:23:02  Finished running 1 snapshot in 0 hours 0 minutes and 6.60 seconds (6.60s).
[2025-04-23T15:23:02.371+0000] {subprocess.py:93} INFO - [0m15:23:02
[2025-04-23T15:23:02.372+0000] {subprocess.py:93} INFO - [0m15:23:02  [32mCompleted successfully[0m
[2025-04-23T15:23:02.372+0000] {subprocess.py:93} INFO - [0m15:23:02
[2025-04-23T15:23:02.373+0000] {subprocess.py:93} INFO - [0m15:23:02  Done. PASS=1 WARN=0 ERROR=0 SKIP=0 TOTAL=1
[2025-04-23T15:23:03.220+0000] {subprocess.py:97} INFO - Command exited with return code 0
[2025-04-23T15:23:03.264+0000] {taskinstance.py:340} INFO - ::group::Post task execution logs
[2025-04-23T15:23:03.265+0000] {taskinstance.py:352} INFO - Marking task as SUCCESS. dag_id=stock_data_etl_dbt, task_id=dbt_snapshot, run_id=manual__2025-04-23T15:16:33.263567+00:00, execution_date=20250423T151633, start_date=20250423T152251, end_date=20250423T152303
[2025-04-23T15:23:03.287+0000] {local_task_job_runner.py:266} INFO - Task exited with return code 0
[2025-04-23T15:23:03.305+0000] {taskinstance.py:3900} INFO - 0 downstream tasks scheduled from follow-on schedule check
[2025-04-23T15:23:03.306+0000] {local_task_job_runner.py:245} INFO - ::endgroup::
