[2025-04-23T15:30:57.427+0000] {local_task_job_runner.py:123} INFO - ::group::Pre task execution logs
[2025-04-23T15:30:57.440+0000] {taskinstance.py:2612} INFO - Dependencies all met for dep_context=non-requeueable deps ti=<TaskInstance: stock_data_etl_dbt.dbt_snapshot manual__2025-04-23T15:16:33.263567+00:00 [queued]>
[2025-04-23T15:30:57.447+0000] {taskinstance.py:2612} INFO - Dependencies all met for dep_context=requeueable deps ti=<TaskInstance: stock_data_etl_dbt.dbt_snapshot manual__2025-04-23T15:16:33.263567+00:00 [queued]>
[2025-04-23T15:30:57.448+0000] {taskinstance.py:2865} INFO - Starting attempt 2 of 2
[2025-04-23T15:30:57.460+0000] {taskinstance.py:2888} INFO - Executing <Task(BashOperator): dbt_snapshot> on 2025-04-23 15:16:33.263567+00:00
[2025-04-23T15:30:57.473+0000] {logging_mixin.py:190} WARNING - /home/***/.local/lib/python3.12/site-packages/***/task/task_runner/standard_task_runner.py:70 DeprecationWarning: This process (pid=28621) is multi-threaded, use of fork() may lead to deadlocks in the child.
[2025-04-23T15:30:57.475+0000] {standard_task_runner.py:72} INFO - Started process 28675 to run task
[2025-04-23T15:30:57.474+0000] {standard_task_runner.py:104} INFO - Running: ['***', 'tasks', 'run', 'stock_data_etl_dbt', 'dbt_snapshot', 'manual__2025-04-23T15:16:33.263567+00:00', '--job-id', '70', '--raw', '--subdir', 'DAGS_FOLDER/Stock_built_ELT.py', '--cfg-path', '/tmp/tmpc0688e5t']
[2025-04-23T15:30:57.479+0000] {standard_task_runner.py:105} INFO - Job 70: Subtask dbt_snapshot
[2025-04-23T15:30:57.519+0000] {task_command.py:467} INFO - Running <TaskInstance: stock_data_etl_dbt.dbt_snapshot manual__2025-04-23T15:16:33.263567+00:00 [running]> on host 712e28762a67
[2025-04-23T15:30:57.585+0000] {taskinstance.py:3131} INFO - Exporting env vars: AIRFLOW_CTX_DAG_OWNER='***' AIRFLOW_CTX_DAG_ID='stock_data_etl_dbt' AIRFLOW_CTX_TASK_ID='dbt_snapshot' AIRFLOW_CTX_EXECUTION_DATE='2025-04-23T15:16:33.263567+00:00' AIRFLOW_CTX_TRY_NUMBER='2' AIRFLOW_CTX_DAG_RUN_ID='manual__2025-04-23T15:16:33.263567+00:00'
[2025-04-23T15:30:57.586+0000] {taskinstance.py:731} INFO - ::endgroup::
[2025-04-23T15:30:57.589+0000] {subprocess.py:63} INFO - Tmp dir root location: /tmp
[2025-04-23T15:30:57.592+0000] {subprocess.py:75} INFO - Running command: ['/usr/bin/bash', '-c', '/home/***/.local/bin/dbt snapshot --profiles-dir /opt/***/dbt --project-dir /opt/***/dbt']
[2025-04-23T15:30:57.600+0000] {subprocess.py:86} INFO - Output:
[2025-04-23T15:31:00.290+0000] {subprocess.py:93} INFO - [0m15:31:00  Running with dbt=1.7.19
[2025-04-23T15:31:01.339+0000] {subprocess.py:93} INFO - [0m15:31:01  Registered adapter: snowflake=1.7.1
[2025-04-23T15:31:01.423+0000] {subprocess.py:93} INFO - [0m15:31:01  [[33mWARNING[0m]: Configuration paths exist in your dbt_project.yml file which do not apply to any resources.
[2025-04-23T15:31:01.423+0000] {subprocess.py:93} INFO - There are 1 unused configuration paths:
[2025-04-23T15:31:01.424+0000] {subprocess.py:93} INFO - - models.stock_data_transform_dbt.marts
[2025-04-23T15:31:01.471+0000] {subprocess.py:93} INFO - [0m15:31:01  Found 4 models, 1 snapshot, 1 source, 0 exposures, 0 metrics, 430 macros, 0 groups, 0 semantic models
[2025-04-23T15:31:01.478+0000] {subprocess.py:93} INFO - [0m15:31:01
[2025-04-23T15:31:05.151+0000] {subprocess.py:93} INFO - [0m15:31:05  Concurrency: 1 threads (target='dev')
[2025-04-23T15:31:05.156+0000] {subprocess.py:93} INFO - [0m15:31:05
[2025-04-23T15:31:05.176+0000] {subprocess.py:93} INFO - [0m15:31:05  1 of 1 START snapshot snapshots.stock_data_snapshot ............................ [RUN]
[2025-04-23T15:31:08.640+0000] {subprocess.py:93} INFO - [0m15:31:08  1 of 1 OK snapshotted snapshots.stock_data_snapshot ............................ [[32mSUCCESS 0[0m in 3.46s]
[2025-04-23T15:31:08.646+0000] {subprocess.py:93} INFO - [0m15:31:08
[2025-04-23T15:31:08.647+0000] {subprocess.py:93} INFO - [0m15:31:08  Finished running 1 snapshot in 0 hours 0 minutes and 7.17 seconds (7.17s).
[2025-04-23T15:31:08.669+0000] {subprocess.py:93} INFO - [0m15:31:08
[2025-04-23T15:31:08.670+0000] {subprocess.py:93} INFO - [0m15:31:08  [32mCompleted successfully[0m
[2025-04-23T15:31:08.670+0000] {subprocess.py:93} INFO - [0m15:31:08
[2025-04-23T15:31:08.671+0000] {subprocess.py:93} INFO - [0m15:31:08  Done. PASS=1 WARN=0 ERROR=0 SKIP=0 TOTAL=1
[2025-04-23T15:31:09.504+0000] {subprocess.py:97} INFO - Command exited with return code 0
[2025-04-23T15:31:09.564+0000] {taskinstance.py:340} INFO - ::group::Post task execution logs
[2025-04-23T15:31:09.566+0000] {taskinstance.py:352} INFO - Marking task as SUCCESS. dag_id=stock_data_etl_dbt, task_id=dbt_snapshot, run_id=manual__2025-04-23T15:16:33.263567+00:00, execution_date=20250423T151633, start_date=20250423T153057, end_date=20250423T153109
[2025-04-23T15:31:09.613+0000] {local_task_job_runner.py:266} INFO - Task exited with return code 0
[2025-04-23T15:31:09.643+0000] {taskinstance.py:3900} INFO - 0 downstream tasks scheduled from follow-on schedule check
[2025-04-23T15:31:09.645+0000] {local_task_job_runner.py:245} INFO - ::endgroup::
