[2025-04-11T18:14:29.577+0000] {local_task_job_runner.py:123} INFO - ::group::Pre task execution logs
[2025-04-11T18:14:29.594+0000] {taskinstance.py:2612} INFO - Dependencies all met for dep_context=non-requeueable deps ti=<TaskInstance: Stock_YFinance_Snowflake.load scheduled__2025-04-10T02:00:00+00:00 [queued]>
[2025-04-11T18:14:29.601+0000] {taskinstance.py:2612} INFO - Dependencies all met for dep_context=requeueable deps ti=<TaskInstance: Stock_YFinance_Snowflake.load scheduled__2025-04-10T02:00:00+00:00 [queued]>
[2025-04-11T18:14:29.601+0000] {taskinstance.py:2865} INFO - Starting attempt 1 of 1
[2025-04-11T18:14:29.611+0000] {taskinstance.py:2888} INFO - Executing <Task(_PythonDecoratedOperator): load> on 2025-04-10 02:00:00+00:00
[2025-04-11T18:14:29.622+0000] {logging_mixin.py:190} WARNING - /home/***/.local/lib/python3.12/site-packages/***/task/task_runner/standard_task_runner.py:70 DeprecationWarning: This process (pid=310) is multi-threaded, use of fork() may lead to deadlocks in the child.
[2025-04-11T18:14:29.623+0000] {standard_task_runner.py:72} INFO - Started process 319 to run task
[2025-04-11T18:14:29.623+0000] {standard_task_runner.py:104} INFO - Running: ['***', 'tasks', 'run', 'Stock_YFinance_Snowflake', 'load', 'scheduled__2025-04-10T02:00:00+00:00', '--job-id', '229', '--raw', '--subdir', 'DAGS_FOLDER/Lab_Stocks.py', '--cfg-path', '/tmp/tmpkj5qp7m5']
[2025-04-11T18:14:29.628+0000] {standard_task_runner.py:105} INFO - Job 229: Subtask load
[2025-04-11T18:14:29.670+0000] {task_command.py:467} INFO - Running <TaskInstance: Stock_YFinance_Snowflake.load scheduled__2025-04-10T02:00:00+00:00 [running]> on host 517b58b35a14
[2025-04-11T18:14:29.771+0000] {taskinstance.py:3131} INFO - Exporting env vars: AIRFLOW_CTX_DAG_OWNER='***' AIRFLOW_CTX_DAG_ID='Stock_YFinance_Snowflake' AIRFLOW_CTX_TASK_ID='load' AIRFLOW_CTX_EXECUTION_DATE='2025-04-10T02:00:00+00:00' AIRFLOW_CTX_TRY_NUMBER='1' AIRFLOW_CTX_DAG_RUN_ID='scheduled__2025-04-10T02:00:00+00:00'
[2025-04-11T18:14:29.773+0000] {taskinstance.py:731} INFO - ::endgroup::
[2025-04-11T18:14:29.783+0000] {base.py:84} INFO - Retrieving connection 'snowflake_conn'
[2025-04-11T18:14:29.784+0000] {connection.py:413} INFO - Snowflake Connector for Python Version: 3.12.1, Python Version: 3.12.5, Platform: Linux-6.12.5-linuxkit-aarch64-with-glibc2.36
[2025-04-11T18:14:29.785+0000] {connection.py:1196} INFO - Connecting to GLOBAL Snowflake domain
[2025-04-11T18:14:29.786+0000] {connection.py:1277} INFO - This connection is in OCSP Fail Open Mode. TLS Certificates would be checked for validity and revocation status. Any other Certificate Revocation related exceptions or OCSP Responder failures would be disregarded in favor of connectivity.
[2025-04-11T18:14:30.387+0000] {cursor.py:1156} INFO - Number of results in first chunk: 1
[2025-04-11T18:14:30.677+0000] {cursor.py:1156} INFO - Number of results in first chunk: 1
[2025-04-11T18:14:30.925+0000] {cursor.py:1156} INFO - Number of results in first chunk: 1
[2025-04-11T18:14:31.305+0000] {cursor.py:1156} INFO - Number of results in first chunk: 1
[2025-04-11T18:17:36.745+0000] {cursor.py:1156} INFO - Number of results in first chunk: 1
[2025-04-11T18:17:36.751+0000] {logging_mixin.py:190} INFO - Data inserted successfully!
[2025-04-11T18:17:36.753+0000] {python.py:240} INFO - Done. Returned value was: None
[2025-04-11T18:17:36.786+0000] {taskinstance.py:340} INFO - ::group::Post task execution logs
[2025-04-11T18:17:36.787+0000] {taskinstance.py:352} INFO - Marking task as SUCCESS. dag_id=Stock_YFinance_Snowflake, task_id=load, run_id=scheduled__2025-04-10T02:00:00+00:00, execution_date=20250410T020000, start_date=20250411T181429, end_date=20250411T181736
[2025-04-11T18:17:36.869+0000] {local_task_job_runner.py:266} INFO - Task exited with return code 0
[2025-04-11T18:17:36.907+0000] {taskinstance.py:3900} INFO - 0 downstream tasks scheduled from follow-on schedule check
[2025-04-11T18:17:36.908+0000] {local_task_job_runner.py:245} INFO - ::endgroup::
