[2025-04-19T17:41:32.856+0000] {processor.py:186} INFO - Started process (PID=217) to work on /opt/airflow/dags/Assignment5.py
[2025-04-19T17:41:32.857+0000] {processor.py:914} INFO - Processing file /opt/airflow/dags/Assignment5.py for tasks to queue
[2025-04-19T17:41:32.863+0000] {logging_mixin.py:190} INFO - [2025-04-19T17:41:32.862+0000] {dagbag.py:587} INFO - Filling up the DagBag from /opt/airflow/dags/Assignment5.py
[2025-04-19T17:41:32.881+0000] {processor.py:925} INFO - DAG(s) 'Stock_Alpha_Vantage' retrieved from /opt/airflow/dags/Assignment5.py
[2025-04-19T17:41:32.910+0000] {logging_mixin.py:190} INFO - [2025-04-19T17:41:32.910+0000] {dag.py:3229} INFO - Sync 1 DAGs
[2025-04-19T17:41:32.931+0000] {logging_mixin.py:190} INFO - [2025-04-19T17:41:32.931+0000] {dag.py:4156} INFO - Setting next_dagrun for Stock_Alpha_Vantage to 2025-04-18 02:00:00+00:00, run_after=2025-04-19 02:00:00+00:00
[2025-04-19T17:41:32.948+0000] {processor.py:208} INFO - Processing /opt/airflow/dags/Assignment5.py took 0.096 seconds
[2025-04-19T17:42:03.100+0000] {processor.py:186} INFO - Started process (PID=295) to work on /opt/airflow/dags/Assignment5.py
[2025-04-19T17:42:03.101+0000] {processor.py:914} INFO - Processing file /opt/airflow/dags/Assignment5.py for tasks to queue
[2025-04-19T17:42:03.103+0000] {logging_mixin.py:190} INFO - [2025-04-19T17:42:03.103+0000] {dagbag.py:587} INFO - Filling up the DagBag from /opt/airflow/dags/Assignment5.py
[2025-04-19T17:42:03.112+0000] {processor.py:925} INFO - DAG(s) 'Stock_Alpha_Vantage' retrieved from /opt/airflow/dags/Assignment5.py
[2025-04-19T17:42:03.139+0000] {logging_mixin.py:190} INFO - [2025-04-19T17:42:03.137+0000] {dag.py:3229} INFO - Sync 1 DAGs
[2025-04-19T17:42:03.159+0000] {logging_mixin.py:190} INFO - [2025-04-19T17:42:03.159+0000] {dag.py:4156} INFO - Setting next_dagrun for Stock_Alpha_Vantage to 2025-04-18 02:00:00+00:00, run_after=2025-04-19 02:00:00+00:00
[2025-04-19T17:42:03.173+0000] {processor.py:208} INFO - Processing /opt/airflow/dags/Assignment5.py took 0.087 seconds
[2025-04-19T17:42:34.028+0000] {processor.py:186} INFO - Started process (PID=352) to work on /opt/airflow/dags/Assignment5.py
[2025-04-19T17:42:34.029+0000] {processor.py:914} INFO - Processing file /opt/airflow/dags/Assignment5.py for tasks to queue
[2025-04-19T17:42:34.031+0000] {logging_mixin.py:190} INFO - [2025-04-19T17:42:34.031+0000] {dagbag.py:587} INFO - Filling up the DagBag from /opt/airflow/dags/Assignment5.py
[2025-04-19T17:42:34.043+0000] {processor.py:925} INFO - DAG(s) 'Stock_Alpha_Vantage' retrieved from /opt/airflow/dags/Assignment5.py
[2025-04-19T17:42:34.069+0000] {logging_mixin.py:190} INFO - [2025-04-19T17:42:34.068+0000] {dag.py:3229} INFO - Sync 1 DAGs
[2025-04-19T17:42:34.085+0000] {logging_mixin.py:190} INFO - [2025-04-19T17:42:34.085+0000] {dag.py:4156} INFO - Setting next_dagrun for Stock_Alpha_Vantage to 2025-04-18 02:00:00+00:00, run_after=2025-04-19 02:00:00+00:00
[2025-04-19T17:42:34.099+0000] {processor.py:208} INFO - Processing /opt/airflow/dags/Assignment5.py took 0.075 seconds
[2025-04-19T17:43:04.802+0000] {processor.py:186} INFO - Started process (PID=410) to work on /opt/airflow/dags/Assignment5.py
[2025-04-19T17:43:04.803+0000] {processor.py:914} INFO - Processing file /opt/airflow/dags/Assignment5.py for tasks to queue
[2025-04-19T17:43:04.805+0000] {logging_mixin.py:190} INFO - [2025-04-19T17:43:04.804+0000] {dagbag.py:587} INFO - Filling up the DagBag from /opt/airflow/dags/Assignment5.py
[2025-04-19T17:43:04.813+0000] {processor.py:925} INFO - DAG(s) 'Stock_Alpha_Vantage' retrieved from /opt/airflow/dags/Assignment5.py
[2025-04-19T17:43:04.837+0000] {logging_mixin.py:190} INFO - [2025-04-19T17:43:04.836+0000] {dag.py:3229} INFO - Sync 1 DAGs
[2025-04-19T17:43:04.859+0000] {logging_mixin.py:190} INFO - [2025-04-19T17:43:04.859+0000] {dag.py:4156} INFO - Setting next_dagrun for Stock_Alpha_Vantage to 2025-04-18 02:00:00+00:00, run_after=2025-04-19 02:00:00+00:00
[2025-04-19T17:43:04.871+0000] {processor.py:208} INFO - Processing /opt/airflow/dags/Assignment5.py took 0.073 seconds
[2025-04-19T17:43:35.545+0000] {processor.py:186} INFO - Started process (PID=468) to work on /opt/airflow/dags/Assignment5.py
[2025-04-19T17:43:35.546+0000] {processor.py:914} INFO - Processing file /opt/airflow/dags/Assignment5.py for tasks to queue
[2025-04-19T17:43:35.549+0000] {logging_mixin.py:190} INFO - [2025-04-19T17:43:35.548+0000] {dagbag.py:587} INFO - Filling up the DagBag from /opt/airflow/dags/Assignment5.py
[2025-04-19T17:43:35.561+0000] {processor.py:925} INFO - DAG(s) 'Stock_Alpha_Vantage' retrieved from /opt/airflow/dags/Assignment5.py
[2025-04-19T17:43:35.587+0000] {logging_mixin.py:190} INFO - [2025-04-19T17:43:35.587+0000] {dag.py:3229} INFO - Sync 1 DAGs
[2025-04-19T17:43:35.605+0000] {logging_mixin.py:190} INFO - [2025-04-19T17:43:35.605+0000] {dag.py:4156} INFO - Setting next_dagrun for Stock_Alpha_Vantage to 2025-04-18 02:00:00+00:00, run_after=2025-04-19 02:00:00+00:00
[2025-04-19T17:43:35.619+0000] {processor.py:208} INFO - Processing /opt/airflow/dags/Assignment5.py took 0.078 seconds
[2025-04-19T17:44:06.172+0000] {processor.py:186} INFO - Started process (PID=526) to work on /opt/airflow/dags/Assignment5.py
[2025-04-19T17:44:06.173+0000] {processor.py:914} INFO - Processing file /opt/airflow/dags/Assignment5.py for tasks to queue
[2025-04-19T17:44:06.174+0000] {logging_mixin.py:190} INFO - [2025-04-19T17:44:06.174+0000] {dagbag.py:587} INFO - Filling up the DagBag from /opt/airflow/dags/Assignment5.py
[2025-04-19T17:44:06.185+0000] {processor.py:925} INFO - DAG(s) 'Stock_Alpha_Vantage' retrieved from /opt/airflow/dags/Assignment5.py
[2025-04-19T17:44:06.206+0000] {logging_mixin.py:190} INFO - [2025-04-19T17:44:06.205+0000] {dag.py:3229} INFO - Sync 1 DAGs
[2025-04-19T17:44:06.224+0000] {logging_mixin.py:190} INFO - [2025-04-19T17:44:06.223+0000] {dag.py:4156} INFO - Setting next_dagrun for Stock_Alpha_Vantage to 2025-04-18 02:00:00+00:00, run_after=2025-04-19 02:00:00+00:00
[2025-04-19T17:44:06.235+0000] {processor.py:208} INFO - Processing /opt/airflow/dags/Assignment5.py took 0.067 seconds
[2025-04-19T17:44:36.735+0000] {processor.py:186} INFO - Started process (PID=584) to work on /opt/airflow/dags/Assignment5.py
[2025-04-19T17:44:36.736+0000] {processor.py:914} INFO - Processing file /opt/airflow/dags/Assignment5.py for tasks to queue
[2025-04-19T17:44:36.738+0000] {logging_mixin.py:190} INFO - [2025-04-19T17:44:36.738+0000] {dagbag.py:587} INFO - Filling up the DagBag from /opt/airflow/dags/Assignment5.py
[2025-04-19T17:44:36.753+0000] {processor.py:925} INFO - DAG(s) 'Stock_Alpha_Vantage' retrieved from /opt/airflow/dags/Assignment5.py
[2025-04-19T17:44:36.777+0000] {logging_mixin.py:190} INFO - [2025-04-19T17:44:36.776+0000] {dag.py:3229} INFO - Sync 1 DAGs
[2025-04-19T17:44:36.794+0000] {logging_mixin.py:190} INFO - [2025-04-19T17:44:36.794+0000] {dag.py:4156} INFO - Setting next_dagrun for Stock_Alpha_Vantage to 2025-04-18 02:00:00+00:00, run_after=2025-04-19 02:00:00+00:00
[2025-04-19T17:44:36.807+0000] {processor.py:208} INFO - Processing /opt/airflow/dags/Assignment5.py took 0.077 seconds
[2025-04-19T17:45:07.870+0000] {processor.py:186} INFO - Started process (PID=642) to work on /opt/airflow/dags/Assignment5.py
[2025-04-19T17:45:07.871+0000] {processor.py:914} INFO - Processing file /opt/airflow/dags/Assignment5.py for tasks to queue
[2025-04-19T17:45:07.872+0000] {logging_mixin.py:190} INFO - [2025-04-19T17:45:07.872+0000] {dagbag.py:587} INFO - Filling up the DagBag from /opt/airflow/dags/Assignment5.py
[2025-04-19T17:45:07.881+0000] {processor.py:925} INFO - DAG(s) 'Stock_Alpha_Vantage' retrieved from /opt/airflow/dags/Assignment5.py
[2025-04-19T17:45:07.901+0000] {logging_mixin.py:190} INFO - [2025-04-19T17:45:07.900+0000] {dag.py:3229} INFO - Sync 1 DAGs
[2025-04-19T17:45:07.923+0000] {logging_mixin.py:190} INFO - [2025-04-19T17:45:07.922+0000] {dag.py:4156} INFO - Setting next_dagrun for Stock_Alpha_Vantage to 2025-04-18 02:00:00+00:00, run_after=2025-04-19 02:00:00+00:00
[2025-04-19T17:45:07.934+0000] {processor.py:208} INFO - Processing /opt/airflow/dags/Assignment5.py took 0.069 seconds
[2025-04-19T17:45:38.006+0000] {processor.py:186} INFO - Started process (PID=688) to work on /opt/airflow/dags/Assignment5.py
[2025-04-19T17:45:38.007+0000] {processor.py:914} INFO - Processing file /opt/airflow/dags/Assignment5.py for tasks to queue
[2025-04-19T17:45:38.010+0000] {logging_mixin.py:190} INFO - [2025-04-19T17:45:38.009+0000] {dagbag.py:587} INFO - Filling up the DagBag from /opt/airflow/dags/Assignment5.py
[2025-04-19T17:45:38.019+0000] {processor.py:925} INFO - DAG(s) 'Stock_Alpha_Vantage' retrieved from /opt/airflow/dags/Assignment5.py
[2025-04-19T17:45:38.037+0000] {logging_mixin.py:190} INFO - [2025-04-19T17:45:38.036+0000] {dag.py:3229} INFO - Sync 1 DAGs
[2025-04-19T17:45:38.053+0000] {logging_mixin.py:190} INFO - [2025-04-19T17:45:38.053+0000] {dag.py:4156} INFO - Setting next_dagrun for Stock_Alpha_Vantage to 2025-04-18 02:00:00+00:00, run_after=2025-04-19 02:00:00+00:00
[2025-04-19T17:45:38.065+0000] {processor.py:208} INFO - Processing /opt/airflow/dags/Assignment5.py took 0.064 seconds
[2025-04-19T17:46:08.113+0000] {processor.py:186} INFO - Started process (PID=741) to work on /opt/airflow/dags/Assignment5.py
[2025-04-19T17:46:08.115+0000] {processor.py:914} INFO - Processing file /opt/airflow/dags/Assignment5.py for tasks to queue
[2025-04-19T17:46:08.117+0000] {logging_mixin.py:190} INFO - [2025-04-19T17:46:08.117+0000] {dagbag.py:587} INFO - Filling up the DagBag from /opt/airflow/dags/Assignment5.py
[2025-04-19T17:46:08.135+0000] {processor.py:925} INFO - DAG(s) 'Stock_Alpha_Vantage' retrieved from /opt/airflow/dags/Assignment5.py
[2025-04-19T17:46:08.153+0000] {logging_mixin.py:190} INFO - [2025-04-19T17:46:08.153+0000] {dag.py:3229} INFO - Sync 1 DAGs
[2025-04-19T17:46:08.174+0000] {logging_mixin.py:190} INFO - [2025-04-19T17:46:08.174+0000] {dag.py:4156} INFO - Setting next_dagrun for Stock_Alpha_Vantage to 2025-04-18 02:00:00+00:00, run_after=2025-04-19 02:00:00+00:00
[2025-04-19T17:46:08.188+0000] {processor.py:208} INFO - Processing /opt/airflow/dags/Assignment5.py took 0.081 seconds
[2025-04-19T17:46:38.474+0000] {processor.py:186} INFO - Started process (PID=799) to work on /opt/airflow/dags/Assignment5.py
[2025-04-19T17:46:38.475+0000] {processor.py:914} INFO - Processing file /opt/airflow/dags/Assignment5.py for tasks to queue
[2025-04-19T17:46:38.476+0000] {logging_mixin.py:190} INFO - [2025-04-19T17:46:38.476+0000] {dagbag.py:587} INFO - Filling up the DagBag from /opt/airflow/dags/Assignment5.py
[2025-04-19T17:46:38.485+0000] {processor.py:925} INFO - DAG(s) 'Stock_Alpha_Vantage' retrieved from /opt/airflow/dags/Assignment5.py
[2025-04-19T17:46:38.509+0000] {logging_mixin.py:190} INFO - [2025-04-19T17:46:38.509+0000] {dag.py:3229} INFO - Sync 1 DAGs
[2025-04-19T17:46:38.534+0000] {logging_mixin.py:190} INFO - [2025-04-19T17:46:38.534+0000] {dag.py:4156} INFO - Setting next_dagrun for Stock_Alpha_Vantage to 2025-04-18 02:00:00+00:00, run_after=2025-04-19 02:00:00+00:00
[2025-04-19T17:46:38.545+0000] {processor.py:208} INFO - Processing /opt/airflow/dags/Assignment5.py took 0.078 seconds
[2025-04-19T17:47:08.848+0000] {processor.py:186} INFO - Started process (PID=857) to work on /opt/airflow/dags/Assignment5.py
[2025-04-19T17:47:08.849+0000] {processor.py:914} INFO - Processing file /opt/airflow/dags/Assignment5.py for tasks to queue
[2025-04-19T17:47:08.851+0000] {logging_mixin.py:190} INFO - [2025-04-19T17:47:08.850+0000] {dagbag.py:587} INFO - Filling up the DagBag from /opt/airflow/dags/Assignment5.py
[2025-04-19T17:47:08.860+0000] {processor.py:925} INFO - DAG(s) 'Stock_Alpha_Vantage' retrieved from /opt/airflow/dags/Assignment5.py
[2025-04-19T17:47:08.880+0000] {logging_mixin.py:190} INFO - [2025-04-19T17:47:08.879+0000] {dag.py:3229} INFO - Sync 1 DAGs
[2025-04-19T17:47:08.901+0000] {logging_mixin.py:190} INFO - [2025-04-19T17:47:08.901+0000] {dag.py:4156} INFO - Setting next_dagrun for Stock_Alpha_Vantage to 2025-04-18 02:00:00+00:00, run_after=2025-04-19 02:00:00+00:00
[2025-04-19T17:47:08.920+0000] {processor.py:208} INFO - Processing /opt/airflow/dags/Assignment5.py took 0.076 seconds
[2025-04-19T17:47:40.093+0000] {processor.py:186} INFO - Started process (PID=920) to work on /opt/airflow/dags/Assignment5.py
[2025-04-19T17:47:40.094+0000] {processor.py:914} INFO - Processing file /opt/airflow/dags/Assignment5.py for tasks to queue
[2025-04-19T17:47:40.095+0000] {logging_mixin.py:190} INFO - [2025-04-19T17:47:40.095+0000] {dagbag.py:587} INFO - Filling up the DagBag from /opt/airflow/dags/Assignment5.py
[2025-04-19T17:47:40.103+0000] {processor.py:925} INFO - DAG(s) 'Stock_Alpha_Vantage' retrieved from /opt/airflow/dags/Assignment5.py
[2025-04-19T17:47:40.121+0000] {logging_mixin.py:190} INFO - [2025-04-19T17:47:40.121+0000] {dag.py:3229} INFO - Sync 1 DAGs
[2025-04-19T17:47:40.137+0000] {logging_mixin.py:190} INFO - [2025-04-19T17:47:40.137+0000] {dag.py:4156} INFO - Setting next_dagrun for Stock_Alpha_Vantage to 2025-04-18 02:00:00+00:00, run_after=2025-04-19 02:00:00+00:00
[2025-04-19T17:47:40.148+0000] {processor.py:208} INFO - Processing /opt/airflow/dags/Assignment5.py took 0.059 seconds
[2025-04-19T17:48:10.180+0000] {processor.py:186} INFO - Started process (PID=965) to work on /opt/airflow/dags/Assignment5.py
[2025-04-19T17:48:10.182+0000] {processor.py:914} INFO - Processing file /opt/airflow/dags/Assignment5.py for tasks to queue
[2025-04-19T17:48:10.185+0000] {logging_mixin.py:190} INFO - [2025-04-19T17:48:10.185+0000] {dagbag.py:587} INFO - Filling up the DagBag from /opt/airflow/dags/Assignment5.py
[2025-04-19T17:48:10.199+0000] {processor.py:925} INFO - DAG(s) 'Stock_Alpha_Vantage' retrieved from /opt/airflow/dags/Assignment5.py
[2025-04-19T17:48:10.220+0000] {logging_mixin.py:190} INFO - [2025-04-19T17:48:10.219+0000] {dag.py:3229} INFO - Sync 1 DAGs
[2025-04-19T17:48:10.251+0000] {logging_mixin.py:190} INFO - [2025-04-19T17:48:10.250+0000] {dag.py:4156} INFO - Setting next_dagrun for Stock_Alpha_Vantage to 2025-04-18 02:00:00+00:00, run_after=2025-04-19 02:00:00+00:00
[2025-04-19T17:48:10.267+0000] {processor.py:208} INFO - Processing /opt/airflow/dags/Assignment5.py took 0.090 seconds
[2025-04-19T17:48:40.487+0000] {processor.py:186} INFO - Started process (PID=1018) to work on /opt/airflow/dags/Assignment5.py
[2025-04-19T17:48:40.488+0000] {processor.py:914} INFO - Processing file /opt/airflow/dags/Assignment5.py for tasks to queue
[2025-04-19T17:48:40.490+0000] {logging_mixin.py:190} INFO - [2025-04-19T17:48:40.489+0000] {dagbag.py:587} INFO - Filling up the DagBag from /opt/airflow/dags/Assignment5.py
[2025-04-19T17:48:40.499+0000] {processor.py:925} INFO - DAG(s) 'Stock_Alpha_Vantage' retrieved from /opt/airflow/dags/Assignment5.py
[2025-04-19T17:48:40.523+0000] {logging_mixin.py:190} INFO - [2025-04-19T17:48:40.523+0000] {dag.py:3229} INFO - Sync 1 DAGs
[2025-04-19T17:48:40.555+0000] {logging_mixin.py:190} INFO - [2025-04-19T17:48:40.555+0000] {dag.py:4156} INFO - Setting next_dagrun for Stock_Alpha_Vantage to 2025-04-18 02:00:00+00:00, run_after=2025-04-19 02:00:00+00:00
[2025-04-19T17:48:40.575+0000] {processor.py:208} INFO - Processing /opt/airflow/dags/Assignment5.py took 0.092 seconds
[2025-04-19T17:49:11.093+0000] {processor.py:186} INFO - Started process (PID=1081) to work on /opt/airflow/dags/Assignment5.py
[2025-04-19T17:49:11.094+0000] {processor.py:914} INFO - Processing file /opt/airflow/dags/Assignment5.py for tasks to queue
[2025-04-19T17:49:11.095+0000] {logging_mixin.py:190} INFO - [2025-04-19T17:49:11.095+0000] {dagbag.py:587} INFO - Filling up the DagBag from /opt/airflow/dags/Assignment5.py
[2025-04-19T17:49:11.103+0000] {processor.py:925} INFO - DAG(s) 'Stock_Alpha_Vantage' retrieved from /opt/airflow/dags/Assignment5.py
[2025-04-19T17:49:11.127+0000] {logging_mixin.py:190} INFO - [2025-04-19T17:49:11.126+0000] {dag.py:3229} INFO - Sync 1 DAGs
[2025-04-19T17:49:11.165+0000] {logging_mixin.py:190} INFO - [2025-04-19T17:49:11.165+0000] {dag.py:4156} INFO - Setting next_dagrun for Stock_Alpha_Vantage to 2025-04-18 02:00:00+00:00, run_after=2025-04-19 02:00:00+00:00
[2025-04-19T17:49:11.188+0000] {processor.py:208} INFO - Processing /opt/airflow/dags/Assignment5.py took 0.099 seconds
[2025-04-19T17:49:41.843+0000] {processor.py:186} INFO - Started process (PID=1139) to work on /opt/airflow/dags/Assignment5.py
[2025-04-19T17:49:41.844+0000] {processor.py:914} INFO - Processing file /opt/airflow/dags/Assignment5.py for tasks to queue
[2025-04-19T17:49:41.846+0000] {logging_mixin.py:190} INFO - [2025-04-19T17:49:41.846+0000] {dagbag.py:587} INFO - Filling up the DagBag from /opt/airflow/dags/Assignment5.py
[2025-04-19T17:49:41.857+0000] {processor.py:925} INFO - DAG(s) 'Stock_Alpha_Vantage' retrieved from /opt/airflow/dags/Assignment5.py
[2025-04-19T17:49:41.882+0000] {logging_mixin.py:190} INFO - [2025-04-19T17:49:41.882+0000] {dag.py:3229} INFO - Sync 1 DAGs
[2025-04-19T17:49:41.899+0000] {logging_mixin.py:190} INFO - [2025-04-19T17:49:41.899+0000] {dag.py:4156} INFO - Setting next_dagrun for Stock_Alpha_Vantage to 2025-04-18 02:00:00+00:00, run_after=2025-04-19 02:00:00+00:00
[2025-04-19T17:49:41.913+0000] {processor.py:208} INFO - Processing /opt/airflow/dags/Assignment5.py took 0.075 seconds
[2025-04-19T17:50:12.294+0000] {processor.py:186} INFO - Started process (PID=1197) to work on /opt/airflow/dags/Assignment5.py
[2025-04-19T17:50:12.295+0000] {processor.py:914} INFO - Processing file /opt/airflow/dags/Assignment5.py for tasks to queue
[2025-04-19T17:50:12.297+0000] {logging_mixin.py:190} INFO - [2025-04-19T17:50:12.296+0000] {dagbag.py:587} INFO - Filling up the DagBag from /opt/airflow/dags/Assignment5.py
[2025-04-19T17:50:12.305+0000] {processor.py:925} INFO - DAG(s) 'Stock_Alpha_Vantage' retrieved from /opt/airflow/dags/Assignment5.py
[2025-04-19T17:50:12.324+0000] {logging_mixin.py:190} INFO - [2025-04-19T17:50:12.323+0000] {dag.py:3229} INFO - Sync 1 DAGs
[2025-04-19T17:50:12.344+0000] {logging_mixin.py:190} INFO - [2025-04-19T17:50:12.344+0000] {dag.py:4156} INFO - Setting next_dagrun for Stock_Alpha_Vantage to 2025-04-18 02:00:00+00:00, run_after=2025-04-19 02:00:00+00:00
[2025-04-19T17:50:12.357+0000] {processor.py:208} INFO - Processing /opt/airflow/dags/Assignment5.py took 0.066 seconds
[2025-04-19T17:50:42.944+0000] {processor.py:186} INFO - Started process (PID=1255) to work on /opt/airflow/dags/Assignment5.py
[2025-04-19T17:50:42.945+0000] {processor.py:914} INFO - Processing file /opt/airflow/dags/Assignment5.py for tasks to queue
[2025-04-19T17:50:42.946+0000] {logging_mixin.py:190} INFO - [2025-04-19T17:50:42.946+0000] {dagbag.py:587} INFO - Filling up the DagBag from /opt/airflow/dags/Assignment5.py
[2025-04-19T17:50:42.958+0000] {processor.py:925} INFO - DAG(s) 'Stock_Alpha_Vantage' retrieved from /opt/airflow/dags/Assignment5.py
[2025-04-19T17:50:42.980+0000] {logging_mixin.py:190} INFO - [2025-04-19T17:50:42.980+0000] {dag.py:3229} INFO - Sync 1 DAGs
[2025-04-19T17:50:42.999+0000] {logging_mixin.py:190} INFO - [2025-04-19T17:50:42.999+0000] {dag.py:4156} INFO - Setting next_dagrun for Stock_Alpha_Vantage to 2025-04-18 02:00:00+00:00, run_after=2025-04-19 02:00:00+00:00
[2025-04-19T17:50:43.014+0000] {processor.py:208} INFO - Processing /opt/airflow/dags/Assignment5.py took 0.074 seconds
[2025-04-19T17:51:13.734+0000] {processor.py:186} INFO - Started process (PID=1313) to work on /opt/airflow/dags/Assignment5.py
[2025-04-19T17:51:13.735+0000] {processor.py:914} INFO - Processing file /opt/airflow/dags/Assignment5.py for tasks to queue
[2025-04-19T17:51:13.736+0000] {logging_mixin.py:190} INFO - [2025-04-19T17:51:13.736+0000] {dagbag.py:587} INFO - Filling up the DagBag from /opt/airflow/dags/Assignment5.py
[2025-04-19T17:51:13.745+0000] {processor.py:925} INFO - DAG(s) 'Stock_Alpha_Vantage' retrieved from /opt/airflow/dags/Assignment5.py
[2025-04-19T17:51:13.766+0000] {logging_mixin.py:190} INFO - [2025-04-19T17:51:13.766+0000] {dag.py:3229} INFO - Sync 1 DAGs
[2025-04-19T17:51:13.787+0000] {logging_mixin.py:190} INFO - [2025-04-19T17:51:13.787+0000] {dag.py:4156} INFO - Setting next_dagrun for Stock_Alpha_Vantage to 2025-04-18 02:00:00+00:00, run_after=2025-04-19 02:00:00+00:00
[2025-04-19T17:51:13.803+0000] {processor.py:208} INFO - Processing /opt/airflow/dags/Assignment5.py took 0.074 seconds
[2025-04-19T17:51:45.208+0000] {processor.py:186} INFO - Started process (PID=1371) to work on /opt/airflow/dags/Assignment5.py
[2025-04-19T17:51:45.209+0000] {processor.py:914} INFO - Processing file /opt/airflow/dags/Assignment5.py for tasks to queue
[2025-04-19T17:51:45.211+0000] {logging_mixin.py:190} INFO - [2025-04-19T17:51:45.210+0000] {dagbag.py:587} INFO - Filling up the DagBag from /opt/airflow/dags/Assignment5.py
[2025-04-19T17:51:45.219+0000] {processor.py:925} INFO - DAG(s) 'Stock_Alpha_Vantage' retrieved from /opt/airflow/dags/Assignment5.py
[2025-04-19T17:51:45.238+0000] {logging_mixin.py:190} INFO - [2025-04-19T17:51:45.238+0000] {dag.py:3229} INFO - Sync 1 DAGs
[2025-04-19T17:51:45.255+0000] {logging_mixin.py:190} INFO - [2025-04-19T17:51:45.255+0000] {dag.py:4156} INFO - Setting next_dagrun for Stock_Alpha_Vantage to 2025-04-18 02:00:00+00:00, run_after=2025-04-19 02:00:00+00:00
[2025-04-19T17:51:45.268+0000] {processor.py:208} INFO - Processing /opt/airflow/dags/Assignment5.py took 0.065 seconds
[2025-04-19T17:52:15.404+0000] {processor.py:186} INFO - Started process (PID=1417) to work on /opt/airflow/dags/Assignment5.py
[2025-04-19T17:52:15.406+0000] {processor.py:914} INFO - Processing file /opt/airflow/dags/Assignment5.py for tasks to queue
[2025-04-19T17:52:15.408+0000] {logging_mixin.py:190} INFO - [2025-04-19T17:52:15.408+0000] {dagbag.py:587} INFO - Filling up the DagBag from /opt/airflow/dags/Assignment5.py
[2025-04-19T17:52:15.418+0000] {processor.py:925} INFO - DAG(s) 'Stock_Alpha_Vantage' retrieved from /opt/airflow/dags/Assignment5.py
[2025-04-19T17:52:15.436+0000] {logging_mixin.py:190} INFO - [2025-04-19T17:52:15.436+0000] {dag.py:3229} INFO - Sync 1 DAGs
[2025-04-19T17:52:15.454+0000] {logging_mixin.py:190} INFO - [2025-04-19T17:52:15.454+0000] {dag.py:4156} INFO - Setting next_dagrun for Stock_Alpha_Vantage to 2025-04-18 02:00:00+00:00, run_after=2025-04-19 02:00:00+00:00
[2025-04-19T17:52:15.467+0000] {processor.py:208} INFO - Processing /opt/airflow/dags/Assignment5.py took 0.067 seconds
[2025-04-19T17:52:46.491+0000] {processor.py:186} INFO - Started process (PID=1475) to work on /opt/airflow/dags/Assignment5.py
[2025-04-19T17:52:46.492+0000] {processor.py:914} INFO - Processing file /opt/airflow/dags/Assignment5.py for tasks to queue
[2025-04-19T17:52:46.493+0000] {logging_mixin.py:190} INFO - [2025-04-19T17:52:46.493+0000] {dagbag.py:587} INFO - Filling up the DagBag from /opt/airflow/dags/Assignment5.py
[2025-04-19T17:52:46.501+0000] {processor.py:925} INFO - DAG(s) 'Stock_Alpha_Vantage' retrieved from /opt/airflow/dags/Assignment5.py
[2025-04-19T17:52:46.520+0000] {logging_mixin.py:190} INFO - [2025-04-19T17:52:46.519+0000] {dag.py:3229} INFO - Sync 1 DAGs
[2025-04-19T17:52:46.546+0000] {logging_mixin.py:190} INFO - [2025-04-19T17:52:46.545+0000] {dag.py:4156} INFO - Setting next_dagrun for Stock_Alpha_Vantage to 2025-04-18 02:00:00+00:00, run_after=2025-04-19 02:00:00+00:00
[2025-04-19T17:52:46.559+0000] {processor.py:208} INFO - Processing /opt/airflow/dags/Assignment5.py took 0.072 seconds
[2025-04-19T17:53:17.315+0000] {processor.py:186} INFO - Started process (PID=1533) to work on /opt/airflow/dags/Assignment5.py
[2025-04-19T17:53:17.316+0000] {processor.py:914} INFO - Processing file /opt/airflow/dags/Assignment5.py for tasks to queue
[2025-04-19T17:53:17.318+0000] {logging_mixin.py:190} INFO - [2025-04-19T17:53:17.318+0000] {dagbag.py:587} INFO - Filling up the DagBag from /opt/airflow/dags/Assignment5.py
[2025-04-19T17:53:17.339+0000] {processor.py:925} INFO - DAG(s) 'Stock_Alpha_Vantage' retrieved from /opt/airflow/dags/Assignment5.py
[2025-04-19T17:53:17.362+0000] {logging_mixin.py:190} INFO - [2025-04-19T17:53:17.361+0000] {dag.py:3229} INFO - Sync 1 DAGs
[2025-04-19T17:53:17.383+0000] {logging_mixin.py:190} INFO - [2025-04-19T17:53:17.382+0000] {dag.py:4156} INFO - Setting next_dagrun for Stock_Alpha_Vantage to 2025-04-18 02:00:00+00:00, run_after=2025-04-19 02:00:00+00:00
[2025-04-19T17:53:17.398+0000] {processor.py:208} INFO - Processing /opt/airflow/dags/Assignment5.py took 0.089 seconds
[2025-04-19T17:53:47.753+0000] {processor.py:186} INFO - Started process (PID=1591) to work on /opt/airflow/dags/Assignment5.py
[2025-04-19T17:53:47.753+0000] {processor.py:914} INFO - Processing file /opt/airflow/dags/Assignment5.py for tasks to queue
[2025-04-19T17:53:47.755+0000] {logging_mixin.py:190} INFO - [2025-04-19T17:53:47.755+0000] {dagbag.py:587} INFO - Filling up the DagBag from /opt/airflow/dags/Assignment5.py
[2025-04-19T17:53:47.763+0000] {processor.py:925} INFO - DAG(s) 'Stock_Alpha_Vantage' retrieved from /opt/airflow/dags/Assignment5.py
[2025-04-19T17:53:47.792+0000] {logging_mixin.py:190} INFO - [2025-04-19T17:53:47.792+0000] {dag.py:3229} INFO - Sync 1 DAGs
[2025-04-19T17:53:47.811+0000] {logging_mixin.py:190} INFO - [2025-04-19T17:53:47.811+0000] {dag.py:4156} INFO - Setting next_dagrun for Stock_Alpha_Vantage to 2025-04-18 02:00:00+00:00, run_after=2025-04-19 02:00:00+00:00
[2025-04-19T17:53:47.824+0000] {processor.py:208} INFO - Processing /opt/airflow/dags/Assignment5.py took 0.077 seconds
[2025-04-19T17:54:18.645+0000] {processor.py:186} INFO - Started process (PID=1649) to work on /opt/airflow/dags/Assignment5.py
[2025-04-19T17:54:18.646+0000] {processor.py:914} INFO - Processing file /opt/airflow/dags/Assignment5.py for tasks to queue
[2025-04-19T17:54:18.648+0000] {logging_mixin.py:190} INFO - [2025-04-19T17:54:18.647+0000] {dagbag.py:587} INFO - Filling up the DagBag from /opt/airflow/dags/Assignment5.py
[2025-04-19T17:54:18.661+0000] {processor.py:925} INFO - DAG(s) 'Stock_Alpha_Vantage' retrieved from /opt/airflow/dags/Assignment5.py
[2025-04-19T17:54:18.684+0000] {logging_mixin.py:190} INFO - [2025-04-19T17:54:18.683+0000] {dag.py:3229} INFO - Sync 1 DAGs
[2025-04-19T17:54:18.703+0000] {logging_mixin.py:190} INFO - [2025-04-19T17:54:18.703+0000] {dag.py:4156} INFO - Setting next_dagrun for Stock_Alpha_Vantage to 2025-04-18 02:00:00+00:00, run_after=2025-04-19 02:00:00+00:00
[2025-04-19T17:54:18.716+0000] {processor.py:208} INFO - Processing /opt/airflow/dags/Assignment5.py took 0.076 seconds
[2025-04-19T20:57:45.787+0000] {processor.py:186} INFO - Started process (PID=313) to work on /opt/airflow/dags/Assignment5.py
[2025-04-19T20:57:45.788+0000] {processor.py:914} INFO - Processing file /opt/airflow/dags/Assignment5.py for tasks to queue
[2025-04-19T20:57:45.789+0000] {logging_mixin.py:190} INFO - [2025-04-19T20:57:45.789+0000] {dagbag.py:587} INFO - Filling up the DagBag from /opt/airflow/dags/Assignment5.py
[2025-04-19T20:57:45.798+0000] {processor.py:925} INFO - DAG(s) 'Stock_Alpha_Vantage' retrieved from /opt/airflow/dags/Assignment5.py
[2025-04-19T20:57:45.823+0000] {logging_mixin.py:190} INFO - [2025-04-19T20:57:45.822+0000] {dag.py:3229} INFO - Sync 1 DAGs
[2025-04-19T20:57:45.843+0000] {logging_mixin.py:190} INFO - [2025-04-19T20:57:45.843+0000] {dag.py:4156} INFO - Setting next_dagrun for Stock_Alpha_Vantage to 2025-04-18 02:00:00+00:00, run_after=2025-04-19 02:00:00+00:00
[2025-04-19T20:57:45.855+0000] {processor.py:208} INFO - Processing /opt/airflow/dags/Assignment5.py took 0.077 seconds
[2025-04-19T20:58:16.110+0000] {processor.py:186} INFO - Started process (PID=377) to work on /opt/airflow/dags/Assignment5.py
[2025-04-19T20:58:16.111+0000] {processor.py:914} INFO - Processing file /opt/airflow/dags/Assignment5.py for tasks to queue
[2025-04-19T20:58:16.113+0000] {logging_mixin.py:190} INFO - [2025-04-19T20:58:16.113+0000] {dagbag.py:587} INFO - Filling up the DagBag from /opt/airflow/dags/Assignment5.py
[2025-04-19T20:58:16.125+0000] {processor.py:925} INFO - DAG(s) 'Stock_Alpha_Vantage' retrieved from /opt/airflow/dags/Assignment5.py
[2025-04-19T20:58:16.152+0000] {logging_mixin.py:190} INFO - [2025-04-19T20:58:16.151+0000] {dag.py:3229} INFO - Sync 1 DAGs
[2025-04-19T20:58:16.184+0000] {logging_mixin.py:190} INFO - [2025-04-19T20:58:16.184+0000] {dag.py:4156} INFO - Setting next_dagrun for Stock_Alpha_Vantage to 2025-04-18 02:00:00+00:00, run_after=2025-04-19 02:00:00+00:00
[2025-04-19T20:58:16.206+0000] {processor.py:208} INFO - Processing /opt/airflow/dags/Assignment5.py took 0.112 seconds
[2025-04-19T20:58:47.029+0000] {processor.py:186} INFO - Started process (PID=435) to work on /opt/airflow/dags/Assignment5.py
[2025-04-19T20:58:47.030+0000] {processor.py:914} INFO - Processing file /opt/airflow/dags/Assignment5.py for tasks to queue
[2025-04-19T20:58:47.032+0000] {logging_mixin.py:190} INFO - [2025-04-19T20:58:47.032+0000] {dagbag.py:587} INFO - Filling up the DagBag from /opt/airflow/dags/Assignment5.py
[2025-04-19T20:58:47.044+0000] {processor.py:925} INFO - DAG(s) 'Stock_Alpha_Vantage' retrieved from /opt/airflow/dags/Assignment5.py
[2025-04-19T20:58:47.066+0000] {logging_mixin.py:190} INFO - [2025-04-19T20:58:47.065+0000] {dag.py:3229} INFO - Sync 1 DAGs
[2025-04-19T20:58:47.083+0000] {logging_mixin.py:190} INFO - [2025-04-19T20:58:47.083+0000] {dag.py:4156} INFO - Setting next_dagrun for Stock_Alpha_Vantage to 2025-04-18 02:00:00+00:00, run_after=2025-04-19 02:00:00+00:00
[2025-04-19T20:58:47.097+0000] {processor.py:208} INFO - Processing /opt/airflow/dags/Assignment5.py took 0.072 seconds
[2025-04-19T20:59:17.779+0000] {processor.py:186} INFO - Started process (PID=494) to work on /opt/airflow/dags/Assignment5.py
[2025-04-19T20:59:17.782+0000] {processor.py:914} INFO - Processing file /opt/airflow/dags/Assignment5.py for tasks to queue
[2025-04-19T20:59:17.784+0000] {logging_mixin.py:190} INFO - [2025-04-19T20:59:17.784+0000] {dagbag.py:587} INFO - Filling up the DagBag from /opt/airflow/dags/Assignment5.py
[2025-04-19T20:59:17.796+0000] {processor.py:925} INFO - DAG(s) 'Stock_Alpha_Vantage' retrieved from /opt/airflow/dags/Assignment5.py
[2025-04-19T20:59:17.841+0000] {logging_mixin.py:190} INFO - [2025-04-19T20:59:17.840+0000] {dag.py:3229} INFO - Sync 1 DAGs
[2025-04-19T20:59:17.871+0000] {logging_mixin.py:190} INFO - [2025-04-19T20:59:17.871+0000] {dag.py:4156} INFO - Setting next_dagrun for Stock_Alpha_Vantage to 2025-04-18 02:00:00+00:00, run_after=2025-04-19 02:00:00+00:00
[2025-04-19T20:59:17.892+0000] {processor.py:208} INFO - Processing /opt/airflow/dags/Assignment5.py took 0.118 seconds
[2025-04-19T20:59:48.151+0000] {processor.py:186} INFO - Started process (PID=555) to work on /opt/airflow/dags/Assignment5.py
[2025-04-19T20:59:48.154+0000] {processor.py:914} INFO - Processing file /opt/airflow/dags/Assignment5.py for tasks to queue
[2025-04-19T20:59:48.157+0000] {logging_mixin.py:190} INFO - [2025-04-19T20:59:48.157+0000] {dagbag.py:587} INFO - Filling up the DagBag from /opt/airflow/dags/Assignment5.py
[2025-04-19T20:59:48.166+0000] {processor.py:925} INFO - DAG(s) 'Stock_Alpha_Vantage' retrieved from /opt/airflow/dags/Assignment5.py
[2025-04-19T20:59:48.185+0000] {logging_mixin.py:190} INFO - [2025-04-19T20:59:48.184+0000] {dag.py:3229} INFO - Sync 1 DAGs
[2025-04-19T20:59:48.201+0000] {logging_mixin.py:190} INFO - [2025-04-19T20:59:48.201+0000] {dag.py:4156} INFO - Setting next_dagrun for Stock_Alpha_Vantage to 2025-04-18 02:00:00+00:00, run_after=2025-04-19 02:00:00+00:00
[2025-04-19T20:59:48.213+0000] {processor.py:208} INFO - Processing /opt/airflow/dags/Assignment5.py took 0.067 seconds
[2025-04-19T21:00:19.128+0000] {processor.py:186} INFO - Started process (PID=613) to work on /opt/airflow/dags/Assignment5.py
[2025-04-19T21:00:19.129+0000] {processor.py:914} INFO - Processing file /opt/airflow/dags/Assignment5.py for tasks to queue
[2025-04-19T21:00:19.131+0000] {logging_mixin.py:190} INFO - [2025-04-19T21:00:19.131+0000] {dagbag.py:587} INFO - Filling up the DagBag from /opt/airflow/dags/Assignment5.py
[2025-04-19T21:00:19.143+0000] {processor.py:925} INFO - DAG(s) 'Stock_Alpha_Vantage' retrieved from /opt/airflow/dags/Assignment5.py
[2025-04-19T21:00:19.163+0000] {logging_mixin.py:190} INFO - [2025-04-19T21:00:19.163+0000] {dag.py:3229} INFO - Sync 1 DAGs
[2025-04-19T21:00:19.182+0000] {logging_mixin.py:190} INFO - [2025-04-19T21:00:19.182+0000] {dag.py:4156} INFO - Setting next_dagrun for Stock_Alpha_Vantage to 2025-04-18 02:00:00+00:00, run_after=2025-04-19 02:00:00+00:00
[2025-04-19T21:00:19.196+0000] {processor.py:208} INFO - Processing /opt/airflow/dags/Assignment5.py took 0.074 seconds
[2025-04-19T21:00:50.026+0000] {processor.py:186} INFO - Started process (PID=671) to work on /opt/airflow/dags/Assignment5.py
[2025-04-19T21:00:50.027+0000] {processor.py:914} INFO - Processing file /opt/airflow/dags/Assignment5.py for tasks to queue
[2025-04-19T21:00:50.029+0000] {logging_mixin.py:190} INFO - [2025-04-19T21:00:50.029+0000] {dagbag.py:587} INFO - Filling up the DagBag from /opt/airflow/dags/Assignment5.py
[2025-04-19T21:00:50.041+0000] {processor.py:925} INFO - DAG(s) 'Stock_Alpha_Vantage' retrieved from /opt/airflow/dags/Assignment5.py
[2025-04-19T21:00:50.062+0000] {logging_mixin.py:190} INFO - [2025-04-19T21:00:50.061+0000] {dag.py:3229} INFO - Sync 1 DAGs
[2025-04-19T21:00:50.080+0000] {logging_mixin.py:190} INFO - [2025-04-19T21:00:50.079+0000] {dag.py:4156} INFO - Setting next_dagrun for Stock_Alpha_Vantage to 2025-04-18 02:00:00+00:00, run_after=2025-04-19 02:00:00+00:00
[2025-04-19T21:00:50.092+0000] {processor.py:208} INFO - Processing /opt/airflow/dags/Assignment5.py took 0.071 seconds
[2025-04-19T21:01:21.002+0000] {processor.py:186} INFO - Started process (PID=729) to work on /opt/airflow/dags/Assignment5.py
[2025-04-19T21:01:21.003+0000] {processor.py:914} INFO - Processing file /opt/airflow/dags/Assignment5.py for tasks to queue
[2025-04-19T21:01:21.005+0000] {logging_mixin.py:190} INFO - [2025-04-19T21:01:21.004+0000] {dagbag.py:587} INFO - Filling up the DagBag from /opt/airflow/dags/Assignment5.py
[2025-04-19T21:01:21.013+0000] {processor.py:925} INFO - DAG(s) 'Stock_Alpha_Vantage' retrieved from /opt/airflow/dags/Assignment5.py
[2025-04-19T21:01:21.034+0000] {logging_mixin.py:190} INFO - [2025-04-19T21:01:21.033+0000] {dag.py:3229} INFO - Sync 1 DAGs
[2025-04-19T21:01:21.052+0000] {logging_mixin.py:190} INFO - [2025-04-19T21:01:21.051+0000] {dag.py:4156} INFO - Setting next_dagrun for Stock_Alpha_Vantage to 2025-04-18 02:00:00+00:00, run_after=2025-04-19 02:00:00+00:00
[2025-04-19T21:01:21.065+0000] {processor.py:208} INFO - Processing /opt/airflow/dags/Assignment5.py took 0.068 seconds
[2025-04-19T21:01:52.205+0000] {processor.py:186} INFO - Started process (PID=787) to work on /opt/airflow/dags/Assignment5.py
[2025-04-19T21:01:52.205+0000] {processor.py:914} INFO - Processing file /opt/airflow/dags/Assignment5.py for tasks to queue
[2025-04-19T21:01:52.207+0000] {logging_mixin.py:190} INFO - [2025-04-19T21:01:52.207+0000] {dagbag.py:587} INFO - Filling up the DagBag from /opt/airflow/dags/Assignment5.py
[2025-04-19T21:01:52.216+0000] {processor.py:925} INFO - DAG(s) 'Stock_Alpha_Vantage' retrieved from /opt/airflow/dags/Assignment5.py
[2025-04-19T21:01:52.235+0000] {logging_mixin.py:190} INFO - [2025-04-19T21:01:52.235+0000] {dag.py:3229} INFO - Sync 1 DAGs
[2025-04-19T21:01:52.252+0000] {logging_mixin.py:190} INFO - [2025-04-19T21:01:52.252+0000] {dag.py:4156} INFO - Setting next_dagrun for Stock_Alpha_Vantage to 2025-04-18 02:00:00+00:00, run_after=2025-04-19 02:00:00+00:00
[2025-04-19T21:01:52.263+0000] {processor.py:208} INFO - Processing /opt/airflow/dags/Assignment5.py took 0.063 seconds
[2025-04-19T21:02:22.322+0000] {processor.py:186} INFO - Started process (PID=834) to work on /opt/airflow/dags/Assignment5.py
[2025-04-19T21:02:22.323+0000] {processor.py:914} INFO - Processing file /opt/airflow/dags/Assignment5.py for tasks to queue
[2025-04-19T21:02:22.324+0000] {logging_mixin.py:190} INFO - [2025-04-19T21:02:22.324+0000] {dagbag.py:587} INFO - Filling up the DagBag from /opt/airflow/dags/Assignment5.py
[2025-04-19T21:02:22.333+0000] {processor.py:925} INFO - DAG(s) 'Stock_Alpha_Vantage' retrieved from /opt/airflow/dags/Assignment5.py
[2025-04-19T21:02:22.360+0000] {logging_mixin.py:190} INFO - [2025-04-19T21:02:22.359+0000] {dag.py:3229} INFO - Sync 1 DAGs
[2025-04-19T21:02:22.381+0000] {logging_mixin.py:190} INFO - [2025-04-19T21:02:22.381+0000] {dag.py:4156} INFO - Setting next_dagrun for Stock_Alpha_Vantage to 2025-04-18 02:00:00+00:00, run_after=2025-04-19 02:00:00+00:00
[2025-04-19T21:02:22.399+0000] {processor.py:208} INFO - Processing /opt/airflow/dags/Assignment5.py took 0.081 seconds
[2025-04-19T21:02:52.467+0000] {processor.py:186} INFO - Started process (PID=887) to work on /opt/airflow/dags/Assignment5.py
[2025-04-19T21:02:52.468+0000] {processor.py:914} INFO - Processing file /opt/airflow/dags/Assignment5.py for tasks to queue
[2025-04-19T21:02:52.472+0000] {logging_mixin.py:190} INFO - [2025-04-19T21:02:52.472+0000] {dagbag.py:587} INFO - Filling up the DagBag from /opt/airflow/dags/Assignment5.py
[2025-04-19T21:02:52.487+0000] {processor.py:925} INFO - DAG(s) 'Stock_Alpha_Vantage' retrieved from /opt/airflow/dags/Assignment5.py
[2025-04-19T21:02:52.509+0000] {logging_mixin.py:190} INFO - [2025-04-19T21:02:52.508+0000] {dag.py:3229} INFO - Sync 1 DAGs
[2025-04-19T21:02:52.527+0000] {logging_mixin.py:190} INFO - [2025-04-19T21:02:52.527+0000] {dag.py:4156} INFO - Setting next_dagrun for Stock_Alpha_Vantage to 2025-04-18 02:00:00+00:00, run_after=2025-04-19 02:00:00+00:00
[2025-04-19T21:02:52.541+0000] {processor.py:208} INFO - Processing /opt/airflow/dags/Assignment5.py took 0.081 seconds
[2025-04-19T21:03:23.576+0000] {processor.py:186} INFO - Started process (PID=950) to work on /opt/airflow/dags/Assignment5.py
[2025-04-19T21:03:23.576+0000] {processor.py:914} INFO - Processing file /opt/airflow/dags/Assignment5.py for tasks to queue
[2025-04-19T21:03:23.578+0000] {logging_mixin.py:190} INFO - [2025-04-19T21:03:23.578+0000] {dagbag.py:587} INFO - Filling up the DagBag from /opt/airflow/dags/Assignment5.py
[2025-04-19T21:03:23.587+0000] {processor.py:925} INFO - DAG(s) 'Stock_Alpha_Vantage' retrieved from /opt/airflow/dags/Assignment5.py
[2025-04-19T21:03:23.607+0000] {logging_mixin.py:190} INFO - [2025-04-19T21:03:23.607+0000] {dag.py:3229} INFO - Sync 1 DAGs
[2025-04-19T21:03:23.629+0000] {logging_mixin.py:190} INFO - [2025-04-19T21:03:23.629+0000] {dag.py:4156} INFO - Setting next_dagrun for Stock_Alpha_Vantage to 2025-04-18 02:00:00+00:00, run_after=2025-04-19 02:00:00+00:00
[2025-04-19T21:03:23.644+0000] {processor.py:208} INFO - Processing /opt/airflow/dags/Assignment5.py took 0.073 seconds
[2025-04-19T21:03:54.647+0000] {processor.py:186} INFO - Started process (PID=1008) to work on /opt/airflow/dags/Assignment5.py
[2025-04-19T21:03:54.652+0000] {processor.py:914} INFO - Processing file /opt/airflow/dags/Assignment5.py for tasks to queue
[2025-04-19T21:03:54.665+0000] {logging_mixin.py:190} INFO - [2025-04-19T21:03:54.664+0000] {dagbag.py:587} INFO - Filling up the DagBag from /opt/airflow/dags/Assignment5.py
[2025-04-19T21:03:54.770+0000] {processor.py:925} INFO - DAG(s) 'Stock_Alpha_Vantage' retrieved from /opt/airflow/dags/Assignment5.py
[2025-04-19T21:03:54.880+0000] {logging_mixin.py:190} INFO - [2025-04-19T21:03:54.879+0000] {dag.py:3229} INFO - Sync 1 DAGs
[2025-04-19T21:03:54.945+0000] {logging_mixin.py:190} INFO - [2025-04-19T21:03:54.945+0000] {dag.py:4156} INFO - Setting next_dagrun for Stock_Alpha_Vantage to 2025-04-18 02:00:00+00:00, run_after=2025-04-19 02:00:00+00:00
[2025-04-19T21:03:54.984+0000] {processor.py:208} INFO - Processing /opt/airflow/dags/Assignment5.py took 0.371 seconds
[2025-04-19T21:04:25.118+0000] {processor.py:186} INFO - Started process (PID=1066) to work on /opt/airflow/dags/Assignment5.py
[2025-04-19T21:04:25.119+0000] {processor.py:914} INFO - Processing file /opt/airflow/dags/Assignment5.py for tasks to queue
[2025-04-19T21:04:25.120+0000] {logging_mixin.py:190} INFO - [2025-04-19T21:04:25.120+0000] {dagbag.py:587} INFO - Filling up the DagBag from /opt/airflow/dags/Assignment5.py
[2025-04-19T21:04:25.129+0000] {processor.py:925} INFO - DAG(s) 'Stock_Alpha_Vantage' retrieved from /opt/airflow/dags/Assignment5.py
[2025-04-19T21:04:25.149+0000] {logging_mixin.py:190} INFO - [2025-04-19T21:04:25.149+0000] {dag.py:3229} INFO - Sync 1 DAGs
[2025-04-19T21:04:25.168+0000] {logging_mixin.py:190} INFO - [2025-04-19T21:04:25.167+0000] {dag.py:4156} INFO - Setting next_dagrun for Stock_Alpha_Vantage to 2025-04-18 02:00:00+00:00, run_after=2025-04-19 02:00:00+00:00
[2025-04-19T21:04:25.179+0000] {processor.py:208} INFO - Processing /opt/airflow/dags/Assignment5.py took 0.066 seconds
[2025-04-19T21:04:56.108+0000] {processor.py:186} INFO - Started process (PID=1124) to work on /opt/airflow/dags/Assignment5.py
[2025-04-19T21:04:56.109+0000] {processor.py:914} INFO - Processing file /opt/airflow/dags/Assignment5.py for tasks to queue
[2025-04-19T21:04:56.111+0000] {logging_mixin.py:190} INFO - [2025-04-19T21:04:56.111+0000] {dagbag.py:587} INFO - Filling up the DagBag from /opt/airflow/dags/Assignment5.py
[2025-04-19T21:04:56.121+0000] {processor.py:925} INFO - DAG(s) 'Stock_Alpha_Vantage' retrieved from /opt/airflow/dags/Assignment5.py
[2025-04-19T21:04:56.144+0000] {logging_mixin.py:190} INFO - [2025-04-19T21:04:56.143+0000] {dag.py:3229} INFO - Sync 1 DAGs
[2025-04-19T21:04:56.167+0000] {logging_mixin.py:190} INFO - [2025-04-19T21:04:56.166+0000] {dag.py:4156} INFO - Setting next_dagrun for Stock_Alpha_Vantage to 2025-04-18 02:00:00+00:00, run_after=2025-04-19 02:00:00+00:00
[2025-04-19T21:04:56.182+0000] {processor.py:208} INFO - Processing /opt/airflow/dags/Assignment5.py took 0.079 seconds
