[2025-04-19T17:41:32.205+0000] {processor.py:186} INFO - Started process (PID=206) to work on /opt/airflow/dags/build_pinecone_search.py
[2025-04-19T17:41:32.206+0000] {processor.py:914} INFO - Processing file /opt/airflow/dags/build_pinecone_search.py for tasks to queue
[2025-04-19T17:41:32.211+0000] {logging_mixin.py:190} INFO - [2025-04-19T17:41:32.211+0000] {dagbag.py:587} INFO - Filling up the DagBag from /opt/airflow/dags/build_pinecone_search.py
[2025-04-19T17:41:39.296+0000] {logging_mixin.py:190} INFO - {{ task_instance.xcom_pull(task_ids='preprocess_data', dag_id='Medium_to_Pinecone', key='return_value') }}
[2025-04-19T17:41:39.304+0000] {processor.py:925} INFO - DAG(s) 'Medium_to_Pinecone' retrieved from /opt/airflow/dags/build_pinecone_search.py
[2025-04-19T17:41:39.338+0000] {logging_mixin.py:190} INFO - [2025-04-19T17:41:39.338+0000] {dag.py:3229} INFO - Sync 1 DAGs
[2025-04-19T17:41:39.360+0000] {logging_mixin.py:190} INFO - [2025-04-19T17:41:39.360+0000] {dag.py:4156} INFO - Setting next_dagrun for Medium_to_Pinecone to 2025-04-10 00:00:00+00:00, run_after=2025-04-17 00:00:00+00:00
[2025-04-19T17:41:39.380+0000] {processor.py:208} INFO - Processing /opt/airflow/dags/build_pinecone_search.py took 7.182 seconds
[2025-04-19T17:42:09.504+0000] {processor.py:186} INFO - Started process (PID=320) to work on /opt/airflow/dags/build_pinecone_search.py
[2025-04-19T17:42:09.506+0000] {processor.py:914} INFO - Processing file /opt/airflow/dags/build_pinecone_search.py for tasks to queue
[2025-04-19T17:42:09.510+0000] {logging_mixin.py:190} INFO - [2025-04-19T17:42:09.510+0000] {dagbag.py:587} INFO - Filling up the DagBag from /opt/airflow/dags/build_pinecone_search.py
[2025-04-19T17:42:15.180+0000] {logging_mixin.py:190} INFO - {{ task_instance.xcom_pull(task_ids='preprocess_data', dag_id='Medium_to_Pinecone', key='return_value') }}
[2025-04-19T17:42:15.183+0000] {processor.py:925} INFO - DAG(s) 'Medium_to_Pinecone' retrieved from /opt/airflow/dags/build_pinecone_search.py
[2025-04-19T17:42:15.208+0000] {logging_mixin.py:190} INFO - [2025-04-19T17:42:15.207+0000] {dag.py:3229} INFO - Sync 1 DAGs
[2025-04-19T17:42:15.225+0000] {logging_mixin.py:190} INFO - [2025-04-19T17:42:15.225+0000] {dag.py:4156} INFO - Setting next_dagrun for Medium_to_Pinecone to 2025-04-10 00:00:00+00:00, run_after=2025-04-17 00:00:00+00:00
[2025-04-19T17:42:15.237+0000] {processor.py:208} INFO - Processing /opt/airflow/dags/build_pinecone_search.py took 5.747 seconds
[2025-04-19T17:42:45.460+0000] {processor.py:186} INFO - Started process (PID=385) to work on /opt/airflow/dags/build_pinecone_search.py
[2025-04-19T17:42:45.461+0000] {processor.py:914} INFO - Processing file /opt/airflow/dags/build_pinecone_search.py for tasks to queue
[2025-04-19T17:42:45.467+0000] {logging_mixin.py:190} INFO - [2025-04-19T17:42:45.466+0000] {dagbag.py:587} INFO - Filling up the DagBag from /opt/airflow/dags/build_pinecone_search.py
[2025-04-19T17:42:49.231+0000] {logging_mixin.py:190} INFO - {{ task_instance.xcom_pull(task_ids='preprocess_data', dag_id='Medium_to_Pinecone', key='return_value') }}
[2025-04-19T17:42:49.235+0000] {processor.py:925} INFO - DAG(s) 'Medium_to_Pinecone' retrieved from /opt/airflow/dags/build_pinecone_search.py
[2025-04-19T17:42:49.258+0000] {logging_mixin.py:190} INFO - [2025-04-19T17:42:49.257+0000] {dag.py:3229} INFO - Sync 1 DAGs
[2025-04-19T17:42:49.278+0000] {logging_mixin.py:190} INFO - [2025-04-19T17:42:49.278+0000] {dag.py:4156} INFO - Setting next_dagrun for Medium_to_Pinecone to 2025-04-10 00:00:00+00:00, run_after=2025-04-17 00:00:00+00:00
[2025-04-19T17:42:49.289+0000] {processor.py:208} INFO - Processing /opt/airflow/dags/build_pinecone_search.py took 3.844 seconds
[2025-04-19T17:43:20.271+0000] {processor.py:186} INFO - Started process (PID=443) to work on /opt/airflow/dags/build_pinecone_search.py
[2025-04-19T17:43:20.273+0000] {processor.py:914} INFO - Processing file /opt/airflow/dags/build_pinecone_search.py for tasks to queue
[2025-04-19T17:43:20.278+0000] {logging_mixin.py:190} INFO - [2025-04-19T17:43:20.277+0000] {dagbag.py:587} INFO - Filling up the DagBag from /opt/airflow/dags/build_pinecone_search.py
[2025-04-19T17:43:23.968+0000] {logging_mixin.py:190} INFO - {{ task_instance.xcom_pull(task_ids='preprocess_data', dag_id='Medium_to_Pinecone', key='return_value') }}
[2025-04-19T17:43:23.972+0000] {processor.py:925} INFO - DAG(s) 'Medium_to_Pinecone' retrieved from /opt/airflow/dags/build_pinecone_search.py
[2025-04-19T17:43:23.995+0000] {logging_mixin.py:190} INFO - [2025-04-19T17:43:23.994+0000] {dag.py:3229} INFO - Sync 1 DAGs
[2025-04-19T17:43:24.011+0000] {logging_mixin.py:190} INFO - [2025-04-19T17:43:24.011+0000] {dag.py:4156} INFO - Setting next_dagrun for Medium_to_Pinecone to 2025-04-10 00:00:00+00:00, run_after=2025-04-17 00:00:00+00:00
[2025-04-19T17:43:24.023+0000] {processor.py:208} INFO - Processing /opt/airflow/dags/build_pinecone_search.py took 3.770 seconds
[2025-04-19T17:43:55.048+0000] {processor.py:186} INFO - Started process (PID=501) to work on /opt/airflow/dags/build_pinecone_search.py
[2025-04-19T17:43:55.050+0000] {processor.py:914} INFO - Processing file /opt/airflow/dags/build_pinecone_search.py for tasks to queue
[2025-04-19T17:43:55.052+0000] {logging_mixin.py:190} INFO - [2025-04-19T17:43:55.052+0000] {dagbag.py:587} INFO - Filling up the DagBag from /opt/airflow/dags/build_pinecone_search.py
[2025-04-19T17:43:58.756+0000] {logging_mixin.py:190} INFO - {{ task_instance.xcom_pull(task_ids='preprocess_data', dag_id='Medium_to_Pinecone', key='return_value') }}
[2025-04-19T17:43:58.759+0000] {processor.py:925} INFO - DAG(s) 'Medium_to_Pinecone' retrieved from /opt/airflow/dags/build_pinecone_search.py
[2025-04-19T17:43:58.785+0000] {logging_mixin.py:190} INFO - [2025-04-19T17:43:58.784+0000] {dag.py:3229} INFO - Sync 1 DAGs
[2025-04-19T17:43:58.800+0000] {logging_mixin.py:190} INFO - [2025-04-19T17:43:58.800+0000] {dag.py:4156} INFO - Setting next_dagrun for Medium_to_Pinecone to 2025-04-10 00:00:00+00:00, run_after=2025-04-17 00:00:00+00:00
[2025-04-19T17:43:58.811+0000] {processor.py:208} INFO - Processing /opt/airflow/dags/build_pinecone_search.py took 3.770 seconds
[2025-04-19T17:44:29.748+0000] {processor.py:186} INFO - Started process (PID=559) to work on /opt/airflow/dags/build_pinecone_search.py
[2025-04-19T17:44:29.750+0000] {processor.py:914} INFO - Processing file /opt/airflow/dags/build_pinecone_search.py for tasks to queue
[2025-04-19T17:44:29.753+0000] {logging_mixin.py:190} INFO - [2025-04-19T17:44:29.752+0000] {dagbag.py:587} INFO - Filling up the DagBag from /opt/airflow/dags/build_pinecone_search.py
[2025-04-19T17:44:33.289+0000] {logging_mixin.py:190} INFO - {{ task_instance.xcom_pull(task_ids='preprocess_data', dag_id='Medium_to_Pinecone', key='return_value') }}
[2025-04-19T17:44:33.292+0000] {processor.py:925} INFO - DAG(s) 'Medium_to_Pinecone' retrieved from /opt/airflow/dags/build_pinecone_search.py
[2025-04-19T17:44:33.313+0000] {logging_mixin.py:190} INFO - [2025-04-19T17:44:33.312+0000] {dag.py:3229} INFO - Sync 1 DAGs
[2025-04-19T17:44:33.333+0000] {logging_mixin.py:190} INFO - [2025-04-19T17:44:33.333+0000] {dag.py:4156} INFO - Setting next_dagrun for Medium_to_Pinecone to 2025-04-10 00:00:00+00:00, run_after=2025-04-17 00:00:00+00:00
[2025-04-19T17:44:33.344+0000] {processor.py:208} INFO - Processing /opt/airflow/dags/build_pinecone_search.py took 3.605 seconds
[2025-04-19T17:45:04.270+0000] {processor.py:186} INFO - Started process (PID=617) to work on /opt/airflow/dags/build_pinecone_search.py
[2025-04-19T17:45:04.272+0000] {processor.py:914} INFO - Processing file /opt/airflow/dags/build_pinecone_search.py for tasks to queue
[2025-04-19T17:45:04.275+0000] {logging_mixin.py:190} INFO - [2025-04-19T17:45:04.274+0000] {dagbag.py:587} INFO - Filling up the DagBag from /opt/airflow/dags/build_pinecone_search.py
[2025-04-19T17:45:07.953+0000] {logging_mixin.py:190} INFO - {{ task_instance.xcom_pull(task_ids='preprocess_data', dag_id='Medium_to_Pinecone', key='return_value') }}
[2025-04-19T17:45:07.955+0000] {processor.py:925} INFO - DAG(s) 'Medium_to_Pinecone' retrieved from /opt/airflow/dags/build_pinecone_search.py
[2025-04-19T17:45:07.986+0000] {logging_mixin.py:190} INFO - [2025-04-19T17:45:07.986+0000] {dag.py:3229} INFO - Sync 1 DAGs
[2025-04-19T17:45:08.010+0000] {logging_mixin.py:190} INFO - [2025-04-19T17:45:08.009+0000] {dag.py:4156} INFO - Setting next_dagrun for Medium_to_Pinecone to 2025-04-10 00:00:00+00:00, run_after=2025-04-17 00:00:00+00:00
[2025-04-19T17:45:08.025+0000] {processor.py:208} INFO - Processing /opt/airflow/dags/build_pinecone_search.py took 3.764 seconds
[2025-04-19T17:45:38.090+0000] {processor.py:186} INFO - Started process (PID=693) to work on /opt/airflow/dags/build_pinecone_search.py
[2025-04-19T17:45:38.091+0000] {processor.py:914} INFO - Processing file /opt/airflow/dags/build_pinecone_search.py for tasks to queue
[2025-04-19T17:45:38.093+0000] {logging_mixin.py:190} INFO - [2025-04-19T17:45:38.092+0000] {dagbag.py:587} INFO - Filling up the DagBag from /opt/airflow/dags/build_pinecone_search.py
[2025-04-19T17:45:41.732+0000] {logging_mixin.py:190} INFO - {{ task_instance.xcom_pull(task_ids='preprocess_data', dag_id='Medium_to_Pinecone', key='return_value') }}
[2025-04-19T17:45:41.735+0000] {processor.py:925} INFO - DAG(s) 'Medium_to_Pinecone' retrieved from /opt/airflow/dags/build_pinecone_search.py
[2025-04-19T17:45:41.760+0000] {logging_mixin.py:190} INFO - [2025-04-19T17:45:41.760+0000] {dag.py:3229} INFO - Sync 1 DAGs
[2025-04-19T17:45:41.778+0000] {logging_mixin.py:190} INFO - [2025-04-19T17:45:41.778+0000] {dag.py:4156} INFO - Setting next_dagrun for Medium_to_Pinecone to 2025-04-10 00:00:00+00:00, run_after=2025-04-17 00:00:00+00:00
[2025-04-19T17:45:41.790+0000] {processor.py:208} INFO - Processing /opt/airflow/dags/build_pinecone_search.py took 3.705 seconds
[2025-04-19T17:46:12.628+0000] {processor.py:186} INFO - Started process (PID=779) to work on /opt/airflow/dags/build_pinecone_search.py
[2025-04-19T17:46:12.629+0000] {processor.py:914} INFO - Processing file /opt/airflow/dags/build_pinecone_search.py for tasks to queue
[2025-04-19T17:46:12.631+0000] {logging_mixin.py:190} INFO - [2025-04-19T17:46:12.631+0000] {dagbag.py:587} INFO - Filling up the DagBag from /opt/airflow/dags/build_pinecone_search.py
[2025-04-19T17:46:32.184+0000] {logging_mixin.py:190} INFO - {{ task_instance.xcom_pull(task_ids='preprocess_data', dag_id='Medium_to_Pinecone', key='return_value') }}
[2025-04-19T17:46:32.187+0000] {processor.py:925} INFO - DAG(s) 'Medium_to_Pinecone' retrieved from /opt/airflow/dags/build_pinecone_search.py
[2025-04-19T17:46:32.210+0000] {logging_mixin.py:190} INFO - [2025-04-19T17:46:32.210+0000] {dag.py:3229} INFO - Sync 1 DAGs
[2025-04-19T17:46:32.225+0000] {logging_mixin.py:190} INFO - [2025-04-19T17:46:32.225+0000] {dag.py:4156} INFO - Setting next_dagrun for Medium_to_Pinecone to 2025-04-10 00:00:00+00:00, run_after=2025-04-17 00:00:00+00:00
[2025-04-19T17:46:32.235+0000] {processor.py:208} INFO - Processing /opt/airflow/dags/build_pinecone_search.py took 3.545 seconds
[2025-04-19T17:47:03.052+0000] {processor.py:186} INFO - Started process (PID=837) to work on /opt/airflow/dags/build_pinecone_search.py
[2025-04-19T17:47:03.053+0000] {processor.py:914} INFO - Processing file /opt/airflow/dags/build_pinecone_search.py for tasks to queue
[2025-04-19T17:47:03.057+0000] {logging_mixin.py:190} INFO - [2025-04-19T17:47:03.056+0000] {dagbag.py:587} INFO - Filling up the DagBag from /opt/airflow/dags/build_pinecone_search.py
[2025-04-19T17:47:06.608+0000] {logging_mixin.py:190} INFO - {{ task_instance.xcom_pull(task_ids='preprocess_data', dag_id='Medium_to_Pinecone', key='return_value') }}
[2025-04-19T17:47:06.611+0000] {processor.py:925} INFO - DAG(s) 'Medium_to_Pinecone' retrieved from /opt/airflow/dags/build_pinecone_search.py
[2025-04-19T17:47:06.632+0000] {logging_mixin.py:190} INFO - [2025-04-19T17:47:06.631+0000] {dag.py:3229} INFO - Sync 1 DAGs
[2025-04-19T17:47:06.647+0000] {logging_mixin.py:190} INFO - [2025-04-19T17:47:06.647+0000] {dag.py:4156} INFO - Setting next_dagrun for Medium_to_Pinecone to 2025-04-10 00:00:00+00:00, run_after=2025-04-17 00:00:00+00:00
[2025-04-19T17:47:06.659+0000] {processor.py:208} INFO - Processing /opt/airflow/dags/build_pinecone_search.py took 3.613 seconds
[2025-04-19T17:47:37.584+0000] {processor.py:186} INFO - Started process (PID=895) to work on /opt/airflow/dags/build_pinecone_search.py
[2025-04-19T17:47:37.585+0000] {processor.py:914} INFO - Processing file /opt/airflow/dags/build_pinecone_search.py for tasks to queue
[2025-04-19T17:47:37.587+0000] {logging_mixin.py:190} INFO - [2025-04-19T17:47:37.587+0000] {dagbag.py:587} INFO - Filling up the DagBag from /opt/airflow/dags/build_pinecone_search.py
[2025-04-19T17:47:41.019+0000] {logging_mixin.py:190} INFO - {{ task_instance.xcom_pull(task_ids='preprocess_data', dag_id='Medium_to_Pinecone', key='return_value') }}
[2025-04-19T17:47:41.021+0000] {processor.py:925} INFO - DAG(s) 'Medium_to_Pinecone' retrieved from /opt/airflow/dags/build_pinecone_search.py
[2025-04-19T17:47:41.037+0000] {logging_mixin.py:190} INFO - [2025-04-19T17:47:41.036+0000] {dag.py:3229} INFO - Sync 1 DAGs
[2025-04-19T17:47:41.051+0000] {logging_mixin.py:190} INFO - [2025-04-19T17:47:41.051+0000] {dag.py:4156} INFO - Setting next_dagrun for Medium_to_Pinecone to 2025-04-10 00:00:00+00:00, run_after=2025-04-17 00:00:00+00:00
[2025-04-19T17:47:41.061+0000] {processor.py:208} INFO - Processing /opt/airflow/dags/build_pinecone_search.py took 3.483 seconds
[2025-04-19T17:48:11.625+0000] {processor.py:186} INFO - Started process (PID=992) to work on /opt/airflow/dags/build_pinecone_search.py
[2025-04-19T17:48:11.626+0000] {processor.py:914} INFO - Processing file /opt/airflow/dags/build_pinecone_search.py for tasks to queue
[2025-04-19T17:48:11.629+0000] {logging_mixin.py:190} INFO - [2025-04-19T17:48:11.629+0000] {dagbag.py:587} INFO - Filling up the DagBag from /opt/airflow/dags/build_pinecone_search.py
[2025-04-19T17:48:15.933+0000] {logging_mixin.py:190} INFO - {{ task_instance.xcom_pull(task_ids='preprocess_data', dag_id='Medium_to_Pinecone', key='return_value') }}
[2025-04-19T17:48:15.938+0000] {processor.py:925} INFO - DAG(s) 'Medium_to_Pinecone' retrieved from /opt/airflow/dags/build_pinecone_search.py
[2025-04-19T17:48:15.967+0000] {logging_mixin.py:190} INFO - [2025-04-19T17:48:15.967+0000] {dag.py:3229} INFO - Sync 1 DAGs
[2025-04-19T17:48:15.986+0000] {logging_mixin.py:190} INFO - [2025-04-19T17:48:15.986+0000] {dag.py:4156} INFO - Setting next_dagrun for Medium_to_Pinecone to 2025-04-10 00:00:00+00:00, run_after=2025-04-17 00:00:00+00:00
[2025-04-19T17:48:15.998+0000] {processor.py:208} INFO - Processing /opt/airflow/dags/build_pinecone_search.py took 4.381 seconds
[2025-04-19T17:48:47.012+0000] {processor.py:186} INFO - Started process (PID=1050) to work on /opt/airflow/dags/build_pinecone_search.py
[2025-04-19T17:48:47.014+0000] {processor.py:914} INFO - Processing file /opt/airflow/dags/build_pinecone_search.py for tasks to queue
[2025-04-19T17:48:47.035+0000] {logging_mixin.py:190} INFO - [2025-04-19T17:48:47.032+0000] {dagbag.py:587} INFO - Filling up the DagBag from /opt/airflow/dags/build_pinecone_search.py
[2025-04-19T17:48:51.456+0000] {logging_mixin.py:190} INFO - {{ task_instance.xcom_pull(task_ids='preprocess_data', dag_id='Medium_to_Pinecone', key='return_value') }}
[2025-04-19T17:48:51.459+0000] {processor.py:925} INFO - DAG(s) 'Medium_to_Pinecone' retrieved from /opt/airflow/dags/build_pinecone_search.py
[2025-04-19T17:48:51.492+0000] {logging_mixin.py:190} INFO - [2025-04-19T17:48:51.491+0000] {dag.py:3229} INFO - Sync 1 DAGs
[2025-04-19T17:48:51.512+0000] {logging_mixin.py:190} INFO - [2025-04-19T17:48:51.512+0000] {dag.py:4156} INFO - Setting next_dagrun for Medium_to_Pinecone to 2025-04-10 00:00:00+00:00, run_after=2025-04-17 00:00:00+00:00
[2025-04-19T17:48:51.524+0000] {processor.py:208} INFO - Processing /opt/airflow/dags/build_pinecone_search.py took 4.524 seconds
[2025-04-19T17:49:22.611+0000] {processor.py:186} INFO - Started process (PID=1108) to work on /opt/airflow/dags/build_pinecone_search.py
[2025-04-19T17:49:22.616+0000] {processor.py:914} INFO - Processing file /opt/airflow/dags/build_pinecone_search.py for tasks to queue
[2025-04-19T17:49:22.621+0000] {logging_mixin.py:190} INFO - [2025-04-19T17:49:22.620+0000] {dagbag.py:587} INFO - Filling up the DagBag from /opt/airflow/dags/build_pinecone_search.py
[2025-04-19T17:49:26.225+0000] {logging_mixin.py:190} INFO - {{ task_instance.xcom_pull(task_ids='preprocess_data', dag_id='Medium_to_Pinecone', key='return_value') }}
[2025-04-19T17:49:26.228+0000] {processor.py:925} INFO - DAG(s) 'Medium_to_Pinecone' retrieved from /opt/airflow/dags/build_pinecone_search.py
[2025-04-19T17:49:26.253+0000] {logging_mixin.py:190} INFO - [2025-04-19T17:49:26.252+0000] {dag.py:3229} INFO - Sync 1 DAGs
[2025-04-19T17:49:26.268+0000] {logging_mixin.py:190} INFO - [2025-04-19T17:49:26.268+0000] {dag.py:4156} INFO - Setting next_dagrun for Medium_to_Pinecone to 2025-04-10 00:00:00+00:00, run_after=2025-04-17 00:00:00+00:00
[2025-04-19T17:49:26.279+0000] {processor.py:208} INFO - Processing /opt/airflow/dags/build_pinecone_search.py took 3.678 seconds
[2025-04-19T17:49:57.198+0000] {processor.py:186} INFO - Started process (PID=1166) to work on /opt/airflow/dags/build_pinecone_search.py
[2025-04-19T17:49:57.199+0000] {processor.py:914} INFO - Processing file /opt/airflow/dags/build_pinecone_search.py for tasks to queue
[2025-04-19T17:49:57.200+0000] {logging_mixin.py:190} INFO - [2025-04-19T17:49:57.200+0000] {dagbag.py:587} INFO - Filling up the DagBag from /opt/airflow/dags/build_pinecone_search.py
[2025-04-19T17:50:00.825+0000] {logging_mixin.py:190} INFO - {{ task_instance.xcom_pull(task_ids='preprocess_data', dag_id='Medium_to_Pinecone', key='return_value') }}
[2025-04-19T17:50:00.828+0000] {processor.py:925} INFO - DAG(s) 'Medium_to_Pinecone' retrieved from /opt/airflow/dags/build_pinecone_search.py
[2025-04-19T17:50:00.848+0000] {logging_mixin.py:190} INFO - [2025-04-19T17:50:00.847+0000] {dag.py:3229} INFO - Sync 1 DAGs
[2025-04-19T17:50:00.863+0000] {logging_mixin.py:190} INFO - [2025-04-19T17:50:00.863+0000] {dag.py:4156} INFO - Setting next_dagrun for Medium_to_Pinecone to 2025-04-10 00:00:00+00:00, run_after=2025-04-17 00:00:00+00:00
[2025-04-19T17:50:00.875+0000] {processor.py:208} INFO - Processing /opt/airflow/dags/build_pinecone_search.py took 3.681 seconds
[2025-04-19T17:50:31.819+0000] {processor.py:186} INFO - Started process (PID=1230) to work on /opt/airflow/dags/build_pinecone_search.py
[2025-04-19T17:50:31.821+0000] {processor.py:914} INFO - Processing file /opt/airflow/dags/build_pinecone_search.py for tasks to queue
[2025-04-19T17:50:31.823+0000] {logging_mixin.py:190} INFO - [2025-04-19T17:50:31.823+0000] {dagbag.py:587} INFO - Filling up the DagBag from /opt/airflow/dags/build_pinecone_search.py
[2025-04-19T17:50:35.431+0000] {logging_mixin.py:190} INFO - {{ task_instance.xcom_pull(task_ids='preprocess_data', dag_id='Medium_to_Pinecone', key='return_value') }}
[2025-04-19T17:50:35.434+0000] {processor.py:925} INFO - DAG(s) 'Medium_to_Pinecone' retrieved from /opt/airflow/dags/build_pinecone_search.py
[2025-04-19T17:50:35.455+0000] {logging_mixin.py:190} INFO - [2025-04-19T17:50:35.454+0000] {dag.py:3229} INFO - Sync 1 DAGs
[2025-04-19T17:50:35.471+0000] {logging_mixin.py:190} INFO - [2025-04-19T17:50:35.471+0000] {dag.py:4156} INFO - Setting next_dagrun for Medium_to_Pinecone to 2025-04-10 00:00:00+00:00, run_after=2025-04-17 00:00:00+00:00
[2025-04-19T17:50:35.482+0000] {processor.py:208} INFO - Processing /opt/airflow/dags/build_pinecone_search.py took 3.668 seconds
[2025-04-19T17:51:06.420+0000] {processor.py:186} INFO - Started process (PID=1288) to work on /opt/airflow/dags/build_pinecone_search.py
[2025-04-19T17:51:06.421+0000] {processor.py:914} INFO - Processing file /opt/airflow/dags/build_pinecone_search.py for tasks to queue
[2025-04-19T17:51:06.424+0000] {logging_mixin.py:190} INFO - [2025-04-19T17:51:06.424+0000] {dagbag.py:587} INFO - Filling up the DagBag from /opt/airflow/dags/build_pinecone_search.py
[2025-04-19T17:51:10.473+0000] {logging_mixin.py:190} INFO - {{ task_instance.xcom_pull(task_ids='preprocess_data', dag_id='Medium_to_Pinecone', key='return_value') }}
[2025-04-19T17:51:10.477+0000] {processor.py:925} INFO - DAG(s) 'Medium_to_Pinecone' retrieved from /opt/airflow/dags/build_pinecone_search.py
[2025-04-19T17:51:10.506+0000] {logging_mixin.py:190} INFO - [2025-04-19T17:51:10.505+0000] {dag.py:3229} INFO - Sync 1 DAGs
[2025-04-19T17:51:10.523+0000] {logging_mixin.py:190} INFO - [2025-04-19T17:51:10.523+0000] {dag.py:4156} INFO - Setting next_dagrun for Medium_to_Pinecone to 2025-04-10 00:00:00+00:00, run_after=2025-04-17 00:00:00+00:00
[2025-04-19T17:51:10.536+0000] {processor.py:208} INFO - Processing /opt/airflow/dags/build_pinecone_search.py took 4.124 seconds
[2025-04-19T17:51:41.466+0000] {processor.py:186} INFO - Started process (PID=1346) to work on /opt/airflow/dags/build_pinecone_search.py
[2025-04-19T17:51:41.467+0000] {processor.py:914} INFO - Processing file /opt/airflow/dags/build_pinecone_search.py for tasks to queue
[2025-04-19T17:51:41.471+0000] {logging_mixin.py:190} INFO - [2025-04-19T17:51:41.471+0000] {dagbag.py:587} INFO - Filling up the DagBag from /opt/airflow/dags/build_pinecone_search.py
[2025-04-19T17:51:45.404+0000] {logging_mixin.py:190} INFO - {{ task_instance.xcom_pull(task_ids='preprocess_data', dag_id='Medium_to_Pinecone', key='return_value') }}
[2025-04-19T17:51:45.408+0000] {processor.py:925} INFO - DAG(s) 'Medium_to_Pinecone' retrieved from /opt/airflow/dags/build_pinecone_search.py
[2025-04-19T17:51:45.431+0000] {logging_mixin.py:190} INFO - [2025-04-19T17:51:45.430+0000] {dag.py:3229} INFO - Sync 1 DAGs
[2025-04-19T17:51:45.451+0000] {logging_mixin.py:190} INFO - [2025-04-19T17:51:45.451+0000] {dag.py:4156} INFO - Setting next_dagrun for Medium_to_Pinecone to 2025-04-10 00:00:00+00:00, run_after=2025-04-17 00:00:00+00:00
[2025-04-19T17:51:45.462+0000] {processor.py:208} INFO - Processing /opt/airflow/dags/build_pinecone_search.py took 4.006 seconds
[2025-04-19T17:52:15.624+0000] {processor.py:186} INFO - Started process (PID=1427) to work on /opt/airflow/dags/build_pinecone_search.py
[2025-04-19T17:52:15.624+0000] {processor.py:914} INFO - Processing file /opt/airflow/dags/build_pinecone_search.py for tasks to queue
[2025-04-19T17:52:15.626+0000] {logging_mixin.py:190} INFO - [2025-04-19T17:52:15.626+0000] {dagbag.py:587} INFO - Filling up the DagBag from /opt/airflow/dags/build_pinecone_search.py
[2025-04-19T17:52:19.310+0000] {logging_mixin.py:190} INFO - {{ task_instance.xcom_pull(task_ids='preprocess_data', dag_id='Medium_to_Pinecone', key='return_value') }}
[2025-04-19T17:52:19.313+0000] {processor.py:925} INFO - DAG(s) 'Medium_to_Pinecone' retrieved from /opt/airflow/dags/build_pinecone_search.py
[2025-04-19T17:52:19.340+0000] {logging_mixin.py:190} INFO - [2025-04-19T17:52:19.339+0000] {dag.py:3229} INFO - Sync 1 DAGs
[2025-04-19T17:52:19.356+0000] {logging_mixin.py:190} INFO - [2025-04-19T17:52:19.356+0000] {dag.py:4156} INFO - Setting next_dagrun for Medium_to_Pinecone to 2025-04-10 00:00:00+00:00, run_after=2025-04-17 00:00:00+00:00
[2025-04-19T17:52:19.368+0000] {processor.py:208} INFO - Processing /opt/airflow/dags/build_pinecone_search.py took 3.749 seconds
[2025-04-19T17:52:49.740+0000] {processor.py:186} INFO - Started process (PID=1502) to work on /opt/airflow/dags/build_pinecone_search.py
[2025-04-19T17:52:49.741+0000] {processor.py:914} INFO - Processing file /opt/airflow/dags/build_pinecone_search.py for tasks to queue
[2025-04-19T17:52:49.743+0000] {logging_mixin.py:190} INFO - [2025-04-19T17:52:49.743+0000] {dagbag.py:587} INFO - Filling up the DagBag from /opt/airflow/dags/build_pinecone_search.py
[2025-04-19T17:52:53.451+0000] {logging_mixin.py:190} INFO - {{ task_instance.xcom_pull(task_ids='preprocess_data', dag_id='Medium_to_Pinecone', key='return_value') }}
[2025-04-19T17:52:53.454+0000] {processor.py:925} INFO - DAG(s) 'Medium_to_Pinecone' retrieved from /opt/airflow/dags/build_pinecone_search.py
[2025-04-19T17:52:53.482+0000] {logging_mixin.py:190} INFO - [2025-04-19T17:52:53.482+0000] {dag.py:3229} INFO - Sync 1 DAGs
[2025-04-19T17:52:53.498+0000] {logging_mixin.py:190} INFO - [2025-04-19T17:52:53.498+0000] {dag.py:4156} INFO - Setting next_dagrun for Medium_to_Pinecone to 2025-04-10 00:00:00+00:00, run_after=2025-04-17 00:00:00+00:00
[2025-04-19T17:52:53.509+0000] {processor.py:208} INFO - Processing /opt/airflow/dags/build_pinecone_search.py took 3.776 seconds
[2025-04-19T17:53:23.660+0000] {processor.py:186} INFO - Started process (PID=1560) to work on /opt/airflow/dags/build_pinecone_search.py
[2025-04-19T17:53:23.661+0000] {processor.py:914} INFO - Processing file /opt/airflow/dags/build_pinecone_search.py for tasks to queue
[2025-04-19T17:53:23.663+0000] {logging_mixin.py:190} INFO - [2025-04-19T17:53:23.663+0000] {dagbag.py:587} INFO - Filling up the DagBag from /opt/airflow/dags/build_pinecone_search.py
[2025-04-19T17:53:27.166+0000] {logging_mixin.py:190} INFO - {{ task_instance.xcom_pull(task_ids='preprocess_data', dag_id='Medium_to_Pinecone', key='return_value') }}
[2025-04-19T17:53:27.169+0000] {processor.py:925} INFO - DAG(s) 'Medium_to_Pinecone' retrieved from /opt/airflow/dags/build_pinecone_search.py
[2025-04-19T17:53:27.194+0000] {logging_mixin.py:190} INFO - [2025-04-19T17:53:27.194+0000] {dag.py:3229} INFO - Sync 1 DAGs
[2025-04-19T17:53:27.212+0000] {logging_mixin.py:190} INFO - [2025-04-19T17:53:27.211+0000] {dag.py:4156} INFO - Setting next_dagrun for Medium_to_Pinecone to 2025-04-10 00:00:00+00:00, run_after=2025-04-17 00:00:00+00:00
[2025-04-19T17:53:27.224+0000] {processor.py:208} INFO - Processing /opt/airflow/dags/build_pinecone_search.py took 3.571 seconds
[2025-04-19T17:53:58.173+0000] {processor.py:186} INFO - Started process (PID=1618) to work on /opt/airflow/dags/build_pinecone_search.py
[2025-04-19T17:53:58.174+0000] {processor.py:914} INFO - Processing file /opt/airflow/dags/build_pinecone_search.py for tasks to queue
[2025-04-19T17:53:58.177+0000] {logging_mixin.py:190} INFO - [2025-04-19T17:53:58.176+0000] {dagbag.py:587} INFO - Filling up the DagBag from /opt/airflow/dags/build_pinecone_search.py
[2025-04-19T17:54:02.098+0000] {logging_mixin.py:190} INFO - {{ task_instance.xcom_pull(task_ids='preprocess_data', dag_id='Medium_to_Pinecone', key='return_value') }}
[2025-04-19T17:54:02.101+0000] {processor.py:925} INFO - DAG(s) 'Medium_to_Pinecone' retrieved from /opt/airflow/dags/build_pinecone_search.py
[2025-04-19T17:54:02.124+0000] {logging_mixin.py:190} INFO - [2025-04-19T17:54:02.124+0000] {dag.py:3229} INFO - Sync 1 DAGs
[2025-04-19T17:54:02.140+0000] {logging_mixin.py:190} INFO - [2025-04-19T17:54:02.140+0000] {dag.py:4156} INFO - Setting next_dagrun for Medium_to_Pinecone to 2025-04-10 00:00:00+00:00, run_after=2025-04-17 00:00:00+00:00
[2025-04-19T17:54:02.151+0000] {processor.py:208} INFO - Processing /opt/airflow/dags/build_pinecone_search.py took 3.986 seconds
[2025-04-19T20:57:45.137+0000] {processor.py:186} INFO - Started process (PID=303) to work on /opt/airflow/dags/build_pinecone_search.py
[2025-04-19T20:57:45.140+0000] {processor.py:914} INFO - Processing file /opt/airflow/dags/build_pinecone_search.py for tasks to queue
[2025-04-19T20:57:45.144+0000] {logging_mixin.py:190} INFO - [2025-04-19T20:57:45.144+0000] {dagbag.py:587} INFO - Filling up the DagBag from /opt/airflow/dags/build_pinecone_search.py
[2025-04-19T20:57:50.301+0000] {logging_mixin.py:190} INFO - {{ task_instance.xcom_pull(task_ids='preprocess_data', dag_id='Medium_to_Pinecone', key='return_value') }}
[2025-04-19T20:57:50.309+0000] {processor.py:925} INFO - DAG(s) 'Medium_to_Pinecone' retrieved from /opt/airflow/dags/build_pinecone_search.py
[2025-04-19T20:57:50.345+0000] {logging_mixin.py:190} INFO - [2025-04-19T20:57:50.345+0000] {dag.py:3229} INFO - Sync 1 DAGs
[2025-04-19T20:57:50.382+0000] {logging_mixin.py:190} INFO - [2025-04-19T20:57:50.382+0000] {dag.py:4156} INFO - Setting next_dagrun for Medium_to_Pinecone to 2025-04-10 00:00:00+00:00, run_after=2025-04-17 00:00:00+00:00
[2025-04-19T20:57:50.403+0000] {processor.py:208} INFO - Processing /opt/airflow/dags/build_pinecone_search.py took 5.281 seconds
[2025-04-19T20:58:20.604+0000] {processor.py:186} INFO - Started process (PID=404) to work on /opt/airflow/dags/build_pinecone_search.py
[2025-04-19T20:58:20.606+0000] {processor.py:914} INFO - Processing file /opt/airflow/dags/build_pinecone_search.py for tasks to queue
[2025-04-19T20:58:20.611+0000] {logging_mixin.py:190} INFO - [2025-04-19T20:58:20.610+0000] {dagbag.py:587} INFO - Filling up the DagBag from /opt/airflow/dags/build_pinecone_search.py
[2025-04-19T20:58:25.208+0000] {logging_mixin.py:190} INFO - {{ task_instance.xcom_pull(task_ids='preprocess_data', dag_id='Medium_to_Pinecone', key='return_value') }}
[2025-04-19T20:58:25.212+0000] {processor.py:925} INFO - DAG(s) 'Medium_to_Pinecone' retrieved from /opt/airflow/dags/build_pinecone_search.py
[2025-04-19T20:58:25.250+0000] {logging_mixin.py:190} INFO - [2025-04-19T20:58:25.250+0000] {dag.py:3229} INFO - Sync 1 DAGs
[2025-04-19T20:58:25.274+0000] {logging_mixin.py:190} INFO - [2025-04-19T20:58:25.274+0000] {dag.py:4156} INFO - Setting next_dagrun for Medium_to_Pinecone to 2025-04-10 00:00:00+00:00, run_after=2025-04-17 00:00:00+00:00
[2025-04-19T20:58:25.287+0000] {processor.py:208} INFO - Processing /opt/airflow/dags/build_pinecone_search.py took 4.694 seconds
[2025-04-19T20:58:55.550+0000] {processor.py:186} INFO - Started process (PID=462) to work on /opt/airflow/dags/build_pinecone_search.py
[2025-04-19T20:58:55.552+0000] {processor.py:914} INFO - Processing file /opt/airflow/dags/build_pinecone_search.py for tasks to queue
[2025-04-19T20:58:55.558+0000] {logging_mixin.py:190} INFO - [2025-04-19T20:58:55.558+0000] {dagbag.py:587} INFO - Filling up the DagBag from /opt/airflow/dags/build_pinecone_search.py
[2025-04-19T20:58:59.964+0000] {logging_mixin.py:190} INFO - {{ task_instance.xcom_pull(task_ids='preprocess_data', dag_id='Medium_to_Pinecone', key='return_value') }}
[2025-04-19T20:58:59.967+0000] {processor.py:925} INFO - DAG(s) 'Medium_to_Pinecone' retrieved from /opt/airflow/dags/build_pinecone_search.py
[2025-04-19T20:59:00.071+0000] {logging_mixin.py:190} INFO - [2025-04-19T20:59:00.065+0000] {dag.py:3229} INFO - Sync 1 DAGs
[2025-04-19T20:59:00.114+0000] {logging_mixin.py:190} INFO - [2025-04-19T20:59:00.114+0000] {dag.py:4156} INFO - Setting next_dagrun for Medium_to_Pinecone to 2025-04-10 00:00:00+00:00, run_after=2025-04-17 00:00:00+00:00
[2025-04-19T20:59:00.142+0000] {processor.py:208} INFO - Processing /opt/airflow/dags/build_pinecone_search.py took 4.608 seconds
[2025-04-19T20:59:30.490+0000] {processor.py:186} INFO - Started process (PID=524) to work on /opt/airflow/dags/build_pinecone_search.py
[2025-04-19T20:59:30.491+0000] {processor.py:914} INFO - Processing file /opt/airflow/dags/build_pinecone_search.py for tasks to queue
[2025-04-19T20:59:30.498+0000] {logging_mixin.py:190} INFO - [2025-04-19T20:59:30.497+0000] {dagbag.py:587} INFO - Filling up the DagBag from /opt/airflow/dags/build_pinecone_search.py
[2025-04-19T20:59:35.109+0000] {logging_mixin.py:190} INFO - {{ task_instance.xcom_pull(task_ids='preprocess_data', dag_id='Medium_to_Pinecone', key='return_value') }}
[2025-04-19T20:59:35.113+0000] {processor.py:925} INFO - DAG(s) 'Medium_to_Pinecone' retrieved from /opt/airflow/dags/build_pinecone_search.py
[2025-04-19T20:59:35.149+0000] {logging_mixin.py:190} INFO - [2025-04-19T20:59:35.149+0000] {dag.py:3229} INFO - Sync 1 DAGs
[2025-04-19T20:59:35.170+0000] {logging_mixin.py:190} INFO - [2025-04-19T20:59:35.170+0000] {dag.py:4156} INFO - Setting next_dagrun for Medium_to_Pinecone to 2025-04-10 00:00:00+00:00, run_after=2025-04-17 00:00:00+00:00
[2025-04-19T20:59:35.183+0000] {processor.py:208} INFO - Processing /opt/airflow/dags/build_pinecone_search.py took 4.707 seconds
[2025-04-19T21:00:05.693+0000] {processor.py:186} INFO - Started process (PID=582) to work on /opt/airflow/dags/build_pinecone_search.py
[2025-04-19T21:00:05.695+0000] {processor.py:914} INFO - Processing file /opt/airflow/dags/build_pinecone_search.py for tasks to queue
[2025-04-19T21:00:05.704+0000] {logging_mixin.py:190} INFO - [2025-04-19T21:00:05.703+0000] {dagbag.py:587} INFO - Filling up the DagBag from /opt/airflow/dags/build_pinecone_search.py
[2025-04-19T21:00:09.596+0000] {logging_mixin.py:190} INFO - {{ task_instance.xcom_pull(task_ids='preprocess_data', dag_id='Medium_to_Pinecone', key='return_value') }}
[2025-04-19T21:00:09.599+0000] {processor.py:925} INFO - DAG(s) 'Medium_to_Pinecone' retrieved from /opt/airflow/dags/build_pinecone_search.py
[2025-04-19T21:00:09.632+0000] {logging_mixin.py:190} INFO - [2025-04-19T21:00:09.632+0000] {dag.py:3229} INFO - Sync 1 DAGs
[2025-04-19T21:00:09.648+0000] {logging_mixin.py:190} INFO - [2025-04-19T21:00:09.648+0000] {dag.py:4156} INFO - Setting next_dagrun for Medium_to_Pinecone to 2025-04-10 00:00:00+00:00, run_after=2025-04-17 00:00:00+00:00
[2025-04-19T21:00:09.661+0000] {processor.py:208} INFO - Processing /opt/airflow/dags/build_pinecone_search.py took 3.979 seconds
[2025-04-19T21:00:39.775+0000] {processor.py:186} INFO - Started process (PID=640) to work on /opt/airflow/dags/build_pinecone_search.py
[2025-04-19T21:00:39.778+0000] {processor.py:914} INFO - Processing file /opt/airflow/dags/build_pinecone_search.py for tasks to queue
[2025-04-19T21:00:39.789+0000] {logging_mixin.py:190} INFO - [2025-04-19T21:00:39.785+0000] {dagbag.py:587} INFO - Filling up the DagBag from /opt/airflow/dags/build_pinecone_search.py
[2025-04-19T21:00:44.456+0000] {logging_mixin.py:190} INFO - {{ task_instance.xcom_pull(task_ids='preprocess_data', dag_id='Medium_to_Pinecone', key='return_value') }}
[2025-04-19T21:00:44.461+0000] {processor.py:925} INFO - DAG(s) 'Medium_to_Pinecone' retrieved from /opt/airflow/dags/build_pinecone_search.py
[2025-04-19T21:00:44.493+0000] {logging_mixin.py:190} INFO - [2025-04-19T21:00:44.492+0000] {dag.py:3229} INFO - Sync 1 DAGs
[2025-04-19T21:00:44.511+0000] {logging_mixin.py:190} INFO - [2025-04-19T21:00:44.510+0000] {dag.py:4156} INFO - Setting next_dagrun for Medium_to_Pinecone to 2025-04-10 00:00:00+00:00, run_after=2025-04-17 00:00:00+00:00
[2025-04-19T21:00:44.529+0000] {processor.py:208} INFO - Processing /opt/airflow/dags/build_pinecone_search.py took 4.769 seconds
[2025-04-19T21:01:14.678+0000] {processor.py:186} INFO - Started process (PID=704) to work on /opt/airflow/dags/build_pinecone_search.py
[2025-04-19T21:01:14.682+0000] {processor.py:914} INFO - Processing file /opt/airflow/dags/build_pinecone_search.py for tasks to queue
[2025-04-19T21:01:14.690+0000] {logging_mixin.py:190} INFO - [2025-04-19T21:01:14.689+0000] {dagbag.py:587} INFO - Filling up the DagBag from /opt/airflow/dags/build_pinecone_search.py
[2025-04-19T21:01:18.683+0000] {logging_mixin.py:190} INFO - {{ task_instance.xcom_pull(task_ids='preprocess_data', dag_id='Medium_to_Pinecone', key='return_value') }}
[2025-04-19T21:01:18.686+0000] {processor.py:925} INFO - DAG(s) 'Medium_to_Pinecone' retrieved from /opt/airflow/dags/build_pinecone_search.py
[2025-04-19T21:01:18.713+0000] {logging_mixin.py:190} INFO - [2025-04-19T21:01:18.713+0000] {dag.py:3229} INFO - Sync 1 DAGs
[2025-04-19T21:01:18.729+0000] {logging_mixin.py:190} INFO - [2025-04-19T21:01:18.729+0000] {dag.py:4156} INFO - Setting next_dagrun for Medium_to_Pinecone to 2025-04-10 00:00:00+00:00, run_after=2025-04-17 00:00:00+00:00
[2025-04-19T21:01:18.741+0000] {processor.py:208} INFO - Processing /opt/airflow/dags/build_pinecone_search.py took 4.077 seconds
[2025-04-19T21:01:49.660+0000] {processor.py:186} INFO - Started process (PID=762) to work on /opt/airflow/dags/build_pinecone_search.py
[2025-04-19T21:01:49.662+0000] {processor.py:914} INFO - Processing file /opt/airflow/dags/build_pinecone_search.py for tasks to queue
[2025-04-19T21:01:49.669+0000] {logging_mixin.py:190} INFO - [2025-04-19T21:01:49.668+0000] {dagbag.py:587} INFO - Filling up the DagBag from /opt/airflow/dags/build_pinecone_search.py
[2025-04-19T21:01:53.573+0000] {logging_mixin.py:190} INFO - {{ task_instance.xcom_pull(task_ids='preprocess_data', dag_id='Medium_to_Pinecone', key='return_value') }}
[2025-04-19T21:01:53.577+0000] {processor.py:925} INFO - DAG(s) 'Medium_to_Pinecone' retrieved from /opt/airflow/dags/build_pinecone_search.py
[2025-04-19T21:01:53.599+0000] {logging_mixin.py:190} INFO - [2025-04-19T21:01:53.598+0000] {dag.py:3229} INFO - Sync 1 DAGs
[2025-04-19T21:01:53.618+0000] {logging_mixin.py:190} INFO - [2025-04-19T21:01:53.618+0000] {dag.py:4156} INFO - Setting next_dagrun for Medium_to_Pinecone to 2025-04-10 00:00:00+00:00, run_after=2025-04-17 00:00:00+00:00
[2025-04-19T21:01:53.630+0000] {processor.py:208} INFO - Processing /opt/airflow/dags/build_pinecone_search.py took 3.984 seconds
[2025-04-19T21:02:23.749+0000] {processor.py:186} INFO - Started process (PID=861) to work on /opt/airflow/dags/build_pinecone_search.py
[2025-04-19T21:02:23.750+0000] {processor.py:914} INFO - Processing file /opt/airflow/dags/build_pinecone_search.py for tasks to queue
[2025-04-19T21:02:23.753+0000] {logging_mixin.py:190} INFO - [2025-04-19T21:02:23.752+0000] {dagbag.py:587} INFO - Filling up the DagBag from /opt/airflow/dags/build_pinecone_search.py
[2025-04-19T21:02:27.866+0000] {logging_mixin.py:190} INFO - {{ task_instance.xcom_pull(task_ids='preprocess_data', dag_id='Medium_to_Pinecone', key='return_value') }}
[2025-04-19T21:02:27.869+0000] {processor.py:925} INFO - DAG(s) 'Medium_to_Pinecone' retrieved from /opt/airflow/dags/build_pinecone_search.py
[2025-04-19T21:02:27.894+0000] {logging_mixin.py:190} INFO - [2025-04-19T21:02:27.894+0000] {dag.py:3229} INFO - Sync 1 DAGs
[2025-04-19T21:02:27.911+0000] {logging_mixin.py:190} INFO - [2025-04-19T21:02:27.911+0000] {dag.py:4156} INFO - Setting next_dagrun for Medium_to_Pinecone to 2025-04-10 00:00:00+00:00, run_after=2025-04-17 00:00:00+00:00
[2025-04-19T21:02:27.923+0000] {processor.py:208} INFO - Processing /opt/airflow/dags/build_pinecone_search.py took 4.180 seconds
[2025-04-19T21:02:58.019+0000] {processor.py:186} INFO - Started process (PID=919) to work on /opt/airflow/dags/build_pinecone_search.py
[2025-04-19T21:02:58.021+0000] {processor.py:914} INFO - Processing file /opt/airflow/dags/build_pinecone_search.py for tasks to queue
[2025-04-19T21:02:58.025+0000] {logging_mixin.py:190} INFO - [2025-04-19T21:02:58.024+0000] {dagbag.py:587} INFO - Filling up the DagBag from /opt/airflow/dags/build_pinecone_search.py
[2025-04-19T21:03:01.829+0000] {logging_mixin.py:190} INFO - {{ task_instance.xcom_pull(task_ids='preprocess_data', dag_id='Medium_to_Pinecone', key='return_value') }}
[2025-04-19T21:03:01.833+0000] {processor.py:925} INFO - DAG(s) 'Medium_to_Pinecone' retrieved from /opt/airflow/dags/build_pinecone_search.py
[2025-04-19T21:03:01.856+0000] {logging_mixin.py:190} INFO - [2025-04-19T21:03:01.856+0000] {dag.py:3229} INFO - Sync 1 DAGs
[2025-04-19T21:03:01.872+0000] {logging_mixin.py:190} INFO - [2025-04-19T21:03:01.872+0000] {dag.py:4156} INFO - Setting next_dagrun for Medium_to_Pinecone to 2025-04-10 00:00:00+00:00, run_after=2025-04-17 00:00:00+00:00
[2025-04-19T21:03:01.885+0000] {processor.py:208} INFO - Processing /opt/airflow/dags/build_pinecone_search.py took 3.874 seconds
[2025-04-19T21:03:31.982+0000] {processor.py:186} INFO - Started process (PID=977) to work on /opt/airflow/dags/build_pinecone_search.py
[2025-04-19T21:03:31.984+0000] {processor.py:914} INFO - Processing file /opt/airflow/dags/build_pinecone_search.py for tasks to queue
[2025-04-19T21:03:31.987+0000] {logging_mixin.py:190} INFO - [2025-04-19T21:03:31.986+0000] {dagbag.py:587} INFO - Filling up the DagBag from /opt/airflow/dags/build_pinecone_search.py
[2025-04-19T21:03:35.855+0000] {logging_mixin.py:190} INFO - {{ task_instance.xcom_pull(task_ids='preprocess_data', dag_id='Medium_to_Pinecone', key='return_value') }}
[2025-04-19T21:03:35.858+0000] {processor.py:925} INFO - DAG(s) 'Medium_to_Pinecone' retrieved from /opt/airflow/dags/build_pinecone_search.py
[2025-04-19T21:03:35.880+0000] {logging_mixin.py:190} INFO - [2025-04-19T21:03:35.879+0000] {dag.py:3229} INFO - Sync 1 DAGs
[2025-04-19T21:03:35.897+0000] {logging_mixin.py:190} INFO - [2025-04-19T21:03:35.897+0000] {dag.py:4156} INFO - Setting next_dagrun for Medium_to_Pinecone to 2025-04-10 00:00:00+00:00, run_after=2025-04-17 00:00:00+00:00
[2025-04-19T21:03:35.913+0000] {processor.py:208} INFO - Processing /opt/airflow/dags/build_pinecone_search.py took 3.941 seconds
[2025-04-19T21:04:06.468+0000] {processor.py:186} INFO - Started process (PID=1035) to work on /opt/airflow/dags/build_pinecone_search.py
[2025-04-19T21:04:06.474+0000] {processor.py:914} INFO - Processing file /opt/airflow/dags/build_pinecone_search.py for tasks to queue
[2025-04-19T21:04:06.481+0000] {logging_mixin.py:190} INFO - [2025-04-19T21:04:06.480+0000] {dagbag.py:587} INFO - Filling up the DagBag from /opt/airflow/dags/build_pinecone_search.py
[2025-04-19T21:04:10.473+0000] {logging_mixin.py:190} INFO - {{ task_instance.xcom_pull(task_ids='preprocess_data', dag_id='Medium_to_Pinecone', key='return_value') }}
[2025-04-19T21:04:10.477+0000] {processor.py:925} INFO - DAG(s) 'Medium_to_Pinecone' retrieved from /opt/airflow/dags/build_pinecone_search.py
[2025-04-19T21:04:10.519+0000] {logging_mixin.py:190} INFO - [2025-04-19T21:04:10.519+0000] {dag.py:3229} INFO - Sync 1 DAGs
[2025-04-19T21:04:10.538+0000] {logging_mixin.py:190} INFO - [2025-04-19T21:04:10.538+0000] {dag.py:4156} INFO - Setting next_dagrun for Medium_to_Pinecone to 2025-04-10 00:00:00+00:00, run_after=2025-04-17 00:00:00+00:00
[2025-04-19T21:04:10.551+0000] {processor.py:208} INFO - Processing /opt/airflow/dags/build_pinecone_search.py took 4.106 seconds
[2025-04-19T21:04:41.606+0000] {processor.py:186} INFO - Started process (PID=1099) to work on /opt/airflow/dags/build_pinecone_search.py
[2025-04-19T21:04:41.608+0000] {processor.py:914} INFO - Processing file /opt/airflow/dags/build_pinecone_search.py for tasks to queue
[2025-04-19T21:04:41.610+0000] {logging_mixin.py:190} INFO - [2025-04-19T21:04:41.610+0000] {dagbag.py:587} INFO - Filling up the DagBag from /opt/airflow/dags/build_pinecone_search.py
[2025-04-19T21:04:45.456+0000] {logging_mixin.py:190} INFO - {{ task_instance.xcom_pull(task_ids='preprocess_data', dag_id='Medium_to_Pinecone', key='return_value') }}
[2025-04-19T21:04:45.459+0000] {processor.py:925} INFO - DAG(s) 'Medium_to_Pinecone' retrieved from /opt/airflow/dags/build_pinecone_search.py
[2025-04-19T21:04:45.486+0000] {logging_mixin.py:190} INFO - [2025-04-19T21:04:45.485+0000] {dag.py:3229} INFO - Sync 1 DAGs
[2025-04-19T21:04:45.501+0000] {logging_mixin.py:190} INFO - [2025-04-19T21:04:45.501+0000] {dag.py:4156} INFO - Setting next_dagrun for Medium_to_Pinecone to 2025-04-10 00:00:00+00:00, run_after=2025-04-17 00:00:00+00:00
[2025-04-19T21:04:45.513+0000] {processor.py:208} INFO - Processing /opt/airflow/dags/build_pinecone_search.py took 3.915 seconds
