[2025-04-19T17:41:31.068+0000] {processor.py:186} INFO - Started process (PID=196) to work on /opt/airflow/dags/build_elt_with_dbt.py
[2025-04-19T17:41:31.069+0000] {processor.py:914} INFO - Processing file /opt/airflow/dags/build_elt_with_dbt.py for tasks to queue
[2025-04-19T17:41:31.074+0000] {logging_mixin.py:190} INFO - [2025-04-19T17:41:31.073+0000] {dagbag.py:587} INFO - Filling up the DagBag from /opt/airflow/dags/build_elt_with_dbt.py
[2025-04-19T17:41:31.104+0000] {logging_mixin.py:190} INFO - [2025-04-19T17:41:31.104+0000] {base.py:84} INFO - Retrieving connection 'snowflake_conn'
[2025-04-19T17:41:31.119+0000] {processor.py:925} INFO - DAG(s) 'BuildELT_dbt' retrieved from /opt/airflow/dags/build_elt_with_dbt.py
[2025-04-19T17:41:31.145+0000] {logging_mixin.py:190} INFO - [2025-04-19T17:41:31.145+0000] {dag.py:3229} INFO - Sync 1 DAGs
[2025-04-19T17:41:31.162+0000] {logging_mixin.py:190} INFO - [2025-04-19T17:41:31.162+0000] {dag.py:4156} INFO - Setting next_dagrun for BuildELT_dbt to None, run_after=None
[2025-04-19T17:41:31.182+0000] {processor.py:208} INFO - Processing /opt/airflow/dags/build_elt_with_dbt.py took 0.120 seconds
[2025-04-19T17:42:02.734+0000] {processor.py:186} INFO - Started process (PID=280) to work on /opt/airflow/dags/build_elt_with_dbt.py
[2025-04-19T17:42:02.737+0000] {processor.py:914} INFO - Processing file /opt/airflow/dags/build_elt_with_dbt.py for tasks to queue
[2025-04-19T17:42:02.740+0000] {logging_mixin.py:190} INFO - [2025-04-19T17:42:02.740+0000] {dagbag.py:587} INFO - Filling up the DagBag from /opt/airflow/dags/build_elt_with_dbt.py
[2025-04-19T17:42:02.781+0000] {logging_mixin.py:190} INFO - [2025-04-19T17:42:02.780+0000] {base.py:84} INFO - Retrieving connection 'snowflake_conn'
[2025-04-19T17:42:02.791+0000] {processor.py:925} INFO - DAG(s) 'BuildELT_dbt' retrieved from /opt/airflow/dags/build_elt_with_dbt.py
[2025-04-19T17:42:02.810+0000] {logging_mixin.py:190} INFO - [2025-04-19T17:42:02.810+0000] {dag.py:3229} INFO - Sync 1 DAGs
[2025-04-19T17:42:02.827+0000] {logging_mixin.py:190} INFO - [2025-04-19T17:42:02.827+0000] {dag.py:4156} INFO - Setting next_dagrun for BuildELT_dbt to None, run_after=None
[2025-04-19T17:42:02.842+0000] {processor.py:208} INFO - Processing /opt/airflow/dags/build_elt_with_dbt.py took 0.119 seconds
[2025-04-19T17:42:33.689+0000] {processor.py:186} INFO - Started process (PID=339) to work on /opt/airflow/dags/build_elt_with_dbt.py
[2025-04-19T17:42:33.690+0000] {processor.py:914} INFO - Processing file /opt/airflow/dags/build_elt_with_dbt.py for tasks to queue
[2025-04-19T17:42:33.700+0000] {logging_mixin.py:190} INFO - [2025-04-19T17:42:33.699+0000] {dagbag.py:587} INFO - Filling up the DagBag from /opt/airflow/dags/build_elt_with_dbt.py
[2025-04-19T17:42:33.749+0000] {logging_mixin.py:190} INFO - [2025-04-19T17:42:33.749+0000] {base.py:84} INFO - Retrieving connection 'snowflake_conn'
[2025-04-19T17:42:33.764+0000] {processor.py:925} INFO - DAG(s) 'BuildELT_dbt' retrieved from /opt/airflow/dags/build_elt_with_dbt.py
[2025-04-19T17:42:33.789+0000] {logging_mixin.py:190} INFO - [2025-04-19T17:42:33.789+0000] {dag.py:3229} INFO - Sync 1 DAGs
[2025-04-19T17:42:33.803+0000] {logging_mixin.py:190} INFO - [2025-04-19T17:42:33.803+0000] {dag.py:4156} INFO - Setting next_dagrun for BuildELT_dbt to None, run_after=None
[2025-04-19T17:42:33.818+0000] {processor.py:208} INFO - Processing /opt/airflow/dags/build_elt_with_dbt.py took 0.141 seconds
[2025-04-19T17:43:04.562+0000] {processor.py:186} INFO - Started process (PID=397) to work on /opt/airflow/dags/build_elt_with_dbt.py
[2025-04-19T17:43:04.563+0000] {processor.py:914} INFO - Processing file /opt/airflow/dags/build_elt_with_dbt.py for tasks to queue
[2025-04-19T17:43:04.568+0000] {logging_mixin.py:190} INFO - [2025-04-19T17:43:04.568+0000] {dagbag.py:587} INFO - Filling up the DagBag from /opt/airflow/dags/build_elt_with_dbt.py
[2025-04-19T17:43:04.604+0000] {logging_mixin.py:190} INFO - [2025-04-19T17:43:04.603+0000] {base.py:84} INFO - Retrieving connection 'snowflake_conn'
[2025-04-19T17:43:04.613+0000] {processor.py:925} INFO - DAG(s) 'BuildELT_dbt' retrieved from /opt/airflow/dags/build_elt_with_dbt.py
[2025-04-19T17:43:04.637+0000] {logging_mixin.py:190} INFO - [2025-04-19T17:43:04.636+0000] {dag.py:3229} INFO - Sync 1 DAGs
[2025-04-19T17:43:04.652+0000] {logging_mixin.py:190} INFO - [2025-04-19T17:43:04.652+0000] {dag.py:4156} INFO - Setting next_dagrun for BuildELT_dbt to None, run_after=None
[2025-04-19T17:43:04.674+0000] {processor.py:208} INFO - Processing /opt/airflow/dags/build_elt_with_dbt.py took 0.126 seconds
[2025-04-19T17:43:35.246+0000] {processor.py:186} INFO - Started process (PID=455) to work on /opt/airflow/dags/build_elt_with_dbt.py
[2025-04-19T17:43:35.250+0000] {processor.py:914} INFO - Processing file /opt/airflow/dags/build_elt_with_dbt.py for tasks to queue
[2025-04-19T17:43:35.255+0000] {logging_mixin.py:190} INFO - [2025-04-19T17:43:35.255+0000] {dagbag.py:587} INFO - Filling up the DagBag from /opt/airflow/dags/build_elt_with_dbt.py
[2025-04-19T17:43:35.281+0000] {logging_mixin.py:190} INFO - [2025-04-19T17:43:35.281+0000] {base.py:84} INFO - Retrieving connection 'snowflake_conn'
[2025-04-19T17:43:35.289+0000] {processor.py:925} INFO - DAG(s) 'BuildELT_dbt' retrieved from /opt/airflow/dags/build_elt_with_dbt.py
[2025-04-19T17:43:35.305+0000] {logging_mixin.py:190} INFO - [2025-04-19T17:43:35.305+0000] {dag.py:3229} INFO - Sync 1 DAGs
[2025-04-19T17:43:35.320+0000] {logging_mixin.py:190} INFO - [2025-04-19T17:43:35.319+0000] {dag.py:4156} INFO - Setting next_dagrun for BuildELT_dbt to None, run_after=None
[2025-04-19T17:43:35.333+0000] {processor.py:208} INFO - Processing /opt/airflow/dags/build_elt_with_dbt.py took 0.098 seconds
[2025-04-19T17:44:05.956+0000] {processor.py:186} INFO - Started process (PID=513) to work on /opt/airflow/dags/build_elt_with_dbt.py
[2025-04-19T17:44:05.957+0000] {processor.py:914} INFO - Processing file /opt/airflow/dags/build_elt_with_dbt.py for tasks to queue
[2025-04-19T17:44:05.961+0000] {logging_mixin.py:190} INFO - [2025-04-19T17:44:05.960+0000] {dagbag.py:587} INFO - Filling up the DagBag from /opt/airflow/dags/build_elt_with_dbt.py
[2025-04-19T17:44:05.987+0000] {logging_mixin.py:190} INFO - [2025-04-19T17:44:05.986+0000] {base.py:84} INFO - Retrieving connection 'snowflake_conn'
[2025-04-19T17:44:05.993+0000] {processor.py:925} INFO - DAG(s) 'BuildELT_dbt' retrieved from /opt/airflow/dags/build_elt_with_dbt.py
[2025-04-19T17:44:06.009+0000] {logging_mixin.py:190} INFO - [2025-04-19T17:44:06.009+0000] {dag.py:3229} INFO - Sync 1 DAGs
[2025-04-19T17:44:06.021+0000] {logging_mixin.py:190} INFO - [2025-04-19T17:44:06.021+0000] {dag.py:4156} INFO - Setting next_dagrun for BuildELT_dbt to None, run_after=None
[2025-04-19T17:44:06.037+0000] {processor.py:208} INFO - Processing /opt/airflow/dags/build_elt_with_dbt.py took 0.090 seconds
[2025-04-19T17:44:36.452+0000] {processor.py:186} INFO - Started process (PID=571) to work on /opt/airflow/dags/build_elt_with_dbt.py
[2025-04-19T17:44:36.453+0000] {processor.py:914} INFO - Processing file /opt/airflow/dags/build_elt_with_dbt.py for tasks to queue
[2025-04-19T17:44:36.458+0000] {logging_mixin.py:190} INFO - [2025-04-19T17:44:36.457+0000] {dagbag.py:587} INFO - Filling up the DagBag from /opt/airflow/dags/build_elt_with_dbt.py
[2025-04-19T17:44:36.485+0000] {logging_mixin.py:190} INFO - [2025-04-19T17:44:36.485+0000] {base.py:84} INFO - Retrieving connection 'snowflake_conn'
[2025-04-19T17:44:36.492+0000] {processor.py:925} INFO - DAG(s) 'BuildELT_dbt' retrieved from /opt/airflow/dags/build_elt_with_dbt.py
[2025-04-19T17:44:36.509+0000] {logging_mixin.py:190} INFO - [2025-04-19T17:44:36.508+0000] {dag.py:3229} INFO - Sync 1 DAGs
[2025-04-19T17:44:36.523+0000] {logging_mixin.py:190} INFO - [2025-04-19T17:44:36.522+0000] {dag.py:4156} INFO - Setting next_dagrun for BuildELT_dbt to None, run_after=None
[2025-04-19T17:44:36.534+0000] {processor.py:208} INFO - Processing /opt/airflow/dags/build_elt_with_dbt.py took 0.094 seconds
[2025-04-19T17:45:07.302+0000] {processor.py:186} INFO - Started process (PID=627) to work on /opt/airflow/dags/build_elt_with_dbt.py
[2025-04-19T17:45:07.303+0000] {processor.py:914} INFO - Processing file /opt/airflow/dags/build_elt_with_dbt.py for tasks to queue
[2025-04-19T17:45:07.306+0000] {logging_mixin.py:190} INFO - [2025-04-19T17:45:07.306+0000] {dagbag.py:587} INFO - Filling up the DagBag from /opt/airflow/dags/build_elt_with_dbt.py
[2025-04-19T17:45:07.328+0000] {logging_mixin.py:190} INFO - [2025-04-19T17:45:07.328+0000] {base.py:84} INFO - Retrieving connection 'snowflake_conn'
[2025-04-19T17:45:07.337+0000] {processor.py:925} INFO - DAG(s) 'BuildELT_dbt' retrieved from /opt/airflow/dags/build_elt_with_dbt.py
[2025-04-19T17:45:07.362+0000] {logging_mixin.py:190} INFO - [2025-04-19T17:45:07.362+0000] {dag.py:3229} INFO - Sync 1 DAGs
[2025-04-19T17:45:07.390+0000] {logging_mixin.py:190} INFO - [2025-04-19T17:45:07.390+0000] {dag.py:4156} INFO - Setting next_dagrun for BuildELT_dbt to None, run_after=None
[2025-04-19T17:45:07.405+0000] {processor.py:208} INFO - Processing /opt/airflow/dags/build_elt_with_dbt.py took 0.111 seconds
[2025-04-19T17:45:37.582+0000] {processor.py:186} INFO - Started process (PID=675) to work on /opt/airflow/dags/build_elt_with_dbt.py
[2025-04-19T17:45:37.583+0000] {processor.py:914} INFO - Processing file /opt/airflow/dags/build_elt_with_dbt.py for tasks to queue
[2025-04-19T17:45:37.592+0000] {logging_mixin.py:190} INFO - [2025-04-19T17:45:37.591+0000] {dagbag.py:587} INFO - Filling up the DagBag from /opt/airflow/dags/build_elt_with_dbt.py
[2025-04-19T17:45:37.626+0000] {logging_mixin.py:190} INFO - [2025-04-19T17:45:37.626+0000] {base.py:84} INFO - Retrieving connection 'snowflake_conn'
[2025-04-19T17:45:37.642+0000] {processor.py:925} INFO - DAG(s) 'BuildELT_dbt' retrieved from /opt/airflow/dags/build_elt_with_dbt.py
[2025-04-19T17:45:37.666+0000] {logging_mixin.py:190} INFO - [2025-04-19T17:45:37.666+0000] {dag.py:3229} INFO - Sync 1 DAGs
[2025-04-19T17:45:37.682+0000] {logging_mixin.py:190} INFO - [2025-04-19T17:45:37.682+0000] {dag.py:4156} INFO - Setting next_dagrun for BuildELT_dbt to None, run_after=None
[2025-04-19T17:45:37.701+0000] {processor.py:208} INFO - Processing /opt/airflow/dags/build_elt_with_dbt.py took 0.132 seconds
[2025-04-19T17:46:07.986+0000] {processor.py:186} INFO - Started process (PID=733) to work on /opt/airflow/dags/build_elt_with_dbt.py
[2025-04-19T17:46:07.988+0000] {processor.py:914} INFO - Processing file /opt/airflow/dags/build_elt_with_dbt.py for tasks to queue
[2025-04-19T17:46:07.992+0000] {logging_mixin.py:190} INFO - [2025-04-19T17:46:07.992+0000] {dagbag.py:587} INFO - Filling up the DagBag from /opt/airflow/dags/build_elt_with_dbt.py
[2025-04-19T17:46:08.017+0000] {logging_mixin.py:190} INFO - [2025-04-19T17:46:08.017+0000] {base.py:84} INFO - Retrieving connection 'snowflake_conn'
[2025-04-19T17:46:08.028+0000] {processor.py:925} INFO - DAG(s) 'BuildELT_dbt' retrieved from /opt/airflow/dags/build_elt_with_dbt.py
[2025-04-19T17:46:08.050+0000] {logging_mixin.py:190} INFO - [2025-04-19T17:46:08.050+0000] {dag.py:3229} INFO - Sync 1 DAGs
[2025-04-19T17:46:08.065+0000] {logging_mixin.py:190} INFO - [2025-04-19T17:46:08.065+0000] {dag.py:4156} INFO - Setting next_dagrun for BuildELT_dbt to None, run_after=None
[2025-04-19T17:46:08.080+0000] {processor.py:208} INFO - Processing /opt/airflow/dags/build_elt_with_dbt.py took 0.104 seconds
[2025-04-19T17:46:38.356+0000] {processor.py:186} INFO - Started process (PID=791) to work on /opt/airflow/dags/build_elt_with_dbt.py
[2025-04-19T17:46:38.357+0000] {processor.py:914} INFO - Processing file /opt/airflow/dags/build_elt_with_dbt.py for tasks to queue
[2025-04-19T17:46:38.361+0000] {logging_mixin.py:190} INFO - [2025-04-19T17:46:38.361+0000] {dagbag.py:587} INFO - Filling up the DagBag from /opt/airflow/dags/build_elt_with_dbt.py
[2025-04-19T17:46:38.386+0000] {logging_mixin.py:190} INFO - [2025-04-19T17:46:38.386+0000] {base.py:84} INFO - Retrieving connection 'snowflake_conn'
[2025-04-19T17:46:38.398+0000] {processor.py:925} INFO - DAG(s) 'BuildELT_dbt' retrieved from /opt/airflow/dags/build_elt_with_dbt.py
[2025-04-19T17:46:38.416+0000] {logging_mixin.py:190} INFO - [2025-04-19T17:46:38.416+0000] {dag.py:3229} INFO - Sync 1 DAGs
[2025-04-19T17:46:38.431+0000] {logging_mixin.py:190} INFO - [2025-04-19T17:46:38.431+0000] {dag.py:4156} INFO - Setting next_dagrun for BuildELT_dbt to None, run_after=None
[2025-04-19T17:46:38.445+0000] {processor.py:208} INFO - Processing /opt/airflow/dags/build_elt_with_dbt.py took 0.097 seconds
[2025-04-19T17:47:08.744+0000] {processor.py:186} INFO - Started process (PID=849) to work on /opt/airflow/dags/build_elt_with_dbt.py
[2025-04-19T17:47:08.747+0000] {processor.py:914} INFO - Processing file /opt/airflow/dags/build_elt_with_dbt.py for tasks to queue
[2025-04-19T17:47:08.753+0000] {logging_mixin.py:190} INFO - [2025-04-19T17:47:08.752+0000] {dagbag.py:587} INFO - Filling up the DagBag from /opt/airflow/dags/build_elt_with_dbt.py
[2025-04-19T17:47:08.778+0000] {logging_mixin.py:190} INFO - [2025-04-19T17:47:08.778+0000] {base.py:84} INFO - Retrieving connection 'snowflake_conn'
[2025-04-19T17:47:08.785+0000] {processor.py:925} INFO - DAG(s) 'BuildELT_dbt' retrieved from /opt/airflow/dags/build_elt_with_dbt.py
[2025-04-19T17:47:08.799+0000] {logging_mixin.py:190} INFO - [2025-04-19T17:47:08.799+0000] {dag.py:3229} INFO - Sync 1 DAGs
[2025-04-19T17:47:08.811+0000] {logging_mixin.py:190} INFO - [2025-04-19T17:47:08.811+0000] {dag.py:4156} INFO - Setting next_dagrun for BuildELT_dbt to None, run_after=None
[2025-04-19T17:47:08.823+0000] {processor.py:208} INFO - Processing /opt/airflow/dags/build_elt_with_dbt.py took 0.089 seconds
[2025-04-19T17:47:39.604+0000] {processor.py:186} INFO - Started process (PID=898) to work on /opt/airflow/dags/build_elt_with_dbt.py
[2025-04-19T17:47:39.606+0000] {processor.py:914} INFO - Processing file /opt/airflow/dags/build_elt_with_dbt.py for tasks to queue
[2025-04-19T17:47:39.610+0000] {logging_mixin.py:190} INFO - [2025-04-19T17:47:39.609+0000] {dagbag.py:587} INFO - Filling up the DagBag from /opt/airflow/dags/build_elt_with_dbt.py
[2025-04-19T17:47:39.627+0000] {logging_mixin.py:190} INFO - [2025-04-19T17:47:39.627+0000] {base.py:84} INFO - Retrieving connection 'snowflake_conn'
[2025-04-19T17:47:39.632+0000] {processor.py:925} INFO - DAG(s) 'BuildELT_dbt' retrieved from /opt/airflow/dags/build_elt_with_dbt.py
[2025-04-19T17:47:39.647+0000] {logging_mixin.py:190} INFO - [2025-04-19T17:47:39.647+0000] {dag.py:3229} INFO - Sync 1 DAGs
[2025-04-19T17:47:39.657+0000] {logging_mixin.py:190} INFO - [2025-04-19T17:47:39.657+0000] {dag.py:4156} INFO - Setting next_dagrun for BuildELT_dbt to None, run_after=None
[2025-04-19T17:47:39.669+0000] {processor.py:208} INFO - Processing /opt/airflow/dags/build_elt_with_dbt.py took 0.070 seconds
[2025-04-19T17:48:09.848+0000] {processor.py:186} INFO - Started process (PID=952) to work on /opt/airflow/dags/build_elt_with_dbt.py
[2025-04-19T17:48:09.856+0000] {processor.py:914} INFO - Processing file /opt/airflow/dags/build_elt_with_dbt.py for tasks to queue
[2025-04-19T17:48:09.862+0000] {logging_mixin.py:190} INFO - [2025-04-19T17:48:09.861+0000] {dagbag.py:587} INFO - Filling up the DagBag from /opt/airflow/dags/build_elt_with_dbt.py
[2025-04-19T17:48:09.891+0000] {logging_mixin.py:190} INFO - [2025-04-19T17:48:09.891+0000] {base.py:84} INFO - Retrieving connection 'snowflake_conn'
[2025-04-19T17:48:09.906+0000] {processor.py:925} INFO - DAG(s) 'BuildELT_dbt' retrieved from /opt/airflow/dags/build_elt_with_dbt.py
[2025-04-19T17:48:09.926+0000] {logging_mixin.py:190} INFO - [2025-04-19T17:48:09.926+0000] {dag.py:3229} INFO - Sync 1 DAGs
[2025-04-19T17:48:09.945+0000] {logging_mixin.py:190} INFO - [2025-04-19T17:48:09.944+0000] {dag.py:4156} INFO - Setting next_dagrun for BuildELT_dbt to None, run_after=None
[2025-04-19T17:48:09.959+0000] {processor.py:208} INFO - Processing /opt/airflow/dags/build_elt_with_dbt.py took 0.122 seconds
[2025-04-19T17:48:40.353+0000] {processor.py:186} INFO - Started process (PID=1010) to work on /opt/airflow/dags/build_elt_with_dbt.py
[2025-04-19T17:48:40.354+0000] {processor.py:914} INFO - Processing file /opt/airflow/dags/build_elt_with_dbt.py for tasks to queue
[2025-04-19T17:48:40.360+0000] {logging_mixin.py:190} INFO - [2025-04-19T17:48:40.359+0000] {dagbag.py:587} INFO - Filling up the DagBag from /opt/airflow/dags/build_elt_with_dbt.py
[2025-04-19T17:48:40.396+0000] {logging_mixin.py:190} INFO - [2025-04-19T17:48:40.396+0000] {base.py:84} INFO - Retrieving connection 'snowflake_conn'
[2025-04-19T17:48:40.406+0000] {processor.py:925} INFO - DAG(s) 'BuildELT_dbt' retrieved from /opt/airflow/dags/build_elt_with_dbt.py
[2025-04-19T17:48:40.429+0000] {logging_mixin.py:190} INFO - [2025-04-19T17:48:40.428+0000] {dag.py:3229} INFO - Sync 1 DAGs
[2025-04-19T17:48:40.442+0000] {logging_mixin.py:190} INFO - [2025-04-19T17:48:40.442+0000] {dag.py:4156} INFO - Setting next_dagrun for BuildELT_dbt to None, run_after=None
[2025-04-19T17:48:40.457+0000] {processor.py:208} INFO - Processing /opt/airflow/dags/build_elt_with_dbt.py took 0.114 seconds
[2025-04-19T17:49:10.858+0000] {processor.py:186} INFO - Started process (PID=1068) to work on /opt/airflow/dags/build_elt_with_dbt.py
[2025-04-19T17:49:10.859+0000] {processor.py:914} INFO - Processing file /opt/airflow/dags/build_elt_with_dbt.py for tasks to queue
[2025-04-19T17:49:10.864+0000] {logging_mixin.py:190} INFO - [2025-04-19T17:49:10.863+0000] {dagbag.py:587} INFO - Filling up the DagBag from /opt/airflow/dags/build_elt_with_dbt.py
[2025-04-19T17:49:10.897+0000] {logging_mixin.py:190} INFO - [2025-04-19T17:49:10.897+0000] {base.py:84} INFO - Retrieving connection 'snowflake_conn'
[2025-04-19T17:49:10.908+0000] {processor.py:925} INFO - DAG(s) 'BuildELT_dbt' retrieved from /opt/airflow/dags/build_elt_with_dbt.py
[2025-04-19T17:49:10.931+0000] {logging_mixin.py:190} INFO - [2025-04-19T17:49:10.930+0000] {dag.py:3229} INFO - Sync 1 DAGs
[2025-04-19T17:49:10.950+0000] {logging_mixin.py:190} INFO - [2025-04-19T17:49:10.949+0000] {dag.py:4156} INFO - Setting next_dagrun for BuildELT_dbt to None, run_after=None
[2025-04-19T17:49:10.968+0000] {processor.py:208} INFO - Processing /opt/airflow/dags/build_elt_with_dbt.py took 0.124 seconds
[2025-04-19T17:49:41.522+0000] {processor.py:186} INFO - Started process (PID=1126) to work on /opt/airflow/dags/build_elt_with_dbt.py
[2025-04-19T17:49:41.523+0000] {processor.py:914} INFO - Processing file /opt/airflow/dags/build_elt_with_dbt.py for tasks to queue
[2025-04-19T17:49:41.526+0000] {logging_mixin.py:190} INFO - [2025-04-19T17:49:41.526+0000] {dagbag.py:587} INFO - Filling up the DagBag from /opt/airflow/dags/build_elt_with_dbt.py
[2025-04-19T17:49:41.556+0000] {logging_mixin.py:190} INFO - [2025-04-19T17:49:41.556+0000] {base.py:84} INFO - Retrieving connection 'snowflake_conn'
[2025-04-19T17:49:41.565+0000] {processor.py:925} INFO - DAG(s) 'BuildELT_dbt' retrieved from /opt/airflow/dags/build_elt_with_dbt.py
[2025-04-19T17:49:41.584+0000] {logging_mixin.py:190} INFO - [2025-04-19T17:49:41.584+0000] {dag.py:3229} INFO - Sync 1 DAGs
[2025-04-19T17:49:41.597+0000] {logging_mixin.py:190} INFO - [2025-04-19T17:49:41.597+0000] {dag.py:4156} INFO - Setting next_dagrun for BuildELT_dbt to None, run_after=None
[2025-04-19T17:49:41.611+0000] {processor.py:208} INFO - Processing /opt/airflow/dags/build_elt_with_dbt.py took 0.098 seconds
[2025-04-19T17:50:12.076+0000] {processor.py:186} INFO - Started process (PID=1184) to work on /opt/airflow/dags/build_elt_with_dbt.py
[2025-04-19T17:50:12.077+0000] {processor.py:914} INFO - Processing file /opt/airflow/dags/build_elt_with_dbt.py for tasks to queue
[2025-04-19T17:50:12.082+0000] {logging_mixin.py:190} INFO - [2025-04-19T17:50:12.081+0000] {dagbag.py:587} INFO - Filling up the DagBag from /opt/airflow/dags/build_elt_with_dbt.py
[2025-04-19T17:50:12.108+0000] {logging_mixin.py:190} INFO - [2025-04-19T17:50:12.108+0000] {base.py:84} INFO - Retrieving connection 'snowflake_conn'
[2025-04-19T17:50:12.115+0000] {processor.py:925} INFO - DAG(s) 'BuildELT_dbt' retrieved from /opt/airflow/dags/build_elt_with_dbt.py
[2025-04-19T17:50:12.130+0000] {logging_mixin.py:190} INFO - [2025-04-19T17:50:12.130+0000] {dag.py:3229} INFO - Sync 1 DAGs
[2025-04-19T17:50:12.141+0000] {logging_mixin.py:190} INFO - [2025-04-19T17:50:12.141+0000] {dag.py:4156} INFO - Setting next_dagrun for BuildELT_dbt to None, run_after=None
[2025-04-19T17:50:12.154+0000] {processor.py:208} INFO - Processing /opt/airflow/dags/build_elt_with_dbt.py took 0.087 seconds
[2025-04-19T17:50:42.651+0000] {processor.py:186} INFO - Started process (PID=1242) to work on /opt/airflow/dags/build_elt_with_dbt.py
[2025-04-19T17:50:42.652+0000] {processor.py:914} INFO - Processing file /opt/airflow/dags/build_elt_with_dbt.py for tasks to queue
[2025-04-19T17:50:42.657+0000] {logging_mixin.py:190} INFO - [2025-04-19T17:50:42.657+0000] {dagbag.py:587} INFO - Filling up the DagBag from /opt/airflow/dags/build_elt_with_dbt.py
[2025-04-19T17:50:42.683+0000] {logging_mixin.py:190} INFO - [2025-04-19T17:50:42.683+0000] {base.py:84} INFO - Retrieving connection 'snowflake_conn'
[2025-04-19T17:50:42.692+0000] {processor.py:925} INFO - DAG(s) 'BuildELT_dbt' retrieved from /opt/airflow/dags/build_elt_with_dbt.py
[2025-04-19T17:50:42.707+0000] {logging_mixin.py:190} INFO - [2025-04-19T17:50:42.707+0000] {dag.py:3229} INFO - Sync 1 DAGs
[2025-04-19T17:50:42.719+0000] {logging_mixin.py:190} INFO - [2025-04-19T17:50:42.719+0000] {dag.py:4156} INFO - Setting next_dagrun for BuildELT_dbt to None, run_after=None
[2025-04-19T17:50:42.731+0000] {processor.py:208} INFO - Processing /opt/airflow/dags/build_elt_with_dbt.py took 0.090 seconds
[2025-04-19T17:51:13.500+0000] {processor.py:186} INFO - Started process (PID=1300) to work on /opt/airflow/dags/build_elt_with_dbt.py
[2025-04-19T17:51:13.502+0000] {processor.py:914} INFO - Processing file /opt/airflow/dags/build_elt_with_dbt.py for tasks to queue
[2025-04-19T17:51:13.507+0000] {logging_mixin.py:190} INFO - [2025-04-19T17:51:13.506+0000] {dagbag.py:587} INFO - Filling up the DagBag from /opt/airflow/dags/build_elt_with_dbt.py
[2025-04-19T17:51:13.534+0000] {logging_mixin.py:190} INFO - [2025-04-19T17:51:13.534+0000] {base.py:84} INFO - Retrieving connection 'snowflake_conn'
[2025-04-19T17:51:13.545+0000] {processor.py:925} INFO - DAG(s) 'BuildELT_dbt' retrieved from /opt/airflow/dags/build_elt_with_dbt.py
[2025-04-19T17:51:13.563+0000] {logging_mixin.py:190} INFO - [2025-04-19T17:51:13.563+0000] {dag.py:3229} INFO - Sync 1 DAGs
[2025-04-19T17:51:13.577+0000] {logging_mixin.py:190} INFO - [2025-04-19T17:51:13.577+0000] {dag.py:4156} INFO - Setting next_dagrun for BuildELT_dbt to None, run_after=None
[2025-04-19T17:51:13.591+0000] {processor.py:208} INFO - Processing /opt/airflow/dags/build_elt_with_dbt.py took 0.099 seconds
[2025-04-19T17:51:44.491+0000] {processor.py:186} INFO - Started process (PID=1356) to work on /opt/airflow/dags/build_elt_with_dbt.py
[2025-04-19T17:51:44.491+0000] {processor.py:914} INFO - Processing file /opt/airflow/dags/build_elt_with_dbt.py for tasks to queue
[2025-04-19T17:51:44.493+0000] {logging_mixin.py:190} INFO - [2025-04-19T17:51:44.493+0000] {dagbag.py:587} INFO - Filling up the DagBag from /opt/airflow/dags/build_elt_with_dbt.py
[2025-04-19T17:51:44.515+0000] {logging_mixin.py:190} INFO - [2025-04-19T17:51:44.514+0000] {base.py:84} INFO - Retrieving connection 'snowflake_conn'
[2025-04-19T17:51:44.524+0000] {processor.py:925} INFO - DAG(s) 'BuildELT_dbt' retrieved from /opt/airflow/dags/build_elt_with_dbt.py
[2025-04-19T17:51:44.541+0000] {logging_mixin.py:190} INFO - [2025-04-19T17:51:44.541+0000] {dag.py:3229} INFO - Sync 1 DAGs
[2025-04-19T17:51:44.558+0000] {logging_mixin.py:190} INFO - [2025-04-19T17:51:44.558+0000] {dag.py:4156} INFO - Setting next_dagrun for BuildELT_dbt to None, run_after=None
[2025-04-19T17:51:44.680+0000] {processor.py:208} INFO - Processing /opt/airflow/dags/build_elt_with_dbt.py took 0.194 seconds
[2025-04-19T17:52:14.962+0000] {processor.py:186} INFO - Started process (PID=1404) to work on /opt/airflow/dags/build_elt_with_dbt.py
[2025-04-19T17:52:14.962+0000] {processor.py:914} INFO - Processing file /opt/airflow/dags/build_elt_with_dbt.py for tasks to queue
[2025-04-19T17:52:14.967+0000] {logging_mixin.py:190} INFO - [2025-04-19T17:52:14.966+0000] {dagbag.py:587} INFO - Filling up the DagBag from /opt/airflow/dags/build_elt_with_dbt.py
[2025-04-19T17:52:14.989+0000] {logging_mixin.py:190} INFO - [2025-04-19T17:52:14.989+0000] {base.py:84} INFO - Retrieving connection 'snowflake_conn'
[2025-04-19T17:52:15.004+0000] {processor.py:925} INFO - DAG(s) 'BuildELT_dbt' retrieved from /opt/airflow/dags/build_elt_with_dbt.py
[2025-04-19T17:52:15.025+0000] {logging_mixin.py:190} INFO - [2025-04-19T17:52:15.024+0000] {dag.py:3229} INFO - Sync 1 DAGs
[2025-04-19T17:52:15.039+0000] {logging_mixin.py:190} INFO - [2025-04-19T17:52:15.039+0000] {dag.py:4156} INFO - Setting next_dagrun for BuildELT_dbt to None, run_after=None
[2025-04-19T17:52:15.114+0000] {processor.py:208} INFO - Processing /opt/airflow/dags/build_elt_with_dbt.py took 0.162 seconds
[2025-04-19T17:52:45.275+0000] {processor.py:186} INFO - Started process (PID=1462) to work on /opt/airflow/dags/build_elt_with_dbt.py
[2025-04-19T17:52:45.277+0000] {processor.py:914} INFO - Processing file /opt/airflow/dags/build_elt_with_dbt.py for tasks to queue
[2025-04-19T17:52:45.281+0000] {logging_mixin.py:190} INFO - [2025-04-19T17:52:45.280+0000] {dagbag.py:587} INFO - Filling up the DagBag from /opt/airflow/dags/build_elt_with_dbt.py
[2025-04-19T17:52:45.303+0000] {logging_mixin.py:190} INFO - [2025-04-19T17:52:45.302+0000] {base.py:84} INFO - Retrieving connection 'snowflake_conn'
[2025-04-19T17:52:45.310+0000] {processor.py:925} INFO - DAG(s) 'BuildELT_dbt' retrieved from /opt/airflow/dags/build_elt_with_dbt.py
[2025-04-19T17:52:45.325+0000] {logging_mixin.py:190} INFO - [2025-04-19T17:52:45.325+0000] {dag.py:3229} INFO - Sync 1 DAGs
[2025-04-19T17:52:45.337+0000] {logging_mixin.py:190} INFO - [2025-04-19T17:52:45.337+0000] {dag.py:4156} INFO - Setting next_dagrun for BuildELT_dbt to None, run_after=None
[2025-04-19T17:52:45.348+0000] {processor.py:208} INFO - Processing /opt/airflow/dags/build_elt_with_dbt.py took 0.085 seconds
[2025-04-19T17:53:15.914+0000] {processor.py:186} INFO - Started process (PID=1520) to work on /opt/airflow/dags/build_elt_with_dbt.py
[2025-04-19T17:53:15.916+0000] {processor.py:914} INFO - Processing file /opt/airflow/dags/build_elt_with_dbt.py for tasks to queue
[2025-04-19T17:53:15.921+0000] {logging_mixin.py:190} INFO - [2025-04-19T17:53:15.921+0000] {dagbag.py:587} INFO - Filling up the DagBag from /opt/airflow/dags/build_elt_with_dbt.py
[2025-04-19T17:53:15.951+0000] {logging_mixin.py:190} INFO - [2025-04-19T17:53:15.951+0000] {base.py:84} INFO - Retrieving connection 'snowflake_conn'
[2025-04-19T17:53:15.967+0000] {processor.py:925} INFO - DAG(s) 'BuildELT_dbt' retrieved from /opt/airflow/dags/build_elt_with_dbt.py
[2025-04-19T17:53:15.993+0000] {logging_mixin.py:190} INFO - [2025-04-19T17:53:15.993+0000] {dag.py:3229} INFO - Sync 1 DAGs
[2025-04-19T17:53:16.009+0000] {logging_mixin.py:190} INFO - [2025-04-19T17:53:16.009+0000] {dag.py:4156} INFO - Setting next_dagrun for BuildELT_dbt to None, run_after=None
[2025-04-19T17:53:16.023+0000] {processor.py:208} INFO - Processing /opt/airflow/dags/build_elt_with_dbt.py took 0.123 seconds
[2025-04-19T17:53:46.527+0000] {processor.py:186} INFO - Started process (PID=1578) to work on /opt/airflow/dags/build_elt_with_dbt.py
[2025-04-19T17:53:46.528+0000] {processor.py:914} INFO - Processing file /opt/airflow/dags/build_elt_with_dbt.py for tasks to queue
[2025-04-19T17:53:46.542+0000] {logging_mixin.py:190} INFO - [2025-04-19T17:53:46.542+0000] {dagbag.py:587} INFO - Filling up the DagBag from /opt/airflow/dags/build_elt_with_dbt.py
[2025-04-19T17:53:46.569+0000] {logging_mixin.py:190} INFO - [2025-04-19T17:53:46.568+0000] {base.py:84} INFO - Retrieving connection 'snowflake_conn'
[2025-04-19T17:53:46.578+0000] {processor.py:925} INFO - DAG(s) 'BuildELT_dbt' retrieved from /opt/airflow/dags/build_elt_with_dbt.py
[2025-04-19T17:53:46.605+0000] {logging_mixin.py:190} INFO - [2025-04-19T17:53:46.605+0000] {dag.py:3229} INFO - Sync 1 DAGs
[2025-04-19T17:53:46.626+0000] {logging_mixin.py:190} INFO - [2025-04-19T17:53:46.626+0000] {dag.py:4156} INFO - Setting next_dagrun for BuildELT_dbt to None, run_after=None
[2025-04-19T17:53:46.653+0000] {processor.py:208} INFO - Processing /opt/airflow/dags/build_elt_with_dbt.py took 0.138 seconds
[2025-04-19T17:54:17.369+0000] {processor.py:186} INFO - Started process (PID=1636) to work on /opt/airflow/dags/build_elt_with_dbt.py
[2025-04-19T17:54:17.370+0000] {processor.py:914} INFO - Processing file /opt/airflow/dags/build_elt_with_dbt.py for tasks to queue
[2025-04-19T17:54:17.378+0000] {logging_mixin.py:190} INFO - [2025-04-19T17:54:17.376+0000] {dagbag.py:587} INFO - Filling up the DagBag from /opt/airflow/dags/build_elt_with_dbt.py
[2025-04-19T17:54:17.406+0000] {logging_mixin.py:190} INFO - [2025-04-19T17:54:17.406+0000] {base.py:84} INFO - Retrieving connection 'snowflake_conn'
[2025-04-19T17:54:17.422+0000] {processor.py:925} INFO - DAG(s) 'BuildELT_dbt' retrieved from /opt/airflow/dags/build_elt_with_dbt.py
[2025-04-19T17:54:17.440+0000] {logging_mixin.py:190} INFO - [2025-04-19T17:54:17.440+0000] {dag.py:3229} INFO - Sync 1 DAGs
[2025-04-19T17:54:17.454+0000] {logging_mixin.py:190} INFO - [2025-04-19T17:54:17.453+0000] {dag.py:4156} INFO - Setting next_dagrun for BuildELT_dbt to None, run_after=None
[2025-04-19T17:54:17.467+0000] {processor.py:208} INFO - Processing /opt/airflow/dags/build_elt_with_dbt.py took 0.105 seconds
[2025-04-19T20:57:42.041+0000] {processor.py:186} INFO - Started process (PID=285) to work on /opt/airflow/dags/build_elt_with_dbt.py
[2025-04-19T20:57:42.043+0000] {processor.py:914} INFO - Processing file /opt/airflow/dags/build_elt_with_dbt.py for tasks to queue
[2025-04-19T20:57:42.046+0000] {logging_mixin.py:190} INFO - [2025-04-19T20:57:42.045+0000] {dagbag.py:587} INFO - Filling up the DagBag from /opt/airflow/dags/build_elt_with_dbt.py
[2025-04-19T20:57:42.087+0000] {logging_mixin.py:190} INFO - [2025-04-19T20:57:42.087+0000] {base.py:84} INFO - Retrieving connection 'snowflake_conn'
[2025-04-19T20:57:42.229+0000] {processor.py:925} INFO - DAG(s) 'BuildELT_dbt' retrieved from /opt/airflow/dags/build_elt_with_dbt.py
[2025-04-19T20:57:42.528+0000] {logging_mixin.py:190} INFO - [2025-04-19T20:57:42.527+0000] {dag.py:3229} INFO - Sync 1 DAGs
[2025-04-19T20:57:42.542+0000] {logging_mixin.py:190} INFO - [2025-04-19T20:57:42.541+0000] {dag.py:4156} INFO - Setting next_dagrun for BuildELT_dbt to None, run_after=None
[2025-04-19T20:57:42.562+0000] {processor.py:208} INFO - Processing /opt/airflow/dags/build_elt_with_dbt.py took 0.530 seconds
[2025-04-19T20:58:15.779+0000] {processor.py:186} INFO - Started process (PID=364) to work on /opt/airflow/dags/build_elt_with_dbt.py
[2025-04-19T20:58:15.780+0000] {processor.py:914} INFO - Processing file /opt/airflow/dags/build_elt_with_dbt.py for tasks to queue
[2025-04-19T20:58:15.791+0000] {logging_mixin.py:190} INFO - [2025-04-19T20:58:15.788+0000] {dagbag.py:587} INFO - Filling up the DagBag from /opt/airflow/dags/build_elt_with_dbt.py
[2025-04-19T20:58:15.834+0000] {logging_mixin.py:190} INFO - [2025-04-19T20:58:15.834+0000] {base.py:84} INFO - Retrieving connection 'snowflake_conn'
[2025-04-19T20:58:15.847+0000] {processor.py:925} INFO - DAG(s) 'BuildELT_dbt' retrieved from /opt/airflow/dags/build_elt_with_dbt.py
[2025-04-19T20:58:15.878+0000] {logging_mixin.py:190} INFO - [2025-04-19T20:58:15.877+0000] {dag.py:3229} INFO - Sync 1 DAGs
[2025-04-19T20:58:15.907+0000] {logging_mixin.py:190} INFO - [2025-04-19T20:58:15.906+0000] {dag.py:4156} INFO - Setting next_dagrun for BuildELT_dbt to None, run_after=None
[2025-04-19T20:58:15.933+0000] {processor.py:208} INFO - Processing /opt/airflow/dags/build_elt_with_dbt.py took 0.166 seconds
[2025-04-19T20:58:46.662+0000] {processor.py:186} INFO - Started process (PID=422) to work on /opt/airflow/dags/build_elt_with_dbt.py
[2025-04-19T20:58:46.664+0000] {processor.py:914} INFO - Processing file /opt/airflow/dags/build_elt_with_dbt.py for tasks to queue
[2025-04-19T20:58:46.670+0000] {logging_mixin.py:190} INFO - [2025-04-19T20:58:46.668+0000] {dagbag.py:587} INFO - Filling up the DagBag from /opt/airflow/dags/build_elt_with_dbt.py
[2025-04-19T20:58:46.710+0000] {logging_mixin.py:190} INFO - [2025-04-19T20:58:46.710+0000] {base.py:84} INFO - Retrieving connection 'snowflake_conn'
[2025-04-19T20:58:46.721+0000] {processor.py:925} INFO - DAG(s) 'BuildELT_dbt' retrieved from /opt/airflow/dags/build_elt_with_dbt.py
[2025-04-19T20:58:46.746+0000] {logging_mixin.py:190} INFO - [2025-04-19T20:58:46.746+0000] {dag.py:3229} INFO - Sync 1 DAGs
[2025-04-19T20:58:46.759+0000] {logging_mixin.py:190} INFO - [2025-04-19T20:58:46.759+0000] {dag.py:4156} INFO - Setting next_dagrun for BuildELT_dbt to None, run_after=None
[2025-04-19T20:58:46.778+0000] {processor.py:208} INFO - Processing /opt/airflow/dags/build_elt_with_dbt.py took 0.127 seconds
[2025-04-19T20:59:17.498+0000] {processor.py:186} INFO - Started process (PID=481) to work on /opt/airflow/dags/build_elt_with_dbt.py
[2025-04-19T20:59:17.499+0000] {processor.py:914} INFO - Processing file /opt/airflow/dags/build_elt_with_dbt.py for tasks to queue
[2025-04-19T20:59:17.505+0000] {logging_mixin.py:190} INFO - [2025-04-19T20:59:17.505+0000] {dagbag.py:587} INFO - Filling up the DagBag from /opt/airflow/dags/build_elt_with_dbt.py
[2025-04-19T20:59:17.542+0000] {logging_mixin.py:190} INFO - [2025-04-19T20:59:17.542+0000] {base.py:84} INFO - Retrieving connection 'snowflake_conn'
[2025-04-19T20:59:17.565+0000] {processor.py:925} INFO - DAG(s) 'BuildELT_dbt' retrieved from /opt/airflow/dags/build_elt_with_dbt.py
[2025-04-19T20:59:17.590+0000] {logging_mixin.py:190} INFO - [2025-04-19T20:59:17.590+0000] {dag.py:3229} INFO - Sync 1 DAGs
[2025-04-19T20:59:17.610+0000] {logging_mixin.py:190} INFO - [2025-04-19T20:59:17.610+0000] {dag.py:4156} INFO - Setting next_dagrun for BuildELT_dbt to None, run_after=None
[2025-04-19T20:59:17.626+0000] {processor.py:208} INFO - Processing /opt/airflow/dags/build_elt_with_dbt.py took 0.146 seconds
[2025-04-19T20:59:47.715+0000] {processor.py:186} INFO - Started process (PID=542) to work on /opt/airflow/dags/build_elt_with_dbt.py
[2025-04-19T20:59:47.717+0000] {processor.py:914} INFO - Processing file /opt/airflow/dags/build_elt_with_dbt.py for tasks to queue
[2025-04-19T20:59:47.721+0000] {logging_mixin.py:190} INFO - [2025-04-19T20:59:47.720+0000] {dagbag.py:587} INFO - Filling up the DagBag from /opt/airflow/dags/build_elt_with_dbt.py
[2025-04-19T20:59:47.761+0000] {logging_mixin.py:190} INFO - [2025-04-19T20:59:47.760+0000] {base.py:84} INFO - Retrieving connection 'snowflake_conn'
[2025-04-19T20:59:47.776+0000] {processor.py:925} INFO - DAG(s) 'BuildELT_dbt' retrieved from /opt/airflow/dags/build_elt_with_dbt.py
[2025-04-19T20:59:47.808+0000] {logging_mixin.py:190} INFO - [2025-04-19T20:59:47.807+0000] {dag.py:3229} INFO - Sync 1 DAGs
[2025-04-19T20:59:47.824+0000] {logging_mixin.py:190} INFO - [2025-04-19T20:59:47.824+0000] {dag.py:4156} INFO - Setting next_dagrun for BuildELT_dbt to None, run_after=None
[2025-04-19T20:59:47.840+0000] {processor.py:208} INFO - Processing /opt/airflow/dags/build_elt_with_dbt.py took 0.137 seconds
[2025-04-19T21:00:18.847+0000] {processor.py:186} INFO - Started process (PID=600) to work on /opt/airflow/dags/build_elt_with_dbt.py
[2025-04-19T21:00:18.848+0000] {processor.py:914} INFO - Processing file /opt/airflow/dags/build_elt_with_dbt.py for tasks to queue
[2025-04-19T21:00:18.852+0000] {logging_mixin.py:190} INFO - [2025-04-19T21:00:18.851+0000] {dagbag.py:587} INFO - Filling up the DagBag from /opt/airflow/dags/build_elt_with_dbt.py
[2025-04-19T21:00:18.891+0000] {logging_mixin.py:190} INFO - [2025-04-19T21:00:18.891+0000] {base.py:84} INFO - Retrieving connection 'snowflake_conn'
[2025-04-19T21:00:18.900+0000] {processor.py:925} INFO - DAG(s) 'BuildELT_dbt' retrieved from /opt/airflow/dags/build_elt_with_dbt.py
[2025-04-19T21:00:18.923+0000] {logging_mixin.py:190} INFO - [2025-04-19T21:00:18.923+0000] {dag.py:3229} INFO - Sync 1 DAGs
[2025-04-19T21:00:18.938+0000] {logging_mixin.py:190} INFO - [2025-04-19T21:00:18.938+0000] {dag.py:4156} INFO - Setting next_dagrun for BuildELT_dbt to None, run_after=None
[2025-04-19T21:00:18.962+0000] {processor.py:208} INFO - Processing /opt/airflow/dags/build_elt_with_dbt.py took 0.127 seconds
[2025-04-19T21:00:49.676+0000] {processor.py:186} INFO - Started process (PID=658) to work on /opt/airflow/dags/build_elt_with_dbt.py
[2025-04-19T21:00:49.680+0000] {processor.py:914} INFO - Processing file /opt/airflow/dags/build_elt_with_dbt.py for tasks to queue
[2025-04-19T21:00:49.688+0000] {logging_mixin.py:190} INFO - [2025-04-19T21:00:49.687+0000] {dagbag.py:587} INFO - Filling up the DagBag from /opt/airflow/dags/build_elt_with_dbt.py
[2025-04-19T21:00:49.729+0000] {logging_mixin.py:190} INFO - [2025-04-19T21:00:49.728+0000] {base.py:84} INFO - Retrieving connection 'snowflake_conn'
[2025-04-19T21:00:49.741+0000] {processor.py:925} INFO - DAG(s) 'BuildELT_dbt' retrieved from /opt/airflow/dags/build_elt_with_dbt.py
[2025-04-19T21:00:49.761+0000] {logging_mixin.py:190} INFO - [2025-04-19T21:00:49.760+0000] {dag.py:3229} INFO - Sync 1 DAGs
[2025-04-19T21:00:49.777+0000] {logging_mixin.py:190} INFO - [2025-04-19T21:00:49.777+0000] {dag.py:4156} INFO - Setting next_dagrun for BuildELT_dbt to None, run_after=None
[2025-04-19T21:00:49.796+0000] {processor.py:208} INFO - Processing /opt/airflow/dags/build_elt_with_dbt.py took 0.137 seconds
[2025-04-19T21:01:20.770+0000] {processor.py:186} INFO - Started process (PID=716) to work on /opt/airflow/dags/build_elt_with_dbt.py
[2025-04-19T21:01:20.772+0000] {processor.py:914} INFO - Processing file /opt/airflow/dags/build_elt_with_dbt.py for tasks to queue
[2025-04-19T21:01:20.781+0000] {logging_mixin.py:190} INFO - [2025-04-19T21:01:20.780+0000] {dagbag.py:587} INFO - Filling up the DagBag from /opt/airflow/dags/build_elt_with_dbt.py
[2025-04-19T21:01:20.815+0000] {logging_mixin.py:190} INFO - [2025-04-19T21:01:20.815+0000] {base.py:84} INFO - Retrieving connection 'snowflake_conn'
[2025-04-19T21:01:20.827+0000] {processor.py:925} INFO - DAG(s) 'BuildELT_dbt' retrieved from /opt/airflow/dags/build_elt_with_dbt.py
[2025-04-19T21:01:20.844+0000] {logging_mixin.py:190} INFO - [2025-04-19T21:01:20.844+0000] {dag.py:3229} INFO - Sync 1 DAGs
[2025-04-19T21:01:20.860+0000] {logging_mixin.py:190} INFO - [2025-04-19T21:01:20.860+0000] {dag.py:4156} INFO - Setting next_dagrun for BuildELT_dbt to None, run_after=None
[2025-04-19T21:01:20.874+0000] {processor.py:208} INFO - Processing /opt/airflow/dags/build_elt_with_dbt.py took 0.117 seconds
[2025-04-19T21:01:51.656+0000] {processor.py:186} INFO - Started process (PID=765) to work on /opt/airflow/dags/build_elt_with_dbt.py
[2025-04-19T21:01:51.657+0000] {processor.py:914} INFO - Processing file /opt/airflow/dags/build_elt_with_dbt.py for tasks to queue
[2025-04-19T21:01:51.660+0000] {logging_mixin.py:190} INFO - [2025-04-19T21:01:51.660+0000] {dagbag.py:587} INFO - Filling up the DagBag from /opt/airflow/dags/build_elt_with_dbt.py
[2025-04-19T21:01:51.682+0000] {logging_mixin.py:190} INFO - [2025-04-19T21:01:51.682+0000] {base.py:84} INFO - Retrieving connection 'snowflake_conn'
[2025-04-19T21:01:51.689+0000] {processor.py:925} INFO - DAG(s) 'BuildELT_dbt' retrieved from /opt/airflow/dags/build_elt_with_dbt.py
[2025-04-19T21:01:51.707+0000] {logging_mixin.py:190} INFO - [2025-04-19T21:01:51.706+0000] {dag.py:3229} INFO - Sync 1 DAGs
[2025-04-19T21:01:51.721+0000] {logging_mixin.py:190} INFO - [2025-04-19T21:01:51.720+0000] {dag.py:4156} INFO - Setting next_dagrun for BuildELT_dbt to None, run_after=None
[2025-04-19T21:01:51.734+0000] {processor.py:208} INFO - Processing /opt/airflow/dags/build_elt_with_dbt.py took 0.084 seconds
[2025-04-19T21:02:22.078+0000] {processor.py:186} INFO - Started process (PID=821) to work on /opt/airflow/dags/build_elt_with_dbt.py
[2025-04-19T21:02:22.080+0000] {processor.py:914} INFO - Processing file /opt/airflow/dags/build_elt_with_dbt.py for tasks to queue
[2025-04-19T21:02:22.086+0000] {logging_mixin.py:190} INFO - [2025-04-19T21:02:22.085+0000] {dagbag.py:587} INFO - Filling up the DagBag from /opt/airflow/dags/build_elt_with_dbt.py
[2025-04-19T21:02:22.125+0000] {logging_mixin.py:190} INFO - [2025-04-19T21:02:22.125+0000] {base.py:84} INFO - Retrieving connection 'snowflake_conn'
[2025-04-19T21:02:22.140+0000] {processor.py:925} INFO - DAG(s) 'BuildELT_dbt' retrieved from /opt/airflow/dags/build_elt_with_dbt.py
[2025-04-19T21:02:22.163+0000] {logging_mixin.py:190} INFO - [2025-04-19T21:02:22.163+0000] {dag.py:3229} INFO - Sync 1 DAGs
[2025-04-19T21:02:22.178+0000] {logging_mixin.py:190} INFO - [2025-04-19T21:02:22.178+0000] {dag.py:4156} INFO - Setting next_dagrun for BuildELT_dbt to None, run_after=None
[2025-04-19T21:02:22.198+0000] {processor.py:208} INFO - Processing /opt/airflow/dags/build_elt_with_dbt.py took 0.140 seconds
[2025-04-19T21:02:52.327+0000] {processor.py:186} INFO - Started process (PID=879) to work on /opt/airflow/dags/build_elt_with_dbt.py
[2025-04-19T21:02:52.328+0000] {processor.py:914} INFO - Processing file /opt/airflow/dags/build_elt_with_dbt.py for tasks to queue
[2025-04-19T21:02:52.334+0000] {logging_mixin.py:190} INFO - [2025-04-19T21:02:52.333+0000] {dagbag.py:587} INFO - Filling up the DagBag from /opt/airflow/dags/build_elt_with_dbt.py
[2025-04-19T21:02:52.369+0000] {logging_mixin.py:190} INFO - [2025-04-19T21:02:52.369+0000] {base.py:84} INFO - Retrieving connection 'snowflake_conn'
[2025-04-19T21:02:52.379+0000] {processor.py:925} INFO - DAG(s) 'BuildELT_dbt' retrieved from /opt/airflow/dags/build_elt_with_dbt.py
[2025-04-19T21:02:52.400+0000] {logging_mixin.py:190} INFO - [2025-04-19T21:02:52.399+0000] {dag.py:3229} INFO - Sync 1 DAGs
[2025-04-19T21:02:52.418+0000] {logging_mixin.py:190} INFO - [2025-04-19T21:02:52.418+0000] {dag.py:4156} INFO - Setting next_dagrun for BuildELT_dbt to None, run_after=None
[2025-04-19T21:02:52.432+0000] {processor.py:208} INFO - Processing /opt/airflow/dags/build_elt_with_dbt.py took 0.115 seconds
[2025-04-19T21:03:23.317+0000] {processor.py:186} INFO - Started process (PID=937) to work on /opt/airflow/dags/build_elt_with_dbt.py
[2025-04-19T21:03:23.319+0000] {processor.py:914} INFO - Processing file /opt/airflow/dags/build_elt_with_dbt.py for tasks to queue
[2025-04-19T21:03:23.327+0000] {logging_mixin.py:190} INFO - [2025-04-19T21:03:23.325+0000] {dagbag.py:587} INFO - Filling up the DagBag from /opt/airflow/dags/build_elt_with_dbt.py
[2025-04-19T21:03:23.380+0000] {logging_mixin.py:190} INFO - [2025-04-19T21:03:23.380+0000] {base.py:84} INFO - Retrieving connection 'snowflake_conn'
[2025-04-19T21:03:23.391+0000] {processor.py:925} INFO - DAG(s) 'BuildELT_dbt' retrieved from /opt/airflow/dags/build_elt_with_dbt.py
[2025-04-19T21:03:23.413+0000] {logging_mixin.py:190} INFO - [2025-04-19T21:03:23.413+0000] {dag.py:3229} INFO - Sync 1 DAGs
[2025-04-19T21:03:23.428+0000] {logging_mixin.py:190} INFO - [2025-04-19T21:03:23.428+0000] {dag.py:4156} INFO - Setting next_dagrun for BuildELT_dbt to None, run_after=None
[2025-04-19T21:03:23.448+0000] {processor.py:208} INFO - Processing /opt/airflow/dags/build_elt_with_dbt.py took 0.183 seconds
[2025-04-19T21:03:54.243+0000] {processor.py:186} INFO - Started process (PID=995) to work on /opt/airflow/dags/build_elt_with_dbt.py
[2025-04-19T21:03:54.244+0000] {processor.py:914} INFO - Processing file /opt/airflow/dags/build_elt_with_dbt.py for tasks to queue
[2025-04-19T21:03:54.254+0000] {logging_mixin.py:190} INFO - [2025-04-19T21:03:54.253+0000] {dagbag.py:587} INFO - Filling up the DagBag from /opt/airflow/dags/build_elt_with_dbt.py
[2025-04-19T21:03:54.303+0000] {logging_mixin.py:190} INFO - [2025-04-19T21:03:54.302+0000] {base.py:84} INFO - Retrieving connection 'snowflake_conn'
[2025-04-19T21:03:54.319+0000] {processor.py:925} INFO - DAG(s) 'BuildELT_dbt' retrieved from /opt/airflow/dags/build_elt_with_dbt.py
[2025-04-19T21:03:54.344+0000] {logging_mixin.py:190} INFO - [2025-04-19T21:03:54.344+0000] {dag.py:3229} INFO - Sync 1 DAGs
[2025-04-19T21:03:54.362+0000] {logging_mixin.py:190} INFO - [2025-04-19T21:03:54.362+0000] {dag.py:4156} INFO - Setting next_dagrun for BuildELT_dbt to None, run_after=None
[2025-04-19T21:03:54.378+0000] {processor.py:208} INFO - Processing /opt/airflow/dags/build_elt_with_dbt.py took 0.151 seconds
[2025-04-19T21:04:24.824+0000] {processor.py:186} INFO - Started process (PID=1053) to work on /opt/airflow/dags/build_elt_with_dbt.py
[2025-04-19T21:04:24.826+0000] {processor.py:914} INFO - Processing file /opt/airflow/dags/build_elt_with_dbt.py for tasks to queue
[2025-04-19T21:04:24.839+0000] {logging_mixin.py:190} INFO - [2025-04-19T21:04:24.838+0000] {dagbag.py:587} INFO - Filling up the DagBag from /opt/airflow/dags/build_elt_with_dbt.py
[2025-04-19T21:04:24.886+0000] {logging_mixin.py:190} INFO - [2025-04-19T21:04:24.885+0000] {base.py:84} INFO - Retrieving connection 'snowflake_conn'
[2025-04-19T21:04:24.902+0000] {processor.py:925} INFO - DAG(s) 'BuildELT_dbt' retrieved from /opt/airflow/dags/build_elt_with_dbt.py
[2025-04-19T21:04:24.930+0000] {logging_mixin.py:190} INFO - [2025-04-19T21:04:24.929+0000] {dag.py:3229} INFO - Sync 1 DAGs
[2025-04-19T21:04:24.947+0000] {logging_mixin.py:190} INFO - [2025-04-19T21:04:24.946+0000] {dag.py:4156} INFO - Setting next_dagrun for BuildELT_dbt to None, run_after=None
[2025-04-19T21:04:24.983+0000] {processor.py:208} INFO - Processing /opt/airflow/dags/build_elt_with_dbt.py took 0.173 seconds
[2025-04-19T21:04:55.726+0000] {processor.py:186} INFO - Started process (PID=1111) to work on /opt/airflow/dags/build_elt_with_dbt.py
[2025-04-19T21:04:55.730+0000] {processor.py:914} INFO - Processing file /opt/airflow/dags/build_elt_with_dbt.py for tasks to queue
[2025-04-19T21:04:55.739+0000] {logging_mixin.py:190} INFO - [2025-04-19T21:04:55.738+0000] {dagbag.py:587} INFO - Filling up the DagBag from /opt/airflow/dags/build_elt_with_dbt.py
[2025-04-19T21:04:55.809+0000] {logging_mixin.py:190} INFO - [2025-04-19T21:04:55.808+0000] {base.py:84} INFO - Retrieving connection 'snowflake_conn'
[2025-04-19T21:04:55.818+0000] {processor.py:925} INFO - DAG(s) 'BuildELT_dbt' retrieved from /opt/airflow/dags/build_elt_with_dbt.py
[2025-04-19T21:04:55.848+0000] {logging_mixin.py:190} INFO - [2025-04-19T21:04:55.848+0000] {dag.py:3229} INFO - Sync 1 DAGs
[2025-04-19T21:04:55.865+0000] {logging_mixin.py:190} INFO - [2025-04-19T21:04:55.865+0000] {dag.py:4156} INFO - Setting next_dagrun for BuildELT_dbt to None, run_after=None
[2025-04-19T21:04:55.885+0000] {processor.py:208} INFO - Processing /opt/airflow/dags/build_elt_with_dbt.py took 0.176 seconds
