[2025-04-19T17:41:32.977+0000] {processor.py:186} INFO - Started process (PID=222) to work on /opt/airflow/dags/country_capital_to_snowflake.py
[2025-04-19T17:41:32.978+0000] {processor.py:914} INFO - Processing file /opt/airflow/dags/country_capital_to_snowflake.py for tasks to queue
[2025-04-19T17:41:32.981+0000] {logging_mixin.py:190} INFO - [2025-04-19T17:41:32.981+0000] {dagbag.py:587} INFO - Filling up the DagBag from /opt/airflow/dags/country_capital_to_snowflake.py
[2025-04-19T17:41:33.014+0000] {processor.py:925} INFO - DAG(s) 'CountryCaptial' retrieved from /opt/airflow/dags/country_capital_to_snowflake.py
[2025-04-19T17:41:33.028+0000] {logging_mixin.py:190} INFO - [2025-04-19T17:41:33.028+0000] {dag.py:3229} INFO - Sync 1 DAGs
[2025-04-19T17:41:33.051+0000] {logging_mixin.py:190} INFO - [2025-04-19T17:41:33.051+0000] {dag.py:4156} INFO - Setting next_dagrun for CountryCaptial to 2025-04-18 02:00:00+00:00, run_after=2025-04-19 02:00:00+00:00
[2025-04-19T17:41:33.065+0000] {processor.py:208} INFO - Processing /opt/airflow/dags/country_capital_to_snowflake.py took 0.095 seconds
[2025-04-19T17:42:03.106+0000] {processor.py:186} INFO - Started process (PID=298) to work on /opt/airflow/dags/country_capital_to_snowflake.py
[2025-04-19T17:42:03.108+0000] {processor.py:914} INFO - Processing file /opt/airflow/dags/country_capital_to_snowflake.py for tasks to queue
[2025-04-19T17:42:03.112+0000] {logging_mixin.py:190} INFO - [2025-04-19T17:42:03.111+0000] {dagbag.py:587} INFO - Filling up the DagBag from /opt/airflow/dags/country_capital_to_snowflake.py
[2025-04-19T17:42:03.139+0000] {processor.py:925} INFO - DAG(s) 'CountryCaptial' retrieved from /opt/airflow/dags/country_capital_to_snowflake.py
[2025-04-19T17:42:03.158+0000] {logging_mixin.py:190} INFO - [2025-04-19T17:42:03.157+0000] {dag.py:3229} INFO - Sync 1 DAGs
[2025-04-19T17:42:03.179+0000] {logging_mixin.py:190} INFO - [2025-04-19T17:42:03.179+0000] {dag.py:4156} INFO - Setting next_dagrun for CountryCaptial to 2025-04-18 02:00:00+00:00, run_after=2025-04-19 02:00:00+00:00
[2025-04-19T17:42:03.190+0000] {processor.py:208} INFO - Processing /opt/airflow/dags/country_capital_to_snowflake.py took 0.088 seconds
[2025-04-19T17:42:34.044+0000] {processor.py:186} INFO - Started process (PID=357) to work on /opt/airflow/dags/country_capital_to_snowflake.py
[2025-04-19T17:42:34.045+0000] {processor.py:914} INFO - Processing file /opt/airflow/dags/country_capital_to_snowflake.py for tasks to queue
[2025-04-19T17:42:34.047+0000] {logging_mixin.py:190} INFO - [2025-04-19T17:42:34.047+0000] {dagbag.py:587} INFO - Filling up the DagBag from /opt/airflow/dags/country_capital_to_snowflake.py
[2025-04-19T17:42:34.069+0000] {processor.py:925} INFO - DAG(s) 'CountryCaptial' retrieved from /opt/airflow/dags/country_capital_to_snowflake.py
[2025-04-19T17:42:34.083+0000] {logging_mixin.py:190} INFO - [2025-04-19T17:42:34.083+0000] {dag.py:3229} INFO - Sync 1 DAGs
[2025-04-19T17:42:34.105+0000] {logging_mixin.py:190} INFO - [2025-04-19T17:42:34.104+0000] {dag.py:4156} INFO - Setting next_dagrun for CountryCaptial to 2025-04-18 02:00:00+00:00, run_after=2025-04-19 02:00:00+00:00
[2025-04-19T17:42:34.116+0000] {processor.py:208} INFO - Processing /opt/airflow/dags/country_capital_to_snowflake.py took 0.076 seconds
[2025-04-19T17:43:04.892+0000] {processor.py:186} INFO - Started process (PID=415) to work on /opt/airflow/dags/country_capital_to_snowflake.py
[2025-04-19T17:43:04.893+0000] {processor.py:914} INFO - Processing file /opt/airflow/dags/country_capital_to_snowflake.py for tasks to queue
[2025-04-19T17:43:04.895+0000] {logging_mixin.py:190} INFO - [2025-04-19T17:43:04.894+0000] {dagbag.py:587} INFO - Filling up the DagBag from /opt/airflow/dags/country_capital_to_snowflake.py
[2025-04-19T17:43:04.911+0000] {processor.py:925} INFO - DAG(s) 'CountryCaptial' retrieved from /opt/airflow/dags/country_capital_to_snowflake.py
[2025-04-19T17:43:04.925+0000] {logging_mixin.py:190} INFO - [2025-04-19T17:43:04.924+0000] {dag.py:3229} INFO - Sync 1 DAGs
[2025-04-19T17:43:04.951+0000] {logging_mixin.py:190} INFO - [2025-04-19T17:43:04.951+0000] {dag.py:4156} INFO - Setting next_dagrun for CountryCaptial to 2025-04-18 02:00:00+00:00, run_after=2025-04-19 02:00:00+00:00
[2025-04-19T17:43:04.961+0000] {processor.py:208} INFO - Processing /opt/airflow/dags/country_capital_to_snowflake.py took 0.073 seconds
[2025-04-19T17:43:35.563+0000] {processor.py:186} INFO - Started process (PID=473) to work on /opt/airflow/dags/country_capital_to_snowflake.py
[2025-04-19T17:43:35.564+0000] {processor.py:914} INFO - Processing file /opt/airflow/dags/country_capital_to_snowflake.py for tasks to queue
[2025-04-19T17:43:35.566+0000] {logging_mixin.py:190} INFO - [2025-04-19T17:43:35.566+0000] {dagbag.py:587} INFO - Filling up the DagBag from /opt/airflow/dags/country_capital_to_snowflake.py
[2025-04-19T17:43:35.591+0000] {processor.py:925} INFO - DAG(s) 'CountryCaptial' retrieved from /opt/airflow/dags/country_capital_to_snowflake.py
[2025-04-19T17:43:35.607+0000] {logging_mixin.py:190} INFO - [2025-04-19T17:43:35.607+0000] {dag.py:3229} INFO - Sync 1 DAGs
[2025-04-19T17:43:35.624+0000] {logging_mixin.py:190} INFO - [2025-04-19T17:43:35.624+0000] {dag.py:4156} INFO - Setting next_dagrun for CountryCaptial to 2025-04-18 02:00:00+00:00, run_after=2025-04-19 02:00:00+00:00
[2025-04-19T17:43:35.635+0000] {processor.py:208} INFO - Processing /opt/airflow/dags/country_capital_to_snowflake.py took 0.076 seconds
[2025-04-19T17:44:06.255+0000] {processor.py:186} INFO - Started process (PID=531) to work on /opt/airflow/dags/country_capital_to_snowflake.py
[2025-04-19T17:44:06.256+0000] {processor.py:914} INFO - Processing file /opt/airflow/dags/country_capital_to_snowflake.py for tasks to queue
[2025-04-19T17:44:06.259+0000] {logging_mixin.py:190} INFO - [2025-04-19T17:44:06.259+0000] {dagbag.py:587} INFO - Filling up the DagBag from /opt/airflow/dags/country_capital_to_snowflake.py
[2025-04-19T17:44:06.280+0000] {processor.py:925} INFO - DAG(s) 'CountryCaptial' retrieved from /opt/airflow/dags/country_capital_to_snowflake.py
[2025-04-19T17:44:06.293+0000] {logging_mixin.py:190} INFO - [2025-04-19T17:44:06.293+0000] {dag.py:3229} INFO - Sync 1 DAGs
[2025-04-19T17:44:06.314+0000] {logging_mixin.py:190} INFO - [2025-04-19T17:44:06.314+0000] {dag.py:4156} INFO - Setting next_dagrun for CountryCaptial to 2025-04-18 02:00:00+00:00, run_after=2025-04-19 02:00:00+00:00
[2025-04-19T17:44:06.324+0000] {processor.py:208} INFO - Processing /opt/airflow/dags/country_capital_to_snowflake.py took 0.073 seconds
[2025-04-19T17:44:36.760+0000] {processor.py:186} INFO - Started process (PID=589) to work on /opt/airflow/dags/country_capital_to_snowflake.py
[2025-04-19T17:44:36.761+0000] {processor.py:914} INFO - Processing file /opt/airflow/dags/country_capital_to_snowflake.py for tasks to queue
[2025-04-19T17:44:36.763+0000] {logging_mixin.py:190} INFO - [2025-04-19T17:44:36.762+0000] {dagbag.py:587} INFO - Filling up the DagBag from /opt/airflow/dags/country_capital_to_snowflake.py
[2025-04-19T17:44:36.781+0000] {processor.py:925} INFO - DAG(s) 'CountryCaptial' retrieved from /opt/airflow/dags/country_capital_to_snowflake.py
[2025-04-19T17:44:36.793+0000] {logging_mixin.py:190} INFO - [2025-04-19T17:44:36.793+0000] {dag.py:3229} INFO - Sync 1 DAGs
[2025-04-19T17:44:36.811+0000] {logging_mixin.py:190} INFO - [2025-04-19T17:44:36.811+0000] {dag.py:4156} INFO - Setting next_dagrun for CountryCaptial to 2025-04-18 02:00:00+00:00, run_after=2025-04-19 02:00:00+00:00
[2025-04-19T17:44:36.822+0000] {processor.py:208} INFO - Processing /opt/airflow/dags/country_capital_to_snowflake.py took 0.069 seconds
[2025-04-19T17:45:07.956+0000] {processor.py:186} INFO - Started process (PID=647) to work on /opt/airflow/dags/country_capital_to_snowflake.py
[2025-04-19T17:45:07.957+0000] {processor.py:914} INFO - Processing file /opt/airflow/dags/country_capital_to_snowflake.py for tasks to queue
[2025-04-19T17:45:07.960+0000] {logging_mixin.py:190} INFO - [2025-04-19T17:45:07.959+0000] {dagbag.py:587} INFO - Filling up the DagBag from /opt/airflow/dags/country_capital_to_snowflake.py
[2025-04-19T17:45:07.999+0000] {processor.py:925} INFO - DAG(s) 'CountryCaptial' retrieved from /opt/airflow/dags/country_capital_to_snowflake.py
[2025-04-19T17:45:08.017+0000] {logging_mixin.py:190} INFO - [2025-04-19T17:45:08.016+0000] {dag.py:3229} INFO - Sync 1 DAGs
[2025-04-19T17:45:08.042+0000] {logging_mixin.py:190} INFO - [2025-04-19T17:45:08.042+0000] {dag.py:4156} INFO - Setting next_dagrun for CountryCaptial to 2025-04-18 02:00:00+00:00, run_after=2025-04-19 02:00:00+00:00
[2025-04-19T17:45:08.056+0000] {processor.py:208} INFO - Processing /opt/airflow/dags/country_capital_to_snowflake.py took 0.105 seconds
[2025-04-19T17:45:38.171+0000] {processor.py:186} INFO - Started process (PID=698) to work on /opt/airflow/dags/country_capital_to_snowflake.py
[2025-04-19T17:45:38.172+0000] {processor.py:914} INFO - Processing file /opt/airflow/dags/country_capital_to_snowflake.py for tasks to queue
[2025-04-19T17:45:38.174+0000] {logging_mixin.py:190} INFO - [2025-04-19T17:45:38.173+0000] {dagbag.py:587} INFO - Filling up the DagBag from /opt/airflow/dags/country_capital_to_snowflake.py
[2025-04-19T17:45:38.190+0000] {processor.py:925} INFO - DAG(s) 'CountryCaptial' retrieved from /opt/airflow/dags/country_capital_to_snowflake.py
[2025-04-19T17:45:38.202+0000] {logging_mixin.py:190} INFO - [2025-04-19T17:45:38.202+0000] {dag.py:3229} INFO - Sync 1 DAGs
[2025-04-19T17:45:38.218+0000] {logging_mixin.py:190} INFO - [2025-04-19T17:45:38.218+0000] {dag.py:4156} INFO - Setting next_dagrun for CountryCaptial to 2025-04-18 02:00:00+00:00, run_after=2025-04-19 02:00:00+00:00
[2025-04-19T17:45:38.229+0000] {processor.py:208} INFO - Processing /opt/airflow/dags/country_capital_to_snowflake.py took 0.061 seconds
[2025-04-19T17:46:08.312+0000] {processor.py:186} INFO - Started process (PID=751) to work on /opt/airflow/dags/country_capital_to_snowflake.py
[2025-04-19T17:46:08.313+0000] {processor.py:914} INFO - Processing file /opt/airflow/dags/country_capital_to_snowflake.py for tasks to queue
[2025-04-19T17:46:08.315+0000] {logging_mixin.py:190} INFO - [2025-04-19T17:46:08.315+0000] {dagbag.py:587} INFO - Filling up the DagBag from /opt/airflow/dags/country_capital_to_snowflake.py
[2025-04-19T17:46:08.338+0000] {processor.py:925} INFO - DAG(s) 'CountryCaptial' retrieved from /opt/airflow/dags/country_capital_to_snowflake.py
[2025-04-19T17:46:08.359+0000] {logging_mixin.py:190} INFO - [2025-04-19T17:46:08.359+0000] {dag.py:3229} INFO - Sync 1 DAGs
[2025-04-19T17:46:08.386+0000] {logging_mixin.py:190} INFO - [2025-04-19T17:46:08.386+0000] {dag.py:4156} INFO - Setting next_dagrun for CountryCaptial to 2025-04-18 02:00:00+00:00, run_after=2025-04-19 02:00:00+00:00
[2025-04-19T17:46:08.398+0000] {processor.py:208} INFO - Processing /opt/airflow/dags/country_capital_to_snowflake.py took 0.090 seconds
[2025-04-19T17:46:38.653+0000] {processor.py:186} INFO - Started process (PID=809) to work on /opt/airflow/dags/country_capital_to_snowflake.py
[2025-04-19T17:46:38.654+0000] {processor.py:914} INFO - Processing file /opt/airflow/dags/country_capital_to_snowflake.py for tasks to queue
[2025-04-19T17:46:38.655+0000] {logging_mixin.py:190} INFO - [2025-04-19T17:46:38.655+0000] {dagbag.py:587} INFO - Filling up the DagBag from /opt/airflow/dags/country_capital_to_snowflake.py
[2025-04-19T17:46:38.675+0000] {processor.py:925} INFO - DAG(s) 'CountryCaptial' retrieved from /opt/airflow/dags/country_capital_to_snowflake.py
[2025-04-19T17:46:38.691+0000] {logging_mixin.py:190} INFO - [2025-04-19T17:46:38.691+0000] {dag.py:3229} INFO - Sync 1 DAGs
[2025-04-19T17:46:38.708+0000] {logging_mixin.py:190} INFO - [2025-04-19T17:46:38.708+0000] {dag.py:4156} INFO - Setting next_dagrun for CountryCaptial to 2025-04-18 02:00:00+00:00, run_after=2025-04-19 02:00:00+00:00
[2025-04-19T17:46:38.723+0000] {processor.py:208} INFO - Processing /opt/airflow/dags/country_capital_to_snowflake.py took 0.074 seconds
[2025-04-19T17:47:08.960+0000] {processor.py:186} INFO - Started process (PID=867) to work on /opt/airflow/dags/country_capital_to_snowflake.py
[2025-04-19T17:47:08.961+0000] {processor.py:914} INFO - Processing file /opt/airflow/dags/country_capital_to_snowflake.py for tasks to queue
[2025-04-19T17:47:08.963+0000] {logging_mixin.py:190} INFO - [2025-04-19T17:47:08.963+0000] {dagbag.py:587} INFO - Filling up the DagBag from /opt/airflow/dags/country_capital_to_snowflake.py
[2025-04-19T17:47:08.985+0000] {processor.py:925} INFO - DAG(s) 'CountryCaptial' retrieved from /opt/airflow/dags/country_capital_to_snowflake.py
[2025-04-19T17:47:08.997+0000] {logging_mixin.py:190} INFO - [2025-04-19T17:47:08.997+0000] {dag.py:3229} INFO - Sync 1 DAGs
[2025-04-19T17:47:09.013+0000] {logging_mixin.py:190} INFO - [2025-04-19T17:47:09.012+0000] {dag.py:4156} INFO - Setting next_dagrun for CountryCaptial to 2025-04-18 02:00:00+00:00, run_after=2025-04-19 02:00:00+00:00
[2025-04-19T17:47:09.023+0000] {processor.py:208} INFO - Processing /opt/airflow/dags/country_capital_to_snowflake.py took 0.068 seconds
[2025-04-19T17:47:40.168+0000] {processor.py:186} INFO - Started process (PID=925) to work on /opt/airflow/dags/country_capital_to_snowflake.py
[2025-04-19T17:47:40.169+0000] {processor.py:914} INFO - Processing file /opt/airflow/dags/country_capital_to_snowflake.py for tasks to queue
[2025-04-19T17:47:40.171+0000] {logging_mixin.py:190} INFO - [2025-04-19T17:47:40.170+0000] {dagbag.py:587} INFO - Filling up the DagBag from /opt/airflow/dags/country_capital_to_snowflake.py
[2025-04-19T17:47:40.187+0000] {processor.py:925} INFO - DAG(s) 'CountryCaptial' retrieved from /opt/airflow/dags/country_capital_to_snowflake.py
[2025-04-19T17:47:40.199+0000] {logging_mixin.py:190} INFO - [2025-04-19T17:47:40.199+0000] {dag.py:3229} INFO - Sync 1 DAGs
[2025-04-19T17:47:40.215+0000] {logging_mixin.py:190} INFO - [2025-04-19T17:47:40.215+0000] {dag.py:4156} INFO - Setting next_dagrun for CountryCaptial to 2025-04-18 02:00:00+00:00, run_after=2025-04-19 02:00:00+00:00
[2025-04-19T17:47:40.226+0000] {processor.py:208} INFO - Processing /opt/airflow/dags/country_capital_to_snowflake.py took 0.062 seconds
[2025-04-19T17:48:10.292+0000] {processor.py:186} INFO - Started process (PID=970) to work on /opt/airflow/dags/country_capital_to_snowflake.py
[2025-04-19T17:48:10.293+0000] {processor.py:914} INFO - Processing file /opt/airflow/dags/country_capital_to_snowflake.py for tasks to queue
[2025-04-19T17:48:10.294+0000] {logging_mixin.py:190} INFO - [2025-04-19T17:48:10.294+0000] {dagbag.py:587} INFO - Filling up the DagBag from /opt/airflow/dags/country_capital_to_snowflake.py
[2025-04-19T17:48:10.315+0000] {processor.py:925} INFO - DAG(s) 'CountryCaptial' retrieved from /opt/airflow/dags/country_capital_to_snowflake.py
[2025-04-19T17:48:10.330+0000] {logging_mixin.py:190} INFO - [2025-04-19T17:48:10.329+0000] {dag.py:3229} INFO - Sync 1 DAGs
[2025-04-19T17:48:10.351+0000] {logging_mixin.py:190} INFO - [2025-04-19T17:48:10.351+0000] {dag.py:4156} INFO - Setting next_dagrun for CountryCaptial to 2025-04-18 02:00:00+00:00, run_after=2025-04-19 02:00:00+00:00
[2025-04-19T17:48:10.364+0000] {processor.py:208} INFO - Processing /opt/airflow/dags/country_capital_to_snowflake.py took 0.077 seconds
[2025-04-19T17:48:40.676+0000] {processor.py:186} INFO - Started process (PID=1028) to work on /opt/airflow/dags/country_capital_to_snowflake.py
[2025-04-19T17:48:40.676+0000] {processor.py:914} INFO - Processing file /opt/airflow/dags/country_capital_to_snowflake.py for tasks to queue
[2025-04-19T17:48:40.678+0000] {logging_mixin.py:190} INFO - [2025-04-19T17:48:40.678+0000] {dagbag.py:587} INFO - Filling up the DagBag from /opt/airflow/dags/country_capital_to_snowflake.py
[2025-04-19T17:48:40.695+0000] {processor.py:925} INFO - DAG(s) 'CountryCaptial' retrieved from /opt/airflow/dags/country_capital_to_snowflake.py
[2025-04-19T17:48:40.714+0000] {logging_mixin.py:190} INFO - [2025-04-19T17:48:40.714+0000] {dag.py:3229} INFO - Sync 1 DAGs
[2025-04-19T17:48:40.734+0000] {logging_mixin.py:190} INFO - [2025-04-19T17:48:40.734+0000] {dag.py:4156} INFO - Setting next_dagrun for CountryCaptial to 2025-04-18 02:00:00+00:00, run_after=2025-04-19 02:00:00+00:00
[2025-04-19T17:48:40.753+0000] {processor.py:208} INFO - Processing /opt/airflow/dags/country_capital_to_snowflake.py took 0.082 seconds
[2025-04-19T17:49:11.216+0000] {processor.py:186} INFO - Started process (PID=1086) to work on /opt/airflow/dags/country_capital_to_snowflake.py
[2025-04-19T17:49:11.217+0000] {processor.py:914} INFO - Processing file /opt/airflow/dags/country_capital_to_snowflake.py for tasks to queue
[2025-04-19T17:49:11.220+0000] {logging_mixin.py:190} INFO - [2025-04-19T17:49:11.220+0000] {dagbag.py:587} INFO - Filling up the DagBag from /opt/airflow/dags/country_capital_to_snowflake.py
[2025-04-19T17:49:11.243+0000] {processor.py:925} INFO - DAG(s) 'CountryCaptial' retrieved from /opt/airflow/dags/country_capital_to_snowflake.py
[2025-04-19T17:49:11.266+0000] {logging_mixin.py:190} INFO - [2025-04-19T17:49:11.265+0000] {dag.py:3229} INFO - Sync 1 DAGs
[2025-04-19T17:49:11.287+0000] {logging_mixin.py:190} INFO - [2025-04-19T17:49:11.286+0000] {dag.py:4156} INFO - Setting next_dagrun for CountryCaptial to 2025-04-18 02:00:00+00:00, run_after=2025-04-19 02:00:00+00:00
[2025-04-19T17:49:11.302+0000] {processor.py:208} INFO - Processing /opt/airflow/dags/country_capital_to_snowflake.py took 0.090 seconds
[2025-04-19T17:49:41.857+0000] {processor.py:186} INFO - Started process (PID=1144) to work on /opt/airflow/dags/country_capital_to_snowflake.py
[2025-04-19T17:49:41.858+0000] {processor.py:914} INFO - Processing file /opt/airflow/dags/country_capital_to_snowflake.py for tasks to queue
[2025-04-19T17:49:41.860+0000] {logging_mixin.py:190} INFO - [2025-04-19T17:49:41.860+0000] {dagbag.py:587} INFO - Filling up the DagBag from /opt/airflow/dags/country_capital_to_snowflake.py
[2025-04-19T17:49:41.885+0000] {processor.py:925} INFO - DAG(s) 'CountryCaptial' retrieved from /opt/airflow/dags/country_capital_to_snowflake.py
[2025-04-19T17:49:41.898+0000] {logging_mixin.py:190} INFO - [2025-04-19T17:49:41.897+0000] {dag.py:3229} INFO - Sync 1 DAGs
[2025-04-19T17:49:41.916+0000] {logging_mixin.py:190} INFO - [2025-04-19T17:49:41.916+0000] {dag.py:4156} INFO - Setting next_dagrun for CountryCaptial to 2025-04-18 02:00:00+00:00, run_after=2025-04-19 02:00:00+00:00
[2025-04-19T17:49:41.928+0000] {processor.py:208} INFO - Processing /opt/airflow/dags/country_capital_to_snowflake.py took 0.075 seconds
[2025-04-19T17:50:12.382+0000] {processor.py:186} INFO - Started process (PID=1202) to work on /opt/airflow/dags/country_capital_to_snowflake.py
[2025-04-19T17:50:12.384+0000] {processor.py:914} INFO - Processing file /opt/airflow/dags/country_capital_to_snowflake.py for tasks to queue
[2025-04-19T17:50:12.386+0000] {logging_mixin.py:190} INFO - [2025-04-19T17:50:12.386+0000] {dagbag.py:587} INFO - Filling up the DagBag from /opt/airflow/dags/country_capital_to_snowflake.py
[2025-04-19T17:50:12.406+0000] {processor.py:925} INFO - DAG(s) 'CountryCaptial' retrieved from /opt/airflow/dags/country_capital_to_snowflake.py
[2025-04-19T17:50:12.422+0000] {logging_mixin.py:190} INFO - [2025-04-19T17:50:12.421+0000] {dag.py:3229} INFO - Sync 1 DAGs
[2025-04-19T17:50:12.439+0000] {logging_mixin.py:190} INFO - [2025-04-19T17:50:12.439+0000] {dag.py:4156} INFO - Setting next_dagrun for CountryCaptial to 2025-04-18 02:00:00+00:00, run_after=2025-04-19 02:00:00+00:00
[2025-04-19T17:50:12.452+0000] {processor.py:208} INFO - Processing /opt/airflow/dags/country_capital_to_snowflake.py took 0.074 seconds
[2025-04-19T17:50:42.959+0000] {processor.py:186} INFO - Started process (PID=1260) to work on /opt/airflow/dags/country_capital_to_snowflake.py
[2025-04-19T17:50:42.960+0000] {processor.py:914} INFO - Processing file /opt/airflow/dags/country_capital_to_snowflake.py for tasks to queue
[2025-04-19T17:50:42.961+0000] {logging_mixin.py:190} INFO - [2025-04-19T17:50:42.961+0000] {dagbag.py:587} INFO - Filling up the DagBag from /opt/airflow/dags/country_capital_to_snowflake.py
[2025-04-19T17:50:42.982+0000] {processor.py:925} INFO - DAG(s) 'CountryCaptial' retrieved from /opt/airflow/dags/country_capital_to_snowflake.py
[2025-04-19T17:50:42.995+0000] {logging_mixin.py:190} INFO - [2025-04-19T17:50:42.995+0000] {dag.py:3229} INFO - Sync 1 DAGs
[2025-04-19T17:50:43.015+0000] {logging_mixin.py:190} INFO - [2025-04-19T17:50:43.015+0000] {dag.py:4156} INFO - Setting next_dagrun for CountryCaptial to 2025-04-18 02:00:00+00:00, run_after=2025-04-19 02:00:00+00:00
[2025-04-19T17:50:43.028+0000] {processor.py:208} INFO - Processing /opt/airflow/dags/country_capital_to_snowflake.py took 0.074 seconds
[2025-04-19T17:51:13.829+0000] {processor.py:186} INFO - Started process (PID=1318) to work on /opt/airflow/dags/country_capital_to_snowflake.py
[2025-04-19T17:51:13.829+0000] {processor.py:914} INFO - Processing file /opt/airflow/dags/country_capital_to_snowflake.py for tasks to queue
[2025-04-19T17:51:13.831+0000] {logging_mixin.py:190} INFO - [2025-04-19T17:51:13.831+0000] {dagbag.py:587} INFO - Filling up the DagBag from /opt/airflow/dags/country_capital_to_snowflake.py
[2025-04-19T17:51:13.851+0000] {processor.py:925} INFO - DAG(s) 'CountryCaptial' retrieved from /opt/airflow/dags/country_capital_to_snowflake.py
[2025-04-19T17:51:13.865+0000] {logging_mixin.py:190} INFO - [2025-04-19T17:51:13.865+0000] {dag.py:3229} INFO - Sync 1 DAGs
[2025-04-19T17:51:13.887+0000] {logging_mixin.py:190} INFO - [2025-04-19T17:51:13.886+0000] {dag.py:4156} INFO - Setting next_dagrun for CountryCaptial to 2025-04-18 02:00:00+00:00, run_after=2025-04-19 02:00:00+00:00
[2025-04-19T17:51:13.901+0000] {processor.py:208} INFO - Processing /opt/airflow/dags/country_capital_to_snowflake.py took 0.076 seconds
[2025-04-19T17:51:45.290+0000] {processor.py:186} INFO - Started process (PID=1376) to work on /opt/airflow/dags/country_capital_to_snowflake.py
[2025-04-19T17:51:45.290+0000] {processor.py:914} INFO - Processing file /opt/airflow/dags/country_capital_to_snowflake.py for tasks to queue
[2025-04-19T17:51:45.292+0000] {logging_mixin.py:190} INFO - [2025-04-19T17:51:45.292+0000] {dagbag.py:587} INFO - Filling up the DagBag from /opt/airflow/dags/country_capital_to_snowflake.py
[2025-04-19T17:51:45.309+0000] {processor.py:925} INFO - DAG(s) 'CountryCaptial' retrieved from /opt/airflow/dags/country_capital_to_snowflake.py
[2025-04-19T17:51:45.322+0000] {logging_mixin.py:190} INFO - [2025-04-19T17:51:45.321+0000] {dag.py:3229} INFO - Sync 1 DAGs
[2025-04-19T17:51:45.338+0000] {logging_mixin.py:190} INFO - [2025-04-19T17:51:45.338+0000] {dag.py:4156} INFO - Setting next_dagrun for CountryCaptial to 2025-04-18 02:00:00+00:00, run_after=2025-04-19 02:00:00+00:00
[2025-04-19T17:51:45.350+0000] {processor.py:208} INFO - Processing /opt/airflow/dags/country_capital_to_snowflake.py took 0.065 seconds
[2025-04-19T17:52:15.493+0000] {processor.py:186} INFO - Started process (PID=1422) to work on /opt/airflow/dags/country_capital_to_snowflake.py
[2025-04-19T17:52:15.493+0000] {processor.py:914} INFO - Processing file /opt/airflow/dags/country_capital_to_snowflake.py for tasks to queue
[2025-04-19T17:52:15.495+0000] {logging_mixin.py:190} INFO - [2025-04-19T17:52:15.495+0000] {dagbag.py:587} INFO - Filling up the DagBag from /opt/airflow/dags/country_capital_to_snowflake.py
[2025-04-19T17:52:15.517+0000] {processor.py:925} INFO - DAG(s) 'CountryCaptial' retrieved from /opt/airflow/dags/country_capital_to_snowflake.py
[2025-04-19T17:52:15.540+0000] {logging_mixin.py:190} INFO - [2025-04-19T17:52:15.540+0000] {dag.py:3229} INFO - Sync 1 DAGs
[2025-04-19T17:52:15.576+0000] {logging_mixin.py:190} INFO - [2025-04-19T17:52:15.576+0000] {dag.py:4156} INFO - Setting next_dagrun for CountryCaptial to 2025-04-18 02:00:00+00:00, run_after=2025-04-19 02:00:00+00:00
[2025-04-19T17:52:15.599+0000] {processor.py:208} INFO - Processing /opt/airflow/dags/country_capital_to_snowflake.py took 0.111 seconds
[2025-04-19T17:52:46.563+0000] {processor.py:186} INFO - Started process (PID=1480) to work on /opt/airflow/dags/country_capital_to_snowflake.py
[2025-04-19T17:52:46.564+0000] {processor.py:914} INFO - Processing file /opt/airflow/dags/country_capital_to_snowflake.py for tasks to queue
[2025-04-19T17:52:46.567+0000] {logging_mixin.py:190} INFO - [2025-04-19T17:52:46.566+0000] {dagbag.py:587} INFO - Filling up the DagBag from /opt/airflow/dags/country_capital_to_snowflake.py
[2025-04-19T17:52:46.589+0000] {processor.py:925} INFO - DAG(s) 'CountryCaptial' retrieved from /opt/airflow/dags/country_capital_to_snowflake.py
[2025-04-19T17:52:46.608+0000] {logging_mixin.py:190} INFO - [2025-04-19T17:52:46.607+0000] {dag.py:3229} INFO - Sync 1 DAGs
[2025-04-19T17:52:46.628+0000] {logging_mixin.py:190} INFO - [2025-04-19T17:52:46.627+0000] {dag.py:4156} INFO - Setting next_dagrun for CountryCaptial to 2025-04-18 02:00:00+00:00, run_after=2025-04-19 02:00:00+00:00
[2025-04-19T17:52:46.641+0000] {processor.py:208} INFO - Processing /opt/airflow/dags/country_capital_to_snowflake.py took 0.083 seconds
[2025-04-19T17:53:17.404+0000] {processor.py:186} INFO - Started process (PID=1538) to work on /opt/airflow/dags/country_capital_to_snowflake.py
[2025-04-19T17:53:17.406+0000] {processor.py:914} INFO - Processing file /opt/airflow/dags/country_capital_to_snowflake.py for tasks to queue
[2025-04-19T17:53:17.408+0000] {logging_mixin.py:190} INFO - [2025-04-19T17:53:17.408+0000] {dagbag.py:587} INFO - Filling up the DagBag from /opt/airflow/dags/country_capital_to_snowflake.py
[2025-04-19T17:53:17.433+0000] {processor.py:925} INFO - DAG(s) 'CountryCaptial' retrieved from /opt/airflow/dags/country_capital_to_snowflake.py
[2025-04-19T17:53:17.446+0000] {logging_mixin.py:190} INFO - [2025-04-19T17:53:17.445+0000] {dag.py:3229} INFO - Sync 1 DAGs
[2025-04-19T17:53:17.463+0000] {logging_mixin.py:190} INFO - [2025-04-19T17:53:17.463+0000] {dag.py:4156} INFO - Setting next_dagrun for CountryCaptial to 2025-04-18 02:00:00+00:00, run_after=2025-04-19 02:00:00+00:00
[2025-04-19T17:53:17.477+0000] {processor.py:208} INFO - Processing /opt/airflow/dags/country_capital_to_snowflake.py took 0.077 seconds
[2025-04-19T17:53:47.828+0000] {processor.py:186} INFO - Started process (PID=1596) to work on /opt/airflow/dags/country_capital_to_snowflake.py
[2025-04-19T17:53:47.829+0000] {processor.py:914} INFO - Processing file /opt/airflow/dags/country_capital_to_snowflake.py for tasks to queue
[2025-04-19T17:53:47.831+0000] {logging_mixin.py:190} INFO - [2025-04-19T17:53:47.831+0000] {dagbag.py:587} INFO - Filling up the DagBag from /opt/airflow/dags/country_capital_to_snowflake.py
[2025-04-19T17:53:47.851+0000] {processor.py:925} INFO - DAG(s) 'CountryCaptial' retrieved from /opt/airflow/dags/country_capital_to_snowflake.py
[2025-04-19T17:53:47.866+0000] {logging_mixin.py:190} INFO - [2025-04-19T17:53:47.865+0000] {dag.py:3229} INFO - Sync 1 DAGs
[2025-04-19T17:53:47.883+0000] {logging_mixin.py:190} INFO - [2025-04-19T17:53:47.883+0000] {dag.py:4156} INFO - Setting next_dagrun for CountryCaptial to 2025-04-18 02:00:00+00:00, run_after=2025-04-19 02:00:00+00:00
[2025-04-19T17:53:47.894+0000] {processor.py:208} INFO - Processing /opt/airflow/dags/country_capital_to_snowflake.py took 0.071 seconds
[2025-04-19T17:54:18.727+0000] {processor.py:186} INFO - Started process (PID=1654) to work on /opt/airflow/dags/country_capital_to_snowflake.py
[2025-04-19T17:54:18.728+0000] {processor.py:914} INFO - Processing file /opt/airflow/dags/country_capital_to_snowflake.py for tasks to queue
[2025-04-19T17:54:18.730+0000] {logging_mixin.py:190} INFO - [2025-04-19T17:54:18.729+0000] {dagbag.py:587} INFO - Filling up the DagBag from /opt/airflow/dags/country_capital_to_snowflake.py
[2025-04-19T17:54:18.757+0000] {processor.py:925} INFO - DAG(s) 'CountryCaptial' retrieved from /opt/airflow/dags/country_capital_to_snowflake.py
[2025-04-19T17:54:18.780+0000] {logging_mixin.py:190} INFO - [2025-04-19T17:54:18.779+0000] {dag.py:3229} INFO - Sync 1 DAGs
[2025-04-19T17:54:18.803+0000] {logging_mixin.py:190} INFO - [2025-04-19T17:54:18.803+0000] {dag.py:4156} INFO - Setting next_dagrun for CountryCaptial to 2025-04-18 02:00:00+00:00, run_after=2025-04-19 02:00:00+00:00
[2025-04-19T17:54:18.817+0000] {processor.py:208} INFO - Processing /opt/airflow/dags/country_capital_to_snowflake.py took 0.094 seconds
[2025-04-19T20:57:45.880+0000] {processor.py:186} INFO - Started process (PID=318) to work on /opt/airflow/dags/country_capital_to_snowflake.py
[2025-04-19T20:57:45.881+0000] {processor.py:914} INFO - Processing file /opt/airflow/dags/country_capital_to_snowflake.py for tasks to queue
[2025-04-19T20:57:45.883+0000] {logging_mixin.py:190} INFO - [2025-04-19T20:57:45.882+0000] {dagbag.py:587} INFO - Filling up the DagBag from /opt/airflow/dags/country_capital_to_snowflake.py
[2025-04-19T20:57:45.925+0000] {processor.py:925} INFO - DAG(s) 'CountryCaptial' retrieved from /opt/airflow/dags/country_capital_to_snowflake.py
[2025-04-19T20:57:45.952+0000] {logging_mixin.py:190} INFO - [2025-04-19T20:57:45.951+0000] {dag.py:3229} INFO - Sync 1 DAGs
[2025-04-19T20:57:45.991+0000] {logging_mixin.py:190} INFO - [2025-04-19T20:57:45.991+0000] {dag.py:4156} INFO - Setting next_dagrun for CountryCaptial to 2025-04-18 02:00:00+00:00, run_after=2025-04-19 02:00:00+00:00
[2025-04-19T20:57:46.146+0000] {processor.py:208} INFO - Processing /opt/airflow/dags/country_capital_to_snowflake.py took 0.270 seconds
[2025-04-19T20:58:16.238+0000] {processor.py:186} INFO - Started process (PID=382) to work on /opt/airflow/dags/country_capital_to_snowflake.py
[2025-04-19T20:58:16.239+0000] {processor.py:914} INFO - Processing file /opt/airflow/dags/country_capital_to_snowflake.py for tasks to queue
[2025-04-19T20:58:16.240+0000] {logging_mixin.py:190} INFO - [2025-04-19T20:58:16.240+0000] {dagbag.py:587} INFO - Filling up the DagBag from /opt/airflow/dags/country_capital_to_snowflake.py
[2025-04-19T20:58:16.279+0000] {processor.py:925} INFO - DAG(s) 'CountryCaptial' retrieved from /opt/airflow/dags/country_capital_to_snowflake.py
[2025-04-19T20:58:16.294+0000] {logging_mixin.py:190} INFO - [2025-04-19T20:58:16.293+0000] {dag.py:3229} INFO - Sync 1 DAGs
[2025-04-19T20:58:16.323+0000] {logging_mixin.py:190} INFO - [2025-04-19T20:58:16.323+0000] {dag.py:4156} INFO - Setting next_dagrun for CountryCaptial to 2025-04-18 02:00:00+00:00, run_after=2025-04-19 02:00:00+00:00
[2025-04-19T20:58:16.334+0000] {processor.py:208} INFO - Processing /opt/airflow/dags/country_capital_to_snowflake.py took 0.101 seconds
[2025-04-19T20:58:47.045+0000] {processor.py:186} INFO - Started process (PID=440) to work on /opt/airflow/dags/country_capital_to_snowflake.py
[2025-04-19T20:58:47.046+0000] {processor.py:914} INFO - Processing file /opt/airflow/dags/country_capital_to_snowflake.py for tasks to queue
[2025-04-19T20:58:47.048+0000] {logging_mixin.py:190} INFO - [2025-04-19T20:58:47.048+0000] {dagbag.py:587} INFO - Filling up the DagBag from /opt/airflow/dags/country_capital_to_snowflake.py
[2025-04-19T20:58:47.071+0000] {processor.py:925} INFO - DAG(s) 'CountryCaptial' retrieved from /opt/airflow/dags/country_capital_to_snowflake.py
[2025-04-19T20:58:47.086+0000] {logging_mixin.py:190} INFO - [2025-04-19T20:58:47.085+0000] {dag.py:3229} INFO - Sync 1 DAGs
[2025-04-19T20:58:47.104+0000] {logging_mixin.py:190} INFO - [2025-04-19T20:58:47.103+0000] {dag.py:4156} INFO - Setting next_dagrun for CountryCaptial to 2025-04-18 02:00:00+00:00, run_after=2025-04-19 02:00:00+00:00
[2025-04-19T20:58:47.118+0000] {processor.py:208} INFO - Processing /opt/airflow/dags/country_capital_to_snowflake.py took 0.077 seconds
[2025-04-19T20:59:17.931+0000] {processor.py:186} INFO - Started process (PID=499) to work on /opt/airflow/dags/country_capital_to_snowflake.py
[2025-04-19T20:59:17.932+0000] {processor.py:914} INFO - Processing file /opt/airflow/dags/country_capital_to_snowflake.py for tasks to queue
[2025-04-19T20:59:17.936+0000] {logging_mixin.py:190} INFO - [2025-04-19T20:59:17.936+0000] {dagbag.py:587} INFO - Filling up the DagBag from /opt/airflow/dags/country_capital_to_snowflake.py
[2025-04-19T20:59:17.997+0000] {processor.py:925} INFO - DAG(s) 'CountryCaptial' retrieved from /opt/airflow/dags/country_capital_to_snowflake.py
[2025-04-19T20:59:18.023+0000] {logging_mixin.py:190} INFO - [2025-04-19T20:59:18.022+0000] {dag.py:3229} INFO - Sync 1 DAGs
[2025-04-19T20:59:18.078+0000] {logging_mixin.py:190} INFO - [2025-04-19T20:59:18.078+0000] {dag.py:4156} INFO - Setting next_dagrun for CountryCaptial to 2025-04-18 02:00:00+00:00, run_after=2025-04-19 02:00:00+00:00
[2025-04-19T20:59:18.120+0000] {processor.py:208} INFO - Processing /opt/airflow/dags/country_capital_to_snowflake.py took 0.197 seconds
[2025-04-19T20:59:48.236+0000] {processor.py:186} INFO - Started process (PID=560) to work on /opt/airflow/dags/country_capital_to_snowflake.py
[2025-04-19T20:59:48.237+0000] {processor.py:914} INFO - Processing file /opt/airflow/dags/country_capital_to_snowflake.py for tasks to queue
[2025-04-19T20:59:48.239+0000] {logging_mixin.py:190} INFO - [2025-04-19T20:59:48.239+0000] {dagbag.py:587} INFO - Filling up the DagBag from /opt/airflow/dags/country_capital_to_snowflake.py
[2025-04-19T20:59:48.263+0000] {processor.py:925} INFO - DAG(s) 'CountryCaptial' retrieved from /opt/airflow/dags/country_capital_to_snowflake.py
[2025-04-19T20:59:48.279+0000] {logging_mixin.py:190} INFO - [2025-04-19T20:59:48.278+0000] {dag.py:3229} INFO - Sync 1 DAGs
[2025-04-19T20:59:48.303+0000] {logging_mixin.py:190} INFO - [2025-04-19T20:59:48.302+0000] {dag.py:4156} INFO - Setting next_dagrun for CountryCaptial to 2025-04-18 02:00:00+00:00, run_after=2025-04-19 02:00:00+00:00
[2025-04-19T20:59:48.316+0000] {processor.py:208} INFO - Processing /opt/airflow/dags/country_capital_to_snowflake.py took 0.084 seconds
[2025-04-19T21:00:19.221+0000] {processor.py:186} INFO - Started process (PID=618) to work on /opt/airflow/dags/country_capital_to_snowflake.py
[2025-04-19T21:00:19.222+0000] {processor.py:914} INFO - Processing file /opt/airflow/dags/country_capital_to_snowflake.py for tasks to queue
[2025-04-19T21:00:19.223+0000] {logging_mixin.py:190} INFO - [2025-04-19T21:00:19.223+0000] {dagbag.py:587} INFO - Filling up the DagBag from /opt/airflow/dags/country_capital_to_snowflake.py
[2025-04-19T21:00:19.242+0000] {processor.py:925} INFO - DAG(s) 'CountryCaptial' retrieved from /opt/airflow/dags/country_capital_to_snowflake.py
[2025-04-19T21:00:19.255+0000] {logging_mixin.py:190} INFO - [2025-04-19T21:00:19.254+0000] {dag.py:3229} INFO - Sync 1 DAGs
[2025-04-19T21:00:19.274+0000] {logging_mixin.py:190} INFO - [2025-04-19T21:00:19.274+0000] {dag.py:4156} INFO - Setting next_dagrun for CountryCaptial to 2025-04-18 02:00:00+00:00, run_after=2025-04-19 02:00:00+00:00
[2025-04-19T21:00:19.291+0000] {processor.py:208} INFO - Processing /opt/airflow/dags/country_capital_to_snowflake.py took 0.075 seconds
[2025-04-19T21:00:50.045+0000] {processor.py:186} INFO - Started process (PID=676) to work on /opt/airflow/dags/country_capital_to_snowflake.py
[2025-04-19T21:00:50.046+0000] {processor.py:914} INFO - Processing file /opt/airflow/dags/country_capital_to_snowflake.py for tasks to queue
[2025-04-19T21:00:50.048+0000] {logging_mixin.py:190} INFO - [2025-04-19T21:00:50.047+0000] {dagbag.py:587} INFO - Filling up the DagBag from /opt/airflow/dags/country_capital_to_snowflake.py
[2025-04-19T21:00:50.067+0000] {processor.py:925} INFO - DAG(s) 'CountryCaptial' retrieved from /opt/airflow/dags/country_capital_to_snowflake.py
[2025-04-19T21:00:50.080+0000] {logging_mixin.py:190} INFO - [2025-04-19T21:00:50.079+0000] {dag.py:3229} INFO - Sync 1 DAGs
[2025-04-19T21:00:50.099+0000] {logging_mixin.py:190} INFO - [2025-04-19T21:00:50.099+0000] {dag.py:4156} INFO - Setting next_dagrun for CountryCaptial to 2025-04-18 02:00:00+00:00, run_after=2025-04-19 02:00:00+00:00
[2025-04-19T21:00:50.111+0000] {processor.py:208} INFO - Processing /opt/airflow/dags/country_capital_to_snowflake.py took 0.071 seconds
[2025-04-19T21:01:21.087+0000] {processor.py:186} INFO - Started process (PID=734) to work on /opt/airflow/dags/country_capital_to_snowflake.py
[2025-04-19T21:01:21.088+0000] {processor.py:914} INFO - Processing file /opt/airflow/dags/country_capital_to_snowflake.py for tasks to queue
[2025-04-19T21:01:21.091+0000] {logging_mixin.py:190} INFO - [2025-04-19T21:01:21.091+0000] {dagbag.py:587} INFO - Filling up the DagBag from /opt/airflow/dags/country_capital_to_snowflake.py
[2025-04-19T21:01:21.115+0000] {processor.py:925} INFO - DAG(s) 'CountryCaptial' retrieved from /opt/airflow/dags/country_capital_to_snowflake.py
[2025-04-19T21:01:21.136+0000] {logging_mixin.py:190} INFO - [2025-04-19T21:01:21.135+0000] {dag.py:3229} INFO - Sync 1 DAGs
[2025-04-19T21:01:21.156+0000] {logging_mixin.py:190} INFO - [2025-04-19T21:01:21.156+0000] {dag.py:4156} INFO - Setting next_dagrun for CountryCaptial to 2025-04-18 02:00:00+00:00, run_after=2025-04-19 02:00:00+00:00
[2025-04-19T21:01:21.170+0000] {processor.py:208} INFO - Processing /opt/airflow/dags/country_capital_to_snowflake.py took 0.087 seconds
[2025-04-19T21:01:52.285+0000] {processor.py:186} INFO - Started process (PID=792) to work on /opt/airflow/dags/country_capital_to_snowflake.py
[2025-04-19T21:01:52.286+0000] {processor.py:914} INFO - Processing file /opt/airflow/dags/country_capital_to_snowflake.py for tasks to queue
[2025-04-19T21:01:52.288+0000] {logging_mixin.py:190} INFO - [2025-04-19T21:01:52.287+0000] {dagbag.py:587} INFO - Filling up the DagBag from /opt/airflow/dags/country_capital_to_snowflake.py
[2025-04-19T21:01:52.305+0000] {processor.py:925} INFO - DAG(s) 'CountryCaptial' retrieved from /opt/airflow/dags/country_capital_to_snowflake.py
[2025-04-19T21:01:52.317+0000] {logging_mixin.py:190} INFO - [2025-04-19T21:01:52.317+0000] {dag.py:3229} INFO - Sync 1 DAGs
[2025-04-19T21:01:52.334+0000] {logging_mixin.py:190} INFO - [2025-04-19T21:01:52.334+0000] {dag.py:4156} INFO - Setting next_dagrun for CountryCaptial to 2025-04-18 02:00:00+00:00, run_after=2025-04-19 02:00:00+00:00
[2025-04-19T21:01:52.345+0000] {processor.py:208} INFO - Processing /opt/airflow/dags/country_capital_to_snowflake.py took 0.065 seconds
[2025-04-19T21:02:22.423+0000] {processor.py:186} INFO - Started process (PID=839) to work on /opt/airflow/dags/country_capital_to_snowflake.py
[2025-04-19T21:02:22.424+0000] {processor.py:914} INFO - Processing file /opt/airflow/dags/country_capital_to_snowflake.py for tasks to queue
[2025-04-19T21:02:22.426+0000] {logging_mixin.py:190} INFO - [2025-04-19T21:02:22.426+0000] {dagbag.py:587} INFO - Filling up the DagBag from /opt/airflow/dags/country_capital_to_snowflake.py
[2025-04-19T21:02:22.451+0000] {processor.py:925} INFO - DAG(s) 'CountryCaptial' retrieved from /opt/airflow/dags/country_capital_to_snowflake.py
[2025-04-19T21:02:22.468+0000] {logging_mixin.py:190} INFO - [2025-04-19T21:02:22.468+0000] {dag.py:3229} INFO - Sync 1 DAGs
[2025-04-19T21:02:22.487+0000] {logging_mixin.py:190} INFO - [2025-04-19T21:02:22.487+0000] {dag.py:4156} INFO - Setting next_dagrun for CountryCaptial to 2025-04-18 02:00:00+00:00, run_after=2025-04-19 02:00:00+00:00
[2025-04-19T21:02:22.500+0000] {processor.py:208} INFO - Processing /opt/airflow/dags/country_capital_to_snowflake.py took 0.081 seconds
[2025-04-19T21:02:52.741+0000] {processor.py:186} INFO - Started process (PID=897) to work on /opt/airflow/dags/country_capital_to_snowflake.py
[2025-04-19T21:02:52.742+0000] {processor.py:914} INFO - Processing file /opt/airflow/dags/country_capital_to_snowflake.py for tasks to queue
[2025-04-19T21:02:52.744+0000] {logging_mixin.py:190} INFO - [2025-04-19T21:02:52.744+0000] {dagbag.py:587} INFO - Filling up the DagBag from /opt/airflow/dags/country_capital_to_snowflake.py
[2025-04-19T21:02:52.765+0000] {processor.py:925} INFO - DAG(s) 'CountryCaptial' retrieved from /opt/airflow/dags/country_capital_to_snowflake.py
[2025-04-19T21:02:52.782+0000] {logging_mixin.py:190} INFO - [2025-04-19T21:02:52.781+0000] {dag.py:3229} INFO - Sync 1 DAGs
[2025-04-19T21:02:52.799+0000] {logging_mixin.py:190} INFO - [2025-04-19T21:02:52.799+0000] {dag.py:4156} INFO - Setting next_dagrun for CountryCaptial to 2025-04-18 02:00:00+00:00, run_after=2025-04-19 02:00:00+00:00
[2025-04-19T21:02:52.811+0000] {processor.py:208} INFO - Processing /opt/airflow/dags/country_capital_to_snowflake.py took 0.076 seconds
[2025-04-19T21:03:23.668+0000] {processor.py:186} INFO - Started process (PID=955) to work on /opt/airflow/dags/country_capital_to_snowflake.py
[2025-04-19T21:03:23.669+0000] {processor.py:914} INFO - Processing file /opt/airflow/dags/country_capital_to_snowflake.py for tasks to queue
[2025-04-19T21:03:23.671+0000] {logging_mixin.py:190} INFO - [2025-04-19T21:03:23.670+0000] {dagbag.py:587} INFO - Filling up the DagBag from /opt/airflow/dags/country_capital_to_snowflake.py
[2025-04-19T21:03:23.692+0000] {processor.py:925} INFO - DAG(s) 'CountryCaptial' retrieved from /opt/airflow/dags/country_capital_to_snowflake.py
[2025-04-19T21:03:23.708+0000] {logging_mixin.py:190} INFO - [2025-04-19T21:03:23.707+0000] {dag.py:3229} INFO - Sync 1 DAGs
[2025-04-19T21:03:23.737+0000] {logging_mixin.py:190} INFO - [2025-04-19T21:03:23.736+0000] {dag.py:4156} INFO - Setting next_dagrun for CountryCaptial to 2025-04-18 02:00:00+00:00, run_after=2025-04-19 02:00:00+00:00
[2025-04-19T21:03:23.753+0000] {processor.py:208} INFO - Processing /opt/airflow/dags/country_capital_to_snowflake.py took 0.089 seconds
[2025-04-19T21:03:54.788+0000] {processor.py:186} INFO - Started process (PID=1013) to work on /opt/airflow/dags/country_capital_to_snowflake.py
[2025-04-19T21:03:54.792+0000] {processor.py:914} INFO - Processing file /opt/airflow/dags/country_capital_to_snowflake.py for tasks to queue
[2025-04-19T21:03:54.808+0000] {logging_mixin.py:190} INFO - [2025-04-19T21:03:54.807+0000] {dagbag.py:587} INFO - Filling up the DagBag from /opt/airflow/dags/country_capital_to_snowflake.py
[2025-04-19T21:03:54.892+0000] {processor.py:925} INFO - DAG(s) 'CountryCaptial' retrieved from /opt/airflow/dags/country_capital_to_snowflake.py
[2025-04-19T21:03:54.939+0000] {logging_mixin.py:190} INFO - [2025-04-19T21:03:54.938+0000] {dag.py:3229} INFO - Sync 1 DAGs
[2025-04-19T21:03:54.991+0000] {logging_mixin.py:190} INFO - [2025-04-19T21:03:54.990+0000] {dag.py:4156} INFO - Setting next_dagrun for CountryCaptial to 2025-04-18 02:00:00+00:00, run_after=2025-04-19 02:00:00+00:00
[2025-04-19T21:03:55.032+0000] {processor.py:208} INFO - Processing /opt/airflow/dags/country_capital_to_snowflake.py took 0.299 seconds
[2025-04-19T21:04:25.203+0000] {processor.py:186} INFO - Started process (PID=1071) to work on /opt/airflow/dags/country_capital_to_snowflake.py
[2025-04-19T21:04:25.203+0000] {processor.py:914} INFO - Processing file /opt/airflow/dags/country_capital_to_snowflake.py for tasks to queue
[2025-04-19T21:04:25.205+0000] {logging_mixin.py:190} INFO - [2025-04-19T21:04:25.205+0000] {dagbag.py:587} INFO - Filling up the DagBag from /opt/airflow/dags/country_capital_to_snowflake.py
[2025-04-19T21:04:25.224+0000] {processor.py:925} INFO - DAG(s) 'CountryCaptial' retrieved from /opt/airflow/dags/country_capital_to_snowflake.py
[2025-04-19T21:04:25.244+0000] {logging_mixin.py:190} INFO - [2025-04-19T21:04:25.244+0000] {dag.py:3229} INFO - Sync 1 DAGs
[2025-04-19T21:04:25.261+0000] {logging_mixin.py:190} INFO - [2025-04-19T21:04:25.261+0000] {dag.py:4156} INFO - Setting next_dagrun for CountryCaptial to 2025-04-18 02:00:00+00:00, run_after=2025-04-19 02:00:00+00:00
[2025-04-19T21:04:25.275+0000] {processor.py:208} INFO - Processing /opt/airflow/dags/country_capital_to_snowflake.py took 0.077 seconds
[2025-04-19T21:04:56.131+0000] {processor.py:186} INFO - Started process (PID=1129) to work on /opt/airflow/dags/country_capital_to_snowflake.py
[2025-04-19T21:04:56.132+0000] {processor.py:914} INFO - Processing file /opt/airflow/dags/country_capital_to_snowflake.py for tasks to queue
[2025-04-19T21:04:56.135+0000] {logging_mixin.py:190} INFO - [2025-04-19T21:04:56.134+0000] {dagbag.py:587} INFO - Filling up the DagBag from /opt/airflow/dags/country_capital_to_snowflake.py
[2025-04-19T21:04:56.160+0000] {processor.py:925} INFO - DAG(s) 'CountryCaptial' retrieved from /opt/airflow/dags/country_capital_to_snowflake.py
[2025-04-19T21:04:56.175+0000] {logging_mixin.py:190} INFO - [2025-04-19T21:04:56.174+0000] {dag.py:3229} INFO - Sync 1 DAGs
[2025-04-19T21:04:56.194+0000] {logging_mixin.py:190} INFO - [2025-04-19T21:04:56.194+0000] {dag.py:4156} INFO - Setting next_dagrun for CountryCaptial to 2025-04-18 02:00:00+00:00, run_after=2025-04-19 02:00:00+00:00
[2025-04-19T21:04:56.206+0000] {processor.py:208} INFO - Processing /opt/airflow/dags/country_capital_to_snowflake.py took 0.080 seconds
