[2025-04-19T17:41:33.222+0000] {processor.py:186} INFO - Started process (PID=232) to work on /opt/airflow/dags/hello_worldcopy.py
[2025-04-19T17:41:33.223+0000] {processor.py:914} INFO - Processing file /opt/airflow/dags/hello_worldcopy.py for tasks to queue
[2025-04-19T17:41:33.225+0000] {logging_mixin.py:190} INFO - [2025-04-19T17:41:33.225+0000] {dagbag.py:587} INFO - Filling up the DagBag from /opt/airflow/dags/hello_worldcopy.py
[2025-04-19T17:41:33.235+0000] {processor.py:925} INFO - DAG(s) 'HelloWorldCopy' retrieved from /opt/airflow/dags/hello_worldcopy.py
[2025-04-19T17:41:33.258+0000] {logging_mixin.py:190} INFO - [2025-04-19T17:41:33.257+0000] {dag.py:3229} INFO - Sync 1 DAGs
[2025-04-19T17:41:33.277+0000] {logging_mixin.py:190} INFO - [2025-04-19T17:41:33.277+0000] {dag.py:4156} INFO - Setting next_dagrun for HelloWorldCopy to 2025-04-19 16:01:00+00:00, run_after=2025-04-19 17:01:00+00:00
[2025-04-19T17:41:33.295+0000] {processor.py:208} INFO - Processing /opt/airflow/dags/hello_worldcopy.py took 0.079 seconds
[2025-04-19T17:42:04.227+0000] {processor.py:186} INFO - Started process (PID=308) to work on /opt/airflow/dags/hello_worldcopy.py
[2025-04-19T17:42:04.227+0000] {processor.py:914} INFO - Processing file /opt/airflow/dags/hello_worldcopy.py for tasks to queue
[2025-04-19T17:42:04.230+0000] {logging_mixin.py:190} INFO - [2025-04-19T17:42:04.230+0000] {dagbag.py:587} INFO - Filling up the DagBag from /opt/airflow/dags/hello_worldcopy.py
[2025-04-19T17:42:04.245+0000] {processor.py:925} INFO - DAG(s) 'HelloWorldCopy' retrieved from /opt/airflow/dags/hello_worldcopy.py
[2025-04-19T17:42:04.274+0000] {logging_mixin.py:190} INFO - [2025-04-19T17:42:04.273+0000] {dag.py:3229} INFO - Sync 1 DAGs
[2025-04-19T17:42:04.290+0000] {logging_mixin.py:190} INFO - [2025-04-19T17:42:04.290+0000] {dag.py:4156} INFO - Setting next_dagrun for HelloWorldCopy to 2025-04-19 16:01:00+00:00, run_after=2025-04-19 17:01:00+00:00
[2025-04-19T17:42:04.304+0000] {processor.py:208} INFO - Processing /opt/airflow/dags/hello_worldcopy.py took 0.083 seconds
[2025-04-19T17:42:35.151+0000] {processor.py:186} INFO - Started process (PID=367) to work on /opt/airflow/dags/hello_worldcopy.py
[2025-04-19T17:42:35.152+0000] {processor.py:914} INFO - Processing file /opt/airflow/dags/hello_worldcopy.py for tasks to queue
[2025-04-19T17:42:35.154+0000] {logging_mixin.py:190} INFO - [2025-04-19T17:42:35.154+0000] {dagbag.py:587} INFO - Filling up the DagBag from /opt/airflow/dags/hello_worldcopy.py
[2025-04-19T17:42:35.165+0000] {processor.py:925} INFO - DAG(s) 'HelloWorldCopy' retrieved from /opt/airflow/dags/hello_worldcopy.py
[2025-04-19T17:42:35.189+0000] {logging_mixin.py:190} INFO - [2025-04-19T17:42:35.188+0000] {dag.py:3229} INFO - Sync 1 DAGs
[2025-04-19T17:42:35.208+0000] {logging_mixin.py:190} INFO - [2025-04-19T17:42:35.208+0000] {dag.py:4156} INFO - Setting next_dagrun for HelloWorldCopy to 2025-04-19 16:01:00+00:00, run_after=2025-04-19 17:01:00+00:00
[2025-04-19T17:42:35.223+0000] {processor.py:208} INFO - Processing /opt/airflow/dags/hello_worldcopy.py took 0.078 seconds
[2025-04-19T17:43:05.980+0000] {processor.py:186} INFO - Started process (PID=424) to work on /opt/airflow/dags/hello_worldcopy.py
[2025-04-19T17:43:05.981+0000] {processor.py:914} INFO - Processing file /opt/airflow/dags/hello_worldcopy.py for tasks to queue
[2025-04-19T17:43:05.984+0000] {logging_mixin.py:190} INFO - [2025-04-19T17:43:05.984+0000] {dagbag.py:587} INFO - Filling up the DagBag from /opt/airflow/dags/hello_worldcopy.py
[2025-04-19T17:43:05.997+0000] {processor.py:925} INFO - DAG(s) 'HelloWorldCopy' retrieved from /opt/airflow/dags/hello_worldcopy.py
[2025-04-19T17:43:06.028+0000] {logging_mixin.py:190} INFO - [2025-04-19T17:43:06.027+0000] {dag.py:3229} INFO - Sync 1 DAGs
[2025-04-19T17:43:06.046+0000] {logging_mixin.py:190} INFO - [2025-04-19T17:43:06.046+0000] {dag.py:4156} INFO - Setting next_dagrun for HelloWorldCopy to 2025-04-19 16:01:00+00:00, run_after=2025-04-19 17:01:00+00:00
[2025-04-19T17:43:06.062+0000] {processor.py:208} INFO - Processing /opt/airflow/dags/hello_worldcopy.py took 0.087 seconds
[2025-04-19T17:43:36.679+0000] {processor.py:186} INFO - Started process (PID=483) to work on /opt/airflow/dags/hello_worldcopy.py
[2025-04-19T17:43:36.682+0000] {processor.py:914} INFO - Processing file /opt/airflow/dags/hello_worldcopy.py for tasks to queue
[2025-04-19T17:43:36.684+0000] {logging_mixin.py:190} INFO - [2025-04-19T17:43:36.684+0000] {dagbag.py:587} INFO - Filling up the DagBag from /opt/airflow/dags/hello_worldcopy.py
[2025-04-19T17:43:36.696+0000] {processor.py:925} INFO - DAG(s) 'HelloWorldCopy' retrieved from /opt/airflow/dags/hello_worldcopy.py
[2025-04-19T17:43:36.719+0000] {logging_mixin.py:190} INFO - [2025-04-19T17:43:36.718+0000] {dag.py:3229} INFO - Sync 1 DAGs
[2025-04-19T17:43:36.739+0000] {logging_mixin.py:190} INFO - [2025-04-19T17:43:36.739+0000] {dag.py:4156} INFO - Setting next_dagrun for HelloWorldCopy to 2025-04-19 16:01:00+00:00, run_after=2025-04-19 17:01:00+00:00
[2025-04-19T17:43:36.762+0000] {processor.py:208} INFO - Processing /opt/airflow/dags/hello_worldcopy.py took 0.088 seconds
[2025-04-19T17:44:07.359+0000] {processor.py:186} INFO - Started process (PID=541) to work on /opt/airflow/dags/hello_worldcopy.py
[2025-04-19T17:44:07.361+0000] {processor.py:914} INFO - Processing file /opt/airflow/dags/hello_worldcopy.py for tasks to queue
[2025-04-19T17:44:07.363+0000] {logging_mixin.py:190} INFO - [2025-04-19T17:44:07.363+0000] {dagbag.py:587} INFO - Filling up the DagBag from /opt/airflow/dags/hello_worldcopy.py
[2025-04-19T17:44:07.377+0000] {processor.py:925} INFO - DAG(s) 'HelloWorldCopy' retrieved from /opt/airflow/dags/hello_worldcopy.py
[2025-04-19T17:44:07.399+0000] {logging_mixin.py:190} INFO - [2025-04-19T17:44:07.399+0000] {dag.py:3229} INFO - Sync 1 DAGs
[2025-04-19T17:44:07.415+0000] {logging_mixin.py:190} INFO - [2025-04-19T17:44:07.415+0000] {dag.py:4156} INFO - Setting next_dagrun for HelloWorldCopy to 2025-04-19 16:01:00+00:00, run_after=2025-04-19 17:01:00+00:00
[2025-04-19T17:44:07.431+0000] {processor.py:208} INFO - Processing /opt/airflow/dags/hello_worldcopy.py took 0.078 seconds
[2025-04-19T17:44:37.839+0000] {processor.py:186} INFO - Started process (PID=599) to work on /opt/airflow/dags/hello_worldcopy.py
[2025-04-19T17:44:37.839+0000] {processor.py:914} INFO - Processing file /opt/airflow/dags/hello_worldcopy.py for tasks to queue
[2025-04-19T17:44:37.841+0000] {logging_mixin.py:190} INFO - [2025-04-19T17:44:37.841+0000] {dagbag.py:587} INFO - Filling up the DagBag from /opt/airflow/dags/hello_worldcopy.py
[2025-04-19T17:44:37.851+0000] {processor.py:925} INFO - DAG(s) 'HelloWorldCopy' retrieved from /opt/airflow/dags/hello_worldcopy.py
[2025-04-19T17:44:37.869+0000] {logging_mixin.py:190} INFO - [2025-04-19T17:44:37.868+0000] {dag.py:3229} INFO - Sync 1 DAGs
[2025-04-19T17:44:37.885+0000] {logging_mixin.py:190} INFO - [2025-04-19T17:44:37.885+0000] {dag.py:4156} INFO - Setting next_dagrun for HelloWorldCopy to 2025-04-19 16:01:00+00:00, run_after=2025-04-19 17:01:00+00:00
[2025-04-19T17:44:37.899+0000] {processor.py:208} INFO - Processing /opt/airflow/dags/hello_worldcopy.py took 0.064 seconds
[2025-04-19T17:45:08.165+0000] {processor.py:186} INFO - Started process (PID=659) to work on /opt/airflow/dags/hello_worldcopy.py
[2025-04-19T17:45:08.166+0000] {processor.py:914} INFO - Processing file /opt/airflow/dags/hello_worldcopy.py for tasks to queue
[2025-04-19T17:45:08.168+0000] {logging_mixin.py:190} INFO - [2025-04-19T17:45:08.168+0000] {dagbag.py:587} INFO - Filling up the DagBag from /opt/airflow/dags/hello_worldcopy.py
[2025-04-19T17:45:08.179+0000] {processor.py:925} INFO - DAG(s) 'HelloWorldCopy' retrieved from /opt/airflow/dags/hello_worldcopy.py
[2025-04-19T17:45:08.204+0000] {logging_mixin.py:190} INFO - [2025-04-19T17:45:08.204+0000] {dag.py:3229} INFO - Sync 1 DAGs
[2025-04-19T17:45:08.222+0000] {logging_mixin.py:190} INFO - [2025-04-19T17:45:08.222+0000] {dag.py:4156} INFO - Setting next_dagrun for HelloWorldCopy to 2025-04-19 16:01:00+00:00, run_after=2025-04-19 17:01:00+00:00
[2025-04-19T17:45:08.237+0000] {processor.py:208} INFO - Processing /opt/airflow/dags/hello_worldcopy.py took 0.078 seconds
[2025-04-19T17:45:38.356+0000] {processor.py:186} INFO - Started process (PID=708) to work on /opt/airflow/dags/hello_worldcopy.py
[2025-04-19T17:45:38.359+0000] {processor.py:914} INFO - Processing file /opt/airflow/dags/hello_worldcopy.py for tasks to queue
[2025-04-19T17:45:38.361+0000] {logging_mixin.py:190} INFO - [2025-04-19T17:45:38.361+0000] {dagbag.py:587} INFO - Filling up the DagBag from /opt/airflow/dags/hello_worldcopy.py
[2025-04-19T17:45:38.370+0000] {processor.py:925} INFO - DAG(s) 'HelloWorldCopy' retrieved from /opt/airflow/dags/hello_worldcopy.py
[2025-04-19T17:45:38.389+0000] {logging_mixin.py:190} INFO - [2025-04-19T17:45:38.388+0000] {dag.py:3229} INFO - Sync 1 DAGs
[2025-04-19T17:45:38.405+0000] {logging_mixin.py:190} INFO - [2025-04-19T17:45:38.404+0000] {dag.py:4156} INFO - Setting next_dagrun for HelloWorldCopy to 2025-04-19 16:01:00+00:00, run_after=2025-04-19 17:01:00+00:00
[2025-04-19T17:45:38.416+0000] {processor.py:208} INFO - Processing /opt/airflow/dags/hello_worldcopy.py took 0.067 seconds
[2025-04-19T17:46:08.488+0000] {processor.py:186} INFO - Started process (PID=761) to work on /opt/airflow/dags/hello_worldcopy.py
[2025-04-19T17:46:08.489+0000] {processor.py:914} INFO - Processing file /opt/airflow/dags/hello_worldcopy.py for tasks to queue
[2025-04-19T17:46:08.491+0000] {logging_mixin.py:190} INFO - [2025-04-19T17:46:08.490+0000] {dagbag.py:587} INFO - Filling up the DagBag from /opt/airflow/dags/hello_worldcopy.py
[2025-04-19T17:46:08.498+0000] {processor.py:925} INFO - DAG(s) 'HelloWorldCopy' retrieved from /opt/airflow/dags/hello_worldcopy.py
[2025-04-19T17:46:08.515+0000] {logging_mixin.py:190} INFO - [2025-04-19T17:46:08.514+0000] {dag.py:3229} INFO - Sync 1 DAGs
[2025-04-19T17:46:08.531+0000] {logging_mixin.py:190} INFO - [2025-04-19T17:46:08.531+0000] {dag.py:4156} INFO - Setting next_dagrun for HelloWorldCopy to 2025-04-19 16:01:00+00:00, run_after=2025-04-19 17:01:00+00:00
[2025-04-19T17:46:08.541+0000] {processor.py:208} INFO - Processing /opt/airflow/dags/hello_worldcopy.py took 0.057 seconds
[2025-04-19T17:46:38.745+0000] {processor.py:186} INFO - Started process (PID=819) to work on /opt/airflow/dags/hello_worldcopy.py
[2025-04-19T17:46:38.746+0000] {processor.py:914} INFO - Processing file /opt/airflow/dags/hello_worldcopy.py for tasks to queue
[2025-04-19T17:46:38.748+0000] {logging_mixin.py:190} INFO - [2025-04-19T17:46:38.748+0000] {dagbag.py:587} INFO - Filling up the DagBag from /opt/airflow/dags/hello_worldcopy.py
[2025-04-19T17:46:38.757+0000] {processor.py:925} INFO - DAG(s) 'HelloWorldCopy' retrieved from /opt/airflow/dags/hello_worldcopy.py
[2025-04-19T17:46:38.781+0000] {logging_mixin.py:190} INFO - [2025-04-19T17:46:38.781+0000] {dag.py:3229} INFO - Sync 1 DAGs
[2025-04-19T17:46:38.801+0000] {logging_mixin.py:190} INFO - [2025-04-19T17:46:38.801+0000] {dag.py:4156} INFO - Setting next_dagrun for HelloWorldCopy to 2025-04-19 16:01:00+00:00, run_after=2025-04-19 17:01:00+00:00
[2025-04-19T17:46:38.817+0000] {processor.py:208} INFO - Processing /opt/airflow/dags/hello_worldcopy.py took 0.076 seconds
[2025-04-19T17:47:09.122+0000] {processor.py:186} INFO - Started process (PID=877) to work on /opt/airflow/dags/hello_worldcopy.py
[2025-04-19T17:47:09.123+0000] {processor.py:914} INFO - Processing file /opt/airflow/dags/hello_worldcopy.py for tasks to queue
[2025-04-19T17:47:09.124+0000] {logging_mixin.py:190} INFO - [2025-04-19T17:47:09.124+0000] {dagbag.py:587} INFO - Filling up the DagBag from /opt/airflow/dags/hello_worldcopy.py
[2025-04-19T17:47:09.134+0000] {processor.py:925} INFO - DAG(s) 'HelloWorldCopy' retrieved from /opt/airflow/dags/hello_worldcopy.py
[2025-04-19T17:47:09.161+0000] {logging_mixin.py:190} INFO - [2025-04-19T17:47:09.160+0000] {dag.py:3229} INFO - Sync 1 DAGs
[2025-04-19T17:47:09.178+0000] {logging_mixin.py:190} INFO - [2025-04-19T17:47:09.177+0000] {dag.py:4156} INFO - Setting next_dagrun for HelloWorldCopy to 2025-04-19 16:01:00+00:00, run_after=2025-04-19 17:01:00+00:00
[2025-04-19T17:47:09.190+0000] {processor.py:208} INFO - Processing /opt/airflow/dags/hello_worldcopy.py took 0.073 seconds
[2025-04-19T17:47:40.320+0000] {processor.py:186} INFO - Started process (PID=935) to work on /opt/airflow/dags/hello_worldcopy.py
[2025-04-19T17:47:40.320+0000] {processor.py:914} INFO - Processing file /opt/airflow/dags/hello_worldcopy.py for tasks to queue
[2025-04-19T17:47:40.322+0000] {logging_mixin.py:190} INFO - [2025-04-19T17:47:40.322+0000] {dagbag.py:587} INFO - Filling up the DagBag from /opt/airflow/dags/hello_worldcopy.py
[2025-04-19T17:47:40.330+0000] {processor.py:925} INFO - DAG(s) 'HelloWorldCopy' retrieved from /opt/airflow/dags/hello_worldcopy.py
[2025-04-19T17:47:40.348+0000] {logging_mixin.py:190} INFO - [2025-04-19T17:47:40.347+0000] {dag.py:3229} INFO - Sync 1 DAGs
[2025-04-19T17:47:40.364+0000] {logging_mixin.py:190} INFO - [2025-04-19T17:47:40.364+0000] {dag.py:4156} INFO - Setting next_dagrun for HelloWorldCopy to 2025-04-19 16:01:00+00:00, run_after=2025-04-19 17:01:00+00:00
[2025-04-19T17:47:40.375+0000] {processor.py:208} INFO - Processing /opt/airflow/dags/hello_worldcopy.py took 0.059 seconds
[2025-04-19T17:48:10.468+0000] {processor.py:186} INFO - Started process (PID=980) to work on /opt/airflow/dags/hello_worldcopy.py
[2025-04-19T17:48:10.469+0000] {processor.py:914} INFO - Processing file /opt/airflow/dags/hello_worldcopy.py for tasks to queue
[2025-04-19T17:48:10.471+0000] {logging_mixin.py:190} INFO - [2025-04-19T17:48:10.470+0000] {dagbag.py:587} INFO - Filling up the DagBag from /opt/airflow/dags/hello_worldcopy.py
[2025-04-19T17:48:10.482+0000] {processor.py:925} INFO - DAG(s) 'HelloWorldCopy' retrieved from /opt/airflow/dags/hello_worldcopy.py
[2025-04-19T17:48:10.502+0000] {logging_mixin.py:190} INFO - [2025-04-19T17:48:10.501+0000] {dag.py:3229} INFO - Sync 1 DAGs
[2025-04-19T17:48:10.522+0000] {logging_mixin.py:190} INFO - [2025-04-19T17:48:10.522+0000] {dag.py:4156} INFO - Setting next_dagrun for HelloWorldCopy to 2025-04-19 16:01:00+00:00, run_after=2025-04-19 17:01:00+00:00
[2025-04-19T17:48:10.539+0000] {processor.py:208} INFO - Processing /opt/airflow/dags/hello_worldcopy.py took 0.075 seconds
[2025-04-19T17:48:40.847+0000] {processor.py:186} INFO - Started process (PID=1040) to work on /opt/airflow/dags/hello_worldcopy.py
[2025-04-19T17:48:40.848+0000] {processor.py:914} INFO - Processing file /opt/airflow/dags/hello_worldcopy.py for tasks to queue
[2025-04-19T17:48:40.849+0000] {logging_mixin.py:190} INFO - [2025-04-19T17:48:40.849+0000] {dagbag.py:587} INFO - Filling up the DagBag from /opt/airflow/dags/hello_worldcopy.py
[2025-04-19T17:48:40.858+0000] {processor.py:925} INFO - DAG(s) 'HelloWorldCopy' retrieved from /opt/airflow/dags/hello_worldcopy.py
[2025-04-19T17:48:40.887+0000] {logging_mixin.py:190} INFO - [2025-04-19T17:48:40.887+0000] {dag.py:3229} INFO - Sync 1 DAGs
[2025-04-19T17:48:40.907+0000] {logging_mixin.py:190} INFO - [2025-04-19T17:48:40.907+0000] {dag.py:4156} INFO - Setting next_dagrun for HelloWorldCopy to 2025-04-19 16:01:00+00:00, run_after=2025-04-19 17:01:00+00:00
[2025-04-19T17:48:40.921+0000] {processor.py:208} INFO - Processing /opt/airflow/dags/hello_worldcopy.py took 0.079 seconds
[2025-04-19T17:49:11.325+0000] {processor.py:186} INFO - Started process (PID=1096) to work on /opt/airflow/dags/hello_worldcopy.py
[2025-04-19T17:49:11.326+0000] {processor.py:914} INFO - Processing file /opt/airflow/dags/hello_worldcopy.py for tasks to queue
[2025-04-19T17:49:11.327+0000] {logging_mixin.py:190} INFO - [2025-04-19T17:49:11.327+0000] {dagbag.py:587} INFO - Filling up the DagBag from /opt/airflow/dags/hello_worldcopy.py
[2025-04-19T17:49:11.339+0000] {processor.py:925} INFO - DAG(s) 'HelloWorldCopy' retrieved from /opt/airflow/dags/hello_worldcopy.py
[2025-04-19T17:49:11.365+0000] {logging_mixin.py:190} INFO - [2025-04-19T17:49:11.364+0000] {dag.py:3229} INFO - Sync 1 DAGs
[2025-04-19T17:49:11.388+0000] {logging_mixin.py:190} INFO - [2025-04-19T17:49:11.387+0000] {dag.py:4156} INFO - Setting next_dagrun for HelloWorldCopy to 2025-04-19 16:01:00+00:00, run_after=2025-04-19 17:01:00+00:00
[2025-04-19T17:49:11.402+0000] {processor.py:208} INFO - Processing /opt/airflow/dags/hello_worldcopy.py took 0.081 seconds
[2025-04-19T17:49:41.951+0000] {processor.py:186} INFO - Started process (PID=1154) to work on /opt/airflow/dags/hello_worldcopy.py
[2025-04-19T17:49:41.952+0000] {processor.py:914} INFO - Processing file /opt/airflow/dags/hello_worldcopy.py for tasks to queue
[2025-04-19T17:49:41.954+0000] {logging_mixin.py:190} INFO - [2025-04-19T17:49:41.954+0000] {dagbag.py:587} INFO - Filling up the DagBag from /opt/airflow/dags/hello_worldcopy.py
[2025-04-19T17:49:41.966+0000] {processor.py:925} INFO - DAG(s) 'HelloWorldCopy' retrieved from /opt/airflow/dags/hello_worldcopy.py
[2025-04-19T17:49:41.987+0000] {logging_mixin.py:190} INFO - [2025-04-19T17:49:41.987+0000] {dag.py:3229} INFO - Sync 1 DAGs
[2025-04-19T17:49:42.007+0000] {logging_mixin.py:190} INFO - [2025-04-19T17:49:42.007+0000] {dag.py:4156} INFO - Setting next_dagrun for HelloWorldCopy to 2025-04-19 16:01:00+00:00, run_after=2025-04-19 17:01:00+00:00
[2025-04-19T17:49:42.021+0000] {processor.py:208} INFO - Processing /opt/airflow/dags/hello_worldcopy.py took 0.074 seconds
[2025-04-19T17:50:12.474+0000] {processor.py:186} INFO - Started process (PID=1212) to work on /opt/airflow/dags/hello_worldcopy.py
[2025-04-19T17:50:12.475+0000] {processor.py:914} INFO - Processing file /opt/airflow/dags/hello_worldcopy.py for tasks to queue
[2025-04-19T17:50:12.476+0000] {logging_mixin.py:190} INFO - [2025-04-19T17:50:12.476+0000] {dagbag.py:587} INFO - Filling up the DagBag from /opt/airflow/dags/hello_worldcopy.py
[2025-04-19T17:50:12.486+0000] {processor.py:925} INFO - DAG(s) 'HelloWorldCopy' retrieved from /opt/airflow/dags/hello_worldcopy.py
[2025-04-19T17:50:12.508+0000] {logging_mixin.py:190} INFO - [2025-04-19T17:50:12.507+0000] {dag.py:3229} INFO - Sync 1 DAGs
[2025-04-19T17:50:12.529+0000] {logging_mixin.py:190} INFO - [2025-04-19T17:50:12.529+0000] {dag.py:4156} INFO - Setting next_dagrun for HelloWorldCopy to 2025-04-19 16:01:00+00:00, run_after=2025-04-19 17:01:00+00:00
[2025-04-19T17:50:12.543+0000] {processor.py:208} INFO - Processing /opt/airflow/dags/hello_worldcopy.py took 0.073 seconds
[2025-04-19T17:50:43.050+0000] {processor.py:186} INFO - Started process (PID=1270) to work on /opt/airflow/dags/hello_worldcopy.py
[2025-04-19T17:50:43.051+0000] {processor.py:914} INFO - Processing file /opt/airflow/dags/hello_worldcopy.py for tasks to queue
[2025-04-19T17:50:43.053+0000] {logging_mixin.py:190} INFO - [2025-04-19T17:50:43.053+0000] {dagbag.py:587} INFO - Filling up the DagBag from /opt/airflow/dags/hello_worldcopy.py
[2025-04-19T17:50:43.062+0000] {processor.py:925} INFO - DAG(s) 'HelloWorldCopy' retrieved from /opt/airflow/dags/hello_worldcopy.py
[2025-04-19T17:50:43.082+0000] {logging_mixin.py:190} INFO - [2025-04-19T17:50:43.082+0000] {dag.py:3229} INFO - Sync 1 DAGs
[2025-04-19T17:50:43.100+0000] {logging_mixin.py:190} INFO - [2025-04-19T17:50:43.100+0000] {dag.py:4156} INFO - Setting next_dagrun for HelloWorldCopy to 2025-04-19 16:01:00+00:00, run_after=2025-04-19 17:01:00+00:00
[2025-04-19T17:50:43.114+0000] {processor.py:208} INFO - Processing /opt/airflow/dags/hello_worldcopy.py took 0.068 seconds
[2025-04-19T17:51:13.926+0000] {processor.py:186} INFO - Started process (PID=1328) to work on /opt/airflow/dags/hello_worldcopy.py
[2025-04-19T17:51:13.927+0000] {processor.py:914} INFO - Processing file /opt/airflow/dags/hello_worldcopy.py for tasks to queue
[2025-04-19T17:51:13.929+0000] {logging_mixin.py:190} INFO - [2025-04-19T17:51:13.929+0000] {dagbag.py:587} INFO - Filling up the DagBag from /opt/airflow/dags/hello_worldcopy.py
[2025-04-19T17:51:13.939+0000] {processor.py:925} INFO - DAG(s) 'HelloWorldCopy' retrieved from /opt/airflow/dags/hello_worldcopy.py
[2025-04-19T17:51:13.961+0000] {logging_mixin.py:190} INFO - [2025-04-19T17:51:13.961+0000] {dag.py:3229} INFO - Sync 1 DAGs
[2025-04-19T17:51:13.979+0000] {logging_mixin.py:190} INFO - [2025-04-19T17:51:13.979+0000] {dag.py:4156} INFO - Setting next_dagrun for HelloWorldCopy to 2025-04-19 16:01:00+00:00, run_after=2025-04-19 17:01:00+00:00
[2025-04-19T17:51:13.998+0000] {processor.py:208} INFO - Processing /opt/airflow/dags/hello_worldcopy.py took 0.076 seconds
[2025-04-19T17:51:45.467+0000] {processor.py:186} INFO - Started process (PID=1386) to work on /opt/airflow/dags/hello_worldcopy.py
[2025-04-19T17:51:45.469+0000] {processor.py:914} INFO - Processing file /opt/airflow/dags/hello_worldcopy.py for tasks to queue
[2025-04-19T17:51:45.471+0000] {logging_mixin.py:190} INFO - [2025-04-19T17:51:45.471+0000] {dagbag.py:587} INFO - Filling up the DagBag from /opt/airflow/dags/hello_worldcopy.py
[2025-04-19T17:51:45.480+0000] {processor.py:925} INFO - DAG(s) 'HelloWorldCopy' retrieved from /opt/airflow/dags/hello_worldcopy.py
[2025-04-19T17:51:45.502+0000] {logging_mixin.py:190} INFO - [2025-04-19T17:51:45.502+0000] {dag.py:3229} INFO - Sync 1 DAGs
[2025-04-19T17:51:45.523+0000] {logging_mixin.py:190} INFO - [2025-04-19T17:51:45.523+0000] {dag.py:4156} INFO - Setting next_dagrun for HelloWorldCopy to 2025-04-19 16:01:00+00:00, run_after=2025-04-19 17:01:00+00:00
[2025-04-19T17:51:45.539+0000] {processor.py:208} INFO - Processing /opt/airflow/dags/hello_worldcopy.py took 0.077 seconds
[2025-04-19T17:52:15.759+0000] {processor.py:186} INFO - Started process (PID=1437) to work on /opt/airflow/dags/hello_worldcopy.py
[2025-04-19T17:52:15.760+0000] {processor.py:914} INFO - Processing file /opt/airflow/dags/hello_worldcopy.py for tasks to queue
[2025-04-19T17:52:15.761+0000] {logging_mixin.py:190} INFO - [2025-04-19T17:52:15.761+0000] {dagbag.py:587} INFO - Filling up the DagBag from /opt/airflow/dags/hello_worldcopy.py
[2025-04-19T17:52:15.769+0000] {processor.py:925} INFO - DAG(s) 'HelloWorldCopy' retrieved from /opt/airflow/dags/hello_worldcopy.py
[2025-04-19T17:52:15.788+0000] {logging_mixin.py:190} INFO - [2025-04-19T17:52:15.787+0000] {dag.py:3229} INFO - Sync 1 DAGs
[2025-04-19T17:52:15.804+0000] {logging_mixin.py:190} INFO - [2025-04-19T17:52:15.804+0000] {dag.py:4156} INFO - Setting next_dagrun for HelloWorldCopy to 2025-04-19 16:01:00+00:00, run_after=2025-04-19 17:01:00+00:00
[2025-04-19T17:52:15.815+0000] {processor.py:208} INFO - Processing /opt/airflow/dags/hello_worldcopy.py took 0.061 seconds
[2025-04-19T17:52:46.664+0000] {processor.py:186} INFO - Started process (PID=1490) to work on /opt/airflow/dags/hello_worldcopy.py
[2025-04-19T17:52:46.664+0000] {processor.py:914} INFO - Processing file /opt/airflow/dags/hello_worldcopy.py for tasks to queue
[2025-04-19T17:52:46.667+0000] {logging_mixin.py:190} INFO - [2025-04-19T17:52:46.666+0000] {dagbag.py:587} INFO - Filling up the DagBag from /opt/airflow/dags/hello_worldcopy.py
[2025-04-19T17:52:46.675+0000] {processor.py:925} INFO - DAG(s) 'HelloWorldCopy' retrieved from /opt/airflow/dags/hello_worldcopy.py
[2025-04-19T17:52:46.699+0000] {logging_mixin.py:190} INFO - [2025-04-19T17:52:46.698+0000] {dag.py:3229} INFO - Sync 1 DAGs
[2025-04-19T17:52:46.716+0000] {logging_mixin.py:190} INFO - [2025-04-19T17:52:46.716+0000] {dag.py:4156} INFO - Setting next_dagrun for HelloWorldCopy to 2025-04-19 16:01:00+00:00, run_after=2025-04-19 17:01:00+00:00
[2025-04-19T17:52:46.730+0000] {processor.py:208} INFO - Processing /opt/airflow/dags/hello_worldcopy.py took 0.070 seconds
[2025-04-19T17:53:17.498+0000] {processor.py:186} INFO - Started process (PID=1550) to work on /opt/airflow/dags/hello_worldcopy.py
[2025-04-19T17:53:17.499+0000] {processor.py:914} INFO - Processing file /opt/airflow/dags/hello_worldcopy.py for tasks to queue
[2025-04-19T17:53:17.500+0000] {logging_mixin.py:190} INFO - [2025-04-19T17:53:17.500+0000] {dagbag.py:587} INFO - Filling up the DagBag from /opt/airflow/dags/hello_worldcopy.py
[2025-04-19T17:53:17.508+0000] {processor.py:925} INFO - DAG(s) 'HelloWorldCopy' retrieved from /opt/airflow/dags/hello_worldcopy.py
[2025-04-19T17:53:17.525+0000] {logging_mixin.py:190} INFO - [2025-04-19T17:53:17.525+0000] {dag.py:3229} INFO - Sync 1 DAGs
[2025-04-19T17:53:17.541+0000] {logging_mixin.py:190} INFO - [2025-04-19T17:53:17.541+0000] {dag.py:4156} INFO - Setting next_dagrun for HelloWorldCopy to 2025-04-19 16:01:00+00:00, run_after=2025-04-19 17:01:00+00:00
[2025-04-19T17:53:17.552+0000] {processor.py:208} INFO - Processing /opt/airflow/dags/hello_worldcopy.py took 0.058 seconds
[2025-04-19T17:53:47.924+0000] {processor.py:186} INFO - Started process (PID=1606) to work on /opt/airflow/dags/hello_worldcopy.py
[2025-04-19T17:53:47.925+0000] {processor.py:914} INFO - Processing file /opt/airflow/dags/hello_worldcopy.py for tasks to queue
[2025-04-19T17:53:47.927+0000] {logging_mixin.py:190} INFO - [2025-04-19T17:53:47.926+0000] {dagbag.py:587} INFO - Filling up the DagBag from /opt/airflow/dags/hello_worldcopy.py
[2025-04-19T17:53:47.936+0000] {processor.py:925} INFO - DAG(s) 'HelloWorldCopy' retrieved from /opt/airflow/dags/hello_worldcopy.py
[2025-04-19T17:53:47.957+0000] {logging_mixin.py:190} INFO - [2025-04-19T17:53:47.957+0000] {dag.py:3229} INFO - Sync 1 DAGs
[2025-04-19T17:53:47.977+0000] {logging_mixin.py:190} INFO - [2025-04-19T17:53:47.977+0000] {dag.py:4156} INFO - Setting next_dagrun for HelloWorldCopy to 2025-04-19 16:01:00+00:00, run_after=2025-04-19 17:01:00+00:00
[2025-04-19T17:53:47.990+0000] {processor.py:208} INFO - Processing /opt/airflow/dags/hello_worldcopy.py took 0.071 seconds
[2025-04-19T17:54:18.846+0000] {processor.py:186} INFO - Started process (PID=1666) to work on /opt/airflow/dags/hello_worldcopy.py
[2025-04-19T17:54:18.847+0000] {processor.py:914} INFO - Processing file /opt/airflow/dags/hello_worldcopy.py for tasks to queue
[2025-04-19T17:54:18.849+0000] {logging_mixin.py:190} INFO - [2025-04-19T17:54:18.849+0000] {dagbag.py:587} INFO - Filling up the DagBag from /opt/airflow/dags/hello_worldcopy.py
[2025-04-19T17:54:18.857+0000] {processor.py:925} INFO - DAG(s) 'HelloWorldCopy' retrieved from /opt/airflow/dags/hello_worldcopy.py
[2025-04-19T17:54:18.876+0000] {logging_mixin.py:190} INFO - [2025-04-19T17:54:18.876+0000] {dag.py:3229} INFO - Sync 1 DAGs
[2025-04-19T17:54:18.893+0000] {logging_mixin.py:190} INFO - [2025-04-19T17:54:18.892+0000] {dag.py:4156} INFO - Setting next_dagrun for HelloWorldCopy to 2025-04-19 16:01:00+00:00, run_after=2025-04-19 17:01:00+00:00
[2025-04-19T17:54:18.904+0000] {processor.py:208} INFO - Processing /opt/airflow/dags/hello_worldcopy.py took 0.062 seconds
[2025-04-19T20:57:46.350+0000] {processor.py:186} INFO - Started process (PID=328) to work on /opt/airflow/dags/hello_worldcopy.py
[2025-04-19T20:57:46.352+0000] {processor.py:914} INFO - Processing file /opt/airflow/dags/hello_worldcopy.py for tasks to queue
[2025-04-19T20:57:46.354+0000] {logging_mixin.py:190} INFO - [2025-04-19T20:57:46.354+0000] {dagbag.py:587} INFO - Filling up the DagBag from /opt/airflow/dags/hello_worldcopy.py
[2025-04-19T20:57:46.364+0000] {processor.py:925} INFO - DAG(s) 'HelloWorldCopy' retrieved from /opt/airflow/dags/hello_worldcopy.py
[2025-04-19T20:57:46.388+0000] {logging_mixin.py:190} INFO - [2025-04-19T20:57:46.387+0000] {dag.py:3229} INFO - Sync 1 DAGs
[2025-04-19T20:57:46.411+0000] {logging_mixin.py:190} INFO - [2025-04-19T20:57:46.410+0000] {dag.py:4156} INFO - Setting next_dagrun for HelloWorldCopy to 2025-04-19 19:01:00+00:00, run_after=2025-04-19 20:01:00+00:00
[2025-04-19T20:57:46.428+0000] {processor.py:208} INFO - Processing /opt/airflow/dags/hello_worldcopy.py took 0.083 seconds
[2025-04-19T20:58:17.384+0000] {processor.py:186} INFO - Started process (PID=394) to work on /opt/airflow/dags/hello_worldcopy.py
[2025-04-19T20:58:17.385+0000] {processor.py:914} INFO - Processing file /opt/airflow/dags/hello_worldcopy.py for tasks to queue
[2025-04-19T20:58:17.387+0000] {logging_mixin.py:190} INFO - [2025-04-19T20:58:17.387+0000] {dagbag.py:587} INFO - Filling up the DagBag from /opt/airflow/dags/hello_worldcopy.py
[2025-04-19T20:58:17.406+0000] {processor.py:925} INFO - DAG(s) 'HelloWorldCopy' retrieved from /opt/airflow/dags/hello_worldcopy.py
[2025-04-19T20:58:17.443+0000] {logging_mixin.py:190} INFO - [2025-04-19T20:58:17.442+0000] {dag.py:3229} INFO - Sync 1 DAGs
[2025-04-19T20:58:17.464+0000] {logging_mixin.py:190} INFO - [2025-04-19T20:58:17.463+0000] {dag.py:4156} INFO - Setting next_dagrun for HelloWorldCopy to 2025-04-19 19:01:00+00:00, run_after=2025-04-19 20:01:00+00:00
[2025-04-19T20:58:17.476+0000] {processor.py:208} INFO - Processing /opt/airflow/dags/hello_worldcopy.py took 0.099 seconds
[2025-04-19T20:58:48.211+0000] {processor.py:186} INFO - Started process (PID=452) to work on /opt/airflow/dags/hello_worldcopy.py
[2025-04-19T20:58:48.216+0000] {processor.py:914} INFO - Processing file /opt/airflow/dags/hello_worldcopy.py for tasks to queue
[2025-04-19T20:58:48.221+0000] {logging_mixin.py:190} INFO - [2025-04-19T20:58:48.219+0000] {dagbag.py:587} INFO - Filling up the DagBag from /opt/airflow/dags/hello_worldcopy.py
[2025-04-19T20:58:48.254+0000] {processor.py:925} INFO - DAG(s) 'HelloWorldCopy' retrieved from /opt/airflow/dags/hello_worldcopy.py
[2025-04-19T20:58:48.307+0000] {logging_mixin.py:190} INFO - [2025-04-19T20:58:48.307+0000] {dag.py:3229} INFO - Sync 1 DAGs
[2025-04-19T20:58:48.343+0000] {logging_mixin.py:190} INFO - [2025-04-19T20:58:48.343+0000] {dag.py:4156} INFO - Setting next_dagrun for HelloWorldCopy to 2025-04-19 19:01:00+00:00, run_after=2025-04-19 20:01:00+00:00
[2025-04-19T20:58:48.362+0000] {processor.py:208} INFO - Processing /opt/airflow/dags/hello_worldcopy.py took 0.169 seconds
[2025-04-19T20:59:19.208+0000] {processor.py:186} INFO - Started process (PID=514) to work on /opt/airflow/dags/hello_worldcopy.py
[2025-04-19T20:59:19.209+0000] {processor.py:914} INFO - Processing file /opt/airflow/dags/hello_worldcopy.py for tasks to queue
[2025-04-19T20:59:19.212+0000] {logging_mixin.py:190} INFO - [2025-04-19T20:59:19.212+0000] {dagbag.py:587} INFO - Filling up the DagBag from /opt/airflow/dags/hello_worldcopy.py
[2025-04-19T20:59:19.225+0000] {processor.py:925} INFO - DAG(s) 'HelloWorldCopy' retrieved from /opt/airflow/dags/hello_worldcopy.py
[2025-04-19T20:59:19.251+0000] {logging_mixin.py:190} INFO - [2025-04-19T20:59:19.251+0000] {dag.py:3229} INFO - Sync 1 DAGs
[2025-04-19T20:59:19.272+0000] {logging_mixin.py:190} INFO - [2025-04-19T20:59:19.272+0000] {dag.py:4156} INFO - Setting next_dagrun for HelloWorldCopy to 2025-04-19 19:01:00+00:00, run_after=2025-04-19 20:01:00+00:00
[2025-04-19T20:59:19.287+0000] {processor.py:208} INFO - Processing /opt/airflow/dags/hello_worldcopy.py took 0.090 seconds
[2025-04-19T20:59:49.367+0000] {processor.py:186} INFO - Started process (PID=572) to work on /opt/airflow/dags/hello_worldcopy.py
[2025-04-19T20:59:49.370+0000] {processor.py:914} INFO - Processing file /opt/airflow/dags/hello_worldcopy.py for tasks to queue
[2025-04-19T20:59:49.372+0000] {logging_mixin.py:190} INFO - [2025-04-19T20:59:49.372+0000] {dagbag.py:587} INFO - Filling up the DagBag from /opt/airflow/dags/hello_worldcopy.py
[2025-04-19T20:59:49.387+0000] {processor.py:925} INFO - DAG(s) 'HelloWorldCopy' retrieved from /opt/airflow/dags/hello_worldcopy.py
[2025-04-19T20:59:49.410+0000] {logging_mixin.py:190} INFO - [2025-04-19T20:59:49.410+0000] {dag.py:3229} INFO - Sync 1 DAGs
[2025-04-19T20:59:49.428+0000] {logging_mixin.py:190} INFO - [2025-04-19T20:59:49.428+0000] {dag.py:4156} INFO - Setting next_dagrun for HelloWorldCopy to 2025-04-19 19:01:00+00:00, run_after=2025-04-19 20:01:00+00:00
[2025-04-19T20:59:49.444+0000] {processor.py:208} INFO - Processing /opt/airflow/dags/hello_worldcopy.py took 0.084 seconds
[2025-04-19T21:00:20.346+0000] {processor.py:186} INFO - Started process (PID=630) to work on /opt/airflow/dags/hello_worldcopy.py
[2025-04-19T21:00:20.347+0000] {processor.py:914} INFO - Processing file /opt/airflow/dags/hello_worldcopy.py for tasks to queue
[2025-04-19T21:00:20.349+0000] {logging_mixin.py:190} INFO - [2025-04-19T21:00:20.349+0000] {dagbag.py:587} INFO - Filling up the DagBag from /opt/airflow/dags/hello_worldcopy.py
[2025-04-19T21:00:20.362+0000] {processor.py:925} INFO - DAG(s) 'HelloWorldCopy' retrieved from /opt/airflow/dags/hello_worldcopy.py
[2025-04-19T21:00:20.385+0000] {logging_mixin.py:190} INFO - [2025-04-19T21:00:20.385+0000] {dag.py:3229} INFO - Sync 1 DAGs
[2025-04-19T21:00:20.402+0000] {logging_mixin.py:190} INFO - [2025-04-19T21:00:20.402+0000] {dag.py:4156} INFO - Setting next_dagrun for HelloWorldCopy to 2025-04-19 19:01:00+00:00, run_after=2025-04-19 20:01:00+00:00
[2025-04-19T21:00:20.417+0000] {processor.py:208} INFO - Processing /opt/airflow/dags/hello_worldcopy.py took 0.078 seconds
[2025-04-19T21:00:51.154+0000] {processor.py:186} INFO - Started process (PID=688) to work on /opt/airflow/dags/hello_worldcopy.py
[2025-04-19T21:00:51.156+0000] {processor.py:914} INFO - Processing file /opt/airflow/dags/hello_worldcopy.py for tasks to queue
[2025-04-19T21:00:51.158+0000] {logging_mixin.py:190} INFO - [2025-04-19T21:00:51.158+0000] {dagbag.py:587} INFO - Filling up the DagBag from /opt/airflow/dags/hello_worldcopy.py
[2025-04-19T21:00:51.176+0000] {processor.py:925} INFO - DAG(s) 'HelloWorldCopy' retrieved from /opt/airflow/dags/hello_worldcopy.py
[2025-04-19T21:00:51.208+0000] {logging_mixin.py:190} INFO - [2025-04-19T21:00:51.207+0000] {dag.py:3229} INFO - Sync 1 DAGs
[2025-04-19T21:00:51.232+0000] {logging_mixin.py:190} INFO - [2025-04-19T21:00:51.232+0000] {dag.py:4156} INFO - Setting next_dagrun for HelloWorldCopy to 2025-04-19 19:01:00+00:00, run_after=2025-04-19 20:01:00+00:00
[2025-04-19T21:00:51.248+0000] {processor.py:208} INFO - Processing /opt/airflow/dags/hello_worldcopy.py took 0.101 seconds
[2025-04-19T21:01:22.220+0000] {processor.py:186} INFO - Started process (PID=746) to work on /opt/airflow/dags/hello_worldcopy.py
[2025-04-19T21:01:22.221+0000] {processor.py:914} INFO - Processing file /opt/airflow/dags/hello_worldcopy.py for tasks to queue
[2025-04-19T21:01:22.225+0000] {logging_mixin.py:190} INFO - [2025-04-19T21:01:22.225+0000] {dagbag.py:587} INFO - Filling up the DagBag from /opt/airflow/dags/hello_worldcopy.py
[2025-04-19T21:01:22.238+0000] {processor.py:925} INFO - DAG(s) 'HelloWorldCopy' retrieved from /opt/airflow/dags/hello_worldcopy.py
[2025-04-19T21:01:22.258+0000] {logging_mixin.py:190} INFO - [2025-04-19T21:01:22.258+0000] {dag.py:3229} INFO - Sync 1 DAGs
[2025-04-19T21:01:22.277+0000] {logging_mixin.py:190} INFO - [2025-04-19T21:01:22.276+0000] {dag.py:4156} INFO - Setting next_dagrun for HelloWorldCopy to 2025-04-19 20:01:00+00:00, run_after=2025-04-19 21:01:00+00:00
[2025-04-19T21:01:22.292+0000] {processor.py:208} INFO - Processing /opt/airflow/dags/hello_worldcopy.py took 0.078 seconds
[2025-04-19T21:01:52.447+0000] {processor.py:186} INFO - Started process (PID=802) to work on /opt/airflow/dags/hello_worldcopy.py
[2025-04-19T21:01:52.448+0000] {processor.py:914} INFO - Processing file /opt/airflow/dags/hello_worldcopy.py for tasks to queue
[2025-04-19T21:01:52.450+0000] {logging_mixin.py:190} INFO - [2025-04-19T21:01:52.450+0000] {dagbag.py:587} INFO - Filling up the DagBag from /opt/airflow/dags/hello_worldcopy.py
[2025-04-19T21:01:52.458+0000] {processor.py:925} INFO - DAG(s) 'HelloWorldCopy' retrieved from /opt/airflow/dags/hello_worldcopy.py
[2025-04-19T21:01:52.495+0000] {logging_mixin.py:190} INFO - [2025-04-19T21:01:52.493+0000] {dag.py:3229} INFO - Sync 1 DAGs
[2025-04-19T21:01:52.514+0000] {logging_mixin.py:190} INFO - [2025-04-19T21:01:52.514+0000] {dag.py:4156} INFO - Setting next_dagrun for HelloWorldCopy to 2025-04-19 20:01:00+00:00, run_after=2025-04-19 21:01:00+00:00
[2025-04-19T21:01:52.526+0000] {processor.py:208} INFO - Processing /opt/airflow/dags/hello_worldcopy.py took 0.083 seconds
[2025-04-19T21:02:22.577+0000] {processor.py:186} INFO - Started process (PID=851) to work on /opt/airflow/dags/hello_worldcopy.py
[2025-04-19T21:02:22.577+0000] {processor.py:914} INFO - Processing file /opt/airflow/dags/hello_worldcopy.py for tasks to queue
[2025-04-19T21:02:22.579+0000] {logging_mixin.py:190} INFO - [2025-04-19T21:02:22.579+0000] {dagbag.py:587} INFO - Filling up the DagBag from /opt/airflow/dags/hello_worldcopy.py
[2025-04-19T21:02:22.587+0000] {processor.py:925} INFO - DAG(s) 'HelloWorldCopy' retrieved from /opt/airflow/dags/hello_worldcopy.py
[2025-04-19T21:02:22.606+0000] {logging_mixin.py:190} INFO - [2025-04-19T21:02:22.605+0000] {dag.py:3229} INFO - Sync 1 DAGs
[2025-04-19T21:02:22.622+0000] {logging_mixin.py:190} INFO - [2025-04-19T21:02:22.622+0000] {dag.py:4156} INFO - Setting next_dagrun for HelloWorldCopy to 2025-04-19 20:01:00+00:00, run_after=2025-04-19 21:01:00+00:00
[2025-04-19T21:02:22.633+0000] {processor.py:208} INFO - Processing /opt/airflow/dags/hello_worldcopy.py took 0.061 seconds
[2025-04-19T21:02:52.836+0000] {processor.py:186} INFO - Started process (PID=907) to work on /opt/airflow/dags/hello_worldcopy.py
[2025-04-19T21:02:52.836+0000] {processor.py:914} INFO - Processing file /opt/airflow/dags/hello_worldcopy.py for tasks to queue
[2025-04-19T21:02:52.838+0000] {logging_mixin.py:190} INFO - [2025-04-19T21:02:52.838+0000] {dagbag.py:587} INFO - Filling up the DagBag from /opt/airflow/dags/hello_worldcopy.py
[2025-04-19T21:02:52.846+0000] {processor.py:925} INFO - DAG(s) 'HelloWorldCopy' retrieved from /opt/airflow/dags/hello_worldcopy.py
[2025-04-19T21:02:52.869+0000] {logging_mixin.py:190} INFO - [2025-04-19T21:02:52.869+0000] {dag.py:3229} INFO - Sync 1 DAGs
[2025-04-19T21:02:52.887+0000] {logging_mixin.py:190} INFO - [2025-04-19T21:02:52.887+0000] {dag.py:4156} INFO - Setting next_dagrun for HelloWorldCopy to 2025-04-19 20:01:00+00:00, run_after=2025-04-19 21:01:00+00:00
[2025-04-19T21:02:52.898+0000] {processor.py:208} INFO - Processing /opt/airflow/dags/hello_worldcopy.py took 0.067 seconds
[2025-04-19T21:03:23.780+0000] {processor.py:186} INFO - Started process (PID=965) to work on /opt/airflow/dags/hello_worldcopy.py
[2025-04-19T21:03:23.782+0000] {processor.py:914} INFO - Processing file /opt/airflow/dags/hello_worldcopy.py for tasks to queue
[2025-04-19T21:03:23.784+0000] {logging_mixin.py:190} INFO - [2025-04-19T21:03:23.783+0000] {dagbag.py:587} INFO - Filling up the DagBag from /opt/airflow/dags/hello_worldcopy.py
[2025-04-19T21:03:23.792+0000] {processor.py:925} INFO - DAG(s) 'HelloWorldCopy' retrieved from /opt/airflow/dags/hello_worldcopy.py
[2025-04-19T21:03:23.812+0000] {logging_mixin.py:190} INFO - [2025-04-19T21:03:23.812+0000] {dag.py:3229} INFO - Sync 1 DAGs
[2025-04-19T21:03:23.831+0000] {logging_mixin.py:190} INFO - [2025-04-19T21:03:23.831+0000] {dag.py:4156} INFO - Setting next_dagrun for HelloWorldCopy to 2025-04-19 20:01:00+00:00, run_after=2025-04-19 21:01:00+00:00
[2025-04-19T21:03:23.847+0000] {processor.py:208} INFO - Processing /opt/airflow/dags/hello_worldcopy.py took 0.072 seconds
[2025-04-19T21:03:55.098+0000] {processor.py:186} INFO - Started process (PID=1023) to work on /opt/airflow/dags/hello_worldcopy.py
[2025-04-19T21:03:55.100+0000] {processor.py:914} INFO - Processing file /opt/airflow/dags/hello_worldcopy.py for tasks to queue
[2025-04-19T21:03:55.103+0000] {logging_mixin.py:190} INFO - [2025-04-19T21:03:55.103+0000] {dagbag.py:587} INFO - Filling up the DagBag from /opt/airflow/dags/hello_worldcopy.py
[2025-04-19T21:03:55.138+0000] {processor.py:925} INFO - DAG(s) 'HelloWorldCopy' retrieved from /opt/airflow/dags/hello_worldcopy.py
[2025-04-19T21:03:55.185+0000] {logging_mixin.py:190} INFO - [2025-04-19T21:03:55.185+0000] {dag.py:3229} INFO - Sync 1 DAGs
[2025-04-19T21:03:55.211+0000] {logging_mixin.py:190} INFO - [2025-04-19T21:03:55.211+0000] {dag.py:4156} INFO - Setting next_dagrun for HelloWorldCopy to 2025-04-19 20:01:00+00:00, run_after=2025-04-19 21:01:00+00:00
[2025-04-19T21:03:55.230+0000] {processor.py:208} INFO - Processing /opt/airflow/dags/hello_worldcopy.py took 0.145 seconds
[2025-04-19T21:04:25.301+0000] {processor.py:186} INFO - Started process (PID=1081) to work on /opt/airflow/dags/hello_worldcopy.py
[2025-04-19T21:04:25.302+0000] {processor.py:914} INFO - Processing file /opt/airflow/dags/hello_worldcopy.py for tasks to queue
[2025-04-19T21:04:25.304+0000] {logging_mixin.py:190} INFO - [2025-04-19T21:04:25.304+0000] {dagbag.py:587} INFO - Filling up the DagBag from /opt/airflow/dags/hello_worldcopy.py
[2025-04-19T21:04:25.316+0000] {processor.py:925} INFO - DAG(s) 'HelloWorldCopy' retrieved from /opt/airflow/dags/hello_worldcopy.py
[2025-04-19T21:04:25.337+0000] {logging_mixin.py:190} INFO - [2025-04-19T21:04:25.337+0000] {dag.py:3229} INFO - Sync 1 DAGs
[2025-04-19T21:04:25.354+0000] {logging_mixin.py:190} INFO - [2025-04-19T21:04:25.354+0000] {dag.py:4156} INFO - Setting next_dagrun for HelloWorldCopy to 2025-04-19 20:01:00+00:00, run_after=2025-04-19 21:01:00+00:00
[2025-04-19T21:04:25.367+0000] {processor.py:208} INFO - Processing /opt/airflow/dags/hello_worldcopy.py took 0.071 seconds
[2025-04-19T21:04:56.236+0000] {processor.py:186} INFO - Started process (PID=1139) to work on /opt/airflow/dags/hello_worldcopy.py
[2025-04-19T21:04:56.237+0000] {processor.py:914} INFO - Processing file /opt/airflow/dags/hello_worldcopy.py for tasks to queue
[2025-04-19T21:04:56.239+0000] {logging_mixin.py:190} INFO - [2025-04-19T21:04:56.239+0000] {dagbag.py:587} INFO - Filling up the DagBag from /opt/airflow/dags/hello_worldcopy.py
[2025-04-19T21:04:56.251+0000] {processor.py:925} INFO - DAG(s) 'HelloWorldCopy' retrieved from /opt/airflow/dags/hello_worldcopy.py
[2025-04-19T21:04:56.269+0000] {logging_mixin.py:190} INFO - [2025-04-19T21:04:56.269+0000] {dag.py:3229} INFO - Sync 1 DAGs
[2025-04-19T21:04:56.287+0000] {logging_mixin.py:190} INFO - [2025-04-19T21:04:56.287+0000] {dag.py:4156} INFO - Setting next_dagrun for HelloWorldCopy to 2025-04-19 20:01:00+00:00, run_after=2025-04-19 21:01:00+00:00
[2025-04-19T21:04:56.299+0000] {processor.py:208} INFO - Processing /opt/airflow/dags/hello_worldcopy.py took 0.068 seconds
