[2025-04-19T17:41:33.319+0000] {processor.py:186} INFO - Started process (PID=237) to work on /opt/airflow/dags/hello_world.py
[2025-04-19T17:41:33.320+0000] {processor.py:914} INFO - Processing file /opt/airflow/dags/hello_world.py for tasks to queue
[2025-04-19T17:41:33.322+0000] {logging_mixin.py:190} INFO - [2025-04-19T17:41:33.322+0000] {dagbag.py:587} INFO - Filling up the DagBag from /opt/airflow/dags/hello_world.py
[2025-04-19T17:41:33.332+0000] {processor.py:925} INFO - DAG(s) 'HelloWorld' retrieved from /opt/airflow/dags/hello_world.py
[2025-04-19T17:41:33.360+0000] {logging_mixin.py:190} INFO - [2025-04-19T17:41:33.360+0000] {dag.py:3229} INFO - Sync 1 DAGs
[2025-04-19T17:41:33.398+0000] {logging_mixin.py:190} INFO - [2025-04-19T17:41:33.397+0000] {dag.py:4156} INFO - Setting next_dagrun for HelloWorld to 2025-04-19 16:01:00+00:00, run_after=2025-04-19 17:01:00+00:00
[2025-04-19T17:41:33.436+0000] {processor.py:208} INFO - Processing /opt/airflow/dags/hello_world.py took 0.122 seconds
[2025-04-19T17:42:04.321+0000] {processor.py:186} INFO - Started process (PID=315) to work on /opt/airflow/dags/hello_world.py
[2025-04-19T17:42:04.322+0000] {processor.py:914} INFO - Processing file /opt/airflow/dags/hello_world.py for tasks to queue
[2025-04-19T17:42:04.323+0000] {logging_mixin.py:190} INFO - [2025-04-19T17:42:04.323+0000] {dagbag.py:587} INFO - Filling up the DagBag from /opt/airflow/dags/hello_world.py
[2025-04-19T17:42:04.332+0000] {processor.py:925} INFO - DAG(s) 'HelloWorld' retrieved from /opt/airflow/dags/hello_world.py
[2025-04-19T17:42:04.353+0000] {logging_mixin.py:190} INFO - [2025-04-19T17:42:04.352+0000] {dag.py:3229} INFO - Sync 1 DAGs
[2025-04-19T17:42:04.369+0000] {logging_mixin.py:190} INFO - [2025-04-19T17:42:04.369+0000] {dag.py:4156} INFO - Setting next_dagrun for HelloWorld to 2025-04-19 16:01:00+00:00, run_after=2025-04-19 17:01:00+00:00
[2025-04-19T17:42:04.380+0000] {processor.py:208} INFO - Processing /opt/airflow/dags/hello_world.py took 0.063 seconds
[2025-04-19T17:42:35.242+0000] {processor.py:186} INFO - Started process (PID=374) to work on /opt/airflow/dags/hello_world.py
[2025-04-19T17:42:35.243+0000] {processor.py:914} INFO - Processing file /opt/airflow/dags/hello_world.py for tasks to queue
[2025-04-19T17:42:35.244+0000] {logging_mixin.py:190} INFO - [2025-04-19T17:42:35.244+0000] {dagbag.py:587} INFO - Filling up the DagBag from /opt/airflow/dags/hello_world.py
[2025-04-19T17:42:35.252+0000] {processor.py:925} INFO - DAG(s) 'HelloWorld' retrieved from /opt/airflow/dags/hello_world.py
[2025-04-19T17:42:35.269+0000] {logging_mixin.py:190} INFO - [2025-04-19T17:42:35.269+0000] {dag.py:3229} INFO - Sync 1 DAGs
[2025-04-19T17:42:35.285+0000] {logging_mixin.py:190} INFO - [2025-04-19T17:42:35.284+0000] {dag.py:4156} INFO - Setting next_dagrun for HelloWorld to 2025-04-19 16:01:00+00:00, run_after=2025-04-19 17:01:00+00:00
[2025-04-19T17:42:35.295+0000] {processor.py:208} INFO - Processing /opt/airflow/dags/hello_world.py took 0.057 seconds
[2025-04-19T17:43:06.084+0000] {processor.py:186} INFO - Started process (PID=432) to work on /opt/airflow/dags/hello_world.py
[2025-04-19T17:43:06.084+0000] {processor.py:914} INFO - Processing file /opt/airflow/dags/hello_world.py for tasks to queue
[2025-04-19T17:43:06.086+0000] {logging_mixin.py:190} INFO - [2025-04-19T17:43:06.085+0000] {dagbag.py:587} INFO - Filling up the DagBag from /opt/airflow/dags/hello_world.py
[2025-04-19T17:43:06.093+0000] {processor.py:925} INFO - DAG(s) 'HelloWorld' retrieved from /opt/airflow/dags/hello_world.py
[2025-04-19T17:43:06.113+0000] {logging_mixin.py:190} INFO - [2025-04-19T17:43:06.113+0000] {dag.py:3229} INFO - Sync 1 DAGs
[2025-04-19T17:43:06.130+0000] {logging_mixin.py:190} INFO - [2025-04-19T17:43:06.130+0000] {dag.py:4156} INFO - Setting next_dagrun for HelloWorld to 2025-04-19 16:01:00+00:00, run_after=2025-04-19 17:01:00+00:00
[2025-04-19T17:43:06.141+0000] {processor.py:208} INFO - Processing /opt/airflow/dags/hello_world.py took 0.062 seconds
[2025-04-19T17:43:36.774+0000] {processor.py:186} INFO - Started process (PID=488) to work on /opt/airflow/dags/hello_world.py
[2025-04-19T17:43:36.775+0000] {processor.py:914} INFO - Processing file /opt/airflow/dags/hello_world.py for tasks to queue
[2025-04-19T17:43:36.778+0000] {logging_mixin.py:190} INFO - [2025-04-19T17:43:36.777+0000] {dagbag.py:587} INFO - Filling up the DagBag from /opt/airflow/dags/hello_world.py
[2025-04-19T17:43:36.789+0000] {processor.py:925} INFO - DAG(s) 'HelloWorld' retrieved from /opt/airflow/dags/hello_world.py
[2025-04-19T17:43:36.807+0000] {logging_mixin.py:190} INFO - [2025-04-19T17:43:36.806+0000] {dag.py:3229} INFO - Sync 1 DAGs
[2025-04-19T17:43:36.823+0000] {logging_mixin.py:190} INFO - [2025-04-19T17:43:36.822+0000] {dag.py:4156} INFO - Setting next_dagrun for HelloWorld to 2025-04-19 16:01:00+00:00, run_after=2025-04-19 17:01:00+00:00
[2025-04-19T17:43:36.832+0000] {processor.py:208} INFO - Processing /opt/airflow/dags/hello_world.py took 0.064 seconds
[2025-04-19T17:44:07.450+0000] {processor.py:186} INFO - Started process (PID=548) to work on /opt/airflow/dags/hello_world.py
[2025-04-19T17:44:07.451+0000] {processor.py:914} INFO - Processing file /opt/airflow/dags/hello_world.py for tasks to queue
[2025-04-19T17:44:07.452+0000] {logging_mixin.py:190} INFO - [2025-04-19T17:44:07.452+0000] {dagbag.py:587} INFO - Filling up the DagBag from /opt/airflow/dags/hello_world.py
[2025-04-19T17:44:07.460+0000] {processor.py:925} INFO - DAG(s) 'HelloWorld' retrieved from /opt/airflow/dags/hello_world.py
[2025-04-19T17:44:07.486+0000] {logging_mixin.py:190} INFO - [2025-04-19T17:44:07.486+0000] {dag.py:3229} INFO - Sync 1 DAGs
[2025-04-19T17:44:07.504+0000] {logging_mixin.py:190} INFO - [2025-04-19T17:44:07.503+0000] {dag.py:4156} INFO - Setting next_dagrun for HelloWorld to 2025-04-19 16:01:00+00:00, run_after=2025-04-19 17:01:00+00:00
[2025-04-19T17:44:07.515+0000] {processor.py:208} INFO - Processing /opt/airflow/dags/hello_world.py took 0.070 seconds
[2025-04-19T17:44:37.924+0000] {processor.py:186} INFO - Started process (PID=606) to work on /opt/airflow/dags/hello_world.py
[2025-04-19T17:44:37.925+0000] {processor.py:914} INFO - Processing file /opt/airflow/dags/hello_world.py for tasks to queue
[2025-04-19T17:44:37.926+0000] {logging_mixin.py:190} INFO - [2025-04-19T17:44:37.926+0000] {dagbag.py:587} INFO - Filling up the DagBag from /opt/airflow/dags/hello_world.py
[2025-04-19T17:44:37.937+0000] {processor.py:925} INFO - DAG(s) 'HelloWorld' retrieved from /opt/airflow/dags/hello_world.py
[2025-04-19T17:44:37.955+0000] {logging_mixin.py:190} INFO - [2025-04-19T17:44:37.955+0000] {dag.py:3229} INFO - Sync 1 DAGs
[2025-04-19T17:44:37.972+0000] {logging_mixin.py:190} INFO - [2025-04-19T17:44:37.972+0000] {dag.py:4156} INFO - Setting next_dagrun for HelloWorld to 2025-04-19 16:01:00+00:00, run_after=2025-04-19 17:01:00+00:00
[2025-04-19T17:44:37.983+0000] {processor.py:208} INFO - Processing /opt/airflow/dags/hello_world.py took 0.063 seconds
[2025-04-19T17:45:08.171+0000] {processor.py:186} INFO - Started process (PID=662) to work on /opt/airflow/dags/hello_world.py
[2025-04-19T17:45:08.174+0000] {processor.py:914} INFO - Processing file /opt/airflow/dags/hello_world.py for tasks to queue
[2025-04-19T17:45:08.176+0000] {logging_mixin.py:190} INFO - [2025-04-19T17:45:08.176+0000] {dagbag.py:587} INFO - Filling up the DagBag from /opt/airflow/dags/hello_world.py
[2025-04-19T17:45:08.185+0000] {processor.py:925} INFO - DAG(s) 'HelloWorld' retrieved from /opt/airflow/dags/hello_world.py
[2025-04-19T17:45:08.207+0000] {logging_mixin.py:190} INFO - [2025-04-19T17:45:08.206+0000] {dag.py:3229} INFO - Sync 1 DAGs
[2025-04-19T17:45:08.224+0000] {logging_mixin.py:190} INFO - [2025-04-19T17:45:08.223+0000] {dag.py:4156} INFO - Setting next_dagrun for HelloWorld to 2025-04-19 16:01:00+00:00, run_after=2025-04-19 17:01:00+00:00
[2025-04-19T17:45:08.238+0000] {processor.py:208} INFO - Processing /opt/airflow/dags/hello_world.py took 0.072 seconds
[2025-04-19T17:45:38.437+0000] {processor.py:186} INFO - Started process (PID=713) to work on /opt/airflow/dags/hello_world.py
[2025-04-19T17:45:38.437+0000] {processor.py:914} INFO - Processing file /opt/airflow/dags/hello_world.py for tasks to queue
[2025-04-19T17:45:38.439+0000] {logging_mixin.py:190} INFO - [2025-04-19T17:45:38.439+0000] {dagbag.py:587} INFO - Filling up the DagBag from /opt/airflow/dags/hello_world.py
[2025-04-19T17:45:38.447+0000] {processor.py:925} INFO - DAG(s) 'HelloWorld' retrieved from /opt/airflow/dags/hello_world.py
[2025-04-19T17:45:38.465+0000] {logging_mixin.py:190} INFO - [2025-04-19T17:45:38.464+0000] {dag.py:3229} INFO - Sync 1 DAGs
[2025-04-19T17:45:38.481+0000] {logging_mixin.py:190} INFO - [2025-04-19T17:45:38.481+0000] {dag.py:4156} INFO - Setting next_dagrun for HelloWorld to 2025-04-19 16:01:00+00:00, run_after=2025-04-19 17:01:00+00:00
[2025-04-19T17:45:38.493+0000] {processor.py:208} INFO - Processing /opt/airflow/dags/hello_world.py took 0.061 seconds
[2025-04-19T17:46:08.565+0000] {processor.py:186} INFO - Started process (PID=768) to work on /opt/airflow/dags/hello_world.py
[2025-04-19T17:46:08.568+0000] {processor.py:914} INFO - Processing file /opt/airflow/dags/hello_world.py for tasks to queue
[2025-04-19T17:46:08.570+0000] {logging_mixin.py:190} INFO - [2025-04-19T17:46:08.570+0000] {dagbag.py:587} INFO - Filling up the DagBag from /opt/airflow/dags/hello_world.py
[2025-04-19T17:46:08.578+0000] {processor.py:925} INFO - DAG(s) 'HelloWorld' retrieved from /opt/airflow/dags/hello_world.py
[2025-04-19T17:46:08.595+0000] {logging_mixin.py:190} INFO - [2025-04-19T17:46:08.595+0000] {dag.py:3229} INFO - Sync 1 DAGs
[2025-04-19T17:46:08.612+0000] {logging_mixin.py:190} INFO - [2025-04-19T17:46:08.612+0000] {dag.py:4156} INFO - Setting next_dagrun for HelloWorld to 2025-04-19 16:01:00+00:00, run_after=2025-04-19 17:01:00+00:00
[2025-04-19T17:46:08.623+0000] {processor.py:208} INFO - Processing /opt/airflow/dags/hello_world.py took 0.065 seconds
[2025-04-19T17:46:38.825+0000] {processor.py:186} INFO - Started process (PID=824) to work on /opt/airflow/dags/hello_world.py
[2025-04-19T17:46:38.826+0000] {processor.py:914} INFO - Processing file /opt/airflow/dags/hello_world.py for tasks to queue
[2025-04-19T17:46:38.828+0000] {logging_mixin.py:190} INFO - [2025-04-19T17:46:38.828+0000] {dagbag.py:587} INFO - Filling up the DagBag from /opt/airflow/dags/hello_world.py
[2025-04-19T17:46:38.836+0000] {processor.py:925} INFO - DAG(s) 'HelloWorld' retrieved from /opt/airflow/dags/hello_world.py
[2025-04-19T17:46:38.853+0000] {logging_mixin.py:190} INFO - [2025-04-19T17:46:38.852+0000] {dag.py:3229} INFO - Sync 1 DAGs
[2025-04-19T17:46:38.868+0000] {logging_mixin.py:190} INFO - [2025-04-19T17:46:38.868+0000] {dag.py:4156} INFO - Setting next_dagrun for HelloWorld to 2025-04-19 16:01:00+00:00, run_after=2025-04-19 17:01:00+00:00
[2025-04-19T17:46:38.878+0000] {processor.py:208} INFO - Processing /opt/airflow/dags/hello_world.py took 0.057 seconds
[2025-04-19T17:47:09.191+0000] {processor.py:186} INFO - Started process (PID=882) to work on /opt/airflow/dags/hello_world.py
[2025-04-19T17:47:09.192+0000] {processor.py:914} INFO - Processing file /opt/airflow/dags/hello_world.py for tasks to queue
[2025-04-19T17:47:09.193+0000] {logging_mixin.py:190} INFO - [2025-04-19T17:47:09.193+0000] {dagbag.py:587} INFO - Filling up the DagBag from /opt/airflow/dags/hello_world.py
[2025-04-19T17:47:09.204+0000] {processor.py:925} INFO - DAG(s) 'HelloWorld' retrieved from /opt/airflow/dags/hello_world.py
[2025-04-19T17:47:09.220+0000] {logging_mixin.py:190} INFO - [2025-04-19T17:47:09.220+0000] {dag.py:3229} INFO - Sync 1 DAGs
[2025-04-19T17:47:09.236+0000] {logging_mixin.py:190} INFO - [2025-04-19T17:47:09.236+0000] {dag.py:4156} INFO - Setting next_dagrun for HelloWorld to 2025-04-19 16:01:00+00:00, run_after=2025-04-19 17:01:00+00:00
[2025-04-19T17:47:09.246+0000] {processor.py:208} INFO - Processing /opt/airflow/dags/hello_world.py took 0.059 seconds
[2025-04-19T17:47:40.395+0000] {processor.py:186} INFO - Started process (PID=940) to work on /opt/airflow/dags/hello_world.py
[2025-04-19T17:47:40.395+0000] {processor.py:914} INFO - Processing file /opt/airflow/dags/hello_world.py for tasks to queue
[2025-04-19T17:47:40.397+0000] {logging_mixin.py:190} INFO - [2025-04-19T17:47:40.397+0000] {dagbag.py:587} INFO - Filling up the DagBag from /opt/airflow/dags/hello_world.py
[2025-04-19T17:47:40.404+0000] {processor.py:925} INFO - DAG(s) 'HelloWorld' retrieved from /opt/airflow/dags/hello_world.py
[2025-04-19T17:47:40.422+0000] {logging_mixin.py:190} INFO - [2025-04-19T17:47:40.421+0000] {dag.py:3229} INFO - Sync 1 DAGs
[2025-04-19T17:47:40.438+0000] {logging_mixin.py:190} INFO - [2025-04-19T17:47:40.438+0000] {dag.py:4156} INFO - Setting next_dagrun for HelloWorld to 2025-04-19 16:01:00+00:00, run_after=2025-04-19 17:01:00+00:00
[2025-04-19T17:47:40.448+0000] {processor.py:208} INFO - Processing /opt/airflow/dags/hello_world.py took 0.058 seconds
[2025-04-19T17:48:10.497+0000] {processor.py:186} INFO - Started process (PID=985) to work on /opt/airflow/dags/hello_world.py
[2025-04-19T17:48:10.497+0000] {processor.py:914} INFO - Processing file /opt/airflow/dags/hello_world.py for tasks to queue
[2025-04-19T17:48:10.499+0000] {logging_mixin.py:190} INFO - [2025-04-19T17:48:10.499+0000] {dagbag.py:587} INFO - Filling up the DagBag from /opt/airflow/dags/hello_world.py
[2025-04-19T17:48:10.507+0000] {processor.py:925} INFO - DAG(s) 'HelloWorld' retrieved from /opt/airflow/dags/hello_world.py
[2025-04-19T17:48:10.530+0000] {logging_mixin.py:190} INFO - [2025-04-19T17:48:10.529+0000] {dag.py:3229} INFO - Sync 1 DAGs
[2025-04-19T17:48:10.549+0000] {logging_mixin.py:190} INFO - [2025-04-19T17:48:10.549+0000] {dag.py:4156} INFO - Setting next_dagrun for HelloWorld to 2025-04-19 16:01:00+00:00, run_after=2025-04-19 17:01:00+00:00
[2025-04-19T17:48:10.565+0000] {processor.py:208} INFO - Processing /opt/airflow/dags/hello_world.py took 0.073 seconds
[2025-04-19T17:48:40.850+0000] {processor.py:186} INFO - Started process (PID=1043) to work on /opt/airflow/dags/hello_world.py
[2025-04-19T17:48:40.851+0000] {processor.py:914} INFO - Processing file /opt/airflow/dags/hello_world.py for tasks to queue
[2025-04-19T17:48:40.854+0000] {logging_mixin.py:190} INFO - [2025-04-19T17:48:40.853+0000] {dagbag.py:587} INFO - Filling up the DagBag from /opt/airflow/dags/hello_world.py
[2025-04-19T17:48:40.865+0000] {processor.py:925} INFO - DAG(s) 'HelloWorld' retrieved from /opt/airflow/dags/hello_world.py
[2025-04-19T17:48:40.886+0000] {logging_mixin.py:190} INFO - [2025-04-19T17:48:40.886+0000] {dag.py:3229} INFO - Sync 1 DAGs
[2025-04-19T17:48:40.906+0000] {logging_mixin.py:190} INFO - [2025-04-19T17:48:40.906+0000] {dag.py:4156} INFO - Setting next_dagrun for HelloWorld to 2025-04-19 16:01:00+00:00, run_after=2025-04-19 17:01:00+00:00
[2025-04-19T17:48:40.921+0000] {processor.py:208} INFO - Processing /opt/airflow/dags/hello_world.py took 0.075 seconds
[2025-04-19T17:49:11.394+0000] {processor.py:186} INFO - Started process (PID=1101) to work on /opt/airflow/dags/hello_world.py
[2025-04-19T17:49:11.395+0000] {processor.py:914} INFO - Processing file /opt/airflow/dags/hello_world.py for tasks to queue
[2025-04-19T17:49:11.398+0000] {logging_mixin.py:190} INFO - [2025-04-19T17:49:11.398+0000] {dagbag.py:587} INFO - Filling up the DagBag from /opt/airflow/dags/hello_world.py
[2025-04-19T17:49:11.413+0000] {processor.py:925} INFO - DAG(s) 'HelloWorld' retrieved from /opt/airflow/dags/hello_world.py
[2025-04-19T17:49:11.431+0000] {logging_mixin.py:190} INFO - [2025-04-19T17:49:11.430+0000] {dag.py:3229} INFO - Sync 1 DAGs
[2025-04-19T17:49:11.448+0000] {logging_mixin.py:190} INFO - [2025-04-19T17:49:11.448+0000] {dag.py:4156} INFO - Setting next_dagrun for HelloWorld to 2025-04-19 16:01:00+00:00, run_after=2025-04-19 17:01:00+00:00
[2025-04-19T17:49:11.459+0000] {processor.py:208} INFO - Processing /opt/airflow/dags/hello_world.py took 0.069 seconds
[2025-04-19T17:49:42.031+0000] {processor.py:186} INFO - Started process (PID=1159) to work on /opt/airflow/dags/hello_world.py
[2025-04-19T17:49:42.032+0000] {processor.py:914} INFO - Processing file /opt/airflow/dags/hello_world.py for tasks to queue
[2025-04-19T17:49:42.033+0000] {logging_mixin.py:190} INFO - [2025-04-19T17:49:42.033+0000] {dagbag.py:587} INFO - Filling up the DagBag from /opt/airflow/dags/hello_world.py
[2025-04-19T17:49:42.041+0000] {processor.py:925} INFO - DAG(s) 'HelloWorld' retrieved from /opt/airflow/dags/hello_world.py
[2025-04-19T17:49:42.058+0000] {logging_mixin.py:190} INFO - [2025-04-19T17:49:42.057+0000] {dag.py:3229} INFO - Sync 1 DAGs
[2025-04-19T17:49:42.073+0000] {logging_mixin.py:190} INFO - [2025-04-19T17:49:42.073+0000] {dag.py:4156} INFO - Setting next_dagrun for HelloWorld to 2025-04-19 16:01:00+00:00, run_after=2025-04-19 17:01:00+00:00
[2025-04-19T17:49:42.083+0000] {processor.py:208} INFO - Processing /opt/airflow/dags/hello_world.py took 0.057 seconds
[2025-04-19T17:50:12.517+0000] {processor.py:186} INFO - Started process (PID=1217) to work on /opt/airflow/dags/hello_world.py
[2025-04-19T17:50:12.517+0000] {processor.py:914} INFO - Processing file /opt/airflow/dags/hello_world.py for tasks to queue
[2025-04-19T17:50:12.519+0000] {logging_mixin.py:190} INFO - [2025-04-19T17:50:12.519+0000] {dagbag.py:587} INFO - Filling up the DagBag from /opt/airflow/dags/hello_world.py
[2025-04-19T17:50:12.527+0000] {processor.py:925} INFO - DAG(s) 'HelloWorld' retrieved from /opt/airflow/dags/hello_world.py
[2025-04-19T17:50:12.550+0000] {logging_mixin.py:190} INFO - [2025-04-19T17:50:12.550+0000] {dag.py:3229} INFO - Sync 1 DAGs
[2025-04-19T17:50:12.566+0000] {logging_mixin.py:190} INFO - [2025-04-19T17:50:12.566+0000] {dag.py:4156} INFO - Setting next_dagrun for HelloWorld to 2025-04-19 16:01:00+00:00, run_after=2025-04-19 17:01:00+00:00
[2025-04-19T17:50:12.577+0000] {processor.py:208} INFO - Processing /opt/airflow/dags/hello_world.py took 0.064 seconds
[2025-04-19T17:50:43.126+0000] {processor.py:186} INFO - Started process (PID=1277) to work on /opt/airflow/dags/hello_world.py
[2025-04-19T17:50:43.127+0000] {processor.py:914} INFO - Processing file /opt/airflow/dags/hello_world.py for tasks to queue
[2025-04-19T17:50:43.128+0000] {logging_mixin.py:190} INFO - [2025-04-19T17:50:43.128+0000] {dagbag.py:587} INFO - Filling up the DagBag from /opt/airflow/dags/hello_world.py
[2025-04-19T17:50:43.136+0000] {processor.py:925} INFO - DAG(s) 'HelloWorld' retrieved from /opt/airflow/dags/hello_world.py
[2025-04-19T17:50:43.152+0000] {logging_mixin.py:190} INFO - [2025-04-19T17:50:43.152+0000] {dag.py:3229} INFO - Sync 1 DAGs
[2025-04-19T17:50:43.169+0000] {logging_mixin.py:190} INFO - [2025-04-19T17:50:43.168+0000] {dag.py:4156} INFO - Setting next_dagrun for HelloWorld to 2025-04-19 16:01:00+00:00, run_after=2025-04-19 17:01:00+00:00
[2025-04-19T17:50:43.179+0000] {processor.py:208} INFO - Processing /opt/airflow/dags/hello_world.py took 0.057 seconds
[2025-04-19T17:51:13.981+0000] {processor.py:186} INFO - Started process (PID=1333) to work on /opt/airflow/dags/hello_world.py
[2025-04-19T17:51:13.982+0000] {processor.py:914} INFO - Processing file /opt/airflow/dags/hello_world.py for tasks to queue
[2025-04-19T17:51:13.984+0000] {logging_mixin.py:190} INFO - [2025-04-19T17:51:13.984+0000] {dagbag.py:587} INFO - Filling up the DagBag from /opt/airflow/dags/hello_world.py
[2025-04-19T17:51:14.001+0000] {processor.py:925} INFO - DAG(s) 'HelloWorld' retrieved from /opt/airflow/dags/hello_world.py
[2025-04-19T17:51:14.039+0000] {logging_mixin.py:190} INFO - [2025-04-19T17:51:14.038+0000] {dag.py:3229} INFO - Sync 1 DAGs
[2025-04-19T17:51:14.058+0000] {logging_mixin.py:190} INFO - [2025-04-19T17:51:14.058+0000] {dag.py:4156} INFO - Setting next_dagrun for HelloWorld to 2025-04-19 16:01:00+00:00, run_after=2025-04-19 17:01:00+00:00
[2025-04-19T17:51:14.070+0000] {processor.py:208} INFO - Processing /opt/airflow/dags/hello_world.py took 0.093 seconds
[2025-04-19T17:51:45.501+0000] {processor.py:186} INFO - Started process (PID=1391) to work on /opt/airflow/dags/hello_world.py
[2025-04-19T17:51:45.502+0000] {processor.py:914} INFO - Processing file /opt/airflow/dags/hello_world.py for tasks to queue
[2025-04-19T17:51:45.504+0000] {logging_mixin.py:190} INFO - [2025-04-19T17:51:45.504+0000] {dagbag.py:587} INFO - Filling up the DagBag from /opt/airflow/dags/hello_world.py
[2025-04-19T17:51:45.518+0000] {processor.py:925} INFO - DAG(s) 'HelloWorld' retrieved from /opt/airflow/dags/hello_world.py
[2025-04-19T17:51:45.543+0000] {logging_mixin.py:190} INFO - [2025-04-19T17:51:45.541+0000] {dag.py:3229} INFO - Sync 1 DAGs
[2025-04-19T17:51:45.562+0000] {logging_mixin.py:190} INFO - [2025-04-19T17:51:45.561+0000] {dag.py:4156} INFO - Setting next_dagrun for HelloWorld to 2025-04-19 16:01:00+00:00, run_after=2025-04-19 17:01:00+00:00
[2025-04-19T17:51:45.573+0000] {processor.py:208} INFO - Processing /opt/airflow/dags/hello_world.py took 0.076 seconds
[2025-04-19T17:52:15.837+0000] {processor.py:186} INFO - Started process (PID=1442) to work on /opt/airflow/dags/hello_world.py
[2025-04-19T17:52:15.838+0000] {processor.py:914} INFO - Processing file /opt/airflow/dags/hello_world.py for tasks to queue
[2025-04-19T17:52:15.840+0000] {logging_mixin.py:190} INFO - [2025-04-19T17:52:15.839+0000] {dagbag.py:587} INFO - Filling up the DagBag from /opt/airflow/dags/hello_world.py
[2025-04-19T17:52:15.847+0000] {processor.py:925} INFO - DAG(s) 'HelloWorld' retrieved from /opt/airflow/dags/hello_world.py
[2025-04-19T17:52:15.866+0000] {logging_mixin.py:190} INFO - [2025-04-19T17:52:15.865+0000] {dag.py:3229} INFO - Sync 1 DAGs
[2025-04-19T17:52:15.883+0000] {logging_mixin.py:190} INFO - [2025-04-19T17:52:15.883+0000] {dag.py:4156} INFO - Setting next_dagrun for HelloWorld to 2025-04-19 16:01:00+00:00, run_after=2025-04-19 17:01:00+00:00
[2025-04-19T17:52:15.894+0000] {processor.py:208} INFO - Processing /opt/airflow/dags/hello_world.py took 0.061 seconds
[2025-04-19T17:52:46.675+0000] {processor.py:186} INFO - Started process (PID=1495) to work on /opt/airflow/dags/hello_world.py
[2025-04-19T17:52:46.676+0000] {processor.py:914} INFO - Processing file /opt/airflow/dags/hello_world.py for tasks to queue
[2025-04-19T17:52:46.678+0000] {logging_mixin.py:190} INFO - [2025-04-19T17:52:46.678+0000] {dagbag.py:587} INFO - Filling up the DagBag from /opt/airflow/dags/hello_world.py
[2025-04-19T17:52:46.686+0000] {processor.py:925} INFO - DAG(s) 'HelloWorld' retrieved from /opt/airflow/dags/hello_world.py
[2025-04-19T17:52:46.703+0000] {logging_mixin.py:190} INFO - [2025-04-19T17:52:46.703+0000] {dag.py:3229} INFO - Sync 1 DAGs
[2025-04-19T17:52:46.721+0000] {logging_mixin.py:190} INFO - [2025-04-19T17:52:46.721+0000] {dag.py:4156} INFO - Setting next_dagrun for HelloWorld to 2025-04-19 16:01:00+00:00, run_after=2025-04-19 17:01:00+00:00
[2025-04-19T17:52:46.732+0000] {processor.py:208} INFO - Processing /opt/airflow/dags/hello_world.py took 0.061 seconds
[2025-04-19T17:53:17.572+0000] {processor.py:186} INFO - Started process (PID=1555) to work on /opt/airflow/dags/hello_world.py
[2025-04-19T17:53:17.572+0000] {processor.py:914} INFO - Processing file /opt/airflow/dags/hello_world.py for tasks to queue
[2025-04-19T17:53:17.574+0000] {logging_mixin.py:190} INFO - [2025-04-19T17:53:17.574+0000] {dagbag.py:587} INFO - Filling up the DagBag from /opt/airflow/dags/hello_world.py
[2025-04-19T17:53:17.582+0000] {processor.py:925} INFO - DAG(s) 'HelloWorld' retrieved from /opt/airflow/dags/hello_world.py
[2025-04-19T17:53:17.599+0000] {logging_mixin.py:190} INFO - [2025-04-19T17:53:17.599+0000] {dag.py:3229} INFO - Sync 1 DAGs
[2025-04-19T17:53:17.615+0000] {logging_mixin.py:190} INFO - [2025-04-19T17:53:17.615+0000] {dag.py:4156} INFO - Setting next_dagrun for HelloWorld to 2025-04-19 16:01:00+00:00, run_after=2025-04-19 17:01:00+00:00
[2025-04-19T17:53:17.626+0000] {processor.py:208} INFO - Processing /opt/airflow/dags/hello_world.py took 0.059 seconds
[2025-04-19T17:53:47.947+0000] {processor.py:186} INFO - Started process (PID=1611) to work on /opt/airflow/dags/hello_world.py
[2025-04-19T17:53:47.949+0000] {processor.py:914} INFO - Processing file /opt/airflow/dags/hello_world.py for tasks to queue
[2025-04-19T17:53:47.953+0000] {logging_mixin.py:190} INFO - [2025-04-19T17:53:47.952+0000] {dagbag.py:587} INFO - Filling up the DagBag from /opt/airflow/dags/hello_world.py
[2025-04-19T17:53:47.967+0000] {processor.py:925} INFO - DAG(s) 'HelloWorld' retrieved from /opt/airflow/dags/hello_world.py
[2025-04-19T17:53:47.987+0000] {logging_mixin.py:190} INFO - [2025-04-19T17:53:47.986+0000] {dag.py:3229} INFO - Sync 1 DAGs
[2025-04-19T17:53:48.004+0000] {logging_mixin.py:190} INFO - [2025-04-19T17:53:48.004+0000] {dag.py:4156} INFO - Setting next_dagrun for HelloWorld to 2025-04-19 16:01:00+00:00, run_after=2025-04-19 17:01:00+00:00
[2025-04-19T17:53:48.015+0000] {processor.py:208} INFO - Processing /opt/airflow/dags/hello_world.py took 0.071 seconds
[2025-04-19T17:54:18.926+0000] {processor.py:186} INFO - Started process (PID=1671) to work on /opt/airflow/dags/hello_world.py
[2025-04-19T17:54:18.926+0000] {processor.py:914} INFO - Processing file /opt/airflow/dags/hello_world.py for tasks to queue
[2025-04-19T17:54:18.928+0000] {logging_mixin.py:190} INFO - [2025-04-19T17:54:18.928+0000] {dagbag.py:587} INFO - Filling up the DagBag from /opt/airflow/dags/hello_world.py
[2025-04-19T17:54:18.938+0000] {processor.py:925} INFO - DAG(s) 'HelloWorld' retrieved from /opt/airflow/dags/hello_world.py
[2025-04-19T17:54:18.956+0000] {logging_mixin.py:190} INFO - [2025-04-19T17:54:18.955+0000] {dag.py:3229} INFO - Sync 1 DAGs
[2025-04-19T17:54:18.972+0000] {logging_mixin.py:190} INFO - [2025-04-19T17:54:18.972+0000] {dag.py:4156} INFO - Setting next_dagrun for HelloWorld to 2025-04-19 16:01:00+00:00, run_after=2025-04-19 17:01:00+00:00
[2025-04-19T17:54:18.986+0000] {processor.py:208} INFO - Processing /opt/airflow/dags/hello_world.py took 0.064 seconds
[2025-04-19T20:57:46.453+0000] {processor.py:186} INFO - Started process (PID=333) to work on /opt/airflow/dags/hello_world.py
[2025-04-19T20:57:46.454+0000] {processor.py:914} INFO - Processing file /opt/airflow/dags/hello_world.py for tasks to queue
[2025-04-19T20:57:46.456+0000] {logging_mixin.py:190} INFO - [2025-04-19T20:57:46.455+0000] {dagbag.py:587} INFO - Filling up the DagBag from /opt/airflow/dags/hello_world.py
[2025-04-19T20:57:46.465+0000] {processor.py:925} INFO - DAG(s) 'HelloWorld' retrieved from /opt/airflow/dags/hello_world.py
[2025-04-19T20:57:46.495+0000] {logging_mixin.py:190} INFO - [2025-04-19T20:57:46.495+0000] {dag.py:3229} INFO - Sync 1 DAGs
[2025-04-19T20:57:46.519+0000] {logging_mixin.py:190} INFO - [2025-04-19T20:57:46.519+0000] {dag.py:4156} INFO - Setting next_dagrun for HelloWorld to 2025-04-19 19:01:00+00:00, run_after=2025-04-19 20:01:00+00:00
[2025-04-19T20:57:46.533+0000] {processor.py:208} INFO - Processing /opt/airflow/dags/hello_world.py took 0.085 seconds
[2025-04-19T20:58:17.386+0000] {processor.py:186} INFO - Started process (PID=396) to work on /opt/airflow/dags/hello_world.py
[2025-04-19T20:58:17.388+0000] {processor.py:914} INFO - Processing file /opt/airflow/dags/hello_world.py for tasks to queue
[2025-04-19T20:58:17.394+0000] {logging_mixin.py:190} INFO - [2025-04-19T20:58:17.391+0000] {dagbag.py:587} INFO - Filling up the DagBag from /opt/airflow/dags/hello_world.py
[2025-04-19T20:58:17.415+0000] {processor.py:925} INFO - DAG(s) 'HelloWorld' retrieved from /opt/airflow/dags/hello_world.py
[2025-04-19T20:58:17.448+0000] {logging_mixin.py:190} INFO - [2025-04-19T20:58:17.448+0000] {dag.py:3229} INFO - Sync 1 DAGs
[2025-04-19T20:58:17.467+0000] {logging_mixin.py:190} INFO - [2025-04-19T20:58:17.467+0000] {dag.py:4156} INFO - Setting next_dagrun for HelloWorld to 2025-04-19 19:01:00+00:00, run_after=2025-04-19 20:01:00+00:00
[2025-04-19T20:58:17.484+0000] {processor.py:208} INFO - Processing /opt/airflow/dags/hello_world.py took 0.104 seconds
[2025-04-19T20:58:48.212+0000] {processor.py:186} INFO - Started process (PID=455) to work on /opt/airflow/dags/hello_world.py
[2025-04-19T20:58:48.214+0000] {processor.py:914} INFO - Processing file /opt/airflow/dags/hello_world.py for tasks to queue
[2025-04-19T20:58:48.221+0000] {logging_mixin.py:190} INFO - [2025-04-19T20:58:48.220+0000] {dagbag.py:587} INFO - Filling up the DagBag from /opt/airflow/dags/hello_world.py
[2025-04-19T20:58:48.256+0000] {processor.py:925} INFO - DAG(s) 'HelloWorld' retrieved from /opt/airflow/dags/hello_world.py
[2025-04-19T20:58:48.307+0000] {logging_mixin.py:190} INFO - [2025-04-19T20:58:48.306+0000] {dag.py:3229} INFO - Sync 1 DAGs
[2025-04-19T20:58:48.343+0000] {logging_mixin.py:190} INFO - [2025-04-19T20:58:48.343+0000] {dag.py:4156} INFO - Setting next_dagrun for HelloWorld to 2025-04-19 19:01:00+00:00, run_after=2025-04-19 20:01:00+00:00
[2025-04-19T20:58:48.362+0000] {processor.py:208} INFO - Processing /opt/airflow/dags/hello_world.py took 0.163 seconds
[2025-04-19T20:59:19.213+0000] {processor.py:186} INFO - Started process (PID=517) to work on /opt/airflow/dags/hello_world.py
[2025-04-19T20:59:19.215+0000] {processor.py:914} INFO - Processing file /opt/airflow/dags/hello_world.py for tasks to queue
[2025-04-19T20:59:19.217+0000] {logging_mixin.py:190} INFO - [2025-04-19T20:59:19.217+0000] {dagbag.py:587} INFO - Filling up the DagBag from /opt/airflow/dags/hello_world.py
[2025-04-19T20:59:19.231+0000] {processor.py:925} INFO - DAG(s) 'HelloWorld' retrieved from /opt/airflow/dags/hello_world.py
[2025-04-19T20:59:19.258+0000] {logging_mixin.py:190} INFO - [2025-04-19T20:59:19.257+0000] {dag.py:3229} INFO - Sync 1 DAGs
[2025-04-19T20:59:19.278+0000] {logging_mixin.py:190} INFO - [2025-04-19T20:59:19.278+0000] {dag.py:4156} INFO - Setting next_dagrun for HelloWorld to 2025-04-19 19:01:00+00:00, run_after=2025-04-19 20:01:00+00:00
[2025-04-19T20:59:19.295+0000] {processor.py:208} INFO - Processing /opt/airflow/dags/hello_world.py took 0.089 seconds
[2025-04-19T20:59:49.372+0000] {processor.py:186} INFO - Started process (PID=575) to work on /opt/airflow/dags/hello_world.py
[2025-04-19T20:59:49.374+0000] {processor.py:914} INFO - Processing file /opt/airflow/dags/hello_world.py for tasks to queue
[2025-04-19T20:59:49.376+0000] {logging_mixin.py:190} INFO - [2025-04-19T20:59:49.375+0000] {dagbag.py:587} INFO - Filling up the DagBag from /opt/airflow/dags/hello_world.py
[2025-04-19T20:59:49.389+0000] {processor.py:925} INFO - DAG(s) 'HelloWorld' retrieved from /opt/airflow/dags/hello_world.py
[2025-04-19T20:59:49.409+0000] {logging_mixin.py:190} INFO - [2025-04-19T20:59:49.409+0000] {dag.py:3229} INFO - Sync 1 DAGs
[2025-04-19T20:59:49.429+0000] {logging_mixin.py:190} INFO - [2025-04-19T20:59:49.429+0000] {dag.py:4156} INFO - Setting next_dagrun for HelloWorld to 2025-04-19 19:01:00+00:00, run_after=2025-04-19 20:01:00+00:00
[2025-04-19T20:59:49.444+0000] {processor.py:208} INFO - Processing /opt/airflow/dags/hello_world.py took 0.079 seconds
[2025-04-19T21:00:20.350+0000] {processor.py:186} INFO - Started process (PID=633) to work on /opt/airflow/dags/hello_world.py
[2025-04-19T21:00:20.351+0000] {processor.py:914} INFO - Processing file /opt/airflow/dags/hello_world.py for tasks to queue
[2025-04-19T21:00:20.355+0000] {logging_mixin.py:190} INFO - [2025-04-19T21:00:20.353+0000] {dagbag.py:587} INFO - Filling up the DagBag from /opt/airflow/dags/hello_world.py
[2025-04-19T21:00:20.364+0000] {processor.py:925} INFO - DAG(s) 'HelloWorld' retrieved from /opt/airflow/dags/hello_world.py
[2025-04-19T21:00:20.385+0000] {logging_mixin.py:190} INFO - [2025-04-19T21:00:20.385+0000] {dag.py:3229} INFO - Sync 1 DAGs
[2025-04-19T21:00:20.404+0000] {logging_mixin.py:190} INFO - [2025-04-19T21:00:20.403+0000] {dag.py:4156} INFO - Setting next_dagrun for HelloWorld to 2025-04-19 19:01:00+00:00, run_after=2025-04-19 20:01:00+00:00
[2025-04-19T21:00:20.417+0000] {processor.py:208} INFO - Processing /opt/airflow/dags/hello_world.py took 0.074 seconds
[2025-04-19T21:00:51.163+0000] {processor.py:186} INFO - Started process (PID=691) to work on /opt/airflow/dags/hello_world.py
[2025-04-19T21:00:51.166+0000] {processor.py:914} INFO - Processing file /opt/airflow/dags/hello_world.py for tasks to queue
[2025-04-19T21:00:51.172+0000] {logging_mixin.py:190} INFO - [2025-04-19T21:00:51.171+0000] {dagbag.py:587} INFO - Filling up the DagBag from /opt/airflow/dags/hello_world.py
[2025-04-19T21:00:51.185+0000] {processor.py:925} INFO - DAG(s) 'HelloWorld' retrieved from /opt/airflow/dags/hello_world.py
[2025-04-19T21:00:51.218+0000] {logging_mixin.py:190} INFO - [2025-04-19T21:00:51.217+0000] {dag.py:3229} INFO - Sync 1 DAGs
[2025-04-19T21:00:51.239+0000] {logging_mixin.py:190} INFO - [2025-04-19T21:00:51.239+0000] {dag.py:4156} INFO - Setting next_dagrun for HelloWorld to 2025-04-19 19:01:00+00:00, run_after=2025-04-19 20:01:00+00:00
[2025-04-19T21:00:51.254+0000] {processor.py:208} INFO - Processing /opt/airflow/dags/hello_world.py took 0.101 seconds
[2025-04-19T21:01:22.223+0000] {processor.py:186} INFO - Started process (PID=749) to work on /opt/airflow/dags/hello_world.py
[2025-04-19T21:01:22.224+0000] {processor.py:914} INFO - Processing file /opt/airflow/dags/hello_world.py for tasks to queue
[2025-04-19T21:01:22.227+0000] {logging_mixin.py:190} INFO - [2025-04-19T21:01:22.227+0000] {dagbag.py:587} INFO - Filling up the DagBag from /opt/airflow/dags/hello_world.py
[2025-04-19T21:01:22.239+0000] {processor.py:925} INFO - DAG(s) 'HelloWorld' retrieved from /opt/airflow/dags/hello_world.py
[2025-04-19T21:01:22.259+0000] {logging_mixin.py:190} INFO - [2025-04-19T21:01:22.258+0000] {dag.py:3229} INFO - Sync 1 DAGs
[2025-04-19T21:01:22.277+0000] {logging_mixin.py:190} INFO - [2025-04-19T21:01:22.277+0000] {dag.py:4156} INFO - Setting next_dagrun for HelloWorld to 2025-04-19 20:01:00+00:00, run_after=2025-04-19 21:01:00+00:00
[2025-04-19T21:01:22.292+0000] {processor.py:208} INFO - Processing /opt/airflow/dags/hello_world.py took 0.075 seconds
[2025-04-19T21:01:52.551+0000] {processor.py:186} INFO - Started process (PID=807) to work on /opt/airflow/dags/hello_world.py
[2025-04-19T21:01:52.552+0000] {processor.py:914} INFO - Processing file /opt/airflow/dags/hello_world.py for tasks to queue
[2025-04-19T21:01:52.554+0000] {logging_mixin.py:190} INFO - [2025-04-19T21:01:52.554+0000] {dagbag.py:587} INFO - Filling up the DagBag from /opt/airflow/dags/hello_world.py
[2025-04-19T21:01:52.564+0000] {processor.py:925} INFO - DAG(s) 'HelloWorld' retrieved from /opt/airflow/dags/hello_world.py
[2025-04-19T21:01:52.587+0000] {logging_mixin.py:190} INFO - [2025-04-19T21:01:52.587+0000] {dag.py:3229} INFO - Sync 1 DAGs
[2025-04-19T21:01:52.609+0000] {logging_mixin.py:190} INFO - [2025-04-19T21:01:52.609+0000] {dag.py:4156} INFO - Setting next_dagrun for HelloWorld to 2025-04-19 20:01:00+00:00, run_after=2025-04-19 21:01:00+00:00
[2025-04-19T21:01:52.621+0000] {processor.py:208} INFO - Processing /opt/airflow/dags/hello_world.py took 0.076 seconds
[2025-04-19T21:02:22.653+0000] {processor.py:186} INFO - Started process (PID=856) to work on /opt/airflow/dags/hello_world.py
[2025-04-19T21:02:22.654+0000] {processor.py:914} INFO - Processing file /opt/airflow/dags/hello_world.py for tasks to queue
[2025-04-19T21:02:22.655+0000] {logging_mixin.py:190} INFO - [2025-04-19T21:02:22.655+0000] {dagbag.py:587} INFO - Filling up the DagBag from /opt/airflow/dags/hello_world.py
[2025-04-19T21:02:22.663+0000] {processor.py:925} INFO - DAG(s) 'HelloWorld' retrieved from /opt/airflow/dags/hello_world.py
[2025-04-19T21:02:22.681+0000] {logging_mixin.py:190} INFO - [2025-04-19T21:02:22.680+0000] {dag.py:3229} INFO - Sync 1 DAGs
[2025-04-19T21:02:22.697+0000] {logging_mixin.py:190} INFO - [2025-04-19T21:02:22.697+0000] {dag.py:4156} INFO - Setting next_dagrun for HelloWorld to 2025-04-19 20:01:00+00:00, run_after=2025-04-19 21:01:00+00:00
[2025-04-19T21:02:22.707+0000] {processor.py:208} INFO - Processing /opt/airflow/dags/hello_world.py took 0.059 seconds
[2025-04-19T21:02:52.856+0000] {processor.py:186} INFO - Started process (PID=912) to work on /opt/airflow/dags/hello_world.py
[2025-04-19T21:02:52.858+0000] {processor.py:914} INFO - Processing file /opt/airflow/dags/hello_world.py for tasks to queue
[2025-04-19T21:02:52.860+0000] {logging_mixin.py:190} INFO - [2025-04-19T21:02:52.860+0000] {dagbag.py:587} INFO - Filling up the DagBag from /opt/airflow/dags/hello_world.py
[2025-04-19T21:02:52.870+0000] {processor.py:925} INFO - DAG(s) 'HelloWorld' retrieved from /opt/airflow/dags/hello_world.py
[2025-04-19T21:02:52.890+0000] {logging_mixin.py:190} INFO - [2025-04-19T21:02:52.889+0000] {dag.py:3229} INFO - Sync 1 DAGs
[2025-04-19T21:02:52.907+0000] {logging_mixin.py:190} INFO - [2025-04-19T21:02:52.907+0000] {dag.py:4156} INFO - Setting next_dagrun for HelloWorld to 2025-04-19 20:01:00+00:00, run_after=2025-04-19 21:01:00+00:00
[2025-04-19T21:02:52.918+0000] {processor.py:208} INFO - Processing /opt/airflow/dags/hello_world.py took 0.066 seconds
[2025-04-19T21:03:23.832+0000] {processor.py:186} INFO - Started process (PID=970) to work on /opt/airflow/dags/hello_world.py
[2025-04-19T21:03:23.833+0000] {processor.py:914} INFO - Processing file /opt/airflow/dags/hello_world.py for tasks to queue
[2025-04-19T21:03:23.836+0000] {logging_mixin.py:190} INFO - [2025-04-19T21:03:23.835+0000] {dagbag.py:587} INFO - Filling up the DagBag from /opt/airflow/dags/hello_world.py
[2025-04-19T21:03:23.845+0000] {processor.py:925} INFO - DAG(s) 'HelloWorld' retrieved from /opt/airflow/dags/hello_world.py
[2025-04-19T21:03:23.864+0000] {logging_mixin.py:190} INFO - [2025-04-19T21:03:23.864+0000] {dag.py:3229} INFO - Sync 1 DAGs
[2025-04-19T21:03:23.883+0000] {logging_mixin.py:190} INFO - [2025-04-19T21:03:23.883+0000] {dag.py:4156} INFO - Setting next_dagrun for HelloWorld to 2025-04-19 20:01:00+00:00, run_after=2025-04-19 21:01:00+00:00
[2025-04-19T21:03:23.894+0000] {processor.py:208} INFO - Processing /opt/airflow/dags/hello_world.py took 0.066 seconds
[2025-04-19T21:03:55.253+0000] {processor.py:186} INFO - Started process (PID=1030) to work on /opt/airflow/dags/hello_world.py
[2025-04-19T21:03:55.254+0000] {processor.py:914} INFO - Processing file /opt/airflow/dags/hello_world.py for tasks to queue
[2025-04-19T21:03:55.256+0000] {logging_mixin.py:190} INFO - [2025-04-19T21:03:55.255+0000] {dagbag.py:587} INFO - Filling up the DagBag from /opt/airflow/dags/hello_world.py
[2025-04-19T21:03:55.265+0000] {processor.py:925} INFO - DAG(s) 'HelloWorld' retrieved from /opt/airflow/dags/hello_world.py
[2025-04-19T21:03:55.286+0000] {logging_mixin.py:190} INFO - [2025-04-19T21:03:55.285+0000] {dag.py:3229} INFO - Sync 1 DAGs
[2025-04-19T21:03:55.303+0000] {logging_mixin.py:190} INFO - [2025-04-19T21:03:55.303+0000] {dag.py:4156} INFO - Setting next_dagrun for HelloWorld to 2025-04-19 20:01:00+00:00, run_after=2025-04-19 21:01:00+00:00
[2025-04-19T21:03:55.314+0000] {processor.py:208} INFO - Processing /opt/airflow/dags/hello_world.py took 0.066 seconds
[2025-04-19T21:04:25.378+0000] {processor.py:186} INFO - Started process (PID=1086) to work on /opt/airflow/dags/hello_world.py
[2025-04-19T21:04:25.379+0000] {processor.py:914} INFO - Processing file /opt/airflow/dags/hello_world.py for tasks to queue
[2025-04-19T21:04:25.381+0000] {logging_mixin.py:190} INFO - [2025-04-19T21:04:25.381+0000] {dagbag.py:587} INFO - Filling up the DagBag from /opt/airflow/dags/hello_world.py
[2025-04-19T21:04:25.389+0000] {processor.py:925} INFO - DAG(s) 'HelloWorld' retrieved from /opt/airflow/dags/hello_world.py
[2025-04-19T21:04:25.406+0000] {logging_mixin.py:190} INFO - [2025-04-19T21:04:25.406+0000] {dag.py:3229} INFO - Sync 1 DAGs
[2025-04-19T21:04:25.422+0000] {logging_mixin.py:190} INFO - [2025-04-19T21:04:25.422+0000] {dag.py:4156} INFO - Setting next_dagrun for HelloWorld to 2025-04-19 20:01:00+00:00, run_after=2025-04-19 21:01:00+00:00
[2025-04-19T21:04:25.432+0000] {processor.py:208} INFO - Processing /opt/airflow/dags/hello_world.py took 0.059 seconds
[2025-04-19T21:04:56.301+0000] {processor.py:186} INFO - Started process (PID=1144) to work on /opt/airflow/dags/hello_world.py
[2025-04-19T21:04:56.304+0000] {processor.py:914} INFO - Processing file /opt/airflow/dags/hello_world.py for tasks to queue
[2025-04-19T21:04:56.306+0000] {logging_mixin.py:190} INFO - [2025-04-19T21:04:56.306+0000] {dagbag.py:587} INFO - Filling up the DagBag from /opt/airflow/dags/hello_world.py
[2025-04-19T21:04:56.314+0000] {processor.py:925} INFO - DAG(s) 'HelloWorld' retrieved from /opt/airflow/dags/hello_world.py
[2025-04-19T21:04:56.331+0000] {logging_mixin.py:190} INFO - [2025-04-19T21:04:56.331+0000] {dag.py:3229} INFO - Sync 1 DAGs
[2025-04-19T21:04:56.348+0000] {logging_mixin.py:190} INFO - [2025-04-19T21:04:56.348+0000] {dag.py:4156} INFO - Setting next_dagrun for HelloWorld to 2025-04-19 20:01:00+00:00, run_after=2025-04-19 21:01:00+00:00
[2025-04-19T21:04:56.358+0000] {processor.py:208} INFO - Processing /opt/airflow/dags/hello_world.py took 0.061 seconds
