[2025-04-19T17:41:32.174+0000] {processor.py:186} INFO - Started process (PID=203) to work on /opt/airflow/dags/Lab2_.py
[2025-04-19T17:41:32.175+0000] {processor.py:914} INFO - Processing file /opt/airflow/dags/Lab2_.py for tasks to queue
[2025-04-19T17:41:32.180+0000] {logging_mixin.py:190} INFO - [2025-04-19T17:41:32.180+0000] {dagbag.py:587} INFO - Filling up the DagBag from /opt/airflow/dags/Lab2_.py
[2025-04-19T17:41:32.405+0000] {processor.py:925} INFO - DAG(s) 'Stock_YFinance_Snowflake' retrieved from /opt/airflow/dags/Lab2_.py
[2025-04-19T17:41:32.594+0000] {logging_mixin.py:190} INFO - [2025-04-19T17:41:32.593+0000] {dag.py:3229} INFO - Sync 1 DAGs
[2025-04-19T17:41:32.624+0000] {logging_mixin.py:190} INFO - [2025-04-19T17:41:32.623+0000] {dag.py:4156} INFO - Setting next_dagrun for Stock_YFinance_Snowflake to 2025-04-18 02:00:00+00:00, run_after=2025-04-19 02:00:00+00:00
[2025-04-19T17:41:32.640+0000] {processor.py:208} INFO - Processing /opt/airflow/dags/Lab2_.py took 0.472 seconds
[2025-04-19T17:42:02.734+0000] {processor.py:186} INFO - Started process (PID=282) to work on /opt/airflow/dags/Lab2_.py
[2025-04-19T17:42:02.735+0000] {processor.py:914} INFO - Processing file /opt/airflow/dags/Lab2_.py for tasks to queue
[2025-04-19T17:42:02.739+0000] {logging_mixin.py:190} INFO - [2025-04-19T17:42:02.739+0000] {dagbag.py:587} INFO - Filling up the DagBag from /opt/airflow/dags/Lab2_.py
[2025-04-19T17:42:02.878+0000] {processor.py:925} INFO - DAG(s) 'Stock_YFinance_Snowflake' retrieved from /opt/airflow/dags/Lab2_.py
[2025-04-19T17:42:02.899+0000] {logging_mixin.py:190} INFO - [2025-04-19T17:42:02.899+0000] {dag.py:3229} INFO - Sync 1 DAGs
[2025-04-19T17:42:02.916+0000] {logging_mixin.py:190} INFO - [2025-04-19T17:42:02.916+0000] {dag.py:4156} INFO - Setting next_dagrun for Stock_YFinance_Snowflake to 2025-04-18 02:00:00+00:00, run_after=2025-04-19 02:00:00+00:00
[2025-04-19T17:42:02.927+0000] {processor.py:208} INFO - Processing /opt/airflow/dags/Lab2_.py took 0.204 seconds
[2025-04-19T17:42:33.689+0000] {processor.py:186} INFO - Started process (PID=342) to work on /opt/airflow/dags/Lab2_.py
[2025-04-19T17:42:33.692+0000] {processor.py:914} INFO - Processing file /opt/airflow/dags/Lab2_.py for tasks to queue
[2025-04-19T17:42:33.700+0000] {logging_mixin.py:190} INFO - [2025-04-19T17:42:33.699+0000] {dagbag.py:587} INFO - Filling up the DagBag from /opt/airflow/dags/Lab2_.py
[2025-04-19T17:42:33.866+0000] {processor.py:925} INFO - DAG(s) 'Stock_YFinance_Snowflake' retrieved from /opt/airflow/dags/Lab2_.py
[2025-04-19T17:42:33.962+0000] {logging_mixin.py:190} INFO - [2025-04-19T17:42:33.962+0000] {dag.py:3229} INFO - Sync 1 DAGs
[2025-04-19T17:42:33.983+0000] {logging_mixin.py:190} INFO - [2025-04-19T17:42:33.983+0000] {dag.py:4156} INFO - Setting next_dagrun for Stock_YFinance_Snowflake to 2025-04-18 02:00:00+00:00, run_after=2025-04-19 02:00:00+00:00
[2025-04-19T17:42:33.998+0000] {processor.py:208} INFO - Processing /opt/airflow/dags/Lab2_.py took 0.317 seconds
[2025-04-19T17:43:04.565+0000] {processor.py:186} INFO - Started process (PID=400) to work on /opt/airflow/dags/Lab2_.py
[2025-04-19T17:43:04.566+0000] {processor.py:914} INFO - Processing file /opt/airflow/dags/Lab2_.py for tasks to queue
[2025-04-19T17:43:04.569+0000] {logging_mixin.py:190} INFO - [2025-04-19T17:43:04.569+0000] {dagbag.py:587} INFO - Filling up the DagBag from /opt/airflow/dags/Lab2_.py
[2025-04-19T17:43:04.723+0000] {processor.py:925} INFO - DAG(s) 'Stock_YFinance_Snowflake' retrieved from /opt/airflow/dags/Lab2_.py
[2025-04-19T17:43:04.744+0000] {logging_mixin.py:190} INFO - [2025-04-19T17:43:04.744+0000] {dag.py:3229} INFO - Sync 1 DAGs
[2025-04-19T17:43:04.762+0000] {logging_mixin.py:190} INFO - [2025-04-19T17:43:04.762+0000] {dag.py:4156} INFO - Setting next_dagrun for Stock_YFinance_Snowflake to 2025-04-18 02:00:00+00:00, run_after=2025-04-19 02:00:00+00:00
[2025-04-19T17:43:04.774+0000] {processor.py:208} INFO - Processing /opt/airflow/dags/Lab2_.py took 0.219 seconds
[2025-04-19T17:43:35.249+0000] {processor.py:186} INFO - Started process (PID=458) to work on /opt/airflow/dags/Lab2_.py
[2025-04-19T17:43:35.253+0000] {processor.py:914} INFO - Processing file /opt/airflow/dags/Lab2_.py for tasks to queue
[2025-04-19T17:43:35.256+0000] {logging_mixin.py:190} INFO - [2025-04-19T17:43:35.256+0000] {dagbag.py:587} INFO - Filling up the DagBag from /opt/airflow/dags/Lab2_.py
[2025-04-19T17:43:35.381+0000] {processor.py:925} INFO - DAG(s) 'Stock_YFinance_Snowflake' retrieved from /opt/airflow/dags/Lab2_.py
[2025-04-19T17:43:35.489+0000] {logging_mixin.py:190} INFO - [2025-04-19T17:43:35.488+0000] {dag.py:3229} INFO - Sync 1 DAGs
[2025-04-19T17:43:35.507+0000] {logging_mixin.py:190} INFO - [2025-04-19T17:43:35.507+0000] {dag.py:4156} INFO - Setting next_dagrun for Stock_YFinance_Snowflake to 2025-04-18 02:00:00+00:00, run_after=2025-04-19 02:00:00+00:00
[2025-04-19T17:43:35.519+0000] {processor.py:208} INFO - Processing /opt/airflow/dags/Lab2_.py took 0.279 seconds
[2025-04-19T17:44:05.962+0000] {processor.py:186} INFO - Started process (PID=516) to work on /opt/airflow/dags/Lab2_.py
[2025-04-19T17:44:05.963+0000] {processor.py:914} INFO - Processing file /opt/airflow/dags/Lab2_.py for tasks to queue
[2025-04-19T17:44:05.966+0000] {logging_mixin.py:190} INFO - [2025-04-19T17:44:05.966+0000] {dagbag.py:587} INFO - Filling up the DagBag from /opt/airflow/dags/Lab2_.py
[2025-04-19T17:44:06.098+0000] {processor.py:925} INFO - DAG(s) 'Stock_YFinance_Snowflake' retrieved from /opt/airflow/dags/Lab2_.py
[2025-04-19T17:44:06.120+0000] {logging_mixin.py:190} INFO - [2025-04-19T17:44:06.120+0000] {dag.py:3229} INFO - Sync 1 DAGs
[2025-04-19T17:44:06.137+0000] {logging_mixin.py:190} INFO - [2025-04-19T17:44:06.136+0000] {dag.py:4156} INFO - Setting next_dagrun for Stock_YFinance_Snowflake to 2025-04-18 02:00:00+00:00, run_after=2025-04-19 02:00:00+00:00
[2025-04-19T17:44:06.150+0000] {processor.py:208} INFO - Processing /opt/airflow/dags/Lab2_.py took 0.193 seconds
[2025-04-19T17:44:36.456+0000] {processor.py:186} INFO - Started process (PID=574) to work on /opt/airflow/dags/Lab2_.py
[2025-04-19T17:44:36.458+0000] {processor.py:914} INFO - Processing file /opt/airflow/dags/Lab2_.py for tasks to queue
[2025-04-19T17:44:36.461+0000] {logging_mixin.py:190} INFO - [2025-04-19T17:44:36.461+0000] {dagbag.py:587} INFO - Filling up the DagBag from /opt/airflow/dags/Lab2_.py
[2025-04-19T17:44:36.592+0000] {processor.py:925} INFO - DAG(s) 'Stock_YFinance_Snowflake' retrieved from /opt/airflow/dags/Lab2_.py
[2025-04-19T17:44:36.687+0000] {logging_mixin.py:190} INFO - [2025-04-19T17:44:36.687+0000] {dag.py:3229} INFO - Sync 1 DAGs
[2025-04-19T17:44:36.712+0000] {logging_mixin.py:190} INFO - [2025-04-19T17:44:36.712+0000] {dag.py:4156} INFO - Setting next_dagrun for Stock_YFinance_Snowflake to 2025-04-18 02:00:00+00:00, run_after=2025-04-19 02:00:00+00:00
[2025-04-19T17:44:36.727+0000] {processor.py:208} INFO - Processing /opt/airflow/dags/Lab2_.py took 0.279 seconds
[2025-04-19T17:45:07.433+0000] {processor.py:186} INFO - Started process (PID=632) to work on /opt/airflow/dags/Lab2_.py
[2025-04-19T17:45:07.434+0000] {processor.py:914} INFO - Processing file /opt/airflow/dags/Lab2_.py for tasks to queue
[2025-04-19T17:45:07.436+0000] {logging_mixin.py:190} INFO - [2025-04-19T17:45:07.435+0000] {dagbag.py:587} INFO - Filling up the DagBag from /opt/airflow/dags/Lab2_.py
[2025-04-19T17:45:07.541+0000] {processor.py:925} INFO - DAG(s) 'Stock_YFinance_Snowflake' retrieved from /opt/airflow/dags/Lab2_.py
[2025-04-19T17:45:07.564+0000] {logging_mixin.py:190} INFO - [2025-04-19T17:45:07.563+0000] {dag.py:3229} INFO - Sync 1 DAGs
[2025-04-19T17:45:07.585+0000] {logging_mixin.py:190} INFO - [2025-04-19T17:45:07.585+0000] {dag.py:4156} INFO - Setting next_dagrun for Stock_YFinance_Snowflake to 2025-04-18 02:00:00+00:00, run_after=2025-04-19 02:00:00+00:00
[2025-04-19T17:45:07.603+0000] {processor.py:208} INFO - Processing /opt/airflow/dags/Lab2_.py took 0.176 seconds
[2025-04-19T17:45:37.732+0000] {processor.py:186} INFO - Started process (PID=680) to work on /opt/airflow/dags/Lab2_.py
[2025-04-19T17:45:37.733+0000] {processor.py:914} INFO - Processing file /opt/airflow/dags/Lab2_.py for tasks to queue
[2025-04-19T17:45:37.734+0000] {logging_mixin.py:190} INFO - [2025-04-19T17:45:37.734+0000] {dagbag.py:587} INFO - Filling up the DagBag from /opt/airflow/dags/Lab2_.py
[2025-04-19T17:45:37.845+0000] {processor.py:925} INFO - DAG(s) 'Stock_YFinance_Snowflake' retrieved from /opt/airflow/dags/Lab2_.py
[2025-04-19T17:45:37.945+0000] {logging_mixin.py:190} INFO - [2025-04-19T17:45:37.945+0000] {dag.py:3229} INFO - Sync 1 DAGs
[2025-04-19T17:45:37.962+0000] {logging_mixin.py:190} INFO - [2025-04-19T17:45:37.962+0000] {dag.py:4156} INFO - Setting next_dagrun for Stock_YFinance_Snowflake to 2025-04-18 02:00:00+00:00, run_after=2025-04-19 02:00:00+00:00
[2025-04-19T17:45:37.976+0000] {processor.py:208} INFO - Processing /opt/airflow/dags/Lab2_.py took 0.252 seconds
[2025-04-19T17:46:08.108+0000] {processor.py:186} INFO - Started process (PID=738) to work on /opt/airflow/dags/Lab2_.py
[2025-04-19T17:46:08.109+0000] {processor.py:914} INFO - Processing file /opt/airflow/dags/Lab2_.py for tasks to queue
[2025-04-19T17:46:08.111+0000] {logging_mixin.py:190} INFO - [2025-04-19T17:46:08.111+0000] {dagbag.py:587} INFO - Filling up the DagBag from /opt/airflow/dags/Lab2_.py
[2025-04-19T17:46:08.225+0000] {processor.py:925} INFO - DAG(s) 'Stock_YFinance_Snowflake' retrieved from /opt/airflow/dags/Lab2_.py
[2025-04-19T17:46:08.250+0000] {logging_mixin.py:190} INFO - [2025-04-19T17:46:08.249+0000] {dag.py:3229} INFO - Sync 1 DAGs
[2025-04-19T17:46:08.273+0000] {logging_mixin.py:190} INFO - [2025-04-19T17:46:08.273+0000] {dag.py:4156} INFO - Setting next_dagrun for Stock_YFinance_Snowflake to 2025-04-18 02:00:00+00:00, run_after=2025-04-19 02:00:00+00:00
[2025-04-19T17:46:08.288+0000] {processor.py:208} INFO - Processing /opt/airflow/dags/Lab2_.py took 0.186 seconds
[2025-04-19T17:46:38.359+0000] {processor.py:186} INFO - Started process (PID=794) to work on /opt/airflow/dags/Lab2_.py
[2025-04-19T17:46:38.361+0000] {processor.py:914} INFO - Processing file /opt/airflow/dags/Lab2_.py for tasks to queue
[2025-04-19T17:46:38.363+0000] {logging_mixin.py:190} INFO - [2025-04-19T17:46:38.363+0000] {dagbag.py:587} INFO - Filling up the DagBag from /opt/airflow/dags/Lab2_.py
[2025-04-19T17:46:38.495+0000] {processor.py:925} INFO - DAG(s) 'Stock_YFinance_Snowflake' retrieved from /opt/airflow/dags/Lab2_.py
[2025-04-19T17:46:38.589+0000] {logging_mixin.py:190} INFO - [2025-04-19T17:46:38.588+0000] {dag.py:3229} INFO - Sync 1 DAGs
[2025-04-19T17:46:38.606+0000] {logging_mixin.py:190} INFO - [2025-04-19T17:46:38.606+0000] {dag.py:4156} INFO - Setting next_dagrun for Stock_YFinance_Snowflake to 2025-04-18 02:00:00+00:00, run_after=2025-04-19 02:00:00+00:00
[2025-04-19T17:46:38.630+0000] {processor.py:208} INFO - Processing /opt/airflow/dags/Lab2_.py took 0.276 seconds
[2025-04-19T17:47:08.753+0000] {processor.py:186} INFO - Started process (PID=852) to work on /opt/airflow/dags/Lab2_.py
[2025-04-19T17:47:08.755+0000] {processor.py:914} INFO - Processing file /opt/airflow/dags/Lab2_.py for tasks to queue
[2025-04-19T17:47:08.757+0000] {logging_mixin.py:190} INFO - [2025-04-19T17:47:08.757+0000] {dagbag.py:587} INFO - Filling up the DagBag from /opt/airflow/dags/Lab2_.py
[2025-04-19T17:47:08.872+0000] {processor.py:925} INFO - DAG(s) 'Stock_YFinance_Snowflake' retrieved from /opt/airflow/dags/Lab2_.py
[2025-04-19T17:47:08.901+0000] {logging_mixin.py:190} INFO - [2025-04-19T17:47:08.900+0000] {dag.py:3229} INFO - Sync 1 DAGs
[2025-04-19T17:47:08.922+0000] {logging_mixin.py:190} INFO - [2025-04-19T17:47:08.922+0000] {dag.py:4156} INFO - Setting next_dagrun for Stock_YFinance_Snowflake to 2025-04-18 02:00:00+00:00, run_after=2025-04-19 02:00:00+00:00
[2025-04-19T17:47:08.936+0000] {processor.py:208} INFO - Processing /opt/airflow/dags/Lab2_.py took 0.192 seconds
[2025-04-19T17:47:39.689+0000] {processor.py:186} INFO - Started process (PID=903) to work on /opt/airflow/dags/Lab2_.py
[2025-04-19T17:47:39.690+0000] {processor.py:914} INFO - Processing file /opt/airflow/dags/Lab2_.py for tasks to queue
[2025-04-19T17:47:39.691+0000] {logging_mixin.py:190} INFO - [2025-04-19T17:47:39.691+0000] {dagbag.py:587} INFO - Filling up the DagBag from /opt/airflow/dags/Lab2_.py
[2025-04-19T17:47:39.815+0000] {processor.py:925} INFO - DAG(s) 'Stock_YFinance_Snowflake' retrieved from /opt/airflow/dags/Lab2_.py
[2025-04-19T17:47:39.901+0000] {logging_mixin.py:190} INFO - [2025-04-19T17:47:39.900+0000] {dag.py:3229} INFO - Sync 1 DAGs
[2025-04-19T17:47:39.915+0000] {logging_mixin.py:190} INFO - [2025-04-19T17:47:39.915+0000] {dag.py:4156} INFO - Setting next_dagrun for Stock_YFinance_Snowflake to 2025-04-18 02:00:00+00:00, run_after=2025-04-19 02:00:00+00:00
[2025-04-19T17:47:39.926+0000] {processor.py:208} INFO - Processing /opt/airflow/dags/Lab2_.py took 0.241 seconds
[2025-04-19T17:48:09.985+0000] {processor.py:186} INFO - Started process (PID=957) to work on /opt/airflow/dags/Lab2_.py
[2025-04-19T17:48:09.986+0000] {processor.py:914} INFO - Processing file /opt/airflow/dags/Lab2_.py for tasks to queue
[2025-04-19T17:48:09.987+0000] {logging_mixin.py:190} INFO - [2025-04-19T17:48:09.987+0000] {dagbag.py:587} INFO - Filling up the DagBag from /opt/airflow/dags/Lab2_.py
[2025-04-19T17:48:10.098+0000] {processor.py:925} INFO - DAG(s) 'Stock_YFinance_Snowflake' retrieved from /opt/airflow/dags/Lab2_.py
[2025-04-19T17:48:10.117+0000] {logging_mixin.py:190} INFO - [2025-04-19T17:48:10.116+0000] {dag.py:3229} INFO - Sync 1 DAGs
[2025-04-19T17:48:10.135+0000] {logging_mixin.py:190} INFO - [2025-04-19T17:48:10.135+0000] {dag.py:4156} INFO - Setting next_dagrun for Stock_YFinance_Snowflake to 2025-04-18 02:00:00+00:00, run_after=2025-04-19 02:00:00+00:00
[2025-04-19T17:48:10.152+0000] {processor.py:208} INFO - Processing /opt/airflow/dags/Lab2_.py took 0.172 seconds
[2025-04-19T17:48:40.353+0000] {processor.py:186} INFO - Started process (PID=1012) to work on /opt/airflow/dags/Lab2_.py
[2025-04-19T17:48:40.354+0000] {processor.py:914} INFO - Processing file /opt/airflow/dags/Lab2_.py for tasks to queue
[2025-04-19T17:48:40.359+0000] {logging_mixin.py:190} INFO - [2025-04-19T17:48:40.358+0000] {dagbag.py:587} INFO - Filling up the DagBag from /opt/airflow/dags/Lab2_.py
[2025-04-19T17:48:40.506+0000] {processor.py:925} INFO - DAG(s) 'Stock_YFinance_Snowflake' retrieved from /opt/airflow/dags/Lab2_.py
[2025-04-19T17:48:40.618+0000] {logging_mixin.py:190} INFO - [2025-04-19T17:48:40.618+0000] {dag.py:3229} INFO - Sync 1 DAGs
[2025-04-19T17:48:40.637+0000] {logging_mixin.py:190} INFO - [2025-04-19T17:48:40.637+0000] {dag.py:4156} INFO - Setting next_dagrun for Stock_YFinance_Snowflake to 2025-04-18 02:00:00+00:00, run_after=2025-04-19 02:00:00+00:00
[2025-04-19T17:48:40.653+0000] {processor.py:208} INFO - Processing /opt/airflow/dags/Lab2_.py took 0.310 seconds
[2025-04-19T17:49:10.858+0000] {processor.py:186} INFO - Started process (PID=1071) to work on /opt/airflow/dags/Lab2_.py
[2025-04-19T17:49:10.861+0000] {processor.py:914} INFO - Processing file /opt/airflow/dags/Lab2_.py for tasks to queue
[2025-04-19T17:49:10.864+0000] {logging_mixin.py:190} INFO - [2025-04-19T17:49:10.863+0000] {dagbag.py:587} INFO - Filling up the DagBag from /opt/airflow/dags/Lab2_.py
[2025-04-19T17:49:11.015+0000] {processor.py:925} INFO - DAG(s) 'Stock_YFinance_Snowflake' retrieved from /opt/airflow/dags/Lab2_.py
[2025-04-19T17:49:11.035+0000] {logging_mixin.py:190} INFO - [2025-04-19T17:49:11.035+0000] {dag.py:3229} INFO - Sync 1 DAGs
[2025-04-19T17:49:11.054+0000] {logging_mixin.py:190} INFO - [2025-04-19T17:49:11.054+0000] {dag.py:4156} INFO - Setting next_dagrun for Stock_YFinance_Snowflake to 2025-04-18 02:00:00+00:00, run_after=2025-04-19 02:00:00+00:00
[2025-04-19T17:49:11.066+0000] {processor.py:208} INFO - Processing /opt/airflow/dags/Lab2_.py took 0.216 seconds
[2025-04-19T17:49:41.522+0000] {processor.py:186} INFO - Started process (PID=1129) to work on /opt/airflow/dags/Lab2_.py
[2025-04-19T17:49:41.523+0000] {processor.py:914} INFO - Processing file /opt/airflow/dags/Lab2_.py for tasks to queue
[2025-04-19T17:49:41.527+0000] {logging_mixin.py:190} INFO - [2025-04-19T17:49:41.527+0000] {dagbag.py:587} INFO - Filling up the DagBag from /opt/airflow/dags/Lab2_.py
[2025-04-19T17:49:41.664+0000] {processor.py:925} INFO - DAG(s) 'Stock_YFinance_Snowflake' retrieved from /opt/airflow/dags/Lab2_.py
[2025-04-19T17:49:41.776+0000] {logging_mixin.py:190} INFO - [2025-04-19T17:49:41.776+0000] {dag.py:3229} INFO - Sync 1 DAGs
[2025-04-19T17:49:41.800+0000] {logging_mixin.py:190} INFO - [2025-04-19T17:49:41.799+0000] {dag.py:4156} INFO - Setting next_dagrun for Stock_YFinance_Snowflake to 2025-04-18 02:00:00+00:00, run_after=2025-04-19 02:00:00+00:00
[2025-04-19T17:49:41.818+0000] {processor.py:208} INFO - Processing /opt/airflow/dags/Lab2_.py took 0.302 seconds
[2025-04-19T17:50:12.082+0000] {processor.py:186} INFO - Started process (PID=1187) to work on /opt/airflow/dags/Lab2_.py
[2025-04-19T17:50:12.084+0000] {processor.py:914} INFO - Processing file /opt/airflow/dags/Lab2_.py for tasks to queue
[2025-04-19T17:50:12.087+0000] {logging_mixin.py:190} INFO - [2025-04-19T17:50:12.087+0000] {dagbag.py:587} INFO - Filling up the DagBag from /opt/airflow/dags/Lab2_.py
[2025-04-19T17:50:12.200+0000] {processor.py:925} INFO - DAG(s) 'Stock_YFinance_Snowflake' retrieved from /opt/airflow/dags/Lab2_.py
[2025-04-19T17:50:12.225+0000] {logging_mixin.py:190} INFO - [2025-04-19T17:50:12.225+0000] {dag.py:3229} INFO - Sync 1 DAGs
[2025-04-19T17:50:12.246+0000] {logging_mixin.py:190} INFO - [2025-04-19T17:50:12.245+0000] {dag.py:4156} INFO - Setting next_dagrun for Stock_YFinance_Snowflake to 2025-04-18 02:00:00+00:00, run_after=2025-04-19 02:00:00+00:00
[2025-04-19T17:50:12.268+0000] {processor.py:208} INFO - Processing /opt/airflow/dags/Lab2_.py took 0.194 seconds
[2025-04-19T17:50:42.657+0000] {processor.py:186} INFO - Started process (PID=1245) to work on /opt/airflow/dags/Lab2_.py
[2025-04-19T17:50:42.658+0000] {processor.py:914} INFO - Processing file /opt/airflow/dags/Lab2_.py for tasks to queue
[2025-04-19T17:50:42.659+0000] {logging_mixin.py:190} INFO - [2025-04-19T17:50:42.659+0000] {dagbag.py:587} INFO - Filling up the DagBag from /opt/airflow/dags/Lab2_.py
[2025-04-19T17:50:42.783+0000] {processor.py:925} INFO - DAG(s) 'Stock_YFinance_Snowflake' retrieved from /opt/airflow/dags/Lab2_.py
[2025-04-19T17:50:42.877+0000] {logging_mixin.py:190} INFO - [2025-04-19T17:50:42.875+0000] {dag.py:3229} INFO - Sync 1 DAGs
[2025-04-19T17:50:42.898+0000] {logging_mixin.py:190} INFO - [2025-04-19T17:50:42.898+0000] {dag.py:4156} INFO - Setting next_dagrun for Stock_YFinance_Snowflake to 2025-04-18 02:00:00+00:00, run_after=2025-04-19 02:00:00+00:00
[2025-04-19T17:50:42.914+0000] {processor.py:208} INFO - Processing /opt/airflow/dags/Lab2_.py took 0.264 seconds
[2025-04-19T17:51:13.502+0000] {processor.py:186} INFO - Started process (PID=1303) to work on /opt/airflow/dags/Lab2_.py
[2025-04-19T17:51:13.504+0000] {processor.py:914} INFO - Processing file /opt/airflow/dags/Lab2_.py for tasks to queue
[2025-04-19T17:51:13.507+0000] {logging_mixin.py:190} INFO - [2025-04-19T17:51:13.506+0000] {dagbag.py:587} INFO - Filling up the DagBag from /opt/airflow/dags/Lab2_.py
[2025-04-19T17:51:13.648+0000] {processor.py:925} INFO - DAG(s) 'Stock_YFinance_Snowflake' retrieved from /opt/airflow/dags/Lab2_.py
[2025-04-19T17:51:13.672+0000] {logging_mixin.py:190} INFO - [2025-04-19T17:51:13.672+0000] {dag.py:3229} INFO - Sync 1 DAGs
[2025-04-19T17:51:13.690+0000] {logging_mixin.py:190} INFO - [2025-04-19T17:51:13.690+0000] {dag.py:4156} INFO - Setting next_dagrun for Stock_YFinance_Snowflake to 2025-04-18 02:00:00+00:00, run_after=2025-04-19 02:00:00+00:00
[2025-04-19T17:51:13.706+0000] {processor.py:208} INFO - Processing /opt/airflow/dags/Lab2_.py took 0.210 seconds
[2025-04-19T17:51:44.749+0000] {processor.py:186} INFO - Started process (PID=1361) to work on /opt/airflow/dags/Lab2_.py
[2025-04-19T17:51:44.751+0000] {processor.py:914} INFO - Processing file /opt/airflow/dags/Lab2_.py for tasks to queue
[2025-04-19T17:51:44.755+0000] {logging_mixin.py:190} INFO - [2025-04-19T17:51:44.755+0000] {dagbag.py:587} INFO - Filling up the DagBag from /opt/airflow/dags/Lab2_.py
[2025-04-19T17:51:44.890+0000] {processor.py:925} INFO - DAG(s) 'Stock_YFinance_Snowflake' retrieved from /opt/airflow/dags/Lab2_.py
[2025-04-19T17:51:44.995+0000] {logging_mixin.py:190} INFO - [2025-04-19T17:51:44.995+0000] {dag.py:3229} INFO - Sync 1 DAGs
[2025-04-19T17:51:45.014+0000] {logging_mixin.py:190} INFO - [2025-04-19T17:51:45.014+0000] {dag.py:4156} INFO - Setting next_dagrun for Stock_YFinance_Snowflake to 2025-04-18 02:00:00+00:00, run_after=2025-04-19 02:00:00+00:00
[2025-04-19T17:51:45.027+0000] {processor.py:208} INFO - Processing /opt/airflow/dags/Lab2_.py took 0.288 seconds
[2025-04-19T17:52:15.184+0000] {processor.py:186} INFO - Started process (PID=1409) to work on /opt/airflow/dags/Lab2_.py
[2025-04-19T17:52:15.185+0000] {processor.py:914} INFO - Processing file /opt/airflow/dags/Lab2_.py for tasks to queue
[2025-04-19T17:52:15.187+0000] {logging_mixin.py:190} INFO - [2025-04-19T17:52:15.187+0000] {dagbag.py:587} INFO - Filling up the DagBag from /opt/airflow/dags/Lab2_.py
[2025-04-19T17:52:15.314+0000] {processor.py:925} INFO - DAG(s) 'Stock_YFinance_Snowflake' retrieved from /opt/airflow/dags/Lab2_.py
[2025-04-19T17:52:15.342+0000] {logging_mixin.py:190} INFO - [2025-04-19T17:52:15.342+0000] {dag.py:3229} INFO - Sync 1 DAGs
[2025-04-19T17:52:15.362+0000] {logging_mixin.py:190} INFO - [2025-04-19T17:52:15.362+0000] {dag.py:4156} INFO - Setting next_dagrun for Stock_YFinance_Snowflake to 2025-04-18 02:00:00+00:00, run_after=2025-04-19 02:00:00+00:00
[2025-04-19T17:52:15.374+0000] {processor.py:208} INFO - Processing /opt/airflow/dags/Lab2_.py took 0.197 seconds
[2025-04-19T17:52:46.292+0000] {processor.py:186} INFO - Started process (PID=1467) to work on /opt/airflow/dags/Lab2_.py
[2025-04-19T17:52:46.293+0000] {processor.py:914} INFO - Processing file /opt/airflow/dags/Lab2_.py for tasks to queue
[2025-04-19T17:52:46.295+0000] {logging_mixin.py:190} INFO - [2025-04-19T17:52:46.295+0000] {dagbag.py:587} INFO - Filling up the DagBag from /opt/airflow/dags/Lab2_.py
[2025-04-19T17:52:46.405+0000] {processor.py:925} INFO - DAG(s) 'Stock_YFinance_Snowflake' retrieved from /opt/airflow/dags/Lab2_.py
[2025-04-19T17:52:46.507+0000] {logging_mixin.py:190} INFO - [2025-04-19T17:52:46.507+0000] {dag.py:3229} INFO - Sync 1 DAGs
[2025-04-19T17:52:46.524+0000] {logging_mixin.py:190} INFO - [2025-04-19T17:52:46.523+0000] {dag.py:4156} INFO - Setting next_dagrun for Stock_YFinance_Snowflake to 2025-04-18 02:00:00+00:00, run_after=2025-04-19 02:00:00+00:00
[2025-04-19T17:52:46.538+0000] {processor.py:208} INFO - Processing /opt/airflow/dags/Lab2_.py took 0.253 seconds
[2025-04-19T17:53:17.041+0000] {processor.py:186} INFO - Started process (PID=1525) to work on /opt/airflow/dags/Lab2_.py
[2025-04-19T17:53:17.042+0000] {processor.py:914} INFO - Processing file /opt/airflow/dags/Lab2_.py for tasks to queue
[2025-04-19T17:53:17.045+0000] {logging_mixin.py:190} INFO - [2025-04-19T17:53:17.044+0000] {dagbag.py:587} INFO - Filling up the DagBag from /opt/airflow/dags/Lab2_.py
[2025-04-19T17:53:17.195+0000] {processor.py:925} INFO - DAG(s) 'Stock_YFinance_Snowflake' retrieved from /opt/airflow/dags/Lab2_.py
[2025-04-19T17:53:17.231+0000] {logging_mixin.py:190} INFO - [2025-04-19T17:53:17.231+0000] {dag.py:3229} INFO - Sync 1 DAGs
[2025-04-19T17:53:17.263+0000] {logging_mixin.py:190} INFO - [2025-04-19T17:53:17.263+0000] {dag.py:4156} INFO - Setting next_dagrun for Stock_YFinance_Snowflake to 2025-04-18 02:00:00+00:00, run_after=2025-04-19 02:00:00+00:00
[2025-04-19T17:53:17.283+0000] {processor.py:208} INFO - Processing /opt/airflow/dags/Lab2_.py took 0.250 seconds
[2025-04-19T17:53:47.523+0000] {processor.py:186} INFO - Started process (PID=1583) to work on /opt/airflow/dags/Lab2_.py
[2025-04-19T17:53:47.525+0000] {processor.py:914} INFO - Processing file /opt/airflow/dags/Lab2_.py for tasks to queue
[2025-04-19T17:53:47.530+0000] {logging_mixin.py:190} INFO - [2025-04-19T17:53:47.529+0000] {dagbag.py:587} INFO - Filling up the DagBag from /opt/airflow/dags/Lab2_.py
[2025-04-19T17:53:47.664+0000] {processor.py:925} INFO - DAG(s) 'Stock_YFinance_Snowflake' retrieved from /opt/airflow/dags/Lab2_.py
[2025-04-19T17:53:47.771+0000] {logging_mixin.py:190} INFO - [2025-04-19T17:53:47.769+0000] {dag.py:3229} INFO - Sync 1 DAGs
[2025-04-19T17:53:47.790+0000] {logging_mixin.py:190} INFO - [2025-04-19T17:53:47.790+0000] {dag.py:4156} INFO - Setting next_dagrun for Stock_YFinance_Snowflake to 2025-04-18 02:00:00+00:00, run_after=2025-04-19 02:00:00+00:00
[2025-04-19T17:53:47.803+0000] {processor.py:208} INFO - Processing /opt/airflow/dags/Lab2_.py took 0.287 seconds
[2025-04-19T17:54:18.394+0000] {processor.py:186} INFO - Started process (PID=1641) to work on /opt/airflow/dags/Lab2_.py
[2025-04-19T17:54:18.394+0000] {processor.py:914} INFO - Processing file /opt/airflow/dags/Lab2_.py for tasks to queue
[2025-04-19T17:54:18.397+0000] {logging_mixin.py:190} INFO - [2025-04-19T17:54:18.396+0000] {dagbag.py:587} INFO - Filling up the DagBag from /opt/airflow/dags/Lab2_.py
[2025-04-19T17:54:18.540+0000] {processor.py:925} INFO - DAG(s) 'Stock_YFinance_Snowflake' retrieved from /opt/airflow/dags/Lab2_.py
[2025-04-19T17:54:18.576+0000] {logging_mixin.py:190} INFO - [2025-04-19T17:54:18.575+0000] {dag.py:3229} INFO - Sync 1 DAGs
[2025-04-19T17:54:18.603+0000] {logging_mixin.py:190} INFO - [2025-04-19T17:54:18.603+0000] {dag.py:4156} INFO - Setting next_dagrun for Stock_YFinance_Snowflake to 2025-04-18 02:00:00+00:00, run_after=2025-04-19 02:00:00+00:00
[2025-04-19T17:54:18.618+0000] {processor.py:208} INFO - Processing /opt/airflow/dags/Lab2_.py took 0.230 seconds
[2025-04-19T20:57:45.075+0000] {processor.py:186} INFO - Started process (PID=300) to work on /opt/airflow/dags/Lab2_.py
[2025-04-19T20:57:45.077+0000] {processor.py:914} INFO - Processing file /opt/airflow/dags/Lab2_.py for tasks to queue
[2025-04-19T20:57:45.080+0000] {logging_mixin.py:190} INFO - [2025-04-19T20:57:45.079+0000] {dagbag.py:587} INFO - Filling up the DagBag from /opt/airflow/dags/Lab2_.py
[2025-04-19T20:57:45.378+0000] {processor.py:925} INFO - DAG(s) 'Stock_YFinance_Snowflake' retrieved from /opt/airflow/dags/Lab2_.py
[2025-04-19T20:57:45.489+0000] {logging_mixin.py:190} INFO - [2025-04-19T20:57:45.489+0000] {dag.py:3229} INFO - Sync 1 DAGs
[2025-04-19T20:57:45.511+0000] {logging_mixin.py:190} INFO - [2025-04-19T20:57:45.511+0000] {dag.py:4156} INFO - Setting next_dagrun for Stock_YFinance_Snowflake to 2025-04-18 02:00:00+00:00, run_after=2025-04-19 02:00:00+00:00
[2025-04-19T20:57:45.533+0000] {processor.py:208} INFO - Processing /opt/airflow/dags/Lab2_.py took 0.468 seconds
[2025-04-19T20:58:15.782+0000] {processor.py:186} INFO - Started process (PID=367) to work on /opt/airflow/dags/Lab2_.py
[2025-04-19T20:58:15.784+0000] {processor.py:914} INFO - Processing file /opt/airflow/dags/Lab2_.py for tasks to queue
[2025-04-19T20:58:15.793+0000] {logging_mixin.py:190} INFO - [2025-04-19T20:58:15.792+0000] {dagbag.py:587} INFO - Filling up the DagBag from /opt/airflow/dags/Lab2_.py
[2025-04-19T20:58:16.001+0000] {processor.py:925} INFO - DAG(s) 'Stock_YFinance_Snowflake' retrieved from /opt/airflow/dags/Lab2_.py
[2025-04-19T20:58:16.023+0000] {logging_mixin.py:190} INFO - [2025-04-19T20:58:16.023+0000] {dag.py:3229} INFO - Sync 1 DAGs
[2025-04-19T20:58:16.042+0000] {logging_mixin.py:190} INFO - [2025-04-19T20:58:16.042+0000] {dag.py:4156} INFO - Setting next_dagrun for Stock_YFinance_Snowflake to 2025-04-18 02:00:00+00:00, run_after=2025-04-19 02:00:00+00:00
[2025-04-19T20:58:16.064+0000] {processor.py:208} INFO - Processing /opt/airflow/dags/Lab2_.py took 0.289 seconds
[2025-04-19T20:58:46.662+0000] {processor.py:186} INFO - Started process (PID=425) to work on /opt/airflow/dags/Lab2_.py
[2025-04-19T20:58:46.664+0000] {processor.py:914} INFO - Processing file /opt/airflow/dags/Lab2_.py for tasks to queue
[2025-04-19T20:58:46.670+0000] {logging_mixin.py:190} INFO - [2025-04-19T20:58:46.669+0000] {dagbag.py:587} INFO - Filling up the DagBag from /opt/airflow/dags/Lab2_.py
[2025-04-19T20:58:46.849+0000] {processor.py:925} INFO - DAG(s) 'Stock_YFinance_Snowflake' retrieved from /opt/airflow/dags/Lab2_.py
[2025-04-19T20:58:46.959+0000] {logging_mixin.py:190} INFO - [2025-04-19T20:58:46.958+0000] {dag.py:3229} INFO - Sync 1 DAGs
[2025-04-19T20:58:46.978+0000] {logging_mixin.py:190} INFO - [2025-04-19T20:58:46.977+0000] {dag.py:4156} INFO - Setting next_dagrun for Stock_YFinance_Snowflake to 2025-04-18 02:00:00+00:00, run_after=2025-04-19 02:00:00+00:00
[2025-04-19T20:58:46.997+0000] {processor.py:208} INFO - Processing /opt/airflow/dags/Lab2_.py took 0.344 seconds
[2025-04-19T20:59:17.501+0000] {processor.py:186} INFO - Started process (PID=484) to work on /opt/airflow/dags/Lab2_.py
[2025-04-19T20:59:17.503+0000] {processor.py:914} INFO - Processing file /opt/airflow/dags/Lab2_.py for tasks to queue
[2025-04-19T20:59:17.506+0000] {logging_mixin.py:190} INFO - [2025-04-19T20:59:17.505+0000] {dagbag.py:587} INFO - Filling up the DagBag from /opt/airflow/dags/Lab2_.py
[2025-04-19T20:59:17.682+0000] {processor.py:925} INFO - DAG(s) 'Stock_YFinance_Snowflake' retrieved from /opt/airflow/dags/Lab2_.py
[2025-04-19T20:59:17.707+0000] {logging_mixin.py:190} INFO - [2025-04-19T20:59:17.706+0000] {dag.py:3229} INFO - Sync 1 DAGs
[2025-04-19T20:59:17.729+0000] {logging_mixin.py:190} INFO - [2025-04-19T20:59:17.729+0000] {dag.py:4156} INFO - Setting next_dagrun for Stock_YFinance_Snowflake to 2025-04-18 02:00:00+00:00, run_after=2025-04-19 02:00:00+00:00
[2025-04-19T20:59:17.742+0000] {processor.py:208} INFO - Processing /opt/airflow/dags/Lab2_.py took 0.250 seconds
[2025-04-19T20:59:47.871+0000] {processor.py:186} INFO - Started process (PID=547) to work on /opt/airflow/dags/Lab2_.py
[2025-04-19T20:59:47.872+0000] {processor.py:914} INFO - Processing file /opt/airflow/dags/Lab2_.py for tasks to queue
[2025-04-19T20:59:47.873+0000] {logging_mixin.py:190} INFO - [2025-04-19T20:59:47.873+0000] {dagbag.py:587} INFO - Filling up the DagBag from /opt/airflow/dags/Lab2_.py
[2025-04-19T20:59:47.991+0000] {processor.py:925} INFO - DAG(s) 'Stock_YFinance_Snowflake' retrieved from /opt/airflow/dags/Lab2_.py
[2025-04-19T20:59:48.089+0000] {logging_mixin.py:190} INFO - [2025-04-19T20:59:48.088+0000] {dag.py:3229} INFO - Sync 1 DAGs
[2025-04-19T20:59:48.109+0000] {logging_mixin.py:190} INFO - [2025-04-19T20:59:48.109+0000] {dag.py:4156} INFO - Setting next_dagrun for Stock_YFinance_Snowflake to 2025-04-18 02:00:00+00:00, run_after=2025-04-19 02:00:00+00:00
[2025-04-19T20:59:48.121+0000] {processor.py:208} INFO - Processing /opt/airflow/dags/Lab2_.py took 0.258 seconds
[2025-04-19T21:00:18.848+0000] {processor.py:186} INFO - Started process (PID=603) to work on /opt/airflow/dags/Lab2_.py
[2025-04-19T21:00:18.850+0000] {processor.py:914} INFO - Processing file /opt/airflow/dags/Lab2_.py for tasks to queue
[2025-04-19T21:00:18.853+0000] {logging_mixin.py:190} INFO - [2025-04-19T21:00:18.852+0000] {dagbag.py:587} INFO - Filling up the DagBag from /opt/airflow/dags/Lab2_.py
[2025-04-19T21:00:19.015+0000] {processor.py:925} INFO - DAG(s) 'Stock_YFinance_Snowflake' retrieved from /opt/airflow/dags/Lab2_.py
[2025-04-19T21:00:19.040+0000] {logging_mixin.py:190} INFO - [2025-04-19T21:00:19.039+0000] {dag.py:3229} INFO - Sync 1 DAGs
[2025-04-19T21:00:19.066+0000] {logging_mixin.py:190} INFO - [2025-04-19T21:00:19.066+0000] {dag.py:4156} INFO - Setting next_dagrun for Stock_YFinance_Snowflake to 2025-04-18 02:00:00+00:00, run_after=2025-04-19 02:00:00+00:00
[2025-04-19T21:00:19.094+0000] {processor.py:208} INFO - Processing /opt/airflow/dags/Lab2_.py took 0.252 seconds
[2025-04-19T21:00:49.687+0000] {processor.py:186} INFO - Started process (PID=661) to work on /opt/airflow/dags/Lab2_.py
[2025-04-19T21:00:49.688+0000] {processor.py:914} INFO - Processing file /opt/airflow/dags/Lab2_.py for tasks to queue
[2025-04-19T21:00:49.692+0000] {logging_mixin.py:190} INFO - [2025-04-19T21:00:49.691+0000] {dagbag.py:587} INFO - Filling up the DagBag from /opt/airflow/dags/Lab2_.py
[2025-04-19T21:00:49.855+0000] {processor.py:925} INFO - DAG(s) 'Stock_YFinance_Snowflake' retrieved from /opt/airflow/dags/Lab2_.py
[2025-04-19T21:00:49.968+0000] {logging_mixin.py:190} INFO - [2025-04-19T21:00:49.968+0000] {dag.py:3229} INFO - Sync 1 DAGs
[2025-04-19T21:00:49.986+0000] {logging_mixin.py:190} INFO - [2025-04-19T21:00:49.986+0000] {dag.py:4156} INFO - Setting next_dagrun for Stock_YFinance_Snowflake to 2025-04-18 02:00:00+00:00, run_after=2025-04-19 02:00:00+00:00
[2025-04-19T21:00:49.999+0000] {processor.py:208} INFO - Processing /opt/airflow/dags/Lab2_.py took 0.326 seconds
[2025-04-19T21:01:20.777+0000] {processor.py:186} INFO - Started process (PID=719) to work on /opt/airflow/dags/Lab2_.py
[2025-04-19T21:01:20.778+0000] {processor.py:914} INFO - Processing file /opt/airflow/dags/Lab2_.py for tasks to queue
[2025-04-19T21:01:20.788+0000] {logging_mixin.py:190} INFO - [2025-04-19T21:01:20.786+0000] {dagbag.py:587} INFO - Filling up the DagBag from /opt/airflow/dags/Lab2_.py
[2025-04-19T21:01:20.928+0000] {processor.py:925} INFO - DAG(s) 'Stock_YFinance_Snowflake' retrieved from /opt/airflow/dags/Lab2_.py
[2025-04-19T21:01:20.948+0000] {logging_mixin.py:190} INFO - [2025-04-19T21:01:20.948+0000] {dag.py:3229} INFO - Sync 1 DAGs
[2025-04-19T21:01:20.965+0000] {logging_mixin.py:190} INFO - [2025-04-19T21:01:20.965+0000] {dag.py:4156} INFO - Setting next_dagrun for Stock_YFinance_Snowflake to 2025-04-18 02:00:00+00:00, run_after=2025-04-19 02:00:00+00:00
[2025-04-19T21:01:20.977+0000] {processor.py:208} INFO - Processing /opt/airflow/dags/Lab2_.py took 0.209 seconds
[2025-04-19T21:01:51.762+0000] {processor.py:186} INFO - Started process (PID=770) to work on /opt/airflow/dags/Lab2_.py
[2025-04-19T21:01:51.763+0000] {processor.py:914} INFO - Processing file /opt/airflow/dags/Lab2_.py for tasks to queue
[2025-04-19T21:01:51.764+0000] {logging_mixin.py:190} INFO - [2025-04-19T21:01:51.764+0000] {dagbag.py:587} INFO - Filling up the DagBag from /opt/airflow/dags/Lab2_.py
[2025-04-19T21:01:51.863+0000] {processor.py:925} INFO - DAG(s) 'Stock_YFinance_Snowflake' retrieved from /opt/airflow/dags/Lab2_.py
[2025-04-19T21:01:51.952+0000] {logging_mixin.py:190} INFO - [2025-04-19T21:01:51.952+0000] {dag.py:3229} INFO - Sync 1 DAGs
[2025-04-19T21:01:51.969+0000] {logging_mixin.py:190} INFO - [2025-04-19T21:01:51.969+0000] {dag.py:4156} INFO - Setting next_dagrun for Stock_YFinance_Snowflake to 2025-04-18 02:00:00+00:00, run_after=2025-04-19 02:00:00+00:00
[2025-04-19T21:01:51.982+0000] {processor.py:208} INFO - Processing /opt/airflow/dags/Lab2_.py took 0.228 seconds
[2025-04-19T21:02:22.077+0000] {processor.py:186} INFO - Started process (PID=824) to work on /opt/airflow/dags/Lab2_.py
[2025-04-19T21:02:22.080+0000] {processor.py:914} INFO - Processing file /opt/airflow/dags/Lab2_.py for tasks to queue
[2025-04-19T21:02:22.086+0000] {logging_mixin.py:190} INFO - [2025-04-19T21:02:22.085+0000] {dagbag.py:587} INFO - Filling up the DagBag from /opt/airflow/dags/Lab2_.py
[2025-04-19T21:02:22.244+0000] {processor.py:925} INFO - DAG(s) 'Stock_YFinance_Snowflake' retrieved from /opt/airflow/dags/Lab2_.py
[2025-04-19T21:02:22.266+0000] {logging_mixin.py:190} INFO - [2025-04-19T21:02:22.266+0000] {dag.py:3229} INFO - Sync 1 DAGs
[2025-04-19T21:02:22.285+0000] {logging_mixin.py:190} INFO - [2025-04-19T21:02:22.285+0000] {dag.py:4156} INFO - Setting next_dagrun for Stock_YFinance_Snowflake to 2025-04-18 02:00:00+00:00, run_after=2025-04-19 02:00:00+00:00
[2025-04-19T21:02:22.297+0000] {processor.py:208} INFO - Processing /opt/airflow/dags/Lab2_.py took 0.230 seconds
[2025-04-19T21:02:52.459+0000] {processor.py:186} INFO - Started process (PID=884) to work on /opt/airflow/dags/Lab2_.py
[2025-04-19T21:02:52.460+0000] {processor.py:914} INFO - Processing file /opt/airflow/dags/Lab2_.py for tasks to queue
[2025-04-19T21:02:52.462+0000] {logging_mixin.py:190} INFO - [2025-04-19T21:02:52.462+0000] {dagbag.py:587} INFO - Filling up the DagBag from /opt/airflow/dags/Lab2_.py
[2025-04-19T21:02:52.586+0000] {processor.py:925} INFO - DAG(s) 'Stock_YFinance_Snowflake' retrieved from /opt/airflow/dags/Lab2_.py
[2025-04-19T21:02:52.683+0000] {logging_mixin.py:190} INFO - [2025-04-19T21:02:52.683+0000] {dag.py:3229} INFO - Sync 1 DAGs
[2025-04-19T21:02:52.701+0000] {logging_mixin.py:190} INFO - [2025-04-19T21:02:52.700+0000] {dag.py:4156} INFO - Setting next_dagrun for Stock_YFinance_Snowflake to 2025-04-18 02:00:00+00:00, run_after=2025-04-19 02:00:00+00:00
[2025-04-19T21:02:52.714+0000] {processor.py:208} INFO - Processing /opt/airflow/dags/Lab2_.py took 0.260 seconds
[2025-04-19T21:03:23.318+0000] {processor.py:186} INFO - Started process (PID=940) to work on /opt/airflow/dags/Lab2_.py
[2025-04-19T21:03:23.321+0000] {processor.py:914} INFO - Processing file /opt/airflow/dags/Lab2_.py for tasks to queue
[2025-04-19T21:03:23.326+0000] {logging_mixin.py:190} INFO - [2025-04-19T21:03:23.326+0000] {dagbag.py:587} INFO - Filling up the DagBag from /opt/airflow/dags/Lab2_.py
[2025-04-19T21:03:23.494+0000] {processor.py:925} INFO - DAG(s) 'Stock_YFinance_Snowflake' retrieved from /opt/airflow/dags/Lab2_.py
[2025-04-19T21:03:23.517+0000] {logging_mixin.py:190} INFO - [2025-04-19T21:03:23.516+0000] {dag.py:3229} INFO - Sync 1 DAGs
[2025-04-19T21:03:23.539+0000] {logging_mixin.py:190} INFO - [2025-04-19T21:03:23.538+0000] {dag.py:4156} INFO - Setting next_dagrun for Stock_YFinance_Snowflake to 2025-04-18 02:00:00+00:00, run_after=2025-04-19 02:00:00+00:00
[2025-04-19T21:03:23.551+0000] {processor.py:208} INFO - Processing /opt/airflow/dags/Lab2_.py took 0.256 seconds
[2025-04-19T21:03:54.248+0000] {processor.py:186} INFO - Started process (PID=998) to work on /opt/airflow/dags/Lab2_.py
[2025-04-19T21:03:54.250+0000] {processor.py:914} INFO - Processing file /opt/airflow/dags/Lab2_.py for tasks to queue
[2025-04-19T21:03:54.254+0000] {logging_mixin.py:190} INFO - [2025-04-19T21:03:54.254+0000] {dagbag.py:587} INFO - Filling up the DagBag from /opt/airflow/dags/Lab2_.py
[2025-04-19T21:03:54.427+0000] {processor.py:925} INFO - DAG(s) 'Stock_YFinance_Snowflake' retrieved from /opt/airflow/dags/Lab2_.py
[2025-04-19T21:03:54.527+0000] {logging_mixin.py:190} INFO - [2025-04-19T21:03:54.526+0000] {dag.py:3229} INFO - Sync 1 DAGs
[2025-04-19T21:03:54.544+0000] {logging_mixin.py:190} INFO - [2025-04-19T21:03:54.544+0000] {dag.py:4156} INFO - Setting next_dagrun for Stock_YFinance_Snowflake to 2025-04-18 02:00:00+00:00, run_after=2025-04-19 02:00:00+00:00
[2025-04-19T21:03:54.557+0000] {processor.py:208} INFO - Processing /opt/airflow/dags/Lab2_.py took 0.318 seconds
[2025-04-19T21:04:24.833+0000] {processor.py:186} INFO - Started process (PID=1056) to work on /opt/airflow/dags/Lab2_.py
[2025-04-19T21:04:24.835+0000] {processor.py:914} INFO - Processing file /opt/airflow/dags/Lab2_.py for tasks to queue
[2025-04-19T21:04:24.841+0000] {logging_mixin.py:190} INFO - [2025-04-19T21:04:24.840+0000] {dagbag.py:587} INFO - Filling up the DagBag from /opt/airflow/dags/Lab2_.py
[2025-04-19T21:04:25.029+0000] {processor.py:925} INFO - DAG(s) 'Stock_YFinance_Snowflake' retrieved from /opt/airflow/dags/Lab2_.py
[2025-04-19T21:04:25.053+0000] {logging_mixin.py:190} INFO - [2025-04-19T21:04:25.052+0000] {dag.py:3229} INFO - Sync 1 DAGs
[2025-04-19T21:04:25.077+0000] {logging_mixin.py:190} INFO - [2025-04-19T21:04:25.077+0000] {dag.py:4156} INFO - Setting next_dagrun for Stock_YFinance_Snowflake to 2025-04-18 02:00:00+00:00, run_after=2025-04-19 02:00:00+00:00
[2025-04-19T21:04:25.090+0000] {processor.py:208} INFO - Processing /opt/airflow/dags/Lab2_.py took 0.268 seconds
[2025-04-19T21:04:55.730+0000] {processor.py:186} INFO - Started process (PID=1114) to work on /opt/airflow/dags/Lab2_.py
[2025-04-19T21:04:55.732+0000] {processor.py:914} INFO - Processing file /opt/airflow/dags/Lab2_.py for tasks to queue
[2025-04-19T21:04:55.739+0000] {logging_mixin.py:190} INFO - [2025-04-19T21:04:55.738+0000] {dagbag.py:587} INFO - Filling up the DagBag from /opt/airflow/dags/Lab2_.py
[2025-04-19T21:04:55.938+0000] {processor.py:925} INFO - DAG(s) 'Stock_YFinance_Snowflake' retrieved from /opt/airflow/dags/Lab2_.py
[2025-04-19T21:04:56.049+0000] {logging_mixin.py:190} INFO - [2025-04-19T21:04:56.048+0000] {dag.py:3229} INFO - Sync 1 DAGs
[2025-04-19T21:04:56.069+0000] {logging_mixin.py:190} INFO - [2025-04-19T21:04:56.069+0000] {dag.py:4156} INFO - Setting next_dagrun for Stock_YFinance_Snowflake to 2025-04-18 02:00:00+00:00, run_after=2025-04-19 02:00:00+00:00
[2025-04-19T21:04:56.082+0000] {processor.py:208} INFO - Processing /opt/airflow/dags/Lab2_.py took 0.366 seconds
