[2025-04-19T17:41:32.678+0000] {processor.py:186} INFO - Started process (PID=211) to work on /opt/airflow/dags/Lab_Stocks.py
[2025-04-19T17:41:32.679+0000] {processor.py:914} INFO - Processing file /opt/airflow/dags/Lab_Stocks.py for tasks to queue
[2025-04-19T17:41:32.680+0000] {logging_mixin.py:190} INFO - [2025-04-19T17:41:32.680+0000] {dagbag.py:587} INFO - Filling up the DagBag from /opt/airflow/dags/Lab_Stocks.py
[2025-04-19T17:41:32.782+0000] {processor.py:925} INFO - DAG(s) 'Stock_YFinance_Snowflake' retrieved from /opt/airflow/dags/Lab_Stocks.py
[2025-04-19T17:41:32.792+0000] {logging_mixin.py:190} INFO - [2025-04-19T17:41:32.792+0000] {dag.py:3229} INFO - Sync 1 DAGs
[2025-04-19T17:41:32.813+0000] {logging_mixin.py:190} INFO - [2025-04-19T17:41:32.813+0000] {dag.py:4156} INFO - Setting next_dagrun for Stock_YFinance_Snowflake to 2025-04-18 02:00:00+00:00, run_after=2025-04-19 02:00:00+00:00
[2025-04-19T17:41:32.828+0000] {processor.py:208} INFO - Processing /opt/airflow/dags/Lab_Stocks.py took 0.155 seconds
[2025-04-19T17:42:02.866+0000] {processor.py:186} INFO - Started process (PID=288) to work on /opt/airflow/dags/Lab_Stocks.py
[2025-04-19T17:42:02.866+0000] {processor.py:914} INFO - Processing file /opt/airflow/dags/Lab_Stocks.py for tasks to queue
[2025-04-19T17:42:02.868+0000] {logging_mixin.py:190} INFO - [2025-04-19T17:42:02.868+0000] {dagbag.py:587} INFO - Filling up the DagBag from /opt/airflow/dags/Lab_Stocks.py
[2025-04-19T17:42:02.960+0000] {processor.py:925} INFO - DAG(s) 'Stock_YFinance_Snowflake' retrieved from /opt/airflow/dags/Lab_Stocks.py
[2025-04-19T17:42:03.044+0000] {logging_mixin.py:190} INFO - [2025-04-19T17:42:03.044+0000] {dag.py:3229} INFO - Sync 1 DAGs
[2025-04-19T17:42:03.058+0000] {logging_mixin.py:190} INFO - [2025-04-19T17:42:03.058+0000] {dag.py:4156} INFO - Setting next_dagrun for Stock_YFinance_Snowflake to 2025-04-18 02:00:00+00:00, run_after=2025-04-19 02:00:00+00:00
[2025-04-19T17:42:03.069+0000] {processor.py:208} INFO - Processing /opt/airflow/dags/Lab_Stocks.py took 0.210 seconds
[2025-04-19T17:42:33.848+0000] {processor.py:186} INFO - Started process (PID=347) to work on /opt/airflow/dags/Lab_Stocks.py
[2025-04-19T17:42:33.849+0000] {processor.py:914} INFO - Processing file /opt/airflow/dags/Lab_Stocks.py for tasks to queue
[2025-04-19T17:42:33.851+0000] {logging_mixin.py:190} INFO - [2025-04-19T17:42:33.851+0000] {dagbag.py:587} INFO - Filling up the DagBag from /opt/airflow/dags/Lab_Stocks.py
[2025-04-19T17:42:33.952+0000] {processor.py:925} INFO - DAG(s) 'Stock_YFinance_Snowflake' retrieved from /opt/airflow/dags/Lab_Stocks.py
[2025-04-19T17:42:33.972+0000] {logging_mixin.py:190} INFO - [2025-04-19T17:42:33.972+0000] {dag.py:3229} INFO - Sync 1 DAGs
[2025-04-19T17:42:34.003+0000] {logging_mixin.py:190} INFO - [2025-04-19T17:42:34.003+0000] {dag.py:4156} INFO - Setting next_dagrun for Stock_YFinance_Snowflake to 2025-04-18 02:00:00+00:00, run_after=2025-04-19 02:00:00+00:00
[2025-04-19T17:42:34.021+0000] {processor.py:208} INFO - Processing /opt/airflow/dags/Lab_Stocks.py took 0.178 seconds
[2025-04-19T17:43:04.702+0000] {processor.py:186} INFO - Started process (PID=405) to work on /opt/airflow/dags/Lab_Stocks.py
[2025-04-19T17:43:04.702+0000] {processor.py:914} INFO - Processing file /opt/airflow/dags/Lab_Stocks.py for tasks to queue
[2025-04-19T17:43:04.704+0000] {logging_mixin.py:190} INFO - [2025-04-19T17:43:04.704+0000] {dagbag.py:587} INFO - Filling up the DagBag from /opt/airflow/dags/Lab_Stocks.py
[2025-04-19T17:43:04.805+0000] {processor.py:925} INFO - DAG(s) 'Stock_YFinance_Snowflake' retrieved from /opt/airflow/dags/Lab_Stocks.py
[2025-04-19T17:43:04.906+0000] {logging_mixin.py:190} INFO - [2025-04-19T17:43:04.905+0000] {dag.py:3229} INFO - Sync 1 DAGs
[2025-04-19T17:43:04.924+0000] {logging_mixin.py:190} INFO - [2025-04-19T17:43:04.923+0000] {dag.py:4156} INFO - Setting next_dagrun for Stock_YFinance_Snowflake to 2025-04-18 02:00:00+00:00, run_after=2025-04-19 02:00:00+00:00
[2025-04-19T17:43:04.942+0000] {processor.py:208} INFO - Processing /opt/airflow/dags/Lab_Stocks.py took 0.246 seconds
[2025-04-19T17:43:35.359+0000] {processor.py:186} INFO - Started process (PID=463) to work on /opt/airflow/dags/Lab_Stocks.py
[2025-04-19T17:43:35.359+0000] {processor.py:914} INFO - Processing file /opt/airflow/dags/Lab_Stocks.py for tasks to queue
[2025-04-19T17:43:35.361+0000] {logging_mixin.py:190} INFO - [2025-04-19T17:43:35.361+0000] {dagbag.py:587} INFO - Filling up the DagBag from /opt/airflow/dags/Lab_Stocks.py
[2025-04-19T17:43:35.463+0000] {processor.py:925} INFO - DAG(s) 'Stock_YFinance_Snowflake' retrieved from /opt/airflow/dags/Lab_Stocks.py
[2025-04-19T17:43:35.489+0000] {logging_mixin.py:190} INFO - [2025-04-19T17:43:35.489+0000] {dag.py:3229} INFO - Sync 1 DAGs
[2025-04-19T17:43:35.524+0000] {logging_mixin.py:190} INFO - [2025-04-19T17:43:35.524+0000] {dag.py:4156} INFO - Setting next_dagrun for Stock_YFinance_Snowflake to 2025-04-18 02:00:00+00:00, run_after=2025-04-19 02:00:00+00:00
[2025-04-19T17:43:35.539+0000] {processor.py:208} INFO - Processing /opt/airflow/dags/Lab_Stocks.py took 0.185 seconds
[2025-04-19T17:44:06.081+0000] {processor.py:186} INFO - Started process (PID=521) to work on /opt/airflow/dags/Lab_Stocks.py
[2025-04-19T17:44:06.082+0000] {processor.py:914} INFO - Processing file /opt/airflow/dags/Lab_Stocks.py for tasks to queue
[2025-04-19T17:44:06.084+0000] {logging_mixin.py:190} INFO - [2025-04-19T17:44:06.083+0000] {dagbag.py:587} INFO - Filling up the DagBag from /opt/airflow/dags/Lab_Stocks.py
[2025-04-19T17:44:06.176+0000] {processor.py:925} INFO - DAG(s) 'Stock_YFinance_Snowflake' retrieved from /opt/airflow/dags/Lab_Stocks.py
[2025-04-19T17:44:06.269+0000] {logging_mixin.py:190} INFO - [2025-04-19T17:44:06.269+0000] {dag.py:3229} INFO - Sync 1 DAGs
[2025-04-19T17:44:06.287+0000] {logging_mixin.py:190} INFO - [2025-04-19T17:44:06.287+0000] {dag.py:4156} INFO - Setting next_dagrun for Stock_YFinance_Snowflake to 2025-04-18 02:00:00+00:00, run_after=2025-04-19 02:00:00+00:00
[2025-04-19T17:44:06.303+0000] {processor.py:208} INFO - Processing /opt/airflow/dags/Lab_Stocks.py took 0.230 seconds
[2025-04-19T17:44:36.563+0000] {processor.py:186} INFO - Started process (PID=579) to work on /opt/airflow/dags/Lab_Stocks.py
[2025-04-19T17:44:36.564+0000] {processor.py:914} INFO - Processing file /opt/airflow/dags/Lab_Stocks.py for tasks to queue
[2025-04-19T17:44:36.565+0000] {logging_mixin.py:190} INFO - [2025-04-19T17:44:36.565+0000] {dagbag.py:587} INFO - Filling up the DagBag from /opt/airflow/dags/Lab_Stocks.py
[2025-04-19T17:44:36.658+0000] {processor.py:925} INFO - DAG(s) 'Stock_YFinance_Snowflake' retrieved from /opt/airflow/dags/Lab_Stocks.py
[2025-04-19T17:44:36.677+0000] {logging_mixin.py:190} INFO - [2025-04-19T17:44:36.677+0000] {dag.py:3229} INFO - Sync 1 DAGs
[2025-04-19T17:44:36.697+0000] {logging_mixin.py:190} INFO - [2025-04-19T17:44:36.697+0000] {dag.py:4156} INFO - Setting next_dagrun for Stock_YFinance_Snowflake to 2025-04-18 02:00:00+00:00, run_after=2025-04-19 02:00:00+00:00
[2025-04-19T17:44:36.709+0000] {processor.py:208} INFO - Processing /opt/airflow/dags/Lab_Stocks.py took 0.151 seconds
[2025-04-19T17:45:07.634+0000] {processor.py:186} INFO - Started process (PID=637) to work on /opt/airflow/dags/Lab_Stocks.py
[2025-04-19T17:45:07.635+0000] {processor.py:914} INFO - Processing file /opt/airflow/dags/Lab_Stocks.py for tasks to queue
[2025-04-19T17:45:07.637+0000] {logging_mixin.py:190} INFO - [2025-04-19T17:45:07.636+0000] {dagbag.py:587} INFO - Filling up the DagBag from /opt/airflow/dags/Lab_Stocks.py
[2025-04-19T17:45:07.725+0000] {processor.py:925} INFO - DAG(s) 'Stock_YFinance_Snowflake' retrieved from /opt/airflow/dags/Lab_Stocks.py
[2025-04-19T17:45:07.814+0000] {logging_mixin.py:190} INFO - [2025-04-19T17:45:07.814+0000] {dag.py:3229} INFO - Sync 1 DAGs
[2025-04-19T17:45:07.832+0000] {logging_mixin.py:190} INFO - [2025-04-19T17:45:07.832+0000] {dag.py:4156} INFO - Setting next_dagrun for Stock_YFinance_Snowflake to 2025-04-18 02:00:00+00:00, run_after=2025-04-19 02:00:00+00:00
[2025-04-19T17:45:07.846+0000] {processor.py:208} INFO - Processing /opt/airflow/dags/Lab_Stocks.py took 0.218 seconds
[2025-04-19T17:45:38.001+0000] {processor.py:186} INFO - Started process (PID=685) to work on /opt/airflow/dags/Lab_Stocks.py
[2025-04-19T17:45:38.002+0000] {processor.py:914} INFO - Processing file /opt/airflow/dags/Lab_Stocks.py for tasks to queue
[2025-04-19T17:45:38.003+0000] {logging_mixin.py:190} INFO - [2025-04-19T17:45:38.003+0000] {dagbag.py:587} INFO - Filling up the DagBag from /opt/airflow/dags/Lab_Stocks.py
[2025-04-19T17:45:38.096+0000] {processor.py:925} INFO - DAG(s) 'Stock_YFinance_Snowflake' retrieved from /opt/airflow/dags/Lab_Stocks.py
[2025-04-19T17:45:38.115+0000] {logging_mixin.py:190} INFO - [2025-04-19T17:45:38.114+0000] {dag.py:3229} INFO - Sync 1 DAGs
[2025-04-19T17:45:38.133+0000] {logging_mixin.py:190} INFO - [2025-04-19T17:45:38.132+0000] {dag.py:4156} INFO - Setting next_dagrun for Stock_YFinance_Snowflake to 2025-04-18 02:00:00+00:00, run_after=2025-04-19 02:00:00+00:00
[2025-04-19T17:45:38.145+0000] {processor.py:208} INFO - Processing /opt/airflow/dags/Lab_Stocks.py took 0.148 seconds
[2025-04-19T17:46:08.212+0000] {processor.py:186} INFO - Started process (PID=746) to work on /opt/airflow/dags/Lab_Stocks.py
[2025-04-19T17:46:08.213+0000] {processor.py:914} INFO - Processing file /opt/airflow/dags/Lab_Stocks.py for tasks to queue
[2025-04-19T17:46:08.215+0000] {logging_mixin.py:190} INFO - [2025-04-19T17:46:08.215+0000] {dagbag.py:587} INFO - Filling up the DagBag from /opt/airflow/dags/Lab_Stocks.py
[2025-04-19T17:46:08.317+0000] {processor.py:925} INFO - DAG(s) 'Stock_YFinance_Snowflake' retrieved from /opt/airflow/dags/Lab_Stocks.py
[2025-04-19T17:46:08.434+0000] {logging_mixin.py:190} INFO - [2025-04-19T17:46:08.432+0000] {dag.py:3229} INFO - Sync 1 DAGs
[2025-04-19T17:46:08.452+0000] {logging_mixin.py:190} INFO - [2025-04-19T17:46:08.452+0000] {dag.py:4156} INFO - Setting next_dagrun for Stock_YFinance_Snowflake to 2025-04-18 02:00:00+00:00, run_after=2025-04-19 02:00:00+00:00
[2025-04-19T17:46:08.466+0000] {processor.py:208} INFO - Processing /opt/airflow/dags/Lab_Stocks.py took 0.258 seconds
[2025-04-19T17:46:38.568+0000] {processor.py:186} INFO - Started process (PID=804) to work on /opt/airflow/dags/Lab_Stocks.py
[2025-04-19T17:46:38.568+0000] {processor.py:914} INFO - Processing file /opt/airflow/dags/Lab_Stocks.py for tasks to queue
[2025-04-19T17:46:38.570+0000] {logging_mixin.py:190} INFO - [2025-04-19T17:46:38.570+0000] {dagbag.py:587} INFO - Filling up the DagBag from /opt/airflow/dags/Lab_Stocks.py
[2025-04-19T17:46:38.664+0000] {processor.py:925} INFO - DAG(s) 'Stock_YFinance_Snowflake' retrieved from /opt/airflow/dags/Lab_Stocks.py
[2025-04-19T17:46:38.673+0000] {logging_mixin.py:190} INFO - [2025-04-19T17:46:38.673+0000] {dag.py:3229} INFO - Sync 1 DAGs
[2025-04-19T17:46:38.691+0000] {logging_mixin.py:190} INFO - [2025-04-19T17:46:38.690+0000] {dag.py:4156} INFO - Setting next_dagrun for Stock_YFinance_Snowflake to 2025-04-18 02:00:00+00:00, run_after=2025-04-19 02:00:00+00:00
[2025-04-19T17:46:38.706+0000] {processor.py:208} INFO - Processing /opt/airflow/dags/Lab_Stocks.py took 0.143 seconds
[2025-04-19T17:47:08.946+0000] {processor.py:186} INFO - Started process (PID=862) to work on /opt/airflow/dags/Lab_Stocks.py
[2025-04-19T17:47:08.947+0000] {processor.py:914} INFO - Processing file /opt/airflow/dags/Lab_Stocks.py for tasks to queue
[2025-04-19T17:47:08.952+0000] {logging_mixin.py:190} INFO - [2025-04-19T17:47:08.952+0000] {dagbag.py:587} INFO - Filling up the DagBag from /opt/airflow/dags/Lab_Stocks.py
[2025-04-19T17:47:09.042+0000] {processor.py:925} INFO - DAG(s) 'Stock_YFinance_Snowflake' retrieved from /opt/airflow/dags/Lab_Stocks.py
[2025-04-19T17:47:09.127+0000] {logging_mixin.py:190} INFO - [2025-04-19T17:47:09.127+0000] {dag.py:3229} INFO - Sync 1 DAGs
[2025-04-19T17:47:09.144+0000] {logging_mixin.py:190} INFO - [2025-04-19T17:47:09.144+0000] {dag.py:4156} INFO - Setting next_dagrun for Stock_YFinance_Snowflake to 2025-04-18 02:00:00+00:00, run_after=2025-04-19 02:00:00+00:00
[2025-04-19T17:47:09.164+0000] {processor.py:208} INFO - Processing /opt/airflow/dags/Lab_Stocks.py took 0.222 seconds
[2025-04-19T17:47:39.947+0000] {processor.py:186} INFO - Started process (PID=915) to work on /opt/airflow/dags/Lab_Stocks.py
[2025-04-19T17:47:39.948+0000] {processor.py:914} INFO - Processing file /opt/airflow/dags/Lab_Stocks.py for tasks to queue
[2025-04-19T17:47:39.949+0000] {logging_mixin.py:190} INFO - [2025-04-19T17:47:39.949+0000] {dagbag.py:587} INFO - Filling up the DagBag from /opt/airflow/dags/Lab_Stocks.py
[2025-04-19T17:47:40.034+0000] {processor.py:925} INFO - DAG(s) 'Stock_YFinance_Snowflake' retrieved from /opt/airflow/dags/Lab_Stocks.py
[2025-04-19T17:47:40.042+0000] {logging_mixin.py:190} INFO - [2025-04-19T17:47:40.042+0000] {dag.py:3229} INFO - Sync 1 DAGs
[2025-04-19T17:47:40.060+0000] {logging_mixin.py:190} INFO - [2025-04-19T17:47:40.060+0000] {dag.py:4156} INFO - Setting next_dagrun for Stock_YFinance_Snowflake to 2025-04-18 02:00:00+00:00, run_after=2025-04-19 02:00:00+00:00
[2025-04-19T17:47:40.072+0000] {processor.py:208} INFO - Processing /opt/airflow/dags/Lab_Stocks.py took 0.129 seconds
[2025-04-19T17:48:10.175+0000] {processor.py:186} INFO - Started process (PID=962) to work on /opt/airflow/dags/Lab_Stocks.py
[2025-04-19T17:48:10.175+0000] {processor.py:914} INFO - Processing file /opt/airflow/dags/Lab_Stocks.py for tasks to queue
[2025-04-19T17:48:10.177+0000] {logging_mixin.py:190} INFO - [2025-04-19T17:48:10.177+0000] {dagbag.py:587} INFO - Filling up the DagBag from /opt/airflow/dags/Lab_Stocks.py
[2025-04-19T17:48:10.292+0000] {processor.py:925} INFO - DAG(s) 'Stock_YFinance_Snowflake' retrieved from /opt/airflow/dags/Lab_Stocks.py
[2025-04-19T17:48:10.399+0000] {logging_mixin.py:190} INFO - [2025-04-19T17:48:10.398+0000] {dag.py:3229} INFO - Sync 1 DAGs
[2025-04-19T17:48:10.417+0000] {logging_mixin.py:190} INFO - [2025-04-19T17:48:10.417+0000] {dag.py:4156} INFO - Setting next_dagrun for Stock_YFinance_Snowflake to 2025-04-18 02:00:00+00:00, run_after=2025-04-19 02:00:00+00:00
[2025-04-19T17:48:10.439+0000] {processor.py:208} INFO - Processing /opt/airflow/dags/Lab_Stocks.py took 0.269 seconds
[2025-04-19T17:48:40.600+0000] {processor.py:186} INFO - Started process (PID=1023) to work on /opt/airflow/dags/Lab_Stocks.py
[2025-04-19T17:48:40.601+0000] {processor.py:914} INFO - Processing file /opt/airflow/dags/Lab_Stocks.py for tasks to queue
[2025-04-19T17:48:40.602+0000] {logging_mixin.py:190} INFO - [2025-04-19T17:48:40.602+0000] {dagbag.py:587} INFO - Filling up the DagBag from /opt/airflow/dags/Lab_Stocks.py
[2025-04-19T17:48:40.695+0000] {processor.py:925} INFO - DAG(s) 'Stock_YFinance_Snowflake' retrieved from /opt/airflow/dags/Lab_Stocks.py
[2025-04-19T17:48:40.708+0000] {logging_mixin.py:190} INFO - [2025-04-19T17:48:40.707+0000] {dag.py:3229} INFO - Sync 1 DAGs
[2025-04-19T17:48:40.732+0000] {logging_mixin.py:190} INFO - [2025-04-19T17:48:40.732+0000] {dag.py:4156} INFO - Setting next_dagrun for Stock_YFinance_Snowflake to 2025-04-18 02:00:00+00:00, run_after=2025-04-19 02:00:00+00:00
[2025-04-19T17:48:40.754+0000] {processor.py:208} INFO - Processing /opt/airflow/dags/Lab_Stocks.py took 0.158 seconds
[2025-04-19T17:49:11.000+0000] {processor.py:186} INFO - Started process (PID=1076) to work on /opt/airflow/dags/Lab_Stocks.py
[2025-04-19T17:49:11.001+0000] {processor.py:914} INFO - Processing file /opt/airflow/dags/Lab_Stocks.py for tasks to queue
[2025-04-19T17:49:11.003+0000] {logging_mixin.py:190} INFO - [2025-04-19T17:49:11.003+0000] {dagbag.py:587} INFO - Filling up the DagBag from /opt/airflow/dags/Lab_Stocks.py
[2025-04-19T17:49:11.102+0000] {processor.py:925} INFO - DAG(s) 'Stock_YFinance_Snowflake' retrieved from /opt/airflow/dags/Lab_Stocks.py
[2025-04-19T17:49:11.235+0000] {logging_mixin.py:190} INFO - [2025-04-19T17:49:11.234+0000] {dag.py:3229} INFO - Sync 1 DAGs
[2025-04-19T17:49:11.254+0000] {logging_mixin.py:190} INFO - [2025-04-19T17:49:11.253+0000] {dag.py:4156} INFO - Setting next_dagrun for Stock_YFinance_Snowflake to 2025-04-18 02:00:00+00:00, run_after=2025-04-19 02:00:00+00:00
[2025-04-19T17:49:11.269+0000] {processor.py:208} INFO - Processing /opt/airflow/dags/Lab_Stocks.py took 0.273 seconds
[2025-04-19T17:49:41.640+0000] {processor.py:186} INFO - Started process (PID=1134) to work on /opt/airflow/dags/Lab_Stocks.py
[2025-04-19T17:49:41.641+0000] {processor.py:914} INFO - Processing file /opt/airflow/dags/Lab_Stocks.py for tasks to queue
[2025-04-19T17:49:41.643+0000] {logging_mixin.py:190} INFO - [2025-04-19T17:49:41.643+0000] {dagbag.py:587} INFO - Filling up the DagBag from /opt/airflow/dags/Lab_Stocks.py
[2025-04-19T17:49:41.760+0000] {processor.py:925} INFO - DAG(s) 'Stock_YFinance_Snowflake' retrieved from /opt/airflow/dags/Lab_Stocks.py
[2025-04-19T17:49:41.793+0000] {logging_mixin.py:190} INFO - [2025-04-19T17:49:41.793+0000] {dag.py:3229} INFO - Sync 1 DAGs
[2025-04-19T17:49:41.819+0000] {logging_mixin.py:190} INFO - [2025-04-19T17:49:41.819+0000] {dag.py:4156} INFO - Setting next_dagrun for Stock_YFinance_Snowflake to 2025-04-18 02:00:00+00:00, run_after=2025-04-19 02:00:00+00:00
[2025-04-19T17:49:41.834+0000] {processor.py:208} INFO - Processing /opt/airflow/dags/Lab_Stocks.py took 0.199 seconds
[2025-04-19T17:50:12.177+0000] {processor.py:186} INFO - Started process (PID=1192) to work on /opt/airflow/dags/Lab_Stocks.py
[2025-04-19T17:50:12.178+0000] {processor.py:914} INFO - Processing file /opt/airflow/dags/Lab_Stocks.py for tasks to queue
[2025-04-19T17:50:12.179+0000] {logging_mixin.py:190} INFO - [2025-04-19T17:50:12.179+0000] {dagbag.py:587} INFO - Filling up the DagBag from /opt/airflow/dags/Lab_Stocks.py
[2025-04-19T17:50:12.273+0000] {processor.py:925} INFO - DAG(s) 'Stock_YFinance_Snowflake' retrieved from /opt/airflow/dags/Lab_Stocks.py
[2025-04-19T17:50:12.365+0000] {logging_mixin.py:190} INFO - [2025-04-19T17:50:12.365+0000] {dag.py:3229} INFO - Sync 1 DAGs
[2025-04-19T17:50:12.384+0000] {logging_mixin.py:190} INFO - [2025-04-19T17:50:12.384+0000] {dag.py:4156} INFO - Setting next_dagrun for Stock_YFinance_Snowflake to 2025-04-18 02:00:00+00:00, run_after=2025-04-19 02:00:00+00:00
[2025-04-19T17:50:12.402+0000] {processor.py:208} INFO - Processing /opt/airflow/dags/Lab_Stocks.py took 0.230 seconds
[2025-04-19T17:50:42.758+0000] {processor.py:186} INFO - Started process (PID=1250) to work on /opt/airflow/dags/Lab_Stocks.py
[2025-04-19T17:50:42.759+0000] {processor.py:914} INFO - Processing file /opt/airflow/dags/Lab_Stocks.py for tasks to queue
[2025-04-19T17:50:42.761+0000] {logging_mixin.py:190} INFO - [2025-04-19T17:50:42.760+0000] {dagbag.py:587} INFO - Filling up the DagBag from /opt/airflow/dags/Lab_Stocks.py
[2025-04-19T17:50:42.853+0000] {processor.py:925} INFO - DAG(s) 'Stock_YFinance_Snowflake' retrieved from /opt/airflow/dags/Lab_Stocks.py
[2025-04-19T17:50:42.880+0000] {logging_mixin.py:190} INFO - [2025-04-19T17:50:42.880+0000] {dag.py:3229} INFO - Sync 1 DAGs
[2025-04-19T17:50:42.920+0000] {logging_mixin.py:190} INFO - [2025-04-19T17:50:42.920+0000] {dag.py:4156} INFO - Setting next_dagrun for Stock_YFinance_Snowflake to 2025-04-18 02:00:00+00:00, run_after=2025-04-19 02:00:00+00:00
[2025-04-19T17:50:42.933+0000] {processor.py:208} INFO - Processing /opt/airflow/dags/Lab_Stocks.py took 0.180 seconds
[2025-04-19T17:51:13.619+0000] {processor.py:186} INFO - Started process (PID=1308) to work on /opt/airflow/dags/Lab_Stocks.py
[2025-04-19T17:51:13.621+0000] {processor.py:914} INFO - Processing file /opt/airflow/dags/Lab_Stocks.py for tasks to queue
[2025-04-19T17:51:13.623+0000] {logging_mixin.py:190} INFO - [2025-04-19T17:51:13.622+0000] {dagbag.py:587} INFO - Filling up the DagBag from /opt/airflow/dags/Lab_Stocks.py
[2025-04-19T17:51:13.725+0000] {processor.py:925} INFO - DAG(s) 'Stock_YFinance_Snowflake' retrieved from /opt/airflow/dags/Lab_Stocks.py
[2025-04-19T17:51:13.826+0000] {logging_mixin.py:190} INFO - [2025-04-19T17:51:13.825+0000] {dag.py:3229} INFO - Sync 1 DAGs
[2025-04-19T17:51:13.842+0000] {logging_mixin.py:190} INFO - [2025-04-19T17:51:13.842+0000] {dag.py:4156} INFO - Setting next_dagrun for Stock_YFinance_Snowflake to 2025-04-18 02:00:00+00:00, run_after=2025-04-19 02:00:00+00:00
[2025-04-19T17:51:13.858+0000] {processor.py:208} INFO - Processing /opt/airflow/dags/Lab_Stocks.py took 0.244 seconds
[2025-04-19T17:51:45.052+0000] {processor.py:186} INFO - Started process (PID=1366) to work on /opt/airflow/dags/Lab_Stocks.py
[2025-04-19T17:51:45.053+0000] {processor.py:914} INFO - Processing file /opt/airflow/dags/Lab_Stocks.py for tasks to queue
[2025-04-19T17:51:45.054+0000] {logging_mixin.py:190} INFO - [2025-04-19T17:51:45.054+0000] {dagbag.py:587} INFO - Filling up the DagBag from /opt/airflow/dags/Lab_Stocks.py
[2025-04-19T17:51:45.144+0000] {processor.py:925} INFO - DAG(s) 'Stock_YFinance_Snowflake' retrieved from /opt/airflow/dags/Lab_Stocks.py
[2025-04-19T17:51:45.153+0000] {logging_mixin.py:190} INFO - [2025-04-19T17:51:45.152+0000] {dag.py:3229} INFO - Sync 1 DAGs
[2025-04-19T17:51:45.172+0000] {logging_mixin.py:190} INFO - [2025-04-19T17:51:45.171+0000] {dag.py:4156} INFO - Setting next_dagrun for Stock_YFinance_Snowflake to 2025-04-18 02:00:00+00:00, run_after=2025-04-19 02:00:00+00:00
[2025-04-19T17:51:45.184+0000] {processor.py:208} INFO - Processing /opt/airflow/dags/Lab_Stocks.py took 0.137 seconds
[2025-04-19T17:52:15.399+0000] {processor.py:186} INFO - Started process (PID=1414) to work on /opt/airflow/dags/Lab_Stocks.py
[2025-04-19T17:52:15.399+0000] {processor.py:914} INFO - Processing file /opt/airflow/dags/Lab_Stocks.py for tasks to queue
[2025-04-19T17:52:15.401+0000] {logging_mixin.py:190} INFO - [2025-04-19T17:52:15.401+0000] {dagbag.py:587} INFO - Filling up the DagBag from /opt/airflow/dags/Lab_Stocks.py
[2025-04-19T17:52:15.496+0000] {processor.py:925} INFO - DAG(s) 'Stock_YFinance_Snowflake' retrieved from /opt/airflow/dags/Lab_Stocks.py
[2025-04-19T17:52:15.617+0000] {logging_mixin.py:190} INFO - [2025-04-19T17:52:15.615+0000] {dag.py:3229} INFO - Sync 1 DAGs
[2025-04-19T17:52:15.634+0000] {logging_mixin.py:190} INFO - [2025-04-19T17:52:15.634+0000] {dag.py:4156} INFO - Setting next_dagrun for Stock_YFinance_Snowflake to 2025-04-18 02:00:00+00:00, run_after=2025-04-19 02:00:00+00:00
[2025-04-19T17:52:15.647+0000] {processor.py:208} INFO - Processing /opt/airflow/dags/Lab_Stocks.py took 0.253 seconds
[2025-04-19T17:52:46.297+0000] {processor.py:186} INFO - Started process (PID=1470) to work on /opt/airflow/dags/Lab_Stocks.py
[2025-04-19T17:52:46.298+0000] {processor.py:914} INFO - Processing file /opt/airflow/dags/Lab_Stocks.py for tasks to queue
[2025-04-19T17:52:46.302+0000] {logging_mixin.py:190} INFO - [2025-04-19T17:52:46.302+0000] {dagbag.py:587} INFO - Filling up the DagBag from /opt/airflow/dags/Lab_Stocks.py
[2025-04-19T17:52:46.407+0000] {processor.py:925} INFO - DAG(s) 'Stock_YFinance_Snowflake' retrieved from /opt/airflow/dags/Lab_Stocks.py
[2025-04-19T17:52:46.430+0000] {logging_mixin.py:190} INFO - [2025-04-19T17:52:46.429+0000] {dag.py:3229} INFO - Sync 1 DAGs
[2025-04-19T17:52:46.453+0000] {logging_mixin.py:190} INFO - [2025-04-19T17:52:46.453+0000] {dag.py:4156} INFO - Setting next_dagrun for Stock_YFinance_Snowflake to 2025-04-18 02:00:00+00:00, run_after=2025-04-19 02:00:00+00:00
[2025-04-19T17:52:46.469+0000] {processor.py:208} INFO - Processing /opt/airflow/dags/Lab_Stocks.py took 0.178 seconds
[2025-04-19T17:53:17.048+0000] {processor.py:186} INFO - Started process (PID=1528) to work on /opt/airflow/dags/Lab_Stocks.py
[2025-04-19T17:53:17.049+0000] {processor.py:914} INFO - Processing file /opt/airflow/dags/Lab_Stocks.py for tasks to queue
[2025-04-19T17:53:17.053+0000] {logging_mixin.py:190} INFO - [2025-04-19T17:53:17.052+0000] {dagbag.py:587} INFO - Filling up the DagBag from /opt/airflow/dags/Lab_Stocks.py
[2025-04-19T17:53:17.195+0000] {processor.py:925} INFO - DAG(s) 'Stock_YFinance_Snowflake' retrieved from /opt/airflow/dags/Lab_Stocks.py
[2025-04-19T17:53:17.334+0000] {logging_mixin.py:190} INFO - [2025-04-19T17:53:17.333+0000] {dag.py:3229} INFO - Sync 1 DAGs
[2025-04-19T17:53:17.359+0000] {logging_mixin.py:190} INFO - [2025-04-19T17:53:17.359+0000] {dag.py:4156} INFO - Setting next_dagrun for Stock_YFinance_Snowflake to 2025-04-18 02:00:00+00:00, run_after=2025-04-19 02:00:00+00:00
[2025-04-19T17:53:17.377+0000] {processor.py:208} INFO - Processing /opt/airflow/dags/Lab_Stocks.py took 0.336 seconds
[2025-04-19T17:53:47.528+0000] {processor.py:186} INFO - Started process (PID=1586) to work on /opt/airflow/dags/Lab_Stocks.py
[2025-04-19T17:53:47.531+0000] {processor.py:914} INFO - Processing file /opt/airflow/dags/Lab_Stocks.py for tasks to queue
[2025-04-19T17:53:47.536+0000] {logging_mixin.py:190} INFO - [2025-04-19T17:53:47.535+0000] {dagbag.py:587} INFO - Filling up the DagBag from /opt/airflow/dags/Lab_Stocks.py
[2025-04-19T17:53:47.664+0000] {processor.py:925} INFO - DAG(s) 'Stock_YFinance_Snowflake' retrieved from /opt/airflow/dags/Lab_Stocks.py
[2025-04-19T17:53:47.694+0000] {logging_mixin.py:190} INFO - [2025-04-19T17:53:47.693+0000] {dag.py:3229} INFO - Sync 1 DAGs
[2025-04-19T17:53:47.715+0000] {logging_mixin.py:190} INFO - [2025-04-19T17:53:47.715+0000] {dag.py:4156} INFO - Setting next_dagrun for Stock_YFinance_Snowflake to 2025-04-18 02:00:00+00:00, run_after=2025-04-19 02:00:00+00:00
[2025-04-19T17:53:47.728+0000] {processor.py:208} INFO - Processing /opt/airflow/dags/Lab_Stocks.py took 0.204 seconds
[2025-04-19T17:54:18.403+0000] {processor.py:186} INFO - Started process (PID=1644) to work on /opt/airflow/dags/Lab_Stocks.py
[2025-04-19T17:54:18.404+0000] {processor.py:914} INFO - Processing file /opt/airflow/dags/Lab_Stocks.py for tasks to queue
[2025-04-19T17:54:18.408+0000] {logging_mixin.py:190} INFO - [2025-04-19T17:54:18.407+0000] {dagbag.py:587} INFO - Filling up the DagBag from /opt/airflow/dags/Lab_Stocks.py
[2025-04-19T17:54:18.535+0000] {processor.py:925} INFO - DAG(s) 'Stock_YFinance_Snowflake' retrieved from /opt/airflow/dags/Lab_Stocks.py
[2025-04-19T17:54:18.665+0000] {logging_mixin.py:190} INFO - [2025-04-19T17:54:18.664+0000] {dag.py:3229} INFO - Sync 1 DAGs
[2025-04-19T17:54:18.681+0000] {logging_mixin.py:190} INFO - [2025-04-19T17:54:18.681+0000] {dag.py:4156} INFO - Setting next_dagrun for Stock_YFinance_Snowflake to 2025-04-18 02:00:00+00:00, run_after=2025-04-19 02:00:00+00:00
[2025-04-19T17:54:18.699+0000] {processor.py:208} INFO - Processing /opt/airflow/dags/Lab_Stocks.py took 0.302 seconds
[2025-04-19T20:57:45.574+0000] {processor.py:186} INFO - Started process (PID=308) to work on /opt/airflow/dags/Lab_Stocks.py
[2025-04-19T20:57:45.575+0000] {processor.py:914} INFO - Processing file /opt/airflow/dags/Lab_Stocks.py for tasks to queue
[2025-04-19T20:57:45.577+0000] {logging_mixin.py:190} INFO - [2025-04-19T20:57:45.577+0000] {dagbag.py:587} INFO - Filling up the DagBag from /opt/airflow/dags/Lab_Stocks.py
[2025-04-19T20:57:45.692+0000] {processor.py:925} INFO - DAG(s) 'Stock_YFinance_Snowflake' retrieved from /opt/airflow/dags/Lab_Stocks.py
[2025-04-19T20:57:45.704+0000] {logging_mixin.py:190} INFO - [2025-04-19T20:57:45.703+0000] {dag.py:3229} INFO - Sync 1 DAGs
[2025-04-19T20:57:45.733+0000] {logging_mixin.py:190} INFO - [2025-04-19T20:57:45.733+0000] {dag.py:4156} INFO - Setting next_dagrun for Stock_YFinance_Snowflake to 2025-04-18 02:00:00+00:00, run_after=2025-04-19 02:00:00+00:00
[2025-04-19T20:57:45.750+0000] {processor.py:208} INFO - Processing /opt/airflow/dags/Lab_Stocks.py took 0.183 seconds
[2025-04-19T20:58:15.972+0000] {processor.py:186} INFO - Started process (PID=372) to work on /opt/airflow/dags/Lab_Stocks.py
[2025-04-19T20:58:15.974+0000] {processor.py:914} INFO - Processing file /opt/airflow/dags/Lab_Stocks.py for tasks to queue
[2025-04-19T20:58:15.977+0000] {logging_mixin.py:190} INFO - [2025-04-19T20:58:15.977+0000] {dagbag.py:587} INFO - Filling up the DagBag from /opt/airflow/dags/Lab_Stocks.py
[2025-04-19T20:58:16.116+0000] {processor.py:925} INFO - DAG(s) 'Stock_YFinance_Snowflake' retrieved from /opt/airflow/dags/Lab_Stocks.py
[2025-04-19T20:58:16.271+0000] {logging_mixin.py:190} INFO - [2025-04-19T20:58:16.270+0000] {dag.py:3229} INFO - Sync 1 DAGs
[2025-04-19T20:58:16.293+0000] {logging_mixin.py:190} INFO - [2025-04-19T20:58:16.292+0000] {dag.py:4156} INFO - Setting next_dagrun for Stock_YFinance_Snowflake to 2025-04-18 02:00:00+00:00, run_after=2025-04-19 02:00:00+00:00
[2025-04-19T20:58:16.312+0000] {processor.py:208} INFO - Processing /opt/airflow/dags/Lab_Stocks.py took 0.345 seconds
[2025-04-19T20:58:46.815+0000] {processor.py:186} INFO - Started process (PID=430) to work on /opt/airflow/dags/Lab_Stocks.py
[2025-04-19T20:58:46.817+0000] {processor.py:914} INFO - Processing file /opt/airflow/dags/Lab_Stocks.py for tasks to queue
[2025-04-19T20:58:46.819+0000] {logging_mixin.py:190} INFO - [2025-04-19T20:58:46.819+0000] {dagbag.py:587} INFO - Filling up the DagBag from /opt/airflow/dags/Lab_Stocks.py
[2025-04-19T20:58:46.930+0000] {processor.py:925} INFO - DAG(s) 'Stock_YFinance_Snowflake' retrieved from /opt/airflow/dags/Lab_Stocks.py
[2025-04-19T20:58:46.964+0000] {logging_mixin.py:190} INFO - [2025-04-19T20:58:46.963+0000] {dag.py:3229} INFO - Sync 1 DAGs
[2025-04-19T20:58:47.001+0000] {logging_mixin.py:190} INFO - [2025-04-19T20:58:47.001+0000] {dag.py:4156} INFO - Setting next_dagrun for Stock_YFinance_Snowflake to 2025-04-18 02:00:00+00:00, run_after=2025-04-19 02:00:00+00:00
[2025-04-19T20:58:47.019+0000] {processor.py:208} INFO - Processing /opt/airflow/dags/Lab_Stocks.py took 0.209 seconds
[2025-04-19T20:59:17.666+0000] {processor.py:186} INFO - Started process (PID=489) to work on /opt/airflow/dags/Lab_Stocks.py
[2025-04-19T20:59:17.667+0000] {processor.py:914} INFO - Processing file /opt/airflow/dags/Lab_Stocks.py for tasks to queue
[2025-04-19T20:59:17.669+0000] {logging_mixin.py:190} INFO - [2025-04-19T20:59:17.669+0000] {dagbag.py:587} INFO - Filling up the DagBag from /opt/airflow/dags/Lab_Stocks.py
[2025-04-19T20:59:17.773+0000] {processor.py:925} INFO - DAG(s) 'Stock_YFinance_Snowflake' retrieved from /opt/airflow/dags/Lab_Stocks.py
[2025-04-19T20:59:17.912+0000] {logging_mixin.py:190} INFO - [2025-04-19T20:59:17.909+0000] {dag.py:3229} INFO - Sync 1 DAGs
[2025-04-19T20:59:17.941+0000] {logging_mixin.py:190} INFO - [2025-04-19T20:59:17.940+0000] {dag.py:4156} INFO - Setting next_dagrun for Stock_YFinance_Snowflake to 2025-04-18 02:00:00+00:00, run_after=2025-04-19 02:00:00+00:00
[2025-04-19T20:59:17.979+0000] {processor.py:208} INFO - Processing /opt/airflow/dags/Lab_Stocks.py took 0.320 seconds
[2025-04-19T20:59:48.144+0000] {processor.py:186} INFO - Started process (PID=552) to work on /opt/airflow/dags/Lab_Stocks.py
[2025-04-19T20:59:48.145+0000] {processor.py:914} INFO - Processing file /opt/airflow/dags/Lab_Stocks.py for tasks to queue
[2025-04-19T20:59:48.147+0000] {logging_mixin.py:190} INFO - [2025-04-19T20:59:48.147+0000] {dagbag.py:587} INFO - Filling up the DagBag from /opt/airflow/dags/Lab_Stocks.py
[2025-04-19T20:59:48.239+0000] {processor.py:925} INFO - DAG(s) 'Stock_YFinance_Snowflake' retrieved from /opt/airflow/dags/Lab_Stocks.py
[2025-04-19T20:59:48.247+0000] {logging_mixin.py:190} INFO - [2025-04-19T20:59:48.247+0000] {dag.py:3229} INFO - Sync 1 DAGs
[2025-04-19T20:59:48.273+0000] {logging_mixin.py:190} INFO - [2025-04-19T20:59:48.273+0000] {dag.py:4156} INFO - Setting next_dagrun for Stock_YFinance_Snowflake to 2025-04-18 02:00:00+00:00, run_after=2025-04-19 02:00:00+00:00
[2025-04-19T20:59:48.290+0000] {processor.py:208} INFO - Processing /opt/airflow/dags/Lab_Stocks.py took 0.150 seconds
[2025-04-19T21:00:18.992+0000] {processor.py:186} INFO - Started process (PID=608) to work on /opt/airflow/dags/Lab_Stocks.py
[2025-04-19T21:00:18.993+0000] {processor.py:914} INFO - Processing file /opt/airflow/dags/Lab_Stocks.py for tasks to queue
[2025-04-19T21:00:18.998+0000] {logging_mixin.py:190} INFO - [2025-04-19T21:00:18.996+0000] {dagbag.py:587} INFO - Filling up the DagBag from /opt/airflow/dags/Lab_Stocks.py
[2025-04-19T21:00:19.130+0000] {processor.py:925} INFO - DAG(s) 'Stock_YFinance_Snowflake' retrieved from /opt/airflow/dags/Lab_Stocks.py
[2025-04-19T21:00:19.227+0000] {logging_mixin.py:190} INFO - [2025-04-19T21:00:19.226+0000] {dag.py:3229} INFO - Sync 1 DAGs
[2025-04-19T21:00:19.245+0000] {logging_mixin.py:190} INFO - [2025-04-19T21:00:19.245+0000] {dag.py:4156} INFO - Setting next_dagrun for Stock_YFinance_Snowflake to 2025-04-18 02:00:00+00:00, run_after=2025-04-19 02:00:00+00:00
[2025-04-19T21:00:19.260+0000] {processor.py:208} INFO - Processing /opt/airflow/dags/Lab_Stocks.py took 0.273 seconds
[2025-04-19T21:00:49.833+0000] {processor.py:186} INFO - Started process (PID=666) to work on /opt/airflow/dags/Lab_Stocks.py
[2025-04-19T21:00:49.835+0000] {processor.py:914} INFO - Processing file /opt/airflow/dags/Lab_Stocks.py for tasks to queue
[2025-04-19T21:00:49.836+0000] {logging_mixin.py:190} INFO - [2025-04-19T21:00:49.836+0000] {dagbag.py:587} INFO - Filling up the DagBag from /opt/airflow/dags/Lab_Stocks.py
[2025-04-19T21:00:49.948+0000] {processor.py:925} INFO - DAG(s) 'Stock_YFinance_Snowflake' retrieved from /opt/airflow/dags/Lab_Stocks.py
[2025-04-19T21:00:49.976+0000] {logging_mixin.py:190} INFO - [2025-04-19T21:00:49.976+0000] {dag.py:3229} INFO - Sync 1 DAGs
[2025-04-19T21:00:50.004+0000] {logging_mixin.py:190} INFO - [2025-04-19T21:00:50.003+0000] {dag.py:4156} INFO - Setting next_dagrun for Stock_YFinance_Snowflake to 2025-04-18 02:00:00+00:00, run_after=2025-04-19 02:00:00+00:00
[2025-04-19T21:00:50.019+0000] {processor.py:208} INFO - Processing /opt/airflow/dags/Lab_Stocks.py took 0.190 seconds
[2025-04-19T21:01:20.898+0000] {processor.py:186} INFO - Started process (PID=724) to work on /opt/airflow/dags/Lab_Stocks.py
[2025-04-19T21:01:20.899+0000] {processor.py:914} INFO - Processing file /opt/airflow/dags/Lab_Stocks.py for tasks to queue
[2025-04-19T21:01:20.901+0000] {logging_mixin.py:190} INFO - [2025-04-19T21:01:20.900+0000] {dagbag.py:587} INFO - Filling up the DagBag from /opt/airflow/dags/Lab_Stocks.py
[2025-04-19T21:01:20.998+0000] {processor.py:925} INFO - DAG(s) 'Stock_YFinance_Snowflake' retrieved from /opt/airflow/dags/Lab_Stocks.py
[2025-04-19T21:01:21.087+0000] {logging_mixin.py:190} INFO - [2025-04-19T21:01:21.087+0000] {dag.py:3229} INFO - Sync 1 DAGs
[2025-04-19T21:01:21.103+0000] {logging_mixin.py:190} INFO - [2025-04-19T21:01:21.103+0000] {dag.py:4156} INFO - Setting next_dagrun for Stock_YFinance_Snowflake to 2025-04-18 02:00:00+00:00, run_after=2025-04-19 02:00:00+00:00
[2025-04-19T21:01:21.120+0000] {processor.py:208} INFO - Processing /opt/airflow/dags/Lab_Stocks.py took 0.228 seconds
[2025-04-19T21:01:52.009+0000] {processor.py:186} INFO - Started process (PID=775) to work on /opt/airflow/dags/Lab_Stocks.py
[2025-04-19T21:01:52.010+0000] {processor.py:914} INFO - Processing file /opt/airflow/dags/Lab_Stocks.py for tasks to queue
[2025-04-19T21:01:52.011+0000] {logging_mixin.py:190} INFO - [2025-04-19T21:01:52.011+0000] {dagbag.py:587} INFO - Filling up the DagBag from /opt/airflow/dags/Lab_Stocks.py
[2025-04-19T21:01:52.120+0000] {processor.py:925} INFO - DAG(s) 'Stock_YFinance_Snowflake' retrieved from /opt/airflow/dags/Lab_Stocks.py
[2025-04-19T21:01:52.139+0000] {logging_mixin.py:190} INFO - [2025-04-19T21:01:52.138+0000] {dag.py:3229} INFO - Sync 1 DAGs
[2025-04-19T21:01:52.163+0000] {logging_mixin.py:190} INFO - [2025-04-19T21:01:52.163+0000] {dag.py:4156} INFO - Setting next_dagrun for Stock_YFinance_Snowflake to 2025-04-18 02:00:00+00:00, run_after=2025-04-19 02:00:00+00:00
[2025-04-19T21:01:52.177+0000] {processor.py:208} INFO - Processing /opt/airflow/dags/Lab_Stocks.py took 0.173 seconds
[2025-04-19T21:02:22.230+0000] {processor.py:186} INFO - Started process (PID=829) to work on /opt/airflow/dags/Lab_Stocks.py
[2025-04-19T21:02:22.232+0000] {processor.py:914} INFO - Processing file /opt/airflow/dags/Lab_Stocks.py for tasks to queue
[2025-04-19T21:02:22.234+0000] {logging_mixin.py:190} INFO - [2025-04-19T21:02:22.234+0000] {dagbag.py:587} INFO - Filling up the DagBag from /opt/airflow/dags/Lab_Stocks.py
[2025-04-19T21:02:22.332+0000] {processor.py:925} INFO - DAG(s) 'Stock_YFinance_Snowflake' retrieved from /opt/airflow/dags/Lab_Stocks.py
[2025-04-19T21:02:22.439+0000] {logging_mixin.py:190} INFO - [2025-04-19T21:02:22.438+0000] {dag.py:3229} INFO - Sync 1 DAGs
[2025-04-19T21:02:22.456+0000] {logging_mixin.py:190} INFO - [2025-04-19T21:02:22.456+0000] {dag.py:4156} INFO - Setting next_dagrun for Stock_YFinance_Snowflake to 2025-04-18 02:00:00+00:00, run_after=2025-04-19 02:00:00+00:00
[2025-04-19T21:02:22.476+0000] {processor.py:208} INFO - Processing /opt/airflow/dags/Lab_Stocks.py took 0.257 seconds
[2025-04-19T21:02:52.569+0000] {processor.py:186} INFO - Started process (PID=892) to work on /opt/airflow/dags/Lab_Stocks.py
[2025-04-19T21:02:52.570+0000] {processor.py:914} INFO - Processing file /opt/airflow/dags/Lab_Stocks.py for tasks to queue
[2025-04-19T21:02:52.572+0000] {logging_mixin.py:190} INFO - [2025-04-19T21:02:52.572+0000] {dagbag.py:587} INFO - Filling up the DagBag from /opt/airflow/dags/Lab_Stocks.py
[2025-04-19T21:02:52.665+0000] {processor.py:925} INFO - DAG(s) 'Stock_YFinance_Snowflake' retrieved from /opt/airflow/dags/Lab_Stocks.py
[2025-04-19T21:02:52.687+0000] {logging_mixin.py:190} INFO - [2025-04-19T21:02:52.687+0000] {dag.py:3229} INFO - Sync 1 DAGs
[2025-04-19T21:02:52.720+0000] {logging_mixin.py:190} INFO - [2025-04-19T21:02:52.720+0000] {dag.py:4156} INFO - Setting next_dagrun for Stock_YFinance_Snowflake to 2025-04-18 02:00:00+00:00, run_after=2025-04-19 02:00:00+00:00
[2025-04-19T21:02:52.734+0000] {processor.py:208} INFO - Processing /opt/airflow/dags/Lab_Stocks.py took 0.170 seconds
[2025-04-19T21:03:23.475+0000] {processor.py:186} INFO - Started process (PID=945) to work on /opt/airflow/dags/Lab_Stocks.py
[2025-04-19T21:03:23.476+0000] {processor.py:914} INFO - Processing file /opt/airflow/dags/Lab_Stocks.py for tasks to queue
[2025-04-19T21:03:23.478+0000] {logging_mixin.py:190} INFO - [2025-04-19T21:03:23.478+0000] {dagbag.py:587} INFO - Filling up the DagBag from /opt/airflow/dags/Lab_Stocks.py
[2025-04-19T21:03:23.576+0000] {processor.py:925} INFO - DAG(s) 'Stock_YFinance_Snowflake' retrieved from /opt/airflow/dags/Lab_Stocks.py
[2025-04-19T21:03:23.676+0000] {logging_mixin.py:190} INFO - [2025-04-19T21:03:23.676+0000] {dag.py:3229} INFO - Sync 1 DAGs
[2025-04-19T21:03:23.694+0000] {logging_mixin.py:190} INFO - [2025-04-19T21:03:23.694+0000] {dag.py:4156} INFO - Setting next_dagrun for Stock_YFinance_Snowflake to 2025-04-18 02:00:00+00:00, run_after=2025-04-19 02:00:00+00:00
[2025-04-19T21:03:23.714+0000] {processor.py:208} INFO - Processing /opt/airflow/dags/Lab_Stocks.py took 0.245 seconds
[2025-04-19T21:03:54.409+0000] {processor.py:186} INFO - Started process (PID=1003) to work on /opt/airflow/dags/Lab_Stocks.py
[2025-04-19T21:03:54.409+0000] {processor.py:914} INFO - Processing file /opt/airflow/dags/Lab_Stocks.py for tasks to queue
[2025-04-19T21:03:54.411+0000] {logging_mixin.py:190} INFO - [2025-04-19T21:03:54.411+0000] {dagbag.py:587} INFO - Filling up the DagBag from /opt/airflow/dags/Lab_Stocks.py
[2025-04-19T21:03:54.508+0000] {processor.py:925} INFO - DAG(s) 'Stock_YFinance_Snowflake' retrieved from /opt/airflow/dags/Lab_Stocks.py
[2025-04-19T21:03:54.532+0000] {logging_mixin.py:190} INFO - [2025-04-19T21:03:54.531+0000] {dag.py:3229} INFO - Sync 1 DAGs
[2025-04-19T21:03:54.561+0000] {logging_mixin.py:190} INFO - [2025-04-19T21:03:54.561+0000] {dag.py:4156} INFO - Setting next_dagrun for Stock_YFinance_Snowflake to 2025-04-18 02:00:00+00:00, run_after=2025-04-19 02:00:00+00:00
[2025-04-19T21:03:54.575+0000] {processor.py:208} INFO - Processing /opt/airflow/dags/Lab_Stocks.py took 0.171 seconds
[2025-04-19T21:04:25.014+0000] {processor.py:186} INFO - Started process (PID=1061) to work on /opt/airflow/dags/Lab_Stocks.py
[2025-04-19T21:04:25.016+0000] {processor.py:914} INFO - Processing file /opt/airflow/dags/Lab_Stocks.py for tasks to queue
[2025-04-19T21:04:25.019+0000] {logging_mixin.py:190} INFO - [2025-04-19T21:04:25.018+0000] {dagbag.py:587} INFO - Filling up the DagBag from /opt/airflow/dags/Lab_Stocks.py
[2025-04-19T21:04:25.129+0000] {processor.py:925} INFO - DAG(s) 'Stock_YFinance_Snowflake' retrieved from /opt/airflow/dags/Lab_Stocks.py
[2025-04-19T21:04:25.227+0000] {logging_mixin.py:190} INFO - [2025-04-19T21:04:25.227+0000] {dag.py:3229} INFO - Sync 1 DAGs
[2025-04-19T21:04:25.245+0000] {logging_mixin.py:190} INFO - [2025-04-19T21:04:25.245+0000] {dag.py:4156} INFO - Setting next_dagrun for Stock_YFinance_Snowflake to 2025-04-18 02:00:00+00:00, run_after=2025-04-19 02:00:00+00:00
[2025-04-19T21:04:25.258+0000] {processor.py:208} INFO - Processing /opt/airflow/dags/Lab_Stocks.py took 0.250 seconds
[2025-04-19T21:04:55.919+0000] {processor.py:186} INFO - Started process (PID=1119) to work on /opt/airflow/dags/Lab_Stocks.py
[2025-04-19T21:04:55.920+0000] {processor.py:914} INFO - Processing file /opt/airflow/dags/Lab_Stocks.py for tasks to queue
[2025-04-19T21:04:55.922+0000] {logging_mixin.py:190} INFO - [2025-04-19T21:04:55.921+0000] {dagbag.py:587} INFO - Filling up the DagBag from /opt/airflow/dags/Lab_Stocks.py
[2025-04-19T21:04:56.024+0000] {processor.py:925} INFO - DAG(s) 'Stock_YFinance_Snowflake' retrieved from /opt/airflow/dags/Lab_Stocks.py
[2025-04-19T21:04:56.049+0000] {logging_mixin.py:190} INFO - [2025-04-19T21:04:56.048+0000] {dag.py:3229} INFO - Sync 1 DAGs
[2025-04-19T21:04:56.088+0000] {logging_mixin.py:190} INFO - [2025-04-19T21:04:56.088+0000] {dag.py:4156} INFO - Setting next_dagrun for Stock_YFinance_Snowflake to 2025-04-18 02:00:00+00:00, run_after=2025-04-19 02:00:00+00:00
[2025-04-19T21:04:56.100+0000] {processor.py:208} INFO - Processing /opt/airflow/dags/Lab_Stocks.py took 0.188 seconds
