[2025-04-19T17:41:33.094+0000] {processor.py:186} INFO - Started process (PID=227) to work on /opt/airflow/dags/new_dag.py
[2025-04-19T17:41:33.095+0000] {processor.py:914} INFO - Processing file /opt/airflow/dags/new_dag.py for tasks to queue
[2025-04-19T17:41:33.103+0000] {logging_mixin.py:190} INFO - [2025-04-19T17:41:33.102+0000] {dagbag.py:587} INFO - Filling up the DagBag from /opt/airflow/dags/new_dag.py
[2025-04-19T17:41:33.118+0000] {processor.py:925} INFO - DAG(s) 'NewDAG' retrieved from /opt/airflow/dags/new_dag.py
[2025-04-19T17:41:33.145+0000] {logging_mixin.py:190} INFO - [2025-04-19T17:41:33.144+0000] {dag.py:3229} INFO - Sync 1 DAGs
[2025-04-19T17:41:33.166+0000] {logging_mixin.py:190} INFO - [2025-04-19T17:41:33.166+0000] {dag.py:4156} INFO - Setting next_dagrun for NewDAG to 2025-04-18 00:00:00+00:00, run_after=2025-04-19 00:00:00+00:00
[2025-04-19T17:41:33.188+0000] {processor.py:208} INFO - Processing /opt/airflow/dags/new_dag.py took 0.100 seconds
[2025-04-19T17:42:04.221+0000] {processor.py:186} INFO - Started process (PID=305) to work on /opt/airflow/dags/new_dag.py
[2025-04-19T17:42:04.221+0000] {processor.py:914} INFO - Processing file /opt/airflow/dags/new_dag.py for tasks to queue
[2025-04-19T17:42:04.224+0000] {logging_mixin.py:190} INFO - [2025-04-19T17:42:04.223+0000] {dagbag.py:587} INFO - Filling up the DagBag from /opt/airflow/dags/new_dag.py
[2025-04-19T17:42:04.236+0000] {processor.py:925} INFO - DAG(s) 'NewDAG' retrieved from /opt/airflow/dags/new_dag.py
[2025-04-19T17:42:04.260+0000] {logging_mixin.py:190} INFO - [2025-04-19T17:42:04.260+0000] {dag.py:3229} INFO - Sync 1 DAGs
[2025-04-19T17:42:04.285+0000] {logging_mixin.py:190} INFO - [2025-04-19T17:42:04.285+0000] {dag.py:4156} INFO - Setting next_dagrun for NewDAG to 2025-04-18 00:00:00+00:00, run_after=2025-04-19 00:00:00+00:00
[2025-04-19T17:42:04.301+0000] {processor.py:208} INFO - Processing /opt/airflow/dags/new_dag.py took 0.087 seconds
[2025-04-19T17:42:35.146+0000] {processor.py:186} INFO - Started process (PID=364) to work on /opt/airflow/dags/new_dag.py
[2025-04-19T17:42:35.147+0000] {processor.py:914} INFO - Processing file /opt/airflow/dags/new_dag.py for tasks to queue
[2025-04-19T17:42:35.150+0000] {logging_mixin.py:190} INFO - [2025-04-19T17:42:35.149+0000] {dagbag.py:587} INFO - Filling up the DagBag from /opt/airflow/dags/new_dag.py
[2025-04-19T17:42:35.160+0000] {processor.py:925} INFO - DAG(s) 'NewDAG' retrieved from /opt/airflow/dags/new_dag.py
[2025-04-19T17:42:35.184+0000] {logging_mixin.py:190} INFO - [2025-04-19T17:42:35.183+0000] {dag.py:3229} INFO - Sync 1 DAGs
[2025-04-19T17:42:35.205+0000] {logging_mixin.py:190} INFO - [2025-04-19T17:42:35.205+0000] {dag.py:4156} INFO - Setting next_dagrun for NewDAG to 2025-04-18 00:00:00+00:00, run_after=2025-04-19 00:00:00+00:00
[2025-04-19T17:42:35.221+0000] {processor.py:208} INFO - Processing /opt/airflow/dags/new_dag.py took 0.083 seconds
[2025-04-19T17:43:05.981+0000] {processor.py:186} INFO - Started process (PID=422) to work on /opt/airflow/dags/new_dag.py
[2025-04-19T17:43:05.983+0000] {processor.py:914} INFO - Processing file /opt/airflow/dags/new_dag.py for tasks to queue
[2025-04-19T17:43:05.985+0000] {logging_mixin.py:190} INFO - [2025-04-19T17:43:05.984+0000] {dagbag.py:587} INFO - Filling up the DagBag from /opt/airflow/dags/new_dag.py
[2025-04-19T17:43:05.997+0000] {processor.py:925} INFO - DAG(s) 'NewDAG' retrieved from /opt/airflow/dags/new_dag.py
[2025-04-19T17:43:06.033+0000] {logging_mixin.py:190} INFO - [2025-04-19T17:43:06.032+0000] {dag.py:3229} INFO - Sync 1 DAGs
[2025-04-19T17:43:06.051+0000] {logging_mixin.py:190} INFO - [2025-04-19T17:43:06.051+0000] {dag.py:4156} INFO - Setting next_dagrun for NewDAG to 2025-04-18 00:00:00+00:00, run_after=2025-04-19 00:00:00+00:00
[2025-04-19T17:43:06.065+0000] {processor.py:208} INFO - Processing /opt/airflow/dags/new_dag.py took 0.093 seconds
[2025-04-19T17:43:36.671+0000] {processor.py:186} INFO - Started process (PID=480) to work on /opt/airflow/dags/new_dag.py
[2025-04-19T17:43:36.672+0000] {processor.py:914} INFO - Processing file /opt/airflow/dags/new_dag.py for tasks to queue
[2025-04-19T17:43:36.676+0000] {logging_mixin.py:190} INFO - [2025-04-19T17:43:36.675+0000] {dagbag.py:587} INFO - Filling up the DagBag from /opt/airflow/dags/new_dag.py
[2025-04-19T17:43:36.686+0000] {processor.py:925} INFO - DAG(s) 'NewDAG' retrieved from /opt/airflow/dags/new_dag.py
[2025-04-19T17:43:36.714+0000] {logging_mixin.py:190} INFO - [2025-04-19T17:43:36.713+0000] {dag.py:3229} INFO - Sync 1 DAGs
[2025-04-19T17:43:36.731+0000] {logging_mixin.py:190} INFO - [2025-04-19T17:43:36.731+0000] {dag.py:4156} INFO - Setting next_dagrun for NewDAG to 2025-04-18 00:00:00+00:00, run_after=2025-04-19 00:00:00+00:00
[2025-04-19T17:43:36.745+0000] {processor.py:208} INFO - Processing /opt/airflow/dags/new_dag.py took 0.081 seconds
[2025-04-19T17:44:07.353+0000] {processor.py:186} INFO - Started process (PID=538) to work on /opt/airflow/dags/new_dag.py
[2025-04-19T17:44:07.355+0000] {processor.py:914} INFO - Processing file /opt/airflow/dags/new_dag.py for tasks to queue
[2025-04-19T17:44:07.357+0000] {logging_mixin.py:190} INFO - [2025-04-19T17:44:07.357+0000] {dagbag.py:587} INFO - Filling up the DagBag from /opt/airflow/dags/new_dag.py
[2025-04-19T17:44:07.370+0000] {processor.py:925} INFO - DAG(s) 'NewDAG' retrieved from /opt/airflow/dags/new_dag.py
[2025-04-19T17:44:07.394+0000] {logging_mixin.py:190} INFO - [2025-04-19T17:44:07.394+0000] {dag.py:3229} INFO - Sync 1 DAGs
[2025-04-19T17:44:07.411+0000] {logging_mixin.py:190} INFO - [2025-04-19T17:44:07.411+0000] {dag.py:4156} INFO - Setting next_dagrun for NewDAG to 2025-04-18 00:00:00+00:00, run_after=2025-04-19 00:00:00+00:00
[2025-04-19T17:44:07.424+0000] {processor.py:208} INFO - Processing /opt/airflow/dags/new_dag.py took 0.079 seconds
[2025-04-19T17:44:37.835+0000] {processor.py:186} INFO - Started process (PID=596) to work on /opt/airflow/dags/new_dag.py
[2025-04-19T17:44:37.836+0000] {processor.py:914} INFO - Processing file /opt/airflow/dags/new_dag.py for tasks to queue
[2025-04-19T17:44:37.837+0000] {logging_mixin.py:190} INFO - [2025-04-19T17:44:37.837+0000] {dagbag.py:587} INFO - Filling up the DagBag from /opt/airflow/dags/new_dag.py
[2025-04-19T17:44:37.846+0000] {processor.py:925} INFO - DAG(s) 'NewDAG' retrieved from /opt/airflow/dags/new_dag.py
[2025-04-19T17:44:37.866+0000] {logging_mixin.py:190} INFO - [2025-04-19T17:44:37.866+0000] {dag.py:3229} INFO - Sync 1 DAGs
[2025-04-19T17:44:37.883+0000] {logging_mixin.py:190} INFO - [2025-04-19T17:44:37.883+0000] {dag.py:4156} INFO - Setting next_dagrun for NewDAG to 2025-04-18 00:00:00+00:00, run_after=2025-04-19 00:00:00+00:00
[2025-04-19T17:44:37.896+0000] {processor.py:208} INFO - Processing /opt/airflow/dags/new_dag.py took 0.065 seconds
[2025-04-19T17:45:08.076+0000] {processor.py:186} INFO - Started process (PID=654) to work on /opt/airflow/dags/new_dag.py
[2025-04-19T17:45:08.077+0000] {processor.py:914} INFO - Processing file /opt/airflow/dags/new_dag.py for tasks to queue
[2025-04-19T17:45:08.078+0000] {logging_mixin.py:190} INFO - [2025-04-19T17:45:08.078+0000] {dagbag.py:587} INFO - Filling up the DagBag from /opt/airflow/dags/new_dag.py
[2025-04-19T17:45:08.085+0000] {processor.py:925} INFO - DAG(s) 'NewDAG' retrieved from /opt/airflow/dags/new_dag.py
[2025-04-19T17:45:08.109+0000] {logging_mixin.py:190} INFO - [2025-04-19T17:45:08.108+0000] {dag.py:3229} INFO - Sync 1 DAGs
[2025-04-19T17:45:08.129+0000] {logging_mixin.py:190} INFO - [2025-04-19T17:45:08.129+0000] {dag.py:4156} INFO - Setting next_dagrun for NewDAG to 2025-04-18 00:00:00+00:00, run_after=2025-04-19 00:00:00+00:00
[2025-04-19T17:45:08.141+0000] {processor.py:208} INFO - Processing /opt/airflow/dags/new_dag.py took 0.070 seconds
[2025-04-19T17:45:38.262+0000] {processor.py:186} INFO - Started process (PID=703) to work on /opt/airflow/dags/new_dag.py
[2025-04-19T17:45:38.262+0000] {processor.py:914} INFO - Processing file /opt/airflow/dags/new_dag.py for tasks to queue
[2025-04-19T17:45:38.264+0000] {logging_mixin.py:190} INFO - [2025-04-19T17:45:38.264+0000] {dagbag.py:587} INFO - Filling up the DagBag from /opt/airflow/dags/new_dag.py
[2025-04-19T17:45:38.273+0000] {processor.py:925} INFO - DAG(s) 'NewDAG' retrieved from /opt/airflow/dags/new_dag.py
[2025-04-19T17:45:38.293+0000] {logging_mixin.py:190} INFO - [2025-04-19T17:45:38.292+0000] {dag.py:3229} INFO - Sync 1 DAGs
[2025-04-19T17:45:38.314+0000] {logging_mixin.py:190} INFO - [2025-04-19T17:45:38.313+0000] {dag.py:4156} INFO - Setting next_dagrun for NewDAG to 2025-04-18 00:00:00+00:00, run_after=2025-04-19 00:00:00+00:00
[2025-04-19T17:45:38.330+0000] {processor.py:208} INFO - Processing /opt/airflow/dags/new_dag.py took 0.074 seconds
[2025-04-19T17:46:08.419+0000] {processor.py:186} INFO - Started process (PID=756) to work on /opt/airflow/dags/new_dag.py
[2025-04-19T17:46:08.419+0000] {processor.py:914} INFO - Processing file /opt/airflow/dags/new_dag.py for tasks to queue
[2025-04-19T17:46:08.422+0000] {logging_mixin.py:190} INFO - [2025-04-19T17:46:08.422+0000] {dagbag.py:587} INFO - Filling up the DagBag from /opt/airflow/dags/new_dag.py
[2025-04-19T17:46:08.432+0000] {processor.py:925} INFO - DAG(s) 'NewDAG' retrieved from /opt/airflow/dags/new_dag.py
[2025-04-19T17:46:08.452+0000] {logging_mixin.py:190} INFO - [2025-04-19T17:46:08.452+0000] {dag.py:3229} INFO - Sync 1 DAGs
[2025-04-19T17:46:08.472+0000] {logging_mixin.py:190} INFO - [2025-04-19T17:46:08.471+0000] {dag.py:4156} INFO - Setting next_dagrun for NewDAG to 2025-04-18 00:00:00+00:00, run_after=2025-04-19 00:00:00+00:00
[2025-04-19T17:46:08.482+0000] {processor.py:208} INFO - Processing /opt/airflow/dags/new_dag.py took 0.068 seconds
[2025-04-19T17:46:38.732+0000] {processor.py:186} INFO - Started process (PID=814) to work on /opt/airflow/dags/new_dag.py
[2025-04-19T17:46:38.733+0000] {processor.py:914} INFO - Processing file /opt/airflow/dags/new_dag.py for tasks to queue
[2025-04-19T17:46:38.737+0000] {logging_mixin.py:190} INFO - [2025-04-19T17:46:38.736+0000] {dagbag.py:587} INFO - Filling up the DagBag from /opt/airflow/dags/new_dag.py
[2025-04-19T17:46:38.744+0000] {processor.py:925} INFO - DAG(s) 'NewDAG' retrieved from /opt/airflow/dags/new_dag.py
[2025-04-19T17:46:38.768+0000] {logging_mixin.py:190} INFO - [2025-04-19T17:46:38.767+0000] {dag.py:3229} INFO - Sync 1 DAGs
[2025-04-19T17:46:38.785+0000] {logging_mixin.py:190} INFO - [2025-04-19T17:46:38.785+0000] {dag.py:4156} INFO - Setting next_dagrun for NewDAG to 2025-04-18 00:00:00+00:00, run_after=2025-04-19 00:00:00+00:00
[2025-04-19T17:46:38.801+0000] {processor.py:208} INFO - Processing /opt/airflow/dags/new_dag.py took 0.073 seconds
[2025-04-19T17:47:09.043+0000] {processor.py:186} INFO - Started process (PID=872) to work on /opt/airflow/dags/new_dag.py
[2025-04-19T17:47:09.044+0000] {processor.py:914} INFO - Processing file /opt/airflow/dags/new_dag.py for tasks to queue
[2025-04-19T17:47:09.046+0000] {logging_mixin.py:190} INFO - [2025-04-19T17:47:09.046+0000] {dagbag.py:587} INFO - Filling up the DagBag from /opt/airflow/dags/new_dag.py
[2025-04-19T17:47:09.053+0000] {processor.py:925} INFO - DAG(s) 'NewDAG' retrieved from /opt/airflow/dags/new_dag.py
[2025-04-19T17:47:09.072+0000] {logging_mixin.py:190} INFO - [2025-04-19T17:47:09.072+0000] {dag.py:3229} INFO - Sync 1 DAGs
[2025-04-19T17:47:09.089+0000] {logging_mixin.py:190} INFO - [2025-04-19T17:47:09.088+0000] {dag.py:4156} INFO - Setting next_dagrun for NewDAG to 2025-04-18 00:00:00+00:00, run_after=2025-04-19 00:00:00+00:00
[2025-04-19T17:47:09.100+0000] {processor.py:208} INFO - Processing /opt/airflow/dags/new_dag.py took 0.061 seconds
[2025-04-19T17:47:40.245+0000] {processor.py:186} INFO - Started process (PID=930) to work on /opt/airflow/dags/new_dag.py
[2025-04-19T17:47:40.246+0000] {processor.py:914} INFO - Processing file /opt/airflow/dags/new_dag.py for tasks to queue
[2025-04-19T17:47:40.247+0000] {logging_mixin.py:190} INFO - [2025-04-19T17:47:40.247+0000] {dagbag.py:587} INFO - Filling up the DagBag from /opt/airflow/dags/new_dag.py
[2025-04-19T17:47:40.254+0000] {processor.py:925} INFO - DAG(s) 'NewDAG' retrieved from /opt/airflow/dags/new_dag.py
[2025-04-19T17:47:40.273+0000] {logging_mixin.py:190} INFO - [2025-04-19T17:47:40.272+0000] {dag.py:3229} INFO - Sync 1 DAGs
[2025-04-19T17:47:40.288+0000] {logging_mixin.py:190} INFO - [2025-04-19T17:47:40.288+0000] {dag.py:4156} INFO - Setting next_dagrun for NewDAG to 2025-04-18 00:00:00+00:00, run_after=2025-04-19 00:00:00+00:00
[2025-04-19T17:47:40.299+0000] {processor.py:208} INFO - Processing /opt/airflow/dags/new_dag.py took 0.059 seconds
[2025-04-19T17:48:10.388+0000] {processor.py:186} INFO - Started process (PID=975) to work on /opt/airflow/dags/new_dag.py
[2025-04-19T17:48:10.389+0000] {processor.py:914} INFO - Processing file /opt/airflow/dags/new_dag.py for tasks to queue
[2025-04-19T17:48:10.391+0000] {logging_mixin.py:190} INFO - [2025-04-19T17:48:10.391+0000] {dagbag.py:587} INFO - Filling up the DagBag from /opt/airflow/dags/new_dag.py
[2025-04-19T17:48:10.398+0000] {processor.py:925} INFO - DAG(s) 'NewDAG' retrieved from /opt/airflow/dags/new_dag.py
[2025-04-19T17:48:10.426+0000] {logging_mixin.py:190} INFO - [2025-04-19T17:48:10.425+0000] {dag.py:3229} INFO - Sync 1 DAGs
[2025-04-19T17:48:10.455+0000] {logging_mixin.py:190} INFO - [2025-04-19T17:48:10.455+0000] {dag.py:4156} INFO - Setting next_dagrun for NewDAG to 2025-04-18 00:00:00+00:00, run_after=2025-04-19 00:00:00+00:00
[2025-04-19T17:48:10.470+0000] {processor.py:208} INFO - Processing /opt/airflow/dags/new_dag.py took 0.086 seconds
[2025-04-19T17:48:40.777+0000] {processor.py:186} INFO - Started process (PID=1035) to work on /opt/airflow/dags/new_dag.py
[2025-04-19T17:48:40.777+0000] {processor.py:914} INFO - Processing file /opt/airflow/dags/new_dag.py for tasks to queue
[2025-04-19T17:48:40.779+0000] {logging_mixin.py:190} INFO - [2025-04-19T17:48:40.778+0000] {dagbag.py:587} INFO - Filling up the DagBag from /opt/airflow/dags/new_dag.py
[2025-04-19T17:48:40.785+0000] {processor.py:925} INFO - DAG(s) 'NewDAG' retrieved from /opt/airflow/dags/new_dag.py
[2025-04-19T17:48:40.803+0000] {logging_mixin.py:190} INFO - [2025-04-19T17:48:40.802+0000] {dag.py:3229} INFO - Sync 1 DAGs
[2025-04-19T17:48:40.818+0000] {logging_mixin.py:190} INFO - [2025-04-19T17:48:40.818+0000] {dag.py:4156} INFO - Setting next_dagrun for NewDAG to 2025-04-18 00:00:00+00:00, run_after=2025-04-19 00:00:00+00:00
[2025-04-19T17:48:40.828+0000] {processor.py:208} INFO - Processing /opt/airflow/dags/new_dag.py took 0.056 seconds
[2025-04-19T17:49:11.296+0000] {processor.py:186} INFO - Started process (PID=1091) to work on /opt/airflow/dags/new_dag.py
[2025-04-19T17:49:11.298+0000] {processor.py:914} INFO - Processing file /opt/airflow/dags/new_dag.py for tasks to queue
[2025-04-19T17:49:11.301+0000] {logging_mixin.py:190} INFO - [2025-04-19T17:49:11.300+0000] {dagbag.py:587} INFO - Filling up the DagBag from /opt/airflow/dags/new_dag.py
[2025-04-19T17:49:11.310+0000] {processor.py:925} INFO - DAG(s) 'NewDAG' retrieved from /opt/airflow/dags/new_dag.py
[2025-04-19T17:49:11.328+0000] {logging_mixin.py:190} INFO - [2025-04-19T17:49:11.328+0000] {dag.py:3229} INFO - Sync 1 DAGs
[2025-04-19T17:49:11.348+0000] {logging_mixin.py:190} INFO - [2025-04-19T17:49:11.348+0000] {dag.py:4156} INFO - Setting next_dagrun for NewDAG to 2025-04-18 00:00:00+00:00, run_after=2025-04-19 00:00:00+00:00
[2025-04-19T17:49:11.369+0000] {processor.py:208} INFO - Processing /opt/airflow/dags/new_dag.py took 0.077 seconds
[2025-04-19T17:49:41.934+0000] {processor.py:186} INFO - Started process (PID=1149) to work on /opt/airflow/dags/new_dag.py
[2025-04-19T17:49:41.935+0000] {processor.py:914} INFO - Processing file /opt/airflow/dags/new_dag.py for tasks to queue
[2025-04-19T17:49:41.937+0000] {logging_mixin.py:190} INFO - [2025-04-19T17:49:41.937+0000] {dagbag.py:587} INFO - Filling up the DagBag from /opt/airflow/dags/new_dag.py
[2025-04-19T17:49:41.948+0000] {processor.py:925} INFO - DAG(s) 'NewDAG' retrieved from /opt/airflow/dags/new_dag.py
[2025-04-19T17:49:41.969+0000] {logging_mixin.py:190} INFO - [2025-04-19T17:49:41.969+0000] {dag.py:3229} INFO - Sync 1 DAGs
[2025-04-19T17:49:41.992+0000] {logging_mixin.py:190} INFO - [2025-04-19T17:49:41.992+0000] {dag.py:4156} INFO - Setting next_dagrun for NewDAG to 2025-04-18 00:00:00+00:00, run_after=2025-04-19 00:00:00+00:00
[2025-04-19T17:49:42.009+0000] {processor.py:208} INFO - Processing /opt/airflow/dags/new_dag.py took 0.079 seconds
[2025-04-19T17:50:12.425+0000] {processor.py:186} INFO - Started process (PID=1207) to work on /opt/airflow/dags/new_dag.py
[2025-04-19T17:50:12.426+0000] {processor.py:914} INFO - Processing file /opt/airflow/dags/new_dag.py for tasks to queue
[2025-04-19T17:50:12.429+0000] {logging_mixin.py:190} INFO - [2025-04-19T17:50:12.429+0000] {dagbag.py:587} INFO - Filling up the DagBag from /opt/airflow/dags/new_dag.py
[2025-04-19T17:50:12.437+0000] {processor.py:925} INFO - DAG(s) 'NewDAG' retrieved from /opt/airflow/dags/new_dag.py
[2025-04-19T17:50:12.459+0000] {logging_mixin.py:190} INFO - [2025-04-19T17:50:12.458+0000] {dag.py:3229} INFO - Sync 1 DAGs
[2025-04-19T17:50:12.476+0000] {logging_mixin.py:190} INFO - [2025-04-19T17:50:12.476+0000] {dag.py:4156} INFO - Setting next_dagrun for NewDAG to 2025-04-18 00:00:00+00:00, run_after=2025-04-19 00:00:00+00:00
[2025-04-19T17:50:12.492+0000] {processor.py:208} INFO - Processing /opt/airflow/dags/new_dag.py took 0.072 seconds
[2025-04-19T17:50:43.037+0000] {processor.py:186} INFO - Started process (PID=1265) to work on /opt/airflow/dags/new_dag.py
[2025-04-19T17:50:43.037+0000] {processor.py:914} INFO - Processing file /opt/airflow/dags/new_dag.py for tasks to queue
[2025-04-19T17:50:43.039+0000] {logging_mixin.py:190} INFO - [2025-04-19T17:50:43.039+0000] {dagbag.py:587} INFO - Filling up the DagBag from /opt/airflow/dags/new_dag.py
[2025-04-19T17:50:43.049+0000] {processor.py:925} INFO - DAG(s) 'NewDAG' retrieved from /opt/airflow/dags/new_dag.py
[2025-04-19T17:50:43.072+0000] {logging_mixin.py:190} INFO - [2025-04-19T17:50:43.071+0000] {dag.py:3229} INFO - Sync 1 DAGs
[2025-04-19T17:50:43.091+0000] {logging_mixin.py:190} INFO - [2025-04-19T17:50:43.091+0000] {dag.py:4156} INFO - Setting next_dagrun for NewDAG to 2025-04-18 00:00:00+00:00, run_after=2025-04-19 00:00:00+00:00
[2025-04-19T17:50:43.105+0000] {processor.py:208} INFO - Processing /opt/airflow/dags/new_dag.py took 0.072 seconds
[2025-04-19T17:51:13.881+0000] {processor.py:186} INFO - Started process (PID=1323) to work on /opt/airflow/dags/new_dag.py
[2025-04-19T17:51:13.882+0000] {processor.py:914} INFO - Processing file /opt/airflow/dags/new_dag.py for tasks to queue
[2025-04-19T17:51:13.884+0000] {logging_mixin.py:190} INFO - [2025-04-19T17:51:13.884+0000] {dagbag.py:587} INFO - Filling up the DagBag from /opt/airflow/dags/new_dag.py
[2025-04-19T17:51:13.891+0000] {processor.py:925} INFO - DAG(s) 'NewDAG' retrieved from /opt/airflow/dags/new_dag.py
[2025-04-19T17:51:13.912+0000] {logging_mixin.py:190} INFO - [2025-04-19T17:51:13.912+0000] {dag.py:3229} INFO - Sync 1 DAGs
[2025-04-19T17:51:13.938+0000] {logging_mixin.py:190} INFO - [2025-04-19T17:51:13.937+0000] {dag.py:4156} INFO - Setting next_dagrun for NewDAG to 2025-04-18 00:00:00+00:00, run_after=2025-04-19 00:00:00+00:00
[2025-04-19T17:51:13.953+0000] {processor.py:208} INFO - Processing /opt/airflow/dags/new_dag.py took 0.076 seconds
[2025-04-19T17:51:45.374+0000] {processor.py:186} INFO - Started process (PID=1381) to work on /opt/airflow/dags/new_dag.py
[2025-04-19T17:51:45.375+0000] {processor.py:914} INFO - Processing file /opt/airflow/dags/new_dag.py for tasks to queue
[2025-04-19T17:51:45.376+0000] {logging_mixin.py:190} INFO - [2025-04-19T17:51:45.376+0000] {dagbag.py:587} INFO - Filling up the DagBag from /opt/airflow/dags/new_dag.py
[2025-04-19T17:51:45.384+0000] {processor.py:925} INFO - DAG(s) 'NewDAG' retrieved from /opt/airflow/dags/new_dag.py
[2025-04-19T17:51:45.402+0000] {logging_mixin.py:190} INFO - [2025-04-19T17:51:45.402+0000] {dag.py:3229} INFO - Sync 1 DAGs
[2025-04-19T17:51:45.420+0000] {logging_mixin.py:190} INFO - [2025-04-19T17:51:45.420+0000] {dag.py:4156} INFO - Setting next_dagrun for NewDAG to 2025-04-18 00:00:00+00:00, run_after=2025-04-19 00:00:00+00:00
[2025-04-19T17:51:45.439+0000] {processor.py:208} INFO - Processing /opt/airflow/dags/new_dag.py took 0.070 seconds
[2025-04-19T17:52:15.675+0000] {processor.py:186} INFO - Started process (PID=1432) to work on /opt/airflow/dags/new_dag.py
[2025-04-19T17:52:15.676+0000] {processor.py:914} INFO - Processing file /opt/airflow/dags/new_dag.py for tasks to queue
[2025-04-19T17:52:15.677+0000] {logging_mixin.py:190} INFO - [2025-04-19T17:52:15.677+0000] {dagbag.py:587} INFO - Filling up the DagBag from /opt/airflow/dags/new_dag.py
[2025-04-19T17:52:15.685+0000] {processor.py:925} INFO - DAG(s) 'NewDAG' retrieved from /opt/airflow/dags/new_dag.py
[2025-04-19T17:52:15.710+0000] {logging_mixin.py:190} INFO - [2025-04-19T17:52:15.709+0000] {dag.py:3229} INFO - Sync 1 DAGs
[2025-04-19T17:52:15.727+0000] {logging_mixin.py:190} INFO - [2025-04-19T17:52:15.726+0000] {dag.py:4156} INFO - Setting next_dagrun for NewDAG to 2025-04-18 00:00:00+00:00, run_after=2025-04-19 00:00:00+00:00
[2025-04-19T17:52:15.737+0000] {processor.py:208} INFO - Processing /opt/airflow/dags/new_dag.py took 0.067 seconds
[2025-04-19T17:52:46.586+0000] {processor.py:186} INFO - Started process (PID=1485) to work on /opt/airflow/dags/new_dag.py
[2025-04-19T17:52:46.588+0000] {processor.py:914} INFO - Processing file /opt/airflow/dags/new_dag.py for tasks to queue
[2025-04-19T17:52:46.590+0000] {logging_mixin.py:190} INFO - [2025-04-19T17:52:46.590+0000] {dagbag.py:587} INFO - Filling up the DagBag from /opt/airflow/dags/new_dag.py
[2025-04-19T17:52:46.598+0000] {processor.py:925} INFO - DAG(s) 'NewDAG' retrieved from /opt/airflow/dags/new_dag.py
[2025-04-19T17:52:46.621+0000] {logging_mixin.py:190} INFO - [2025-04-19T17:52:46.621+0000] {dag.py:3229} INFO - Sync 1 DAGs
[2025-04-19T17:52:46.639+0000] {logging_mixin.py:190} INFO - [2025-04-19T17:52:46.638+0000] {dag.py:4156} INFO - Setting next_dagrun for NewDAG to 2025-04-18 00:00:00+00:00, run_after=2025-04-19 00:00:00+00:00
[2025-04-19T17:52:46.654+0000] {processor.py:208} INFO - Processing /opt/airflow/dags/new_dag.py took 0.072 seconds
[2025-04-19T17:53:17.423+0000] {processor.py:186} INFO - Started process (PID=1543) to work on /opt/airflow/dags/new_dag.py
[2025-04-19T17:53:17.424+0000] {processor.py:914} INFO - Processing file /opt/airflow/dags/new_dag.py for tasks to queue
[2025-04-19T17:53:17.427+0000] {logging_mixin.py:190} INFO - [2025-04-19T17:53:17.426+0000] {dagbag.py:587} INFO - Filling up the DagBag from /opt/airflow/dags/new_dag.py
[2025-04-19T17:53:17.435+0000] {processor.py:925} INFO - DAG(s) 'NewDAG' retrieved from /opt/airflow/dags/new_dag.py
[2025-04-19T17:53:17.453+0000] {logging_mixin.py:190} INFO - [2025-04-19T17:53:17.453+0000] {dag.py:3229} INFO - Sync 1 DAGs
[2025-04-19T17:53:17.469+0000] {logging_mixin.py:190} INFO - [2025-04-19T17:53:17.469+0000] {dag.py:4156} INFO - Setting next_dagrun for NewDAG to 2025-04-18 00:00:00+00:00, run_after=2025-04-19 00:00:00+00:00
[2025-04-19T17:53:17.482+0000] {processor.py:208} INFO - Processing /opt/airflow/dags/new_dag.py took 0.063 seconds
[2025-04-19T17:53:47.849+0000] {processor.py:186} INFO - Started process (PID=1601) to work on /opt/airflow/dags/new_dag.py
[2025-04-19T17:53:47.850+0000] {processor.py:914} INFO - Processing file /opt/airflow/dags/new_dag.py for tasks to queue
[2025-04-19T17:53:47.852+0000] {logging_mixin.py:190} INFO - [2025-04-19T17:53:47.851+0000] {dagbag.py:587} INFO - Filling up the DagBag from /opt/airflow/dags/new_dag.py
[2025-04-19T17:53:47.862+0000] {processor.py:925} INFO - DAG(s) 'NewDAG' retrieved from /opt/airflow/dags/new_dag.py
[2025-04-19T17:53:47.881+0000] {logging_mixin.py:190} INFO - [2025-04-19T17:53:47.881+0000] {dag.py:3229} INFO - Sync 1 DAGs
[2025-04-19T17:53:47.901+0000] {logging_mixin.py:190} INFO - [2025-04-19T17:53:47.901+0000] {dag.py:4156} INFO - Setting next_dagrun for NewDAG to 2025-04-18 00:00:00+00:00, run_after=2025-04-19 00:00:00+00:00
[2025-04-19T17:53:47.918+0000] {processor.py:208} INFO - Processing /opt/airflow/dags/new_dag.py took 0.073 seconds
[2025-04-19T17:54:18.746+0000] {processor.py:186} INFO - Started process (PID=1659) to work on /opt/airflow/dags/new_dag.py
[2025-04-19T17:54:18.747+0000] {processor.py:914} INFO - Processing file /opt/airflow/dags/new_dag.py for tasks to queue
[2025-04-19T17:54:18.750+0000] {logging_mixin.py:190} INFO - [2025-04-19T17:54:18.750+0000] {dagbag.py:587} INFO - Filling up the DagBag from /opt/airflow/dags/new_dag.py
[2025-04-19T17:54:18.759+0000] {processor.py:925} INFO - DAG(s) 'NewDAG' retrieved from /opt/airflow/dags/new_dag.py
[2025-04-19T17:54:18.788+0000] {logging_mixin.py:190} INFO - [2025-04-19T17:54:18.787+0000] {dag.py:3229} INFO - Sync 1 DAGs
[2025-04-19T17:54:18.808+0000] {logging_mixin.py:190} INFO - [2025-04-19T17:54:18.807+0000] {dag.py:4156} INFO - Setting next_dagrun for NewDAG to 2025-04-18 00:00:00+00:00, run_after=2025-04-19 00:00:00+00:00
[2025-04-19T17:54:18.824+0000] {processor.py:208} INFO - Processing /opt/airflow/dags/new_dag.py took 0.084 seconds
[2025-04-19T20:57:46.202+0000] {processor.py:186} INFO - Started process (PID=323) to work on /opt/airflow/dags/new_dag.py
[2025-04-19T20:57:46.205+0000] {processor.py:914} INFO - Processing file /opt/airflow/dags/new_dag.py for tasks to queue
[2025-04-19T20:57:46.208+0000] {logging_mixin.py:190} INFO - [2025-04-19T20:57:46.208+0000] {dagbag.py:587} INFO - Filling up the DagBag from /opt/airflow/dags/new_dag.py
[2025-04-19T20:57:46.224+0000] {processor.py:925} INFO - DAG(s) 'NewDAG' retrieved from /opt/airflow/dags/new_dag.py
[2025-04-19T20:57:46.270+0000] {logging_mixin.py:190} INFO - [2025-04-19T20:57:46.269+0000] {dag.py:3229} INFO - Sync 1 DAGs
[2025-04-19T20:57:46.298+0000] {logging_mixin.py:190} INFO - [2025-04-19T20:57:46.298+0000] {dag.py:4156} INFO - Setting next_dagrun for NewDAG to 2025-04-18 00:00:00+00:00, run_after=2025-04-19 00:00:00+00:00
[2025-04-19T20:57:46.315+0000] {processor.py:208} INFO - Processing /opt/airflow/dags/new_dag.py took 0.126 seconds
[2025-04-19T20:58:16.355+0000] {processor.py:186} INFO - Started process (PID=389) to work on /opt/airflow/dags/new_dag.py
[2025-04-19T20:58:16.355+0000] {processor.py:914} INFO - Processing file /opt/airflow/dags/new_dag.py for tasks to queue
[2025-04-19T20:58:16.357+0000] {logging_mixin.py:190} INFO - [2025-04-19T20:58:16.357+0000] {dagbag.py:587} INFO - Filling up the DagBag from /opt/airflow/dags/new_dag.py
[2025-04-19T20:58:16.364+0000] {processor.py:925} INFO - DAG(s) 'NewDAG' retrieved from /opt/airflow/dags/new_dag.py
[2025-04-19T20:58:16.383+0000] {logging_mixin.py:190} INFO - [2025-04-19T20:58:16.383+0000] {dag.py:3229} INFO - Sync 1 DAGs
[2025-04-19T20:58:16.398+0000] {logging_mixin.py:190} INFO - [2025-04-19T20:58:16.398+0000] {dag.py:4156} INFO - Setting next_dagrun for NewDAG to 2025-04-18 00:00:00+00:00, run_after=2025-04-19 00:00:00+00:00
[2025-04-19T20:58:16.409+0000] {processor.py:208} INFO - Processing /opt/airflow/dags/new_dag.py took 0.059 seconds
[2025-04-19T20:58:47.120+0000] {processor.py:186} INFO - Started process (PID=445) to work on /opt/airflow/dags/new_dag.py
[2025-04-19T20:58:47.122+0000] {processor.py:914} INFO - Processing file /opt/airflow/dags/new_dag.py for tasks to queue
[2025-04-19T20:58:47.124+0000] {logging_mixin.py:190} INFO - [2025-04-19T20:58:47.123+0000] {dagbag.py:587} INFO - Filling up the DagBag from /opt/airflow/dags/new_dag.py
[2025-04-19T20:58:47.131+0000] {processor.py:925} INFO - DAG(s) 'NewDAG' retrieved from /opt/airflow/dags/new_dag.py
[2025-04-19T20:58:47.148+0000] {logging_mixin.py:190} INFO - [2025-04-19T20:58:47.148+0000] {dag.py:3229} INFO - Sync 1 DAGs
[2025-04-19T20:58:47.164+0000] {logging_mixin.py:190} INFO - [2025-04-19T20:58:47.164+0000] {dag.py:4156} INFO - Setting next_dagrun for NewDAG to 2025-04-18 00:00:00+00:00, run_after=2025-04-19 00:00:00+00:00
[2025-04-19T20:58:47.174+0000] {processor.py:208} INFO - Processing /opt/airflow/dags/new_dag.py took 0.058 seconds
[2025-04-19T20:59:18.033+0000] {processor.py:186} INFO - Started process (PID=504) to work on /opt/airflow/dags/new_dag.py
[2025-04-19T20:59:18.038+0000] {processor.py:914} INFO - Processing file /opt/airflow/dags/new_dag.py for tasks to queue
[2025-04-19T20:59:18.044+0000] {logging_mixin.py:190} INFO - [2025-04-19T20:59:18.044+0000] {dagbag.py:587} INFO - Filling up the DagBag from /opt/airflow/dags/new_dag.py
[2025-04-19T20:59:18.064+0000] {processor.py:925} INFO - DAG(s) 'NewDAG' retrieved from /opt/airflow/dags/new_dag.py
[2025-04-19T20:59:18.136+0000] {logging_mixin.py:190} INFO - [2025-04-19T20:59:18.135+0000] {dag.py:3229} INFO - Sync 1 DAGs
[2025-04-19T20:59:18.209+0000] {logging_mixin.py:190} INFO - [2025-04-19T20:59:18.209+0000] {dag.py:4156} INFO - Setting next_dagrun for NewDAG to 2025-04-18 00:00:00+00:00, run_after=2025-04-19 00:00:00+00:00
[2025-04-19T20:59:18.250+0000] {processor.py:208} INFO - Processing /opt/airflow/dags/new_dag.py took 0.228 seconds
[2025-04-19T20:59:48.316+0000] {processor.py:186} INFO - Started process (PID=565) to work on /opt/airflow/dags/new_dag.py
[2025-04-19T20:59:48.317+0000] {processor.py:914} INFO - Processing file /opt/airflow/dags/new_dag.py for tasks to queue
[2025-04-19T20:59:48.320+0000] {logging_mixin.py:190} INFO - [2025-04-19T20:59:48.320+0000] {dagbag.py:587} INFO - Filling up the DagBag from /opt/airflow/dags/new_dag.py
[2025-04-19T20:59:48.329+0000] {processor.py:925} INFO - DAG(s) 'NewDAG' retrieved from /opt/airflow/dags/new_dag.py
[2025-04-19T20:59:48.347+0000] {logging_mixin.py:190} INFO - [2025-04-19T20:59:48.347+0000] {dag.py:3229} INFO - Sync 1 DAGs
[2025-04-19T20:59:48.363+0000] {logging_mixin.py:190} INFO - [2025-04-19T20:59:48.363+0000] {dag.py:4156} INFO - Setting next_dagrun for NewDAG to 2025-04-18 00:00:00+00:00, run_after=2025-04-19 00:00:00+00:00
[2025-04-19T20:59:48.374+0000] {processor.py:208} INFO - Processing /opt/airflow/dags/new_dag.py took 0.063 seconds
[2025-04-19T21:00:19.285+0000] {processor.py:186} INFO - Started process (PID=623) to work on /opt/airflow/dags/new_dag.py
[2025-04-19T21:00:19.286+0000] {processor.py:914} INFO - Processing file /opt/airflow/dags/new_dag.py for tasks to queue
[2025-04-19T21:00:19.288+0000] {logging_mixin.py:190} INFO - [2025-04-19T21:00:19.288+0000] {dagbag.py:587} INFO - Filling up the DagBag from /opt/airflow/dags/new_dag.py
[2025-04-19T21:00:19.298+0000] {processor.py:925} INFO - DAG(s) 'NewDAG' retrieved from /opt/airflow/dags/new_dag.py
[2025-04-19T21:00:19.318+0000] {logging_mixin.py:190} INFO - [2025-04-19T21:00:19.317+0000] {dag.py:3229} INFO - Sync 1 DAGs
[2025-04-19T21:00:19.333+0000] {logging_mixin.py:190} INFO - [2025-04-19T21:00:19.333+0000] {dag.py:4156} INFO - Setting next_dagrun for NewDAG to 2025-04-18 00:00:00+00:00, run_after=2025-04-19 00:00:00+00:00
[2025-04-19T21:00:19.344+0000] {processor.py:208} INFO - Processing /opt/airflow/dags/new_dag.py took 0.064 seconds
[2025-04-19T21:00:50.115+0000] {processor.py:186} INFO - Started process (PID=681) to work on /opt/airflow/dags/new_dag.py
[2025-04-19T21:00:50.116+0000] {processor.py:914} INFO - Processing file /opt/airflow/dags/new_dag.py for tasks to queue
[2025-04-19T21:00:50.118+0000] {logging_mixin.py:190} INFO - [2025-04-19T21:00:50.117+0000] {dagbag.py:587} INFO - Filling up the DagBag from /opt/airflow/dags/new_dag.py
[2025-04-19T21:00:50.125+0000] {processor.py:925} INFO - DAG(s) 'NewDAG' retrieved from /opt/airflow/dags/new_dag.py
[2025-04-19T21:00:50.144+0000] {logging_mixin.py:190} INFO - [2025-04-19T21:00:50.143+0000] {dag.py:3229} INFO - Sync 1 DAGs
[2025-04-19T21:00:50.163+0000] {logging_mixin.py:190} INFO - [2025-04-19T21:00:50.162+0000] {dag.py:4156} INFO - Setting next_dagrun for NewDAG to 2025-04-18 00:00:00+00:00, run_after=2025-04-19 00:00:00+00:00
[2025-04-19T21:00:50.173+0000] {processor.py:208} INFO - Processing /opt/airflow/dags/new_dag.py took 0.062 seconds
[2025-04-19T21:01:21.156+0000] {processor.py:186} INFO - Started process (PID=739) to work on /opt/airflow/dags/new_dag.py
[2025-04-19T21:01:21.157+0000] {processor.py:914} INFO - Processing file /opt/airflow/dags/new_dag.py for tasks to queue
[2025-04-19T21:01:21.159+0000] {logging_mixin.py:190} INFO - [2025-04-19T21:01:21.158+0000] {dagbag.py:587} INFO - Filling up the DagBag from /opt/airflow/dags/new_dag.py
[2025-04-19T21:01:21.168+0000] {processor.py:925} INFO - DAG(s) 'NewDAG' retrieved from /opt/airflow/dags/new_dag.py
[2025-04-19T21:01:21.187+0000] {logging_mixin.py:190} INFO - [2025-04-19T21:01:21.186+0000] {dag.py:3229} INFO - Sync 1 DAGs
[2025-04-19T21:01:21.203+0000] {logging_mixin.py:190} INFO - [2025-04-19T21:01:21.203+0000] {dag.py:4156} INFO - Setting next_dagrun for NewDAG to 2025-04-18 00:00:00+00:00, run_after=2025-04-19 00:00:00+00:00
[2025-04-19T21:01:21.213+0000] {processor.py:208} INFO - Processing /opt/airflow/dags/new_dag.py took 0.063 seconds
[2025-04-19T21:01:52.366+0000] {processor.py:186} INFO - Started process (PID=797) to work on /opt/airflow/dags/new_dag.py
[2025-04-19T21:01:52.367+0000] {processor.py:914} INFO - Processing file /opt/airflow/dags/new_dag.py for tasks to queue
[2025-04-19T21:01:52.368+0000] {logging_mixin.py:190} INFO - [2025-04-19T21:01:52.368+0000] {dagbag.py:587} INFO - Filling up the DagBag from /opt/airflow/dags/new_dag.py
[2025-04-19T21:01:52.375+0000] {processor.py:925} INFO - DAG(s) 'NewDAG' retrieved from /opt/airflow/dags/new_dag.py
[2025-04-19T21:01:52.395+0000] {logging_mixin.py:190} INFO - [2025-04-19T21:01:52.395+0000] {dag.py:3229} INFO - Sync 1 DAGs
[2025-04-19T21:01:52.413+0000] {logging_mixin.py:190} INFO - [2025-04-19T21:01:52.413+0000] {dag.py:4156} INFO - Setting next_dagrun for NewDAG to 2025-04-18 00:00:00+00:00, run_after=2025-04-19 00:00:00+00:00
[2025-04-19T21:01:52.425+0000] {processor.py:208} INFO - Processing /opt/airflow/dags/new_dag.py took 0.065 seconds
[2025-04-19T21:02:22.503+0000] {processor.py:186} INFO - Started process (PID=844) to work on /opt/airflow/dags/new_dag.py
[2025-04-19T21:02:22.505+0000] {processor.py:914} INFO - Processing file /opt/airflow/dags/new_dag.py for tasks to queue
[2025-04-19T21:02:22.506+0000] {logging_mixin.py:190} INFO - [2025-04-19T21:02:22.506+0000] {dagbag.py:587} INFO - Filling up the DagBag from /opt/airflow/dags/new_dag.py
[2025-04-19T21:02:22.513+0000] {processor.py:925} INFO - DAG(s) 'NewDAG' retrieved from /opt/airflow/dags/new_dag.py
[2025-04-19T21:02:22.531+0000] {logging_mixin.py:190} INFO - [2025-04-19T21:02:22.531+0000] {dag.py:3229} INFO - Sync 1 DAGs
[2025-04-19T21:02:22.547+0000] {logging_mixin.py:190} INFO - [2025-04-19T21:02:22.547+0000] {dag.py:4156} INFO - Setting next_dagrun for NewDAG to 2025-04-18 00:00:00+00:00, run_after=2025-04-19 00:00:00+00:00
[2025-04-19T21:02:22.557+0000] {processor.py:208} INFO - Processing /opt/airflow/dags/new_dag.py took 0.058 seconds
[2025-04-19T21:02:52.765+0000] {processor.py:186} INFO - Started process (PID=902) to work on /opt/airflow/dags/new_dag.py
[2025-04-19T21:02:52.765+0000] {processor.py:914} INFO - Processing file /opt/airflow/dags/new_dag.py for tasks to queue
[2025-04-19T21:02:52.769+0000] {logging_mixin.py:190} INFO - [2025-04-19T21:02:52.768+0000] {dagbag.py:587} INFO - Filling up the DagBag from /opt/airflow/dags/new_dag.py
[2025-04-19T21:02:52.778+0000] {processor.py:925} INFO - DAG(s) 'NewDAG' retrieved from /opt/airflow/dags/new_dag.py
[2025-04-19T21:02:52.798+0000] {logging_mixin.py:190} INFO - [2025-04-19T21:02:52.797+0000] {dag.py:3229} INFO - Sync 1 DAGs
[2025-04-19T21:02:52.815+0000] {logging_mixin.py:190} INFO - [2025-04-19T21:02:52.815+0000] {dag.py:4156} INFO - Setting next_dagrun for NewDAG to 2025-04-18 00:00:00+00:00, run_after=2025-04-19 00:00:00+00:00
[2025-04-19T21:02:52.830+0000] {processor.py:208} INFO - Processing /opt/airflow/dags/new_dag.py took 0.070 seconds
[2025-04-19T21:03:23.741+0000] {processor.py:186} INFO - Started process (PID=960) to work on /opt/airflow/dags/new_dag.py
[2025-04-19T21:03:23.742+0000] {processor.py:914} INFO - Processing file /opt/airflow/dags/new_dag.py for tasks to queue
[2025-04-19T21:03:23.744+0000] {logging_mixin.py:190} INFO - [2025-04-19T21:03:23.744+0000] {dagbag.py:587} INFO - Filling up the DagBag from /opt/airflow/dags/new_dag.py
[2025-04-19T21:03:23.753+0000] {processor.py:925} INFO - DAG(s) 'NewDAG' retrieved from /opt/airflow/dags/new_dag.py
[2025-04-19T21:03:23.776+0000] {logging_mixin.py:190} INFO - [2025-04-19T21:03:23.776+0000] {dag.py:3229} INFO - Sync 1 DAGs
[2025-04-19T21:03:23.796+0000] {logging_mixin.py:190} INFO - [2025-04-19T21:03:23.796+0000] {dag.py:4156} INFO - Setting next_dagrun for NewDAG to 2025-04-18 00:00:00+00:00, run_after=2025-04-19 00:00:00+00:00
[2025-04-19T21:03:23.807+0000] {processor.py:208} INFO - Processing /opt/airflow/dags/new_dag.py took 0.071 seconds
[2025-04-19T21:03:55.072+0000] {processor.py:186} INFO - Started process (PID=1020) to work on /opt/airflow/dags/new_dag.py
[2025-04-19T21:03:55.075+0000] {processor.py:914} INFO - Processing file /opt/airflow/dags/new_dag.py for tasks to queue
[2025-04-19T21:03:55.081+0000] {logging_mixin.py:190} INFO - [2025-04-19T21:03:55.080+0000] {dagbag.py:587} INFO - Filling up the DagBag from /opt/airflow/dags/new_dag.py
[2025-04-19T21:03:55.102+0000] {processor.py:925} INFO - DAG(s) 'NewDAG' retrieved from /opt/airflow/dags/new_dag.py
[2025-04-19T21:03:55.177+0000] {logging_mixin.py:190} INFO - [2025-04-19T21:03:55.177+0000] {dag.py:3229} INFO - Sync 1 DAGs
[2025-04-19T21:03:55.208+0000] {logging_mixin.py:190} INFO - [2025-04-19T21:03:55.208+0000] {dag.py:4156} INFO - Setting next_dagrun for NewDAG to 2025-04-18 00:00:00+00:00, run_after=2025-04-19 00:00:00+00:00
[2025-04-19T21:03:55.224+0000] {processor.py:208} INFO - Processing /opt/airflow/dags/new_dag.py took 0.169 seconds
[2025-04-19T21:04:25.283+0000] {processor.py:186} INFO - Started process (PID=1076) to work on /opt/airflow/dags/new_dag.py
[2025-04-19T21:04:25.284+0000] {processor.py:914} INFO - Processing file /opt/airflow/dags/new_dag.py for tasks to queue
[2025-04-19T21:04:25.286+0000] {logging_mixin.py:190} INFO - [2025-04-19T21:04:25.286+0000] {dagbag.py:587} INFO - Filling up the DagBag from /opt/airflow/dags/new_dag.py
[2025-04-19T21:04:25.298+0000] {processor.py:925} INFO - DAG(s) 'NewDAG' retrieved from /opt/airflow/dags/new_dag.py
[2025-04-19T21:04:25.320+0000] {logging_mixin.py:190} INFO - [2025-04-19T21:04:25.320+0000] {dag.py:3229} INFO - Sync 1 DAGs
[2025-04-19T21:04:25.337+0000] {logging_mixin.py:190} INFO - [2025-04-19T21:04:25.337+0000] {dag.py:4156} INFO - Setting next_dagrun for NewDAG to 2025-04-18 00:00:00+00:00, run_after=2025-04-19 00:00:00+00:00
[2025-04-19T21:04:25.354+0000] {processor.py:208} INFO - Processing /opt/airflow/dags/new_dag.py took 0.076 seconds
[2025-04-19T21:04:56.210+0000] {processor.py:186} INFO - Started process (PID=1134) to work on /opt/airflow/dags/new_dag.py
[2025-04-19T21:04:56.211+0000] {processor.py:914} INFO - Processing file /opt/airflow/dags/new_dag.py for tasks to queue
[2025-04-19T21:04:56.213+0000] {logging_mixin.py:190} INFO - [2025-04-19T21:04:56.212+0000] {dagbag.py:587} INFO - Filling up the DagBag from /opt/airflow/dags/new_dag.py
[2025-04-19T21:04:56.220+0000] {processor.py:925} INFO - DAG(s) 'NewDAG' retrieved from /opt/airflow/dags/new_dag.py
[2025-04-19T21:04:56.240+0000] {logging_mixin.py:190} INFO - [2025-04-19T21:04:56.240+0000] {dag.py:3229} INFO - Sync 1 DAGs
[2025-04-19T21:04:56.261+0000] {logging_mixin.py:190} INFO - [2025-04-19T21:04:56.261+0000] {dag.py:4156} INFO - Setting next_dagrun for NewDAG to 2025-04-18 00:00:00+00:00, run_after=2025-04-19 00:00:00+00:00
[2025-04-19T21:04:56.274+0000] {processor.py:208} INFO - Processing /opt/airflow/dags/new_dag.py took 0.069 seconds
