[2025-04-21T09:17:42.046+0000] {local_task_job_runner.py:123} INFO - ::group::Pre task execution logs
[2025-04-21T09:17:42.073+0000] {taskinstance.py:2612} INFO - Dependencies all met for dep_context=non-requeueable deps ti=<TaskInstance: stock_data_etl_dbt.extract_and_load manual__2025-04-21T09:17:39.301169+00:00 [queued]>
[2025-04-21T09:17:42.086+0000] {taskinstance.py:2612} INFO - Dependencies all met for dep_context=requeueable deps ti=<TaskInstance: stock_data_etl_dbt.extract_and_load manual__2025-04-21T09:17:39.301169+00:00 [queued]>
[2025-04-21T09:17:42.086+0000] {taskinstance.py:2865} INFO - Starting attempt 1 of 1
[2025-04-21T09:17:42.100+0000] {taskinstance.py:2888} INFO - Executing <Task(_PythonDecoratedOperator): extract_and_load> on 2025-04-21 09:17:39.301169+00:00
[2025-04-21T09:17:42.130+0000] {logging_mixin.py:190} WARNING - /home/***/.local/lib/python3.12/site-packages/***/task/task_runner/standard_task_runner.py:70 DeprecationWarning: This process (pid=15553) is multi-threaded, use of fork() may lead to deadlocks in the child.
[2025-04-21T09:17:42.132+0000] {standard_task_runner.py:72} INFO - Started process 15563 to run task
[2025-04-21T09:17:42.130+0000] {standard_task_runner.py:104} INFO - Running: ['***', 'tasks', 'run', 'stock_data_etl_dbt', 'extract_and_load', 'manual__2025-04-21T09:17:39.301169+00:00', '--job-id', '35', '--raw', '--subdir', 'DAGS_FOLDER/Stock_built_ELT.py', '--cfg-path', '/tmp/tmpu0z64uou']
[2025-04-21T09:17:42.135+0000] {standard_task_runner.py:105} INFO - Job 35: Subtask extract_and_load
[2025-04-21T09:17:42.221+0000] {task_command.py:467} INFO - Running <TaskInstance: stock_data_etl_dbt.extract_and_load manual__2025-04-21T09:17:39.301169+00:00 [running]> on host 712e28762a67
[2025-04-21T09:17:42.337+0000] {taskinstance.py:3131} INFO - Exporting env vars: AIRFLOW_CTX_DAG_OWNER='***' AIRFLOW_CTX_DAG_ID='stock_data_etl_dbt' AIRFLOW_CTX_TASK_ID='extract_and_load' AIRFLOW_CTX_EXECUTION_DATE='2025-04-21T09:17:39.301169+00:00' AIRFLOW_CTX_TRY_NUMBER='1' AIRFLOW_CTX_DAG_RUN_ID='manual__2025-04-21T09:17:39.301169+00:00'
[2025-04-21T09:17:42.341+0000] {taskinstance.py:731} INFO - ::endgroup::
[2025-04-21T09:17:43.076+0000] {base.py:84} INFO - Retrieving connection 'snowflake_conn'
[2025-04-21T09:17:43.086+0000] {connection.py:413} INFO - Snowflake Connector for Python Version: 3.12.1, Python Version: 3.12.5, Platform: Linux-6.12.5-linuxkit-aarch64-with-glibc2.36
[2025-04-21T09:17:43.090+0000] {connection.py:1196} INFO - Connecting to GLOBAL Snowflake domain
[2025-04-21T09:17:43.091+0000] {connection.py:1277} INFO - This connection is in OCSP Fail Open Mode. TLS Certificates would be checked for validity and revocation status. Any other Certificate Revocation related exceptions or OCSP Responder failures would be disregarded in favor of connectivity.
[2025-04-21T09:17:44.044+0000] {cursor.py:1156} INFO - Number of results in first chunk: 1
[2025-04-21T09:17:44.138+0000] {cursor.py:1156} INFO - Number of results in first chunk: 1
[2025-04-21T09:17:44.254+0000] {cursor.py:1156} INFO - Number of results in first chunk: 1
[2025-04-21T09:17:44.359+0000] {cursor.py:1156} INFO - Number of results in first chunk: 1
[2025-04-21T09:21:30.846+0000] {cursor.py:1156} INFO - Number of results in first chunk: 1
[2025-04-21T09:21:30.861+0000] {python.py:240} INFO - Done. Returned value was: None
[2025-04-21T09:21:30.905+0000] {taskinstance.py:340} INFO - ::group::Post task execution logs
[2025-04-21T09:21:30.906+0000] {taskinstance.py:352} INFO - Marking task as SUCCESS. dag_id=stock_data_etl_dbt, task_id=extract_and_load, run_id=manual__2025-04-21T09:17:39.301169+00:00, execution_date=20250421T091739, start_date=20250421T091742, end_date=20250421T092130
[2025-04-21T09:21:30.971+0000] {local_task_job_runner.py:266} INFO - Task exited with return code 0
[2025-04-21T09:21:31.008+0000] {dagrun.py:977} ERROR - Failed to get task for ti <TaskInstance: stock_data_etl_dbt.debug_env manual__2025-04-21T09:17:39.301169+00:00 [success]>. Marking it as removed.
[2025-04-21T09:21:31.016+0000] {taskinstance.py:3900} INFO - 0 downstream tasks scheduled from follow-on schedule check
[2025-04-21T09:21:31.017+0000] {local_task_job_runner.py:245} INFO - ::endgroup::
