[2025-04-23T15:22:37.112+0000] {local_task_job_runner.py:123} INFO - ::group::Pre task execution logs
[2025-04-23T15:22:37.123+0000] {taskinstance.py:2612} INFO - Dependencies all met for dep_context=non-requeueable deps ti=<TaskInstance: stock_data_etl_dbt.debug_env manual__2025-04-23T15:16:33.263567+00:00 [queued]>
[2025-04-23T15:22:37.128+0000] {taskinstance.py:2612} INFO - Dependencies all met for dep_context=requeueable deps ti=<TaskInstance: stock_data_etl_dbt.debug_env manual__2025-04-23T15:16:33.263567+00:00 [queued]>
[2025-04-23T15:22:37.128+0000] {taskinstance.py:2865} INFO - Starting attempt 1 of 1
[2025-04-23T15:22:37.137+0000] {taskinstance.py:2888} INFO - Executing <Task(BashOperator): debug_env> on 2025-04-23 15:16:33.263567+00:00
[2025-04-23T15:22:37.149+0000] {logging_mixin.py:190} WARNING - /home/***/.local/lib/python3.12/site-packages/***/task/task_runner/standard_task_runner.py:70 DeprecationWarning: This process (pid=27543) is multi-threaded, use of fork() may lead to deadlocks in the child.
[2025-04-23T15:22:37.151+0000] {standard_task_runner.py:72} INFO - Started process 27546 to run task
[2025-04-23T15:22:37.149+0000] {standard_task_runner.py:104} INFO - Running: ['***', 'tasks', 'run', 'stock_data_etl_dbt', 'debug_env', 'manual__2025-04-23T15:16:33.263567+00:00', '--job-id', '64', '--raw', '--subdir', 'DAGS_FOLDER/Stock_built_ELT.py', '--cfg-path', '/tmp/tmpy5hfjyrt']
[2025-04-23T15:22:37.153+0000] {standard_task_runner.py:105} INFO - Job 64: Subtask debug_env
[2025-04-23T15:22:37.204+0000] {task_command.py:467} INFO - Running <TaskInstance: stock_data_etl_dbt.debug_env manual__2025-04-23T15:16:33.263567+00:00 [running]> on host 712e28762a67
[2025-04-23T15:22:37.272+0000] {taskinstance.py:3131} INFO - Exporting env vars: AIRFLOW_CTX_DAG_OWNER='***' AIRFLOW_CTX_DAG_ID='stock_data_etl_dbt' AIRFLOW_CTX_TASK_ID='debug_env' AIRFLOW_CTX_EXECUTION_DATE='2025-04-23T15:16:33.263567+00:00' AIRFLOW_CTX_TRY_NUMBER='1' AIRFLOW_CTX_DAG_RUN_ID='manual__2025-04-23T15:16:33.263567+00:00'
[2025-04-23T15:22:37.274+0000] {taskinstance.py:731} INFO - ::endgroup::
[2025-04-23T15:22:37.276+0000] {subprocess.py:63} INFO - Tmp dir root location: /tmp
[2025-04-23T15:22:37.277+0000] {subprocess.py:75} INFO - Running command: ['/usr/bin/bash', '-c', 'echo $DBT_USER $DBT_ACCOUNT $DBT_ROLE $DBT_DATABASE $DBT_WAREHOUSE $DBT_SCHEMA']
[2025-04-23T15:22:37.284+0000] {subprocess.py:86} INFO - Output:
[2025-04-23T15:22:37.286+0000] {subprocess.py:93} INFO - SWAN KSB65579.us-west-2 TRAINING_ROLE USER_DB_SWAN SWAN_QUERY_WH
[2025-04-23T15:22:37.286+0000] {subprocess.py:97} INFO - Command exited with return code 0
[2025-04-23T15:22:37.303+0000] {taskinstance.py:340} INFO - ::group::Post task execution logs
[2025-04-23T15:22:37.304+0000] {taskinstance.py:352} INFO - Marking task as SUCCESS. dag_id=stock_data_etl_dbt, task_id=debug_env, run_id=manual__2025-04-23T15:16:33.263567+00:00, execution_date=20250423T151633, start_date=20250423T152237, end_date=20250423T152237
[2025-04-23T15:22:37.334+0000] {local_task_job_runner.py:266} INFO - Task exited with return code 0
[2025-04-23T15:22:37.353+0000] {taskinstance.py:3900} INFO - 1 downstream tasks scheduled from follow-on schedule check
[2025-04-23T15:22:37.354+0000] {local_task_job_runner.py:245} INFO - ::endgroup::
