[2025-04-23T15:10:44.065+0000] {local_task_job_runner.py:123} INFO - ::group::Pre task execution logs
[2025-04-23T15:10:44.076+0000] {taskinstance.py:2612} INFO - Dependencies all met for dep_context=non-requeueable deps ti=<TaskInstance: stock_data_etl_dbt.dbt_snapshot manual__2025-04-23T15:03:13.932622+00:00 [queued]>
[2025-04-23T15:10:44.081+0000] {taskinstance.py:2612} INFO - Dependencies all met for dep_context=requeueable deps ti=<TaskInstance: stock_data_etl_dbt.dbt_snapshot manual__2025-04-23T15:03:13.932622+00:00 [queued]>
[2025-04-23T15:10:44.082+0000] {taskinstance.py:2865} INFO - Starting attempt 1 of 1
[2025-04-23T15:10:44.089+0000] {taskinstance.py:2888} INFO - Executing <Task(BashOperator): dbt_snapshot> on 2025-04-23 15:03:13.932622+00:00
[2025-04-23T15:10:44.097+0000] {logging_mixin.py:190} WARNING - /home/***/.local/lib/python3.12/site-packages/***/task/task_runner/standard_task_runner.py:70 DeprecationWarning: This process (pid=26292) is multi-threaded, use of fork() may lead to deadlocks in the child.
[2025-04-23T15:10:44.098+0000] {standard_task_runner.py:72} INFO - Started process 26295 to run task
[2025-04-23T15:10:44.097+0000] {standard_task_runner.py:104} INFO - Running: ['***', 'tasks', 'run', 'stock_data_etl_dbt', 'dbt_snapshot', 'manual__2025-04-23T15:03:13.932622+00:00', '--job-id', '62', '--raw', '--subdir', 'DAGS_FOLDER/Stock_built_ELT.py', '--cfg-path', '/tmp/tmpjlpphizb']
[2025-04-23T15:10:44.100+0000] {standard_task_runner.py:105} INFO - Job 62: Subtask dbt_snapshot
[2025-04-23T15:10:44.137+0000] {task_command.py:467} INFO - Running <TaskInstance: stock_data_etl_dbt.dbt_snapshot manual__2025-04-23T15:03:13.932622+00:00 [running]> on host 712e28762a67
[2025-04-23T15:10:44.224+0000] {taskinstance.py:3131} INFO - Exporting env vars: AIRFLOW_CTX_DAG_OWNER='***' AIRFLOW_CTX_DAG_ID='stock_data_etl_dbt' AIRFLOW_CTX_TASK_ID='dbt_snapshot' AIRFLOW_CTX_EXECUTION_DATE='2025-04-23T15:03:13.932622+00:00' AIRFLOW_CTX_TRY_NUMBER='1' AIRFLOW_CTX_DAG_RUN_ID='manual__2025-04-23T15:03:13.932622+00:00'
[2025-04-23T15:10:44.226+0000] {taskinstance.py:731} INFO - ::endgroup::
[2025-04-23T15:10:44.228+0000] {subprocess.py:63} INFO - Tmp dir root location: /tmp
[2025-04-23T15:10:44.229+0000] {subprocess.py:75} INFO - Running command: ['/usr/bin/bash', '-c', '/home/***/.local/bin/dbt snapshot --profiles-dir /opt/***/dbt --project-dir /opt/***/dbt']
[2025-04-23T15:10:44.237+0000] {subprocess.py:86} INFO - Output:
[2025-04-23T15:10:46.827+0000] {subprocess.py:93} INFO - [0m15:10:46  Running with dbt=1.7.19
[2025-04-23T15:10:47.692+0000] {subprocess.py:93} INFO - [0m15:10:47  Registered adapter: snowflake=1.7.1
[2025-04-23T15:10:47.734+0000] {subprocess.py:93} INFO - [0m15:10:47  [[33mWARNING[0m]: Configuration paths exist in your dbt_project.yml file which do not apply to any resources.
[2025-04-23T15:10:47.738+0000] {subprocess.py:93} INFO - There are 1 unused configuration paths:
[2025-04-23T15:10:47.738+0000] {subprocess.py:93} INFO - - models.stock_data_transform_dbt.marts
[2025-04-23T15:10:47.754+0000] {subprocess.py:93} INFO - [0m15:10:47  Found 4 models, 1 snapshot, 1 source, 0 exposures, 0 metrics, 430 macros, 0 groups, 0 semantic models
[2025-04-23T15:10:47.756+0000] {subprocess.py:93} INFO - [0m15:10:47
[2025-04-23T15:10:50.877+0000] {subprocess.py:93} INFO - [0m15:10:50  Concurrency: 1 threads (target='dev')
[2025-04-23T15:10:50.882+0000] {subprocess.py:93} INFO - [0m15:10:50
[2025-04-23T15:10:50.900+0000] {subprocess.py:93} INFO - [0m15:10:50  1 of 1 START snapshot snapshots.stock_data_snapshot ............................ [RUN]
[2025-04-23T15:10:54.933+0000] {subprocess.py:93} INFO - [0m15:10:54  1 of 1 OK snapshotted snapshots.stock_data_snapshot ............................ [[32mSUCCESS 2[0m in 4.03s]
[2025-04-23T15:10:54.942+0000] {subprocess.py:93} INFO - [0m15:10:54
[2025-04-23T15:10:54.943+0000] {subprocess.py:93} INFO - [0m15:10:54  Finished running 1 snapshot in 0 hours 0 minutes and 7.19 seconds (7.19s).
[2025-04-23T15:10:54.965+0000] {subprocess.py:93} INFO - [0m15:10:54
[2025-04-23T15:10:54.966+0000] {subprocess.py:93} INFO - [0m15:10:54  [32mCompleted successfully[0m
[2025-04-23T15:10:54.967+0000] {subprocess.py:93} INFO - [0m15:10:54
[2025-04-23T15:10:54.967+0000] {subprocess.py:93} INFO - [0m15:10:54  Done. PASS=1 WARN=0 ERROR=0 SKIP=0 TOTAL=1
[2025-04-23T15:10:55.788+0000] {subprocess.py:97} INFO - Command exited with return code 0
[2025-04-23T15:10:55.819+0000] {taskinstance.py:340} INFO - ::group::Post task execution logs
[2025-04-23T15:10:55.820+0000] {taskinstance.py:352} INFO - Marking task as SUCCESS. dag_id=stock_data_etl_dbt, task_id=dbt_snapshot, run_id=manual__2025-04-23T15:03:13.932622+00:00, execution_date=20250423T150313, start_date=20250423T151044, end_date=20250423T151055
[2025-04-23T15:10:55.875+0000] {local_task_job_runner.py:266} INFO - Task exited with return code 0
[2025-04-23T15:10:55.891+0000] {taskinstance.py:3900} INFO - 0 downstream tasks scheduled from follow-on schedule check
[2025-04-23T15:10:55.893+0000] {local_task_job_runner.py:245} INFO - ::endgroup::
