[2025-04-22T23:45:12.080+0000] {local_task_job_runner.py:123} INFO - ::group::Pre task execution logs
[2025-04-22T23:45:12.095+0000] {taskinstance.py:2612} INFO - Dependencies all met for dep_context=non-requeueable deps ti=<TaskInstance: stock_data_etl_dbt.dbt_snapshot scheduled__2025-04-21T03:00:00+00:00 [queued]>
[2025-04-22T23:45:12.102+0000] {taskinstance.py:2612} INFO - Dependencies all met for dep_context=requeueable deps ti=<TaskInstance: stock_data_etl_dbt.dbt_snapshot scheduled__2025-04-21T03:00:00+00:00 [queued]>
[2025-04-22T23:45:12.102+0000] {taskinstance.py:2865} INFO - Starting attempt 1 of 1
[2025-04-22T23:45:12.111+0000] {taskinstance.py:2888} INFO - Executing <Task(BashOperator): dbt_snapshot> on 2025-04-21 03:00:00+00:00
[2025-04-22T23:45:12.119+0000] {logging_mixin.py:190} WARNING - /home/***/.local/lib/python3.12/site-packages/***/task/task_runner/standard_task_runner.py:70 DeprecationWarning: This process (pid=827) is multi-threaded, use of fork() may lead to deadlocks in the child.
[2025-04-22T23:45:12.121+0000] {standard_task_runner.py:72} INFO - Started process 830 to run task
[2025-04-22T23:45:12.119+0000] {standard_task_runner.py:104} INFO - Running: ['***', 'tasks', 'run', 'stock_data_etl_dbt', 'dbt_snapshot', 'scheduled__2025-04-21T03:00:00+00:00', '--job-id', '52', '--raw', '--subdir', 'DAGS_FOLDER/Stock_built_ELT.py', '--cfg-path', '/tmp/tmp0hz81s25']
[2025-04-22T23:45:12.122+0000] {standard_task_runner.py:105} INFO - Job 52: Subtask dbt_snapshot
[2025-04-22T23:45:12.158+0000] {task_command.py:467} INFO - Running <TaskInstance: stock_data_etl_dbt.dbt_snapshot scheduled__2025-04-21T03:00:00+00:00 [running]> on host 712e28762a67
[2025-04-22T23:45:12.222+0000] {taskinstance.py:3131} INFO - Exporting env vars: AIRFLOW_CTX_DAG_OWNER='***' AIRFLOW_CTX_DAG_ID='stock_data_etl_dbt' AIRFLOW_CTX_TASK_ID='dbt_snapshot' AIRFLOW_CTX_EXECUTION_DATE='2025-04-21T03:00:00+00:00' AIRFLOW_CTX_TRY_NUMBER='1' AIRFLOW_CTX_DAG_RUN_ID='scheduled__2025-04-21T03:00:00+00:00'
[2025-04-22T23:45:12.223+0000] {taskinstance.py:731} INFO - ::endgroup::
[2025-04-22T23:45:12.225+0000] {subprocess.py:63} INFO - Tmp dir root location: /tmp
[2025-04-22T23:45:12.226+0000] {subprocess.py:75} INFO - Running command: ['/usr/bin/bash', '-c', '/home/***/.local/bin/dbt snapshot --profiles-dir /opt/***/dbt --project-dir /opt/***/dbt']
[2025-04-22T23:45:12.233+0000] {subprocess.py:86} INFO - Output:
[2025-04-22T23:45:14.700+0000] {subprocess.py:93} INFO - [0m23:45:14  Running with dbt=1.7.19
[2025-04-22T23:45:15.486+0000] {subprocess.py:93} INFO - [0m23:45:15  Registered adapter: snowflake=1.7.1
[2025-04-22T23:45:15.532+0000] {subprocess.py:93} INFO - [0m23:45:15  [[33mWARNING[0m]: Configuration paths exist in your dbt_project.yml file which do not apply to any resources.
[2025-04-22T23:45:15.532+0000] {subprocess.py:93} INFO - There are 1 unused configuration paths:
[2025-04-22T23:45:15.533+0000] {subprocess.py:93} INFO - - models.stock_data_transform_dbt.marts
[2025-04-22T23:45:15.549+0000] {subprocess.py:93} INFO - [0m23:45:15  Found 4 models, 1 snapshot, 1 source, 0 exposures, 0 metrics, 430 macros, 0 groups, 0 semantic models
[2025-04-22T23:45:15.551+0000] {subprocess.py:93} INFO - [0m23:45:15
[2025-04-22T23:45:19.725+0000] {subprocess.py:93} INFO - [0m23:45:19  Concurrency: 1 threads (target='dev')
[2025-04-22T23:45:19.732+0000] {subprocess.py:93} INFO - [0m23:45:19
[2025-04-22T23:45:19.745+0000] {subprocess.py:93} INFO - [0m23:45:19  1 of 1 START snapshot snapshots.stock_data_snapshot ............................ [RUN]
[2025-04-22T23:45:21.537+0000] {subprocess.py:93} INFO - [0m23:45:21  1 of 1 OK snapshotted snapshots.stock_data_snapshot ............................ [[32mSUCCESS 1[0m in 1.79s]
[2025-04-22T23:45:21.545+0000] {subprocess.py:93} INFO - [0m23:45:21
[2025-04-22T23:45:21.546+0000] {subprocess.py:93} INFO - [0m23:45:21  Finished running 1 snapshot in 0 hours 0 minutes and 5.99 seconds (5.99s).
[2025-04-22T23:45:21.570+0000] {subprocess.py:93} INFO - [0m23:45:21
[2025-04-22T23:45:21.572+0000] {subprocess.py:93} INFO - [0m23:45:21  [32mCompleted successfully[0m
[2025-04-22T23:45:21.572+0000] {subprocess.py:93} INFO - [0m23:45:21
[2025-04-22T23:45:21.573+0000] {subprocess.py:93} INFO - [0m23:45:21  Done. PASS=1 WARN=0 ERROR=0 SKIP=0 TOTAL=1
[2025-04-22T23:45:22.465+0000] {subprocess.py:97} INFO - Command exited with return code 0
[2025-04-22T23:45:22.505+0000] {taskinstance.py:340} INFO - ::group::Post task execution logs
[2025-04-22T23:45:22.506+0000] {taskinstance.py:352} INFO - Marking task as SUCCESS. dag_id=stock_data_etl_dbt, task_id=dbt_snapshot, run_id=scheduled__2025-04-21T03:00:00+00:00, execution_date=20250421T030000, start_date=20250422T234512, end_date=20250422T234522
[2025-04-22T23:45:22.544+0000] {local_task_job_runner.py:266} INFO - Task exited with return code 0
[2025-04-22T23:45:22.568+0000] {taskinstance.py:3900} INFO - 0 downstream tasks scheduled from follow-on schedule check
[2025-04-22T23:45:22.570+0000] {local_task_job_runner.py:245} INFO - ::endgroup::
